[2023-03-12 14:41:39,639] {taskinstance.py:1032} INFO - Dependencies all met for <TaskInstance: example_bash_operator.runme_1 manual__2023-03-12T14:41:25.415500+00:00 [queued]>
[2023-03-12 14:41:39,973] {taskinstance.py:1032} INFO - Dependencies all met for <TaskInstance: example_bash_operator.runme_1 manual__2023-03-12T14:41:25.415500+00:00 [queued]>
[2023-03-12 14:41:39,976] {taskinstance.py:1238} INFO -
--------------------------------------------------------------------------------
[2023-03-12 14:41:39,978] {taskinstance.py:1239} INFO - Starting attempt 1 of 1
[2023-03-12 14:41:39,983] {taskinstance.py:1240} INFO -
--------------------------------------------------------------------------------
[2023-03-12 14:41:40,320] {taskinstance.py:1259} INFO - Executing <Task(BashOperator): runme_1> on 2023-03-12 14:41:25.415500+00:00
[2023-03-12 14:41:40,427] {standard_task_runner.py:52} INFO - Started process 2159 to run task
[2023-03-12 14:41:40,526] {standard_task_runner.py:76} INFO - Running: ['***', 'tasks', 'run', 'example_bash_operator', 'runme_1', 'manual__2023-03-12T14:41:25.415500+00:00', '--job-id', '5', '--raw', '--subdir', '/home/***/.local/lib/python3.7/site-packages/***/example_dags/example_bash_operator.py', '--cfg-path', '/tmp/tmp8ryavjfp', '--error-file', '/tmp/tmpdmfxwh8j']
[2023-03-12 14:41:40,580] {standard_task_runner.py:77} INFO - Job 5: Subtask runme_1
[2023-03-12 14:41:41,355] {logging_mixin.py:109} INFO - Running <TaskInstance: example_bash_operator.runme_1 manual__2023-03-12T14:41:25.415500+00:00 [running]> on host dc2eb824520f
[2023-03-12 14:41:49,320] {taskinstance.py:1426} INFO - Exporting the following env vars:
AIRFLOW_CTX_DAG_OWNER=***
AIRFLOW_CTX_DAG_ID=example_bash_operator
AIRFLOW_CTX_TASK_ID=runme_1
AIRFLOW_CTX_EXECUTION_DATE=2023-03-12T14:41:25.415500+00:00
AIRFLOW_CTX_DAG_RUN_ID=manual__2023-03-12T14:41:25.415500+00:00
[2023-03-12 14:41:49,338] {subprocess.py:62} INFO - Tmp dir root location:
 /tmp
[2023-03-12 14:41:49,341] {subprocess.py:74} INFO - Running command: ['bash', '-c', 'echo "example_bash_operator__runme_1__20230312" && sleep 1']
[2023-03-12 14:41:49,436] {subprocess.py:85} INFO - Output:
[2023-03-12 14:41:49,760] {subprocess.py:89} INFO - example_bash_operator__runme_1__20230312
[2023-03-12 14:41:51,002] {subprocess.py:93} INFO - Command exited with return code 0
[2023-03-12 14:41:53,255] {taskinstance.py:1277} INFO - Marking task as SUCCESS. dag_id=example_bash_operator, task_id=runme_1, execution_date=20230312T144125, start_date=20230312T144139, end_date=20230312T144153
[2023-03-12 14:41:54,976] {local_task_job.py:154} INFO - Task exited with return code 0
[2023-03-12 14:41:56,409] {local_task_job.py:264} INFO - 1 downstream tasks scheduled from follow-on schedule check
