[2023-03-12 17:04:40,850] {taskinstance.py:1032} INFO - Dependencies all met for <TaskInstance: data_ingestion_gcs_dag_v1.0.bigquery_external_table_task manual__2023-03-12T17:04:13.018264+00:00 [queued]>
[2023-03-12 17:04:40,903] {taskinstance.py:1032} INFO - Dependencies all met for <TaskInstance: data_ingestion_gcs_dag_v1.0.bigquery_external_table_task manual__2023-03-12T17:04:13.018264+00:00 [queued]>
[2023-03-12 17:04:40,905] {taskinstance.py:1238} INFO -
--------------------------------------------------------------------------------
[2023-03-12 17:04:40,917] {taskinstance.py:1239} INFO - Starting attempt 1 of 2
[2023-03-12 17:04:40,920] {taskinstance.py:1240} INFO -
--------------------------------------------------------------------------------
[2023-03-12 17:04:40,980] {taskinstance.py:1259} INFO - Executing <Task(BigQueryCreateExternalTableOperator): bigquery_external_table_task> on 2023-03-12 17:04:13.018264+00:00
[2023-03-12 17:04:41,012] {standard_task_runner.py:52} INFO - Started process 3643 to run task
[2023-03-12 17:04:41,033] {standard_task_runner.py:76} INFO - Running: ['***', 'tasks', 'run', 'data_ingestion_gcs_dag_v1.0', 'bigquery_external_table_task', 'manual__2023-03-12T17:04:13.018264+00:00', '--job-id', '35', '--raw', '--subdir', 'DAGS_FOLDER/dag.py', '--cfg-path', '/tmp/tmpfc_ecmrv', '--error-file', '/tmp/tmp3cwzjsgq']
[2023-03-12 17:04:41,044] {standard_task_runner.py:77} INFO - Job 35: Subtask bigquery_external_table_task
[2023-03-12 17:04:41,350] {logging_mixin.py:109} INFO - Running <TaskInstance: data_ingestion_gcs_dag_v1.0.bigquery_external_table_task manual__2023-03-12T17:04:13.018264+00:00 [running]> on host 680529fc1021
[2023-03-12 17:04:41,591] {taskinstance.py:1426} INFO - Exporting the following env vars:
AIRFLOW_CTX_DAG_OWNER=***
AIRFLOW_CTX_DAG_ID=data_ingestion_gcs_dag_v1.0
AIRFLOW_CTX_TASK_ID=bigquery_external_table_task
AIRFLOW_CTX_EXECUTION_DATE=2023-03-12T17:04:13.018264+00:00
AIRFLOW_CTX_DAG_RUN_ID=manual__2023-03-12T17:04:13.018264+00:00
[2023-03-12 17:04:41,599] {crypto.py:82} WARNING - empty cryptography key - values will not be stored encrypted.
[2023-03-12 17:04:42,943] {taskinstance.py:1277} INFO - Marking task as SUCCESS. dag_id=data_ingestion_gcs_dag_v1.0, task_id=bigquery_external_table_task, execution_date=20230312T170413, start_date=20230312T170440, end_date=20230312T170442
[2023-03-12 17:04:43,051] {local_task_job.py:154} INFO - Task exited with return code 0
[2023-03-12 17:04:43,172] {local_task_job.py:264} INFO - 0 downstream tasks scheduled from follow-on schedule check
