[2023-03-12 16:28:05,876] {taskinstance.py:1032} INFO - Dependencies all met for <TaskInstance: data_ingestion_gcs_dag_v1.0.format_to_parquet_task manual__2023-03-12T16:27:51.807716+00:00 [queued]>
[2023-03-12 16:28:05,920] {taskinstance.py:1032} INFO - Dependencies all met for <TaskInstance: data_ingestion_gcs_dag_v1.0.format_to_parquet_task manual__2023-03-12T16:27:51.807716+00:00 [queued]>
[2023-03-12 16:28:05,922] {taskinstance.py:1238} INFO -
--------------------------------------------------------------------------------
[2023-03-12 16:28:05,923] {taskinstance.py:1239} INFO - Starting attempt 1 of 2
[2023-03-12 16:28:05,925] {taskinstance.py:1240} INFO -
--------------------------------------------------------------------------------
[2023-03-12 16:28:05,969] {taskinstance.py:1259} INFO - Executing <Task(PythonOperator): format_to_parquet_task> on 2023-03-12 16:27:51.807716+00:00
[2023-03-12 16:28:05,983] {standard_task_runner.py:52} INFO - Started process 982 to run task
[2023-03-12 16:28:05,992] {standard_task_runner.py:76} INFO - Running: ['***', 'tasks', 'run', 'data_ingestion_gcs_dag_v1.0', 'format_to_parquet_task', 'manual__2023-03-12T16:27:51.807716+00:00', '--job-id', '13', '--raw', '--subdir', 'DAGS_FOLDER/dag.py', '--cfg-path', '/tmp/tmp054hgmv2', '--error-file', '/tmp/tmpvuwvhllb']
[2023-03-12 16:28:05,996] {standard_task_runner.py:77} INFO - Job 13: Subtask format_to_parquet_task
[2023-03-12 16:28:06,153] {logging_mixin.py:109} INFO - Running <TaskInstance: data_ingestion_gcs_dag_v1.0.format_to_parquet_task manual__2023-03-12T16:27:51.807716+00:00 [running]> on host 680529fc1021
[2023-03-12 16:28:06,341] {taskinstance.py:1426} INFO - Exporting the following env vars:
AIRFLOW_CTX_DAG_OWNER=***
AIRFLOW_CTX_DAG_ID=data_ingestion_gcs_dag_v1.0
AIRFLOW_CTX_TASK_ID=format_to_parquet_task
AIRFLOW_CTX_EXECUTION_DATE=2023-03-12T16:27:51.807716+00:00
AIRFLOW_CTX_DAG_RUN_ID=manual__2023-03-12T16:27:51.807716+00:00
[2023-03-12 16:28:06,631] {python.py:175} INFO - Done. Returned value was: None
[2023-03-12 16:28:06,665] {taskinstance.py:1277} INFO - Marking task as SUCCESS. dag_id=data_ingestion_gcs_dag_v1.0, task_id=format_to_parquet_task, execution_date=20230312T162751, start_date=20230312T162805, end_date=20230312T162806
[2023-03-12 16:28:06,750] {local_task_job.py:154} INFO - Task exited with return code 0
[2023-03-12 16:28:06,839] {local_task_job.py:264} INFO - 1 downstream tasks scheduled from follow-on schedule check
