[2023-03-12 14:42:03,367] {taskinstance.py:1032} INFO - Dependencies all met for <TaskInstance: example_bash_operator.run_after_loop manual__2023-03-12T14:41:25.415500+00:00 [queued]>
[2023-03-12 14:42:03,551] {taskinstance.py:1032} INFO - Dependencies all met for <TaskInstance: example_bash_operator.run_after_loop manual__2023-03-12T14:41:25.415500+00:00 [queued]>
[2023-03-12 14:42:03,553] {taskinstance.py:1238} INFO -
--------------------------------------------------------------------------------
[2023-03-12 14:42:03,556] {taskinstance.py:1239} INFO - Starting attempt 1 of 1
[2023-03-12 14:42:03,558] {taskinstance.py:1240} INFO -
--------------------------------------------------------------------------------
[2023-03-12 14:42:03,765] {taskinstance.py:1259} INFO - Executing <Task(BashOperator): run_after_loop> on 2023-03-12 14:41:25.415500+00:00
[2023-03-12 14:42:03,798] {standard_task_runner.py:52} INFO - Started process 2305 to run task
[2023-03-12 14:42:03,835] {standard_task_runner.py:76} INFO - Running: ['***', 'tasks', 'run', 'example_bash_operator', 'run_after_loop', 'manual__2023-03-12T14:41:25.415500+00:00', '--job-id', '14', '--raw', '--subdir', '/home/***/.local/lib/python3.7/site-packages/***/example_dags/example_bash_operator.py', '--cfg-path', '/tmp/tmpk8bysrlu', '--error-file', '/tmp/tmp4dan94ke']
[2023-03-12 14:42:03,842] {standard_task_runner.py:77} INFO - Job 14: Subtask run_after_loop
[2023-03-12 14:42:04,153] {logging_mixin.py:109} INFO - Running <TaskInstance: example_bash_operator.run_after_loop manual__2023-03-12T14:41:25.415500+00:00 [running]> on host dc2eb824520f
[2023-03-12 14:42:04,816] {taskinstance.py:1426} INFO - Exporting the following env vars:
AIRFLOW_CTX_DAG_OWNER=***
AIRFLOW_CTX_DAG_ID=example_bash_operator
AIRFLOW_CTX_TASK_ID=run_after_loop
AIRFLOW_CTX_EXECUTION_DATE=2023-03-12T14:41:25.415500+00:00
AIRFLOW_CTX_DAG_RUN_ID=manual__2023-03-12T14:41:25.415500+00:00
[2023-03-12 14:42:04,829] {subprocess.py:62} INFO - Tmp dir root location:
 /tmp
[2023-03-12 14:42:04,841] {subprocess.py:74} INFO - Running command: ['bash', '-c', 'echo 1']
[2023-03-12 14:42:04,914] {subprocess.py:85} INFO - Output:
[2023-03-12 14:42:05,121] {subprocess.py:89} INFO - 1
[2023-03-12 14:42:05,149] {subprocess.py:93} INFO - Command exited with return code 0
[2023-03-12 14:42:05,435] {taskinstance.py:1277} INFO - Marking task as SUCCESS. dag_id=example_bash_operator, task_id=run_after_loop, execution_date=20230312T144125, start_date=20230312T144203, end_date=20230312T144205
[2023-03-12 14:42:05,618] {local_task_job.py:154} INFO - Task exited with return code 0
[2023-03-12 14:42:05,889] {local_task_job.py:264} INFO - 0 downstream tasks scheduled from follow-on schedule check
