[2023-03-12 16:38:30,503] {taskinstance.py:1032} INFO - Dependencies all met for <TaskInstance: data_ingestion_gcs_dag_v1.0.format_to_parquet_task manual__2023-03-12T16:38:16.954260+00:00 [queued]>
[2023-03-12 16:38:30,637] {taskinstance.py:1032} INFO - Dependencies all met for <TaskInstance: data_ingestion_gcs_dag_v1.0.format_to_parquet_task manual__2023-03-12T16:38:16.954260+00:00 [queued]>
[2023-03-12 16:38:30,641] {taskinstance.py:1238} INFO -
--------------------------------------------------------------------------------
[2023-03-12 16:38:30,644] {taskinstance.py:1239} INFO - Starting attempt 1 of 2
[2023-03-12 16:38:30,647] {taskinstance.py:1240} INFO -
--------------------------------------------------------------------------------
[2023-03-12 16:38:30,707] {taskinstance.py:1259} INFO - Executing <Task(PythonOperator): format_to_parquet_task> on 2023-03-12 16:38:16.954260+00:00
[2023-03-12 16:38:30,721] {standard_task_runner.py:52} INFO - Started process 1739 to run task
[2023-03-12 16:38:30,740] {standard_task_runner.py:76} INFO - Running: ['***', 'tasks', 'run', 'data_ingestion_gcs_dag_v1.0', 'format_to_parquet_task', 'manual__2023-03-12T16:38:16.954260+00:00', '--job-id', '20', '--raw', '--subdir', 'DAGS_FOLDER/dag.py', '--cfg-path', '/tmp/tmppzluk7bx', '--error-file', '/tmp/tmp7nm8pua9']
[2023-03-12 16:38:30,749] {standard_task_runner.py:77} INFO - Job 20: Subtask format_to_parquet_task
[2023-03-12 16:38:30,950] {logging_mixin.py:109} INFO - Running <TaskInstance: data_ingestion_gcs_dag_v1.0.format_to_parquet_task manual__2023-03-12T16:38:16.954260+00:00 [running]> on host 680529fc1021
[2023-03-12 16:38:31,169] {taskinstance.py:1426} INFO - Exporting the following env vars:
AIRFLOW_CTX_DAG_OWNER=***
AIRFLOW_CTX_DAG_ID=data_ingestion_gcs_dag_v1.0
AIRFLOW_CTX_TASK_ID=format_to_parquet_task
AIRFLOW_CTX_EXECUTION_DATE=2023-03-12T16:38:16.954260+00:00
AIRFLOW_CTX_DAG_RUN_ID=manual__2023-03-12T16:38:16.954260+00:00
[2023-03-12 16:38:31,507] {python.py:175} INFO - Done. Returned value was: None
[2023-03-12 16:38:31,546] {taskinstance.py:1277} INFO - Marking task as SUCCESS. dag_id=data_ingestion_gcs_dag_v1.0, task_id=format_to_parquet_task, execution_date=20230312T163816, start_date=20230312T163830, end_date=20230312T163831
[2023-03-12 16:38:31,634] {local_task_job.py:154} INFO - Task exited with return code 0
[2023-03-12 16:38:31,786] {local_task_job.py:264} INFO - 1 downstream tasks scheduled from follow-on schedule check
