[2023-03-12 16:48:27,253] {taskinstance.py:1032} INFO - Dependencies all met for <TaskInstance: data_ingestion_gcs_dag_v1.0.local_to_gcs_task manual__2023-03-12T16:48:08.085865+00:00 [queued]>
[2023-03-12 16:48:27,292] {taskinstance.py:1032} INFO - Dependencies all met for <TaskInstance: data_ingestion_gcs_dag_v1.0.local_to_gcs_task manual__2023-03-12T16:48:08.085865+00:00 [queued]>
[2023-03-12 16:48:27,294] {taskinstance.py:1238} INFO - 
--------------------------------------------------------------------------------
[2023-03-12 16:48:27,295] {taskinstance.py:1239} INFO - Starting attempt 1 of 2
[2023-03-12 16:48:27,297] {taskinstance.py:1240} INFO - 
--------------------------------------------------------------------------------
[2023-03-12 16:48:27,339] {taskinstance.py:1259} INFO - Executing <Task(PythonOperator): local_to_gcs_task> on 2023-03-12 16:48:08.085865+00:00
[2023-03-12 16:48:27,351] {standard_task_runner.py:52} INFO - Started process 2463 to run task
[2023-03-12 16:48:27,360] {standard_task_runner.py:76} INFO - Running: ['***', 'tasks', 'run', 'data_ingestion_gcs_dag_v1.0', 'local_to_gcs_task', 'manual__2023-03-12T16:48:08.085865+00:00', '--job-id', '26', '--raw', '--subdir', 'DAGS_FOLDER/dag.py', '--cfg-path', '/tmp/tmpkop11326', '--error-file', '/tmp/tmpkuxsb022']
[2023-03-12 16:48:27,363] {standard_task_runner.py:77} INFO - Job 26: Subtask local_to_gcs_task
[2023-03-12 16:48:27,524] {logging_mixin.py:109} INFO - Running <TaskInstance: data_ingestion_gcs_dag_v1.0.local_to_gcs_task manual__2023-03-12T16:48:08.085865+00:00 [running]> on host 680529fc1021
[2023-03-12 16:48:27,735] {taskinstance.py:1426} INFO - Exporting the following env vars:
AIRFLOW_CTX_DAG_OWNER=***
AIRFLOW_CTX_DAG_ID=data_ingestion_gcs_dag_v1.0
AIRFLOW_CTX_TASK_ID=local_to_gcs_task
AIRFLOW_CTX_EXECUTION_DATE=2023-03-12T16:48:08.085865+00:00
AIRFLOW_CTX_DAG_RUN_ID=manual__2023-03-12T16:48:08.085865+00:00
[2023-03-12 16:48:28,525] {logging_mixin.py:109} INFO - File /opt/***/winequality-red.parquet uploaded to <Bucket: dtc_data_lake_dtc-de-378314>.
[2023-03-12 16:48:28,527] {python.py:175} INFO - Done. Returned value was: None
[2023-03-12 16:48:28,569] {taskinstance.py:1277} INFO - Marking task as SUCCESS. dag_id=data_ingestion_gcs_dag_v1.0, task_id=local_to_gcs_task, execution_date=20230312T164808, start_date=20230312T164827, end_date=20230312T164828
[2023-03-12 16:48:28,649] {local_task_job.py:154} INFO - Task exited with return code 0
[2023-03-12 16:48:28,742] {local_task_job.py:264} INFO - 1 downstream tasks scheduled from follow-on schedule check
