[2023-03-17 16:30:01,970] {taskinstance.py:1032} INFO - Dependencies all met for <TaskInstance: data_ingestion_gcs_dag_v1.0.download_dataset_task scheduled__2023-03-16T00:00:00+00:00 [queued]>
[2023-03-17 16:30:02,071] {taskinstance.py:1032} INFO - Dependencies all met for <TaskInstance: data_ingestion_gcs_dag_v1.0.download_dataset_task scheduled__2023-03-16T00:00:00+00:00 [queued]>
[2023-03-17 16:30:02,074] {taskinstance.py:1238} INFO -
--------------------------------------------------------------------------------
[2023-03-17 16:30:02,090] {taskinstance.py:1239} INFO - Starting attempt 1 of 2
[2023-03-17 16:30:02,092] {taskinstance.py:1240} INFO -
--------------------------------------------------------------------------------
[2023-03-17 16:30:02,232] {taskinstance.py:1259} INFO - Executing <Task(BashOperator): download_dataset_task> on 2023-03-16 00:00:00+00:00
[2023-03-17 16:30:02,275] {standard_task_runner.py:52} INFO - Started process 452 to run task
[2023-03-17 16:30:02,318] {standard_task_runner.py:76} INFO - Running: ['***', 'tasks', 'run', 'data_ingestion_gcs_dag_v1.0', 'download_dataset_task', 'scheduled__2023-03-16T00:00:00+00:00', '--job-id', '130', '--raw', '--subdir', 'DAGS_FOLDER/dag.py', '--cfg-path', '/tmp/tmpay0zbega', '--error-file', '/tmp/tmprzyk5tu4']
[2023-03-17 16:30:02,322] {standard_task_runner.py:77} INFO - Job 130: Subtask download_dataset_task
[2023-03-17 16:30:02,888] {logging_mixin.py:109} INFO - Running <TaskInstance: data_ingestion_gcs_dag_v1.0.download_dataset_task scheduled__2023-03-16T00:00:00+00:00 [running]> on host dcfbc31317ca
[2023-03-17 16:30:03,735] {taskinstance.py:1426} INFO - Exporting the following env vars:
AIRFLOW_CTX_DAG_OWNER=***
AIRFLOW_CTX_DAG_ID=data_ingestion_gcs_dag_v1.0
AIRFLOW_CTX_TASK_ID=download_dataset_task
AIRFLOW_CTX_EXECUTION_DATE=2023-03-16T00:00:00+00:00
AIRFLOW_CTX_DAG_RUN_ID=scheduled__2023-03-16T00:00:00+00:00
[2023-03-17 16:30:03,745] {subprocess.py:62} INFO - Tmp dir root location:
 /tmp
[2023-03-17 16:30:03,755] {subprocess.py:74} INFO - Running command: ['bash', '-c', 'curl -sS https://archive.ics.uci.edu/ml/machine-learning-databases/wine-quality/winequality-red.csv > /opt/***//winequality-red.csv']
[2023-03-17 16:30:03,844] {subprocess.py:85} INFO - Output:
[2023-03-17 16:30:05,719] {subprocess.py:93} INFO - Command exited with return code 0
[2023-03-17 16:30:06,134] {taskinstance.py:1277} INFO - Marking task as SUCCESS. dag_id=data_ingestion_gcs_dag_v1.0, task_id=download_dataset_task, execution_date=20230316T000000, start_date=20230317T163001, end_date=20230317T163006
[2023-03-17 16:30:06,335] {local_task_job.py:154} INFO - Task exited with return code 0
[2023-03-17 16:30:06,913] {local_task_job.py:264} INFO - 0 downstream tasks scheduled from follow-on schedule check
