[2023-03-12 16:23:35,600] {taskinstance.py:1032} INFO - Dependencies all met for <TaskInstance: data_ingestion_gcs_dag_v1.0.format_to_parquet_task scheduled__2023-03-11T00:00:00+00:00 [queued]>
[2023-03-12 16:23:35,677] {taskinstance.py:1032} INFO - Dependencies all met for <TaskInstance: data_ingestion_gcs_dag_v1.0.format_to_parquet_task scheduled__2023-03-11T00:00:00+00:00 [queued]>
[2023-03-12 16:23:35,679] {taskinstance.py:1238} INFO -
--------------------------------------------------------------------------------
[2023-03-12 16:23:35,680] {taskinstance.py:1239} INFO - Starting attempt 1 of 2
[2023-03-12 16:23:35,682] {taskinstance.py:1240} INFO -
--------------------------------------------------------------------------------
[2023-03-12 16:23:35,730] {taskinstance.py:1259} INFO - Executing <Task(PythonOperator): format_to_parquet_task> on 2023-03-11 00:00:00+00:00
[2023-03-12 16:23:35,743] {standard_task_runner.py:52} INFO - Started process 627 to run task
[2023-03-12 16:23:35,754] {standard_task_runner.py:76} INFO - Running: ['***', 'tasks', 'run', 'data_ingestion_gcs_dag_v1.0', 'format_to_parquet_task', 'scheduled__2023-03-11T00:00:00+00:00', '--job-id', '7', '--raw', '--subdir', 'DAGS_FOLDER/dag.py', '--cfg-path', '/tmp/tmp73bkylib', '--error-file', '/tmp/tmpaf2f3kqp']
[2023-03-12 16:23:35,757] {standard_task_runner.py:77} INFO - Job 7: Subtask format_to_parquet_task
[2023-03-12 16:23:35,917] {logging_mixin.py:109} INFO - Running <TaskInstance: data_ingestion_gcs_dag_v1.0.format_to_parquet_task scheduled__2023-03-11T00:00:00+00:00 [running]> on host 680529fc1021
[2023-03-12 16:23:36,095] {taskinstance.py:1426} INFO - Exporting the following env vars:
AIRFLOW_CTX_DAG_OWNER=***
AIRFLOW_CTX_DAG_ID=data_ingestion_gcs_dag_v1.0
AIRFLOW_CTX_TASK_ID=format_to_parquet_task
AIRFLOW_CTX_EXECUTION_DATE=2023-03-11T00:00:00+00:00
AIRFLOW_CTX_DAG_RUN_ID=scheduled__2023-03-11T00:00:00+00:00
[2023-03-12 16:23:36,443] {python.py:175} INFO - Done. Returned value was: None
[2023-03-12 16:23:36,486] {taskinstance.py:1277} INFO - Marking task as SUCCESS. dag_id=data_ingestion_gcs_dag_v1.0, task_id=format_to_parquet_task, execution_date=20230311T000000, start_date=20230312T162335, end_date=20230312T162336
[2023-03-12 16:23:36,621] {local_task_job.py:154} INFO - Task exited with return code 0
[2023-03-12 16:23:36,826] {local_task_job.py:264} INFO - 1 downstream tasks scheduled from follow-on schedule check
