[2023-03-18 10:22:52,408] {taskinstance.py:1032} INFO - Dependencies all met for <TaskInstance: data_ingestion_gcs_dag_v3.0.download_dataset_task backfill__2021-03-02T06:00:00+00:00 [queued]>
[2023-03-18 10:22:52,523] {taskinstance.py:1032} INFO - Dependencies all met for <TaskInstance: data_ingestion_gcs_dag_v3.0.download_dataset_task backfill__2021-03-02T06:00:00+00:00 [queued]>
[2023-03-18 10:22:52,528] {taskinstance.py:1238} INFO - 
--------------------------------------------------------------------------------
[2023-03-18 10:22:52,533] {taskinstance.py:1239} INFO - Starting attempt 3 of 3
[2023-03-18 10:22:52,537] {taskinstance.py:1240} INFO - 
--------------------------------------------------------------------------------
[2023-03-18 10:22:52,632] {taskinstance.py:1259} INFO - Executing <Task(BashOperator): download_dataset_task> on 2021-03-02 06:00:00+00:00
[2023-03-18 10:22:52,680] {standard_task_runner.py:52} INFO - Started process 2265 to run task
[2023-03-18 10:22:52,713] {standard_task_runner.py:76} INFO - Running: ['***', 'tasks', 'run', 'data_ingestion_gcs_dag_v3.0', 'download_dataset_task', 'backfill__2021-03-02T06:00:00+00:00', '--job-id', '158', '--pool', 'default_pool', '--raw', '--subdir', 'DAGS_FOLDER/dag.py', '--cfg-path', '/tmp/tmpkv36s_5j', '--error-file', '/tmp/tmpecon2_7w']
[2023-03-18 10:22:52,719] {standard_task_runner.py:77} INFO - Job 158: Subtask download_dataset_task
[2023-03-18 10:22:53,234] {logging_mixin.py:109} INFO - Running <TaskInstance: data_ingestion_gcs_dag_v3.0.download_dataset_task backfill__2021-03-02T06:00:00+00:00 [running]> on host 8cface6de844
[2023-03-18 10:22:53,595] {logging_mixin.py:109} WARNING - /home/***/.local/lib/python3.7/site-packages/***/utils/context.py:152 AirflowContextDeprecationWarning: Accessing 'execution_date' from the template is deprecated and will be removed in a future version. Please use 'data_interval_start' or 'logical_date' instead.
[2023-03-18 10:22:53,691] {taskinstance.py:1426} INFO - Exporting the following env vars:
AIRFLOW_CTX_DAG_OWNER=***
AIRFLOW_CTX_DAG_ID=data_ingestion_gcs_dag_v3.0
AIRFLOW_CTX_TASK_ID=download_dataset_task
AIRFLOW_CTX_EXECUTION_DATE=2021-03-02T06:00:00+00:00
AIRFLOW_CTX_DAG_RUN_ID=backfill__2021-03-02T06:00:00+00:00
[2023-03-18 10:22:53,702] {subprocess.py:62} INFO - Tmp dir root location: 
 /tmp
[2023-03-18 10:22:53,708] {subprocess.py:74} INFO - Running command: ['bash', '-c', 'curl -sSLf https://github.com/DataTalksClub/nyc-tlc-data/releases/download/yellow/yellow_tripdata_2021-03.csv.gz > /opt/***/yellow_tripdata_2021-03.csv.gz']
[2023-03-18 10:22:53,748] {subprocess.py:85} INFO - Output:
[2023-03-18 10:23:46,101] {subprocess.py:93} INFO - Command exited with return code 0
[2023-03-18 10:23:46,300] {taskinstance.py:1277} INFO - Marking task as SUCCESS. dag_id=data_ingestion_gcs_dag_v3.0, task_id=download_dataset_task, execution_date=20210302T060000, start_date=20230318T102252, end_date=20230318T102346
[2023-03-18 10:23:46,686] {local_task_job.py:154} INFO - Task exited with return code 0
[2023-03-18 10:23:47,059] {local_task_job.py:264} INFO - 0 downstream tasks scheduled from follow-on schedule check
