[2023-03-18 11:02:44,952] {taskinstance.py:1032} INFO - Dependencies all met for <TaskInstance: data_ingestion_gcs_dag_v3.0.download_dataset_task backfill__2021-03-02T06:00:00+00:00 [queued]>
[2023-03-18 11:02:45,295] {taskinstance.py:1032} INFO - Dependencies all met for <TaskInstance: data_ingestion_gcs_dag_v3.0.download_dataset_task backfill__2021-03-02T06:00:00+00:00 [queued]>
[2023-03-18 11:02:45,298] {taskinstance.py:1238} INFO -
--------------------------------------------------------------------------------
[2023-03-18 11:02:45,301] {taskinstance.py:1239} INFO - Starting attempt 6 of 7
[2023-03-18 11:02:45,304] {taskinstance.py:1240} INFO -
--------------------------------------------------------------------------------
[2023-03-18 11:02:45,635] {taskinstance.py:1259} INFO - Executing <Task(PythonOperator): download_dataset_task> on 2021-03-02 06:00:00+00:00
[2023-03-18 11:02:45,775] {standard_task_runner.py:52} INFO - Started process 6075 to run task
[2023-03-18 11:02:45,821] {standard_task_runner.py:76} INFO - Running: ['***', 'tasks', 'run', 'data_ingestion_gcs_dag_v3.0', 'download_dataset_task', 'backfill__2021-03-02T06:00:00+00:00', '--job-id', '189', '--pool', 'default_pool', '--raw', '--subdir', 'DAGS_FOLDER/dag.py', '--cfg-path', '/tmp/tmpyocinkdy', '--error-file', '/tmp/tmp4dheb_g1']
[2023-03-18 11:02:45,934] {standard_task_runner.py:77} INFO - Job 189: Subtask download_dataset_task
[2023-03-18 11:02:47,918] {logging_mixin.py:109} INFO - Running <TaskInstance: data_ingestion_gcs_dag_v3.0.download_dataset_task backfill__2021-03-02T06:00:00+00:00 [running]> on host 8cface6de844
[2023-03-18 11:02:49,344] {logging_mixin.py:109} WARNING - /home/***/.local/lib/python3.7/site-packages/***/utils/context.py:152 AirflowContextDeprecationWarning: Accessing 'execution_date' from the template is deprecated and will be removed in a future version. Please use 'data_interval_start' or 'logical_date' instead.
[2023-03-18 11:02:49,968] {taskinstance.py:1426} INFO - Exporting the following env vars:
AIRFLOW_CTX_DAG_OWNER=***
AIRFLOW_CTX_DAG_ID=data_ingestion_gcs_dag_v3.0
AIRFLOW_CTX_TASK_ID=download_dataset_task
AIRFLOW_CTX_EXECUTION_DATE=2021-03-02T06:00:00+00:00
AIRFLOW_CTX_DAG_RUN_ID=backfill__2021-03-02T06:00:00+00:00
[2023-03-18 11:04:31,197] {logging_mixin.py:109} WARNING - /home/***/.local/lib/python3.7/site-packages/***/operators/python.py:185 DtypeWarning: Columns (6) have mixed types.Specify dtype option on import or set low_memory=False.
[2023-03-18 11:04:47,875] {logging_mixin.py:109} INFO - done 1
[2023-03-18 11:05:47,150] {logging_mixin.py:109} INFO -    VendorID tpep_pickup_datetime tpep_dropoff_datetime  passenger_count  trip_distance  RatecodeID  ... mta_tax  tip_amount  tolls_amount  improvement_surcharge  total_amount  congestion_surcharge
0       2.0  2021-03-01 00:22:02   2021-03-01 00:23:22              1.0            0.0         1.0  ...     0.5         0.0           0.0                    0.3           4.3                   0.0
1       2.0  2021-03-01 00:24:48   2021-03-01 00:24:56              1.0            0.0         1.0  ...     0.5         0.0           0.0                    0.3           3.8                   0.0

[2 rows x 18 columns]
[2023-03-18 11:05:47,171] {logging_mixin.py:109} INFO - done 2
[2023-03-18 11:07:37,095] {logging_mixin.py:109} INFO - done 3
[2023-03-18 11:07:39,054] {python.py:175} INFO - Done. Returned value was: None
[2023-03-18 11:07:39,708] {taskinstance.py:1277} INFO - Marking task as SUCCESS. dag_id=data_ingestion_gcs_dag_v3.0, task_id=download_dataset_task, execution_date=20210302T060000, start_date=20230318T110244, end_date=20230318T110739
