[2023-03-18 14:15:54,262] {taskinstance.py:1032} INFO - Dependencies all met for <TaskInstance: data_ingestion_gcs_dag_v3.0.download_dataset_task backfill__2021-03-02T06:00:00+00:00 [queued]>
[2023-03-18 14:15:54,316] {taskinstance.py:1032} INFO - Dependencies all met for <TaskInstance: data_ingestion_gcs_dag_v3.0.download_dataset_task backfill__2021-03-02T06:00:00+00:00 [queued]>
[2023-03-18 14:15:54,318] {taskinstance.py:1238} INFO -
--------------------------------------------------------------------------------
[2023-03-18 14:15:54,321] {taskinstance.py:1239} INFO - Starting attempt 7 of 8
[2023-03-18 14:15:54,323] {taskinstance.py:1240} INFO -
--------------------------------------------------------------------------------
[2023-03-18 14:15:54,393] {taskinstance.py:1259} INFO - Executing <Task(PythonOperator): download_dataset_task> on 2021-03-02 06:00:00+00:00
[2023-03-18 14:15:54,419] {standard_task_runner.py:52} INFO - Started process 1155 to run task
[2023-03-18 14:15:54,442] {standard_task_runner.py:76} INFO - Running: ['***', 'tasks', 'run', 'data_ingestion_gcs_dag_v3.0', 'download_dataset_task', 'backfill__2021-03-02T06:00:00+00:00', '--job-id', '199', '--pool', 'default_pool', '--raw', '--subdir', 'DAGS_FOLDER/dag.py', '--cfg-path', '/tmp/tmpftd97hvd', '--error-file', '/tmp/tmp20jm5lbx']
[2023-03-18 14:15:54,448] {standard_task_runner.py:77} INFO - Job 199: Subtask download_dataset_task
[2023-03-18 14:15:54,792] {logging_mixin.py:109} INFO - Running <TaskInstance: data_ingestion_gcs_dag_v3.0.download_dataset_task backfill__2021-03-02T06:00:00+00:00 [running]> on host 8cface6de844
[2023-03-18 14:15:55,275] {logging_mixin.py:109} WARNING - /home/***/.local/lib/python3.7/site-packages/***/utils/context.py:152 AirflowContextDeprecationWarning: Accessing 'execution_date' from the template is deprecated and will be removed in a future version. Please use 'data_interval_start' or 'logical_date' instead.
[2023-03-18 14:15:55,443] {taskinstance.py:1426} INFO - Exporting the following env vars:
AIRFLOW_CTX_DAG_OWNER=***
AIRFLOW_CTX_DAG_ID=data_ingestion_gcs_dag_v3.0
AIRFLOW_CTX_TASK_ID=download_dataset_task
AIRFLOW_CTX_EXECUTION_DATE=2021-03-02T06:00:00+00:00
AIRFLOW_CTX_DAG_RUN_ID=backfill__2021-03-02T06:00:00+00:00
[2023-03-18 14:17:20,106] {logging_mixin.py:109} WARNING - /home/***/.local/lib/python3.7/site-packages/***/operators/python.py:185 DtypeWarning: Columns (6) have mixed types.Specify dtype option on import or set low_memory=False.
[2023-03-18 14:19:04,572] {python.py:175} INFO - Done. Returned value was: None
[2023-03-18 14:19:04,751] {taskinstance.py:1277} INFO - Marking task as SUCCESS. dag_id=data_ingestion_gcs_dag_v3.0, task_id=download_dataset_task, execution_date=20210302T060000, start_date=20230318T141554, end_date=20230318T141904
[2023-03-18 14:19:07,016] {local_task_job.py:154} INFO - Task exited with return code 0
[2023-03-18 14:19:07,671] {dagrun.py:628} WARNING - Failed to get task '<TaskInstance: data_ingestion_gcs_dag_v3.0.format_to_parquet_task backfill__2021-03-02T06:00:00+00:00 [removed]>' for dag 'data_ingestion_gcs_dag_v3.0'. Marking it as removed.
[2023-03-18 14:19:07,716] {local_task_job.py:264} INFO - 0 downstream tasks scheduled from follow-on schedule check
[2023-03-18 14:19:08,072] {dagrun.py:628} WARNING - Failed to get task '<TaskInstance: data_ingestion_gcs_dag_v3.0.format_to_parquet_task backfill__2021-03-02T06:00:00+00:00 [removed]>' for dag 'data_ingestion_gcs_dag_v3.0'. Marking it as removed.
