[2023-03-12 14:41:38,600] {taskinstance.py:1032} INFO - Dependencies all met for <TaskInstance: example_bash_operator.runme_0 manual__2023-03-12T14:41:25.415500+00:00 [queued]>
[2023-03-12 14:41:38,998] {taskinstance.py:1032} INFO - Dependencies all met for <TaskInstance: example_bash_operator.runme_0 manual__2023-03-12T14:41:25.415500+00:00 [queued]>
[2023-03-12 14:41:39,003] {taskinstance.py:1238} INFO -
--------------------------------------------------------------------------------
[2023-03-12 14:41:39,005] {taskinstance.py:1239} INFO - Starting attempt 1 of 1
[2023-03-12 14:41:39,009] {taskinstance.py:1240} INFO -
--------------------------------------------------------------------------------
[2023-03-12 14:41:39,386] {taskinstance.py:1259} INFO - Executing <Task(BashOperator): runme_0> on 2023-03-12 14:41:25.415500+00:00
[2023-03-12 14:41:39,426] {standard_task_runner.py:52} INFO - Started process 2155 to run task
[2023-03-12 14:41:39,439] {standard_task_runner.py:76} INFO - Running: ['***', 'tasks', 'run', 'example_bash_operator', 'runme_0', 'manual__2023-03-12T14:41:25.415500+00:00', '--job-id', '4', '--raw', '--subdir', '/home/***/.local/lib/python3.7/site-packages/***/example_dags/example_bash_operator.py', '--cfg-path', '/tmp/tmp__upil_9', '--error-file', '/tmp/tmpz98tv7kx']
[2023-03-12 14:41:39,479] {standard_task_runner.py:77} INFO - Job 4: Subtask runme_0
[2023-03-12 14:41:40,236] {logging_mixin.py:109} INFO - Running <TaskInstance: example_bash_operator.runme_0 manual__2023-03-12T14:41:25.415500+00:00 [running]> on host dc2eb824520f
[2023-03-12 14:41:41,637] {taskinstance.py:1426} INFO - Exporting the following env vars:
AIRFLOW_CTX_DAG_OWNER=***
AIRFLOW_CTX_DAG_ID=example_bash_operator
AIRFLOW_CTX_TASK_ID=runme_0
AIRFLOW_CTX_EXECUTION_DATE=2023-03-12T14:41:25.415500+00:00
AIRFLOW_CTX_DAG_RUN_ID=manual__2023-03-12T14:41:25.415500+00:00
[2023-03-12 14:41:41,663] {subprocess.py:62} INFO - Tmp dir root location:
 /tmp
[2023-03-12 14:41:41,694] {subprocess.py:74} INFO - Running command: ['bash', '-c', 'echo "example_bash_operator__runme_0__20230312" && sleep 1']
[2023-03-12 14:41:42,106] {subprocess.py:85} INFO - Output:
[2023-03-12 14:41:42,836] {subprocess.py:89} INFO - example_bash_operator__runme_0__20230312
[2023-03-12 14:41:44,246] {subprocess.py:93} INFO - Command exited with return code 0
[2023-03-12 14:41:46,601] {taskinstance.py:1277} INFO - Marking task as SUCCESS. dag_id=example_bash_operator, task_id=runme_0, execution_date=20230312T144125, start_date=20230312T144138, end_date=20230312T144146
[2023-03-12 14:41:47,147] {local_task_job.py:154} INFO - Task exited with return code 0
[2023-03-12 14:41:48,834] {local_task_job.py:264} INFO - 0 downstream tasks scheduled from follow-on schedule check
