[2023-03-12 14:28:44,560] {processor.py:163} INFO - Started process (PID=869) to work on /home/airflow/.local/lib/python3.7/site-packages/airflow/example_dags/example_short_circuit_operator.py
[2023-03-12 14:28:44,570] {processor.py:642} INFO - Processing file /home/airflow/.local/lib/python3.7/site-packages/airflow/example_dags/example_short_circuit_operator.py for tasks to queue
[2023-03-12 14:28:44,574] {logging_mixin.py:109} INFO - [2023-03-12 14:28:44,574] {dagbag.py:500} INFO - Filling up the DagBag from /home/airflow/.local/lib/python3.7/site-packages/airflow/example_dags/example_short_circuit_operator.py
[2023-03-12 14:28:44,665] {processor.py:654} INFO - DAG(s) dict_keys(['example_short_circuit_operator']) retrieved from /home/airflow/.local/lib/python3.7/site-packages/airflow/example_dags/example_short_circuit_operator.py
[2023-03-12 14:28:59,026] {logging_mixin.py:109} INFO - [2023-03-12 14:28:59,025] {manager.py:496} INFO - Created Permission View: can edit on DAG:example_short_circuit_operator
[2023-03-12 14:28:59,055] {logging_mixin.py:109} INFO - [2023-03-12 14:28:59,054] {manager.py:496} INFO - Created Permission View: can read on DAG:example_short_circuit_operator
[2023-03-12 14:28:59,059] {logging_mixin.py:109} INFO - [2023-03-12 14:28:59,057] {dag.py:2396} INFO - Sync 1 DAGs
[2023-03-12 14:28:59,095] {logging_mixin.py:109} INFO - [2023-03-12 14:28:59,094] {dag.py:2415} INFO - Creating ORM DAG for example_short_circuit_operator
[2023-03-12 14:28:59,134] {logging_mixin.py:109} INFO - [2023-03-12 14:28:59,133] {dag.py:2935} INFO - Setting next_dagrun for example_short_circuit_operator to 2023-03-11T14:28:59.130076+00:00
[2023-03-12 14:28:59,193] {processor.py:171} INFO - Processing /home/airflow/.local/lib/python3.7/site-packages/airflow/example_dags/example_short_circuit_operator.py took 14.642 seconds
[2023-03-12 14:38:56,682] {processor.py:163} INFO - Started process (PID=1188) to work on /home/airflow/.local/lib/python3.7/site-packages/airflow/example_dags/example_short_circuit_operator.py
[2023-03-12 14:38:56,693] {processor.py:642} INFO - Processing file /home/airflow/.local/lib/python3.7/site-packages/airflow/example_dags/example_short_circuit_operator.py for tasks to queue
[2023-03-12 14:38:56,702] {logging_mixin.py:109} INFO - [2023-03-12 14:38:56,702] {dagbag.py:500} INFO - Filling up the DagBag from /home/airflow/.local/lib/python3.7/site-packages/airflow/example_dags/example_short_circuit_operator.py
[2023-03-12 14:38:56,990] {processor.py:654} INFO - DAG(s) dict_keys(['example_short_circuit_operator']) retrieved from /home/airflow/.local/lib/python3.7/site-packages/airflow/example_dags/example_short_circuit_operator.py
[2023-03-12 14:38:57,165] {logging_mixin.py:109} INFO - [2023-03-12 14:38:57,165] {dag.py:2396} INFO - Sync 1 DAGs
[2023-03-12 14:38:57,409] {logging_mixin.py:109} INFO - [2023-03-12 14:38:57,408] {dag.py:2935} INFO - Setting next_dagrun for example_short_circuit_operator to 2023-03-11T14:38:57.391602+00:00
[2023-03-12 14:38:57,630] {processor.py:171} INFO - Processing /home/airflow/.local/lib/python3.7/site-packages/airflow/example_dags/example_short_circuit_operator.py took 0.988 seconds
[2023-03-12 14:39:38,513] {processor.py:163} INFO - Started process (PID=1412) to work on /home/airflow/.local/lib/python3.7/site-packages/airflow/example_dags/example_short_circuit_operator.py
[2023-03-12 14:39:38,537] {processor.py:642} INFO - Processing file /home/airflow/.local/lib/python3.7/site-packages/airflow/example_dags/example_short_circuit_operator.py for tasks to queue
[2023-03-12 14:39:38,562] {logging_mixin.py:109} INFO - [2023-03-12 14:39:38,552] {dagbag.py:500} INFO - Filling up the DagBag from /home/airflow/.local/lib/python3.7/site-packages/airflow/example_dags/example_short_circuit_operator.py
[2023-03-12 14:39:39,641] {processor.py:654} INFO - DAG(s) dict_keys(['example_short_circuit_operator']) retrieved from /home/airflow/.local/lib/python3.7/site-packages/airflow/example_dags/example_short_circuit_operator.py
[2023-03-12 14:39:40,022] {logging_mixin.py:109} INFO - [2023-03-12 14:39:40,021] {dag.py:2396} INFO - Sync 1 DAGs
[2023-03-12 14:39:40,288] {logging_mixin.py:109} INFO - [2023-03-12 14:39:40,287] {dag.py:2935} INFO - Setting next_dagrun for example_short_circuit_operator to 2023-03-11T14:39:40.281364+00:00
[2023-03-12 14:39:40,465] {processor.py:171} INFO - Processing /home/airflow/.local/lib/python3.7/site-packages/airflow/example_dags/example_short_circuit_operator.py took 1.993 seconds
[2023-03-12 14:40:11,138] {processor.py:163} INFO - Started process (PID=1624) to work on /home/airflow/.local/lib/python3.7/site-packages/airflow/example_dags/example_short_circuit_operator.py
[2023-03-12 14:40:11,149] {processor.py:642} INFO - Processing file /home/airflow/.local/lib/python3.7/site-packages/airflow/example_dags/example_short_circuit_operator.py for tasks to queue
[2023-03-12 14:40:11,160] {logging_mixin.py:109} INFO - [2023-03-12 14:40:11,158] {dagbag.py:500} INFO - Filling up the DagBag from /home/airflow/.local/lib/python3.7/site-packages/airflow/example_dags/example_short_circuit_operator.py
[2023-03-12 14:40:11,418] {processor.py:654} INFO - DAG(s) dict_keys(['example_short_circuit_operator']) retrieved from /home/airflow/.local/lib/python3.7/site-packages/airflow/example_dags/example_short_circuit_operator.py
[2023-03-12 14:40:11,517] {logging_mixin.py:109} INFO - [2023-03-12 14:40:11,517] {dag.py:2396} INFO - Sync 1 DAGs
[2023-03-12 14:40:11,651] {logging_mixin.py:109} INFO - [2023-03-12 14:40:11,650] {dag.py:2935} INFO - Setting next_dagrun for example_short_circuit_operator to 2023-03-11T14:40:11.636361+00:00
[2023-03-12 14:40:11,688] {processor.py:171} INFO - Processing /home/airflow/.local/lib/python3.7/site-packages/airflow/example_dags/example_short_circuit_operator.py took 0.578 seconds
[2023-03-12 14:40:46,114] {processor.py:163} INFO - Started process (PID=1852) to work on /home/airflow/.local/lib/python3.7/site-packages/airflow/example_dags/example_short_circuit_operator.py
[2023-03-12 14:40:46,136] {processor.py:642} INFO - Processing file /home/airflow/.local/lib/python3.7/site-packages/airflow/example_dags/example_short_circuit_operator.py for tasks to queue
[2023-03-12 14:40:46,141] {logging_mixin.py:109} INFO - [2023-03-12 14:40:46,140] {dagbag.py:500} INFO - Filling up the DagBag from /home/airflow/.local/lib/python3.7/site-packages/airflow/example_dags/example_short_circuit_operator.py
[2023-03-12 14:40:46,270] {processor.py:654} INFO - DAG(s) dict_keys(['example_short_circuit_operator']) retrieved from /home/airflow/.local/lib/python3.7/site-packages/airflow/example_dags/example_short_circuit_operator.py
[2023-03-12 14:40:46,339] {logging_mixin.py:109} INFO - [2023-03-12 14:40:46,338] {dag.py:2396} INFO - Sync 1 DAGs
[2023-03-12 14:40:46,424] {logging_mixin.py:109} INFO - [2023-03-12 14:40:46,424] {dag.py:2935} INFO - Setting next_dagrun for example_short_circuit_operator to 2023-03-11T14:40:46.422028+00:00
[2023-03-12 14:40:46,506] {processor.py:171} INFO - Processing /home/airflow/.local/lib/python3.7/site-packages/airflow/example_dags/example_short_circuit_operator.py took 0.402 seconds
[2023-03-12 14:41:22,531] {processor.py:163} INFO - Started process (PID=2087) to work on /home/airflow/.local/lib/python3.7/site-packages/airflow/example_dags/example_short_circuit_operator.py
[2023-03-12 14:41:22,537] {processor.py:642} INFO - Processing file /home/airflow/.local/lib/python3.7/site-packages/airflow/example_dags/example_short_circuit_operator.py for tasks to queue
[2023-03-12 14:41:22,544] {logging_mixin.py:109} INFO - [2023-03-12 14:41:22,543] {dagbag.py:500} INFO - Filling up the DagBag from /home/airflow/.local/lib/python3.7/site-packages/airflow/example_dags/example_short_circuit_operator.py
[2023-03-12 14:41:22,658] {processor.py:654} INFO - DAG(s) dict_keys(['example_short_circuit_operator']) retrieved from /home/airflow/.local/lib/python3.7/site-packages/airflow/example_dags/example_short_circuit_operator.py
[2023-03-12 14:41:22,711] {logging_mixin.py:109} INFO - [2023-03-12 14:41:22,710] {dag.py:2396} INFO - Sync 1 DAGs
[2023-03-12 14:41:22,783] {logging_mixin.py:109} INFO - [2023-03-12 14:41:22,782] {dag.py:2935} INFO - Setting next_dagrun for example_short_circuit_operator to 2023-03-11T14:41:22.780221+00:00
[2023-03-12 14:41:22,889] {processor.py:171} INFO - Processing /home/airflow/.local/lib/python3.7/site-packages/airflow/example_dags/example_short_circuit_operator.py took 0.370 seconds
[2023-03-12 14:42:11,946] {processor.py:163} INFO - Started process (PID=2405) to work on /home/airflow/.local/lib/python3.7/site-packages/airflow/example_dags/example_short_circuit_operator.py
[2023-03-12 14:42:11,952] {processor.py:642} INFO - Processing file /home/airflow/.local/lib/python3.7/site-packages/airflow/example_dags/example_short_circuit_operator.py for tasks to queue
[2023-03-12 14:42:11,956] {logging_mixin.py:109} INFO - [2023-03-12 14:42:11,955] {dagbag.py:500} INFO - Filling up the DagBag from /home/airflow/.local/lib/python3.7/site-packages/airflow/example_dags/example_short_circuit_operator.py
[2023-03-12 14:42:12,077] {processor.py:654} INFO - DAG(s) dict_keys(['example_short_circuit_operator']) retrieved from /home/airflow/.local/lib/python3.7/site-packages/airflow/example_dags/example_short_circuit_operator.py
[2023-03-12 14:42:12,138] {logging_mixin.py:109} INFO - [2023-03-12 14:42:12,136] {dag.py:2396} INFO - Sync 1 DAGs
[2023-03-12 14:42:12,207] {logging_mixin.py:109} INFO - [2023-03-12 14:42:12,206] {dag.py:2935} INFO - Setting next_dagrun for example_short_circuit_operator to 2023-03-11T14:42:12.204890+00:00
[2023-03-12 14:42:12,272] {processor.py:171} INFO - Processing /home/airflow/.local/lib/python3.7/site-packages/airflow/example_dags/example_short_circuit_operator.py took 0.344 seconds
[2023-03-12 14:42:42,482] {processor.py:163} INFO - Started process (PID=2629) to work on /home/airflow/.local/lib/python3.7/site-packages/airflow/example_dags/example_short_circuit_operator.py
[2023-03-12 14:42:42,487] {processor.py:642} INFO - Processing file /home/airflow/.local/lib/python3.7/site-packages/airflow/example_dags/example_short_circuit_operator.py for tasks to queue
[2023-03-12 14:42:42,490] {logging_mixin.py:109} INFO - [2023-03-12 14:42:42,490] {dagbag.py:500} INFO - Filling up the DagBag from /home/airflow/.local/lib/python3.7/site-packages/airflow/example_dags/example_short_circuit_operator.py
[2023-03-12 14:42:42,578] {processor.py:654} INFO - DAG(s) dict_keys(['example_short_circuit_operator']) retrieved from /home/airflow/.local/lib/python3.7/site-packages/airflow/example_dags/example_short_circuit_operator.py
[2023-03-12 14:42:42,622] {logging_mixin.py:109} INFO - [2023-03-12 14:42:42,621] {dag.py:2396} INFO - Sync 1 DAGs
[2023-03-12 14:42:42,681] {logging_mixin.py:109} INFO - [2023-03-12 14:42:42,680] {dag.py:2935} INFO - Setting next_dagrun for example_short_circuit_operator to 2023-03-11T14:42:42.678975+00:00
[2023-03-12 14:42:42,713] {processor.py:171} INFO - Processing /home/airflow/.local/lib/python3.7/site-packages/airflow/example_dags/example_short_circuit_operator.py took 0.238 seconds
[2023-03-12 14:43:13,622] {processor.py:163} INFO - Started process (PID=2847) to work on /home/airflow/.local/lib/python3.7/site-packages/airflow/example_dags/example_short_circuit_operator.py
[2023-03-12 14:43:13,627] {processor.py:642} INFO - Processing file /home/airflow/.local/lib/python3.7/site-packages/airflow/example_dags/example_short_circuit_operator.py for tasks to queue
[2023-03-12 14:43:13,632] {logging_mixin.py:109} INFO - [2023-03-12 14:43:13,631] {dagbag.py:500} INFO - Filling up the DagBag from /home/airflow/.local/lib/python3.7/site-packages/airflow/example_dags/example_short_circuit_operator.py
[2023-03-12 14:43:13,712] {processor.py:654} INFO - DAG(s) dict_keys(['example_short_circuit_operator']) retrieved from /home/airflow/.local/lib/python3.7/site-packages/airflow/example_dags/example_short_circuit_operator.py
[2023-03-12 14:43:13,754] {logging_mixin.py:109} INFO - [2023-03-12 14:43:13,754] {dag.py:2396} INFO - Sync 1 DAGs
[2023-03-12 14:43:13,815] {logging_mixin.py:109} INFO - [2023-03-12 14:43:13,814] {dag.py:2935} INFO - Setting next_dagrun for example_short_circuit_operator to 2023-03-11T14:43:13.812947+00:00
[2023-03-12 14:43:13,847] {processor.py:171} INFO - Processing /home/airflow/.local/lib/python3.7/site-packages/airflow/example_dags/example_short_circuit_operator.py took 0.233 seconds
[2023-03-12 14:43:44,105] {processor.py:163} INFO - Started process (PID=3055) to work on /home/airflow/.local/lib/python3.7/site-packages/airflow/example_dags/example_short_circuit_operator.py
[2023-03-12 14:43:44,111] {processor.py:642} INFO - Processing file /home/airflow/.local/lib/python3.7/site-packages/airflow/example_dags/example_short_circuit_operator.py for tasks to queue
[2023-03-12 14:43:44,117] {logging_mixin.py:109} INFO - [2023-03-12 14:43:44,117] {dagbag.py:500} INFO - Filling up the DagBag from /home/airflow/.local/lib/python3.7/site-packages/airflow/example_dags/example_short_circuit_operator.py
[2023-03-12 14:43:44,235] {processor.py:654} INFO - DAG(s) dict_keys(['example_short_circuit_operator']) retrieved from /home/airflow/.local/lib/python3.7/site-packages/airflow/example_dags/example_short_circuit_operator.py
[2023-03-12 14:43:44,290] {logging_mixin.py:109} INFO - [2023-03-12 14:43:44,289] {dag.py:2396} INFO - Sync 1 DAGs
[2023-03-12 14:43:44,356] {logging_mixin.py:109} INFO - [2023-03-12 14:43:44,355] {dag.py:2935} INFO - Setting next_dagrun for example_short_circuit_operator to 2023-03-11T14:43:44.353571+00:00
[2023-03-12 14:43:44,389] {processor.py:171} INFO - Processing /home/airflow/.local/lib/python3.7/site-packages/airflow/example_dags/example_short_circuit_operator.py took 0.292 seconds
[2023-03-12 14:44:14,955] {processor.py:163} INFO - Started process (PID=3273) to work on /home/airflow/.local/lib/python3.7/site-packages/airflow/example_dags/example_short_circuit_operator.py
[2023-03-12 14:44:14,961] {processor.py:642} INFO - Processing file /home/airflow/.local/lib/python3.7/site-packages/airflow/example_dags/example_short_circuit_operator.py for tasks to queue
[2023-03-12 14:44:14,966] {logging_mixin.py:109} INFO - [2023-03-12 14:44:14,965] {dagbag.py:500} INFO - Filling up the DagBag from /home/airflow/.local/lib/python3.7/site-packages/airflow/example_dags/example_short_circuit_operator.py
[2023-03-12 14:44:15,104] {processor.py:654} INFO - DAG(s) dict_keys(['example_short_circuit_operator']) retrieved from /home/airflow/.local/lib/python3.7/site-packages/airflow/example_dags/example_short_circuit_operator.py
[2023-03-12 14:44:15,185] {logging_mixin.py:109} INFO - [2023-03-12 14:44:15,184] {dag.py:2396} INFO - Sync 1 DAGs
[2023-03-12 14:44:15,297] {logging_mixin.py:109} INFO - [2023-03-12 14:44:15,296] {dag.py:2935} INFO - Setting next_dagrun for example_short_circuit_operator to 2023-03-11T14:44:15.294890+00:00
[2023-03-12 14:44:15,339] {processor.py:171} INFO - Processing /home/airflow/.local/lib/python3.7/site-packages/airflow/example_dags/example_short_circuit_operator.py took 0.393 seconds
[2023-03-12 14:44:45,572] {processor.py:163} INFO - Started process (PID=3493) to work on /home/airflow/.local/lib/python3.7/site-packages/airflow/example_dags/example_short_circuit_operator.py
[2023-03-12 14:44:45,578] {processor.py:642} INFO - Processing file /home/airflow/.local/lib/python3.7/site-packages/airflow/example_dags/example_short_circuit_operator.py for tasks to queue
[2023-03-12 14:44:45,590] {logging_mixin.py:109} INFO - [2023-03-12 14:44:45,589] {dagbag.py:500} INFO - Filling up the DagBag from /home/airflow/.local/lib/python3.7/site-packages/airflow/example_dags/example_short_circuit_operator.py
[2023-03-12 14:44:45,710] {processor.py:654} INFO - DAG(s) dict_keys(['example_short_circuit_operator']) retrieved from /home/airflow/.local/lib/python3.7/site-packages/airflow/example_dags/example_short_circuit_operator.py
[2023-03-12 14:44:45,758] {logging_mixin.py:109} INFO - [2023-03-12 14:44:45,758] {dag.py:2396} INFO - Sync 1 DAGs
[2023-03-12 14:44:45,823] {logging_mixin.py:109} INFO - [2023-03-12 14:44:45,823] {dag.py:2935} INFO - Setting next_dagrun for example_short_circuit_operator to 2023-03-11T14:44:45.818711+00:00
[2023-03-12 14:44:45,887] {processor.py:171} INFO - Processing /home/airflow/.local/lib/python3.7/site-packages/airflow/example_dags/example_short_circuit_operator.py took 0.324 seconds
[2023-03-12 14:45:17,475] {processor.py:163} INFO - Started process (PID=3711) to work on /home/airflow/.local/lib/python3.7/site-packages/airflow/example_dags/example_short_circuit_operator.py
[2023-03-12 14:45:17,487] {processor.py:642} INFO - Processing file /home/airflow/.local/lib/python3.7/site-packages/airflow/example_dags/example_short_circuit_operator.py for tasks to queue
[2023-03-12 14:45:17,495] {logging_mixin.py:109} INFO - [2023-03-12 14:45:17,495] {dagbag.py:500} INFO - Filling up the DagBag from /home/airflow/.local/lib/python3.7/site-packages/airflow/example_dags/example_short_circuit_operator.py
[2023-03-12 14:45:17,644] {processor.py:654} INFO - DAG(s) dict_keys(['example_short_circuit_operator']) retrieved from /home/airflow/.local/lib/python3.7/site-packages/airflow/example_dags/example_short_circuit_operator.py
[2023-03-12 14:45:17,737] {logging_mixin.py:109} INFO - [2023-03-12 14:45:17,737] {dag.py:2396} INFO - Sync 1 DAGs
[2023-03-12 14:45:18,105] {logging_mixin.py:109} INFO - [2023-03-12 14:45:18,104] {dag.py:2935} INFO - Setting next_dagrun for example_short_circuit_operator to 2023-03-11T14:45:18.097502+00:00
[2023-03-12 14:45:18,235] {processor.py:171} INFO - Processing /home/airflow/.local/lib/python3.7/site-packages/airflow/example_dags/example_short_circuit_operator.py took 0.770 seconds
[2023-03-12 14:45:49,627] {processor.py:163} INFO - Started process (PID=3919) to work on /home/airflow/.local/lib/python3.7/site-packages/airflow/example_dags/example_short_circuit_operator.py
[2023-03-12 14:45:49,632] {processor.py:642} INFO - Processing file /home/airflow/.local/lib/python3.7/site-packages/airflow/example_dags/example_short_circuit_operator.py for tasks to queue
[2023-03-12 14:45:49,636] {logging_mixin.py:109} INFO - [2023-03-12 14:45:49,636] {dagbag.py:500} INFO - Filling up the DagBag from /home/airflow/.local/lib/python3.7/site-packages/airflow/example_dags/example_short_circuit_operator.py
[2023-03-12 14:45:49,743] {processor.py:654} INFO - DAG(s) dict_keys(['example_short_circuit_operator']) retrieved from /home/airflow/.local/lib/python3.7/site-packages/airflow/example_dags/example_short_circuit_operator.py
[2023-03-12 14:45:49,796] {logging_mixin.py:109} INFO - [2023-03-12 14:45:49,796] {dag.py:2396} INFO - Sync 1 DAGs
[2023-03-12 14:45:49,887] {logging_mixin.py:109} INFO - [2023-03-12 14:45:49,886] {dag.py:2935} INFO - Setting next_dagrun for example_short_circuit_operator to 2023-03-11T14:45:49.883235+00:00
[2023-03-12 14:45:49,956] {processor.py:171} INFO - Processing /home/airflow/.local/lib/python3.7/site-packages/airflow/example_dags/example_short_circuit_operator.py took 0.336 seconds
[2023-03-12 14:46:22,347] {processor.py:163} INFO - Started process (PID=4142) to work on /home/airflow/.local/lib/python3.7/site-packages/airflow/example_dags/example_short_circuit_operator.py
[2023-03-12 14:46:22,356] {processor.py:642} INFO - Processing file /home/airflow/.local/lib/python3.7/site-packages/airflow/example_dags/example_short_circuit_operator.py for tasks to queue
[2023-03-12 14:46:22,367] {logging_mixin.py:109} INFO - [2023-03-12 14:46:22,365] {dagbag.py:500} INFO - Filling up the DagBag from /home/airflow/.local/lib/python3.7/site-packages/airflow/example_dags/example_short_circuit_operator.py
[2023-03-12 14:46:22,474] {processor.py:654} INFO - DAG(s) dict_keys(['example_short_circuit_operator']) retrieved from /home/airflow/.local/lib/python3.7/site-packages/airflow/example_dags/example_short_circuit_operator.py
[2023-03-12 14:46:22,534] {logging_mixin.py:109} INFO - [2023-03-12 14:46:22,532] {dag.py:2396} INFO - Sync 1 DAGs
[2023-03-12 14:46:22,608] {logging_mixin.py:109} INFO - [2023-03-12 14:46:22,607] {dag.py:2935} INFO - Setting next_dagrun for example_short_circuit_operator to 2023-03-11T14:46:22.605757+00:00
[2023-03-12 14:46:22,653] {processor.py:171} INFO - Processing /home/airflow/.local/lib/python3.7/site-packages/airflow/example_dags/example_short_circuit_operator.py took 0.317 seconds
[2023-03-12 14:46:53,572] {processor.py:163} INFO - Started process (PID=4349) to work on /home/airflow/.local/lib/python3.7/site-packages/airflow/example_dags/example_short_circuit_operator.py
[2023-03-12 14:46:53,615] {processor.py:642} INFO - Processing file /home/airflow/.local/lib/python3.7/site-packages/airflow/example_dags/example_short_circuit_operator.py for tasks to queue
[2023-03-12 14:46:53,629] {logging_mixin.py:109} INFO - [2023-03-12 14:46:53,625] {dagbag.py:500} INFO - Filling up the DagBag from /home/airflow/.local/lib/python3.7/site-packages/airflow/example_dags/example_short_circuit_operator.py
[2023-03-12 14:46:53,844] {processor.py:654} INFO - DAG(s) dict_keys(['example_short_circuit_operator']) retrieved from /home/airflow/.local/lib/python3.7/site-packages/airflow/example_dags/example_short_circuit_operator.py
[2023-03-12 14:46:53,896] {logging_mixin.py:109} INFO - [2023-03-12 14:46:53,895] {dag.py:2396} INFO - Sync 1 DAGs
[2023-03-12 14:46:53,968] {logging_mixin.py:109} INFO - [2023-03-12 14:46:53,967] {dag.py:2935} INFO - Setting next_dagrun for example_short_circuit_operator to 2023-03-11T14:46:53.965588+00:00
[2023-03-12 14:46:54,003] {processor.py:171} INFO - Processing /home/airflow/.local/lib/python3.7/site-packages/airflow/example_dags/example_short_circuit_operator.py took 0.447 seconds
[2023-03-12 14:47:25,652] {processor.py:163} INFO - Started process (PID=4579) to work on /home/airflow/.local/lib/python3.7/site-packages/airflow/example_dags/example_short_circuit_operator.py
[2023-03-12 14:47:25,657] {processor.py:642} INFO - Processing file /home/airflow/.local/lib/python3.7/site-packages/airflow/example_dags/example_short_circuit_operator.py for tasks to queue
[2023-03-12 14:47:25,661] {logging_mixin.py:109} INFO - [2023-03-12 14:47:25,660] {dagbag.py:500} INFO - Filling up the DagBag from /home/airflow/.local/lib/python3.7/site-packages/airflow/example_dags/example_short_circuit_operator.py
[2023-03-12 14:47:25,772] {processor.py:654} INFO - DAG(s) dict_keys(['example_short_circuit_operator']) retrieved from /home/airflow/.local/lib/python3.7/site-packages/airflow/example_dags/example_short_circuit_operator.py
[2023-03-12 14:47:25,824] {logging_mixin.py:109} INFO - [2023-03-12 14:47:25,824] {dag.py:2396} INFO - Sync 1 DAGs
[2023-03-12 14:47:25,904] {logging_mixin.py:109} INFO - [2023-03-12 14:47:25,903] {dag.py:2935} INFO - Setting next_dagrun for example_short_circuit_operator to 2023-03-11T14:47:25.901152+00:00
[2023-03-12 14:47:25,942] {processor.py:171} INFO - Processing /home/airflow/.local/lib/python3.7/site-packages/airflow/example_dags/example_short_circuit_operator.py took 0.299 seconds
[2023-03-12 14:47:57,663] {processor.py:163} INFO - Started process (PID=4804) to work on /home/airflow/.local/lib/python3.7/site-packages/airflow/example_dags/example_short_circuit_operator.py
[2023-03-12 14:47:57,675] {processor.py:642} INFO - Processing file /home/airflow/.local/lib/python3.7/site-packages/airflow/example_dags/example_short_circuit_operator.py for tasks to queue
[2023-03-12 14:47:57,684] {logging_mixin.py:109} INFO - [2023-03-12 14:47:57,683] {dagbag.py:500} INFO - Filling up the DagBag from /home/airflow/.local/lib/python3.7/site-packages/airflow/example_dags/example_short_circuit_operator.py
[2023-03-12 14:47:57,786] {processor.py:654} INFO - DAG(s) dict_keys(['example_short_circuit_operator']) retrieved from /home/airflow/.local/lib/python3.7/site-packages/airflow/example_dags/example_short_circuit_operator.py
[2023-03-12 14:47:57,898] {logging_mixin.py:109} INFO - [2023-03-12 14:47:57,895] {dag.py:2396} INFO - Sync 1 DAGs
[2023-03-12 14:47:57,962] {logging_mixin.py:109} INFO - [2023-03-12 14:47:57,961] {dag.py:2935} INFO - Setting next_dagrun for example_short_circuit_operator to 2023-03-11T14:47:57.959899+00:00
[2023-03-12 14:47:57,999] {processor.py:171} INFO - Processing /home/airflow/.local/lib/python3.7/site-packages/airflow/example_dags/example_short_circuit_operator.py took 0.351 seconds
[2023-03-12 14:48:29,112] {processor.py:163} INFO - Started process (PID=5011) to work on /home/airflow/.local/lib/python3.7/site-packages/airflow/example_dags/example_short_circuit_operator.py
[2023-03-12 14:48:29,121] {processor.py:642} INFO - Processing file /home/airflow/.local/lib/python3.7/site-packages/airflow/example_dags/example_short_circuit_operator.py for tasks to queue
[2023-03-12 14:48:29,126] {logging_mixin.py:109} INFO - [2023-03-12 14:48:29,125] {dagbag.py:500} INFO - Filling up the DagBag from /home/airflow/.local/lib/python3.7/site-packages/airflow/example_dags/example_short_circuit_operator.py
[2023-03-12 14:48:29,195] {processor.py:654} INFO - DAG(s) dict_keys(['example_short_circuit_operator']) retrieved from /home/airflow/.local/lib/python3.7/site-packages/airflow/example_dags/example_short_circuit_operator.py
[2023-03-12 14:48:29,244] {logging_mixin.py:109} INFO - [2023-03-12 14:48:29,243] {dag.py:2396} INFO - Sync 1 DAGs
[2023-03-12 14:48:29,300] {logging_mixin.py:109} INFO - [2023-03-12 14:48:29,300] {dag.py:2935} INFO - Setting next_dagrun for example_short_circuit_operator to 2023-03-11T14:48:29.298708+00:00
[2023-03-12 14:48:29,343] {processor.py:171} INFO - Processing /home/airflow/.local/lib/python3.7/site-packages/airflow/example_dags/example_short_circuit_operator.py took 0.238 seconds
[2023-03-12 14:49:01,329] {processor.py:163} INFO - Started process (PID=5235) to work on /home/airflow/.local/lib/python3.7/site-packages/airflow/example_dags/example_short_circuit_operator.py
[2023-03-12 14:49:01,335] {processor.py:642} INFO - Processing file /home/airflow/.local/lib/python3.7/site-packages/airflow/example_dags/example_short_circuit_operator.py for tasks to queue
[2023-03-12 14:49:01,340] {logging_mixin.py:109} INFO - [2023-03-12 14:49:01,339] {dagbag.py:500} INFO - Filling up the DagBag from /home/airflow/.local/lib/python3.7/site-packages/airflow/example_dags/example_short_circuit_operator.py
[2023-03-12 14:49:01,428] {processor.py:654} INFO - DAG(s) dict_keys(['example_short_circuit_operator']) retrieved from /home/airflow/.local/lib/python3.7/site-packages/airflow/example_dags/example_short_circuit_operator.py
[2023-03-12 14:49:01,514] {logging_mixin.py:109} INFO - [2023-03-12 14:49:01,514] {dag.py:2396} INFO - Sync 1 DAGs
[2023-03-12 14:49:01,572] {logging_mixin.py:109} INFO - [2023-03-12 14:49:01,571] {dag.py:2935} INFO - Setting next_dagrun for example_short_circuit_operator to 2023-03-11T14:49:01.569928+00:00
[2023-03-12 14:49:01,603] {processor.py:171} INFO - Processing /home/airflow/.local/lib/python3.7/site-packages/airflow/example_dags/example_short_circuit_operator.py took 0.283 seconds
[2023-03-12 14:49:32,843] {processor.py:163} INFO - Started process (PID=5450) to work on /home/airflow/.local/lib/python3.7/site-packages/airflow/example_dags/example_short_circuit_operator.py
[2023-03-12 14:49:32,851] {processor.py:642} INFO - Processing file /home/airflow/.local/lib/python3.7/site-packages/airflow/example_dags/example_short_circuit_operator.py for tasks to queue
[2023-03-12 14:49:32,857] {logging_mixin.py:109} INFO - [2023-03-12 14:49:32,857] {dagbag.py:500} INFO - Filling up the DagBag from /home/airflow/.local/lib/python3.7/site-packages/airflow/example_dags/example_short_circuit_operator.py
[2023-03-12 14:49:32,957] {processor.py:654} INFO - DAG(s) dict_keys(['example_short_circuit_operator']) retrieved from /home/airflow/.local/lib/python3.7/site-packages/airflow/example_dags/example_short_circuit_operator.py
[2023-03-12 14:49:32,998] {logging_mixin.py:109} INFO - [2023-03-12 14:49:32,998] {dag.py:2396} INFO - Sync 1 DAGs
[2023-03-12 14:49:33,054] {logging_mixin.py:109} INFO - [2023-03-12 14:49:33,053] {dag.py:2935} INFO - Setting next_dagrun for example_short_circuit_operator to 2023-03-11T14:49:33.051569+00:00
[2023-03-12 14:49:33,119] {processor.py:171} INFO - Processing /home/airflow/.local/lib/python3.7/site-packages/airflow/example_dags/example_short_circuit_operator.py took 0.288 seconds
[2023-03-12 14:50:05,141] {processor.py:163} INFO - Started process (PID=5674) to work on /home/airflow/.local/lib/python3.7/site-packages/airflow/example_dags/example_short_circuit_operator.py
[2023-03-12 14:50:05,163] {processor.py:642} INFO - Processing file /home/airflow/.local/lib/python3.7/site-packages/airflow/example_dags/example_short_circuit_operator.py for tasks to queue
[2023-03-12 14:50:05,170] {logging_mixin.py:109} INFO - [2023-03-12 14:50:05,169] {dagbag.py:500} INFO - Filling up the DagBag from /home/airflow/.local/lib/python3.7/site-packages/airflow/example_dags/example_short_circuit_operator.py
[2023-03-12 14:50:05,419] {processor.py:654} INFO - DAG(s) dict_keys(['example_short_circuit_operator']) retrieved from /home/airflow/.local/lib/python3.7/site-packages/airflow/example_dags/example_short_circuit_operator.py
[2023-03-12 14:50:05,505] {logging_mixin.py:109} INFO - [2023-03-12 14:50:05,505] {dag.py:2396} INFO - Sync 1 DAGs
[2023-03-12 14:50:05,643] {logging_mixin.py:109} INFO - [2023-03-12 14:50:05,642] {dag.py:2935} INFO - Setting next_dagrun for example_short_circuit_operator to 2023-03-11T14:50:05.640114+00:00
[2023-03-12 14:50:05,727] {processor.py:171} INFO - Processing /home/airflow/.local/lib/python3.7/site-packages/airflow/example_dags/example_short_circuit_operator.py took 0.596 seconds
[2023-03-12 14:50:36,878] {processor.py:163} INFO - Started process (PID=5899) to work on /home/airflow/.local/lib/python3.7/site-packages/airflow/example_dags/example_short_circuit_operator.py
[2023-03-12 14:50:36,883] {processor.py:642} INFO - Processing file /home/airflow/.local/lib/python3.7/site-packages/airflow/example_dags/example_short_circuit_operator.py for tasks to queue
[2023-03-12 14:50:36,887] {logging_mixin.py:109} INFO - [2023-03-12 14:50:36,887] {dagbag.py:500} INFO - Filling up the DagBag from /home/airflow/.local/lib/python3.7/site-packages/airflow/example_dags/example_short_circuit_operator.py
[2023-03-12 14:50:36,988] {processor.py:654} INFO - DAG(s) dict_keys(['example_short_circuit_operator']) retrieved from /home/airflow/.local/lib/python3.7/site-packages/airflow/example_dags/example_short_circuit_operator.py
[2023-03-12 14:50:37,074] {logging_mixin.py:109} INFO - [2023-03-12 14:50:37,074] {dag.py:2396} INFO - Sync 1 DAGs
[2023-03-12 14:50:37,185] {logging_mixin.py:109} INFO - [2023-03-12 14:50:37,185] {dag.py:2935} INFO - Setting next_dagrun for example_short_circuit_operator to 2023-03-11T14:50:37.183122+00:00
[2023-03-12 14:50:37,239] {processor.py:171} INFO - Processing /home/airflow/.local/lib/python3.7/site-packages/airflow/example_dags/example_short_circuit_operator.py took 0.369 seconds
[2023-03-12 14:51:09,483] {processor.py:163} INFO - Started process (PID=6106) to work on /home/airflow/.local/lib/python3.7/site-packages/airflow/example_dags/example_short_circuit_operator.py
[2023-03-12 14:51:09,489] {processor.py:642} INFO - Processing file /home/airflow/.local/lib/python3.7/site-packages/airflow/example_dags/example_short_circuit_operator.py for tasks to queue
[2023-03-12 14:51:09,493] {logging_mixin.py:109} INFO - [2023-03-12 14:51:09,493] {dagbag.py:500} INFO - Filling up the DagBag from /home/airflow/.local/lib/python3.7/site-packages/airflow/example_dags/example_short_circuit_operator.py
[2023-03-12 14:51:09,605] {processor.py:654} INFO - DAG(s) dict_keys(['example_short_circuit_operator']) retrieved from /home/airflow/.local/lib/python3.7/site-packages/airflow/example_dags/example_short_circuit_operator.py
[2023-03-12 14:51:09,670] {logging_mixin.py:109} INFO - [2023-03-12 14:51:09,670] {dag.py:2396} INFO - Sync 1 DAGs
[2023-03-12 14:51:09,807] {logging_mixin.py:109} INFO - [2023-03-12 14:51:09,806] {dag.py:2935} INFO - Setting next_dagrun for example_short_circuit_operator to 2023-03-11T14:51:09.804234+00:00
[2023-03-12 14:51:09,897] {processor.py:171} INFO - Processing /home/airflow/.local/lib/python3.7/site-packages/airflow/example_dags/example_short_circuit_operator.py took 0.421 seconds
[2023-03-12 14:51:40,164] {processor.py:163} INFO - Started process (PID=6329) to work on /home/airflow/.local/lib/python3.7/site-packages/airflow/example_dags/example_short_circuit_operator.py
[2023-03-12 14:51:40,171] {processor.py:642} INFO - Processing file /home/airflow/.local/lib/python3.7/site-packages/airflow/example_dags/example_short_circuit_operator.py for tasks to queue
[2023-03-12 14:51:40,174] {logging_mixin.py:109} INFO - [2023-03-12 14:51:40,173] {dagbag.py:500} INFO - Filling up the DagBag from /home/airflow/.local/lib/python3.7/site-packages/airflow/example_dags/example_short_circuit_operator.py
[2023-03-12 14:51:40,265] {processor.py:654} INFO - DAG(s) dict_keys(['example_short_circuit_operator']) retrieved from /home/airflow/.local/lib/python3.7/site-packages/airflow/example_dags/example_short_circuit_operator.py
[2023-03-12 14:51:40,363] {logging_mixin.py:109} INFO - [2023-03-12 14:51:40,363] {dag.py:2396} INFO - Sync 1 DAGs
[2023-03-12 14:51:40,501] {logging_mixin.py:109} INFO - [2023-03-12 14:51:40,500] {dag.py:2935} INFO - Setting next_dagrun for example_short_circuit_operator to 2023-03-11T14:51:40.498736+00:00
[2023-03-12 14:51:40,529] {processor.py:171} INFO - Processing /home/airflow/.local/lib/python3.7/site-packages/airflow/example_dags/example_short_circuit_operator.py took 0.372 seconds
[2023-03-12 14:52:10,804] {processor.py:163} INFO - Started process (PID=6531) to work on /home/airflow/.local/lib/python3.7/site-packages/airflow/example_dags/example_short_circuit_operator.py
[2023-03-12 14:52:10,809] {processor.py:642} INFO - Processing file /home/airflow/.local/lib/python3.7/site-packages/airflow/example_dags/example_short_circuit_operator.py for tasks to queue
[2023-03-12 14:52:10,814] {logging_mixin.py:109} INFO - [2023-03-12 14:52:10,813] {dagbag.py:500} INFO - Filling up the DagBag from /home/airflow/.local/lib/python3.7/site-packages/airflow/example_dags/example_short_circuit_operator.py
[2023-03-12 14:52:10,906] {processor.py:654} INFO - DAG(s) dict_keys(['example_short_circuit_operator']) retrieved from /home/airflow/.local/lib/python3.7/site-packages/airflow/example_dags/example_short_circuit_operator.py
[2023-03-12 14:52:10,957] {logging_mixin.py:109} INFO - [2023-03-12 14:52:10,956] {dag.py:2396} INFO - Sync 1 DAGs
[2023-03-12 14:52:11,077] {logging_mixin.py:109} INFO - [2023-03-12 14:52:11,076] {dag.py:2935} INFO - Setting next_dagrun for example_short_circuit_operator to 2023-03-11T14:52:11.074793+00:00
[2023-03-12 14:52:11,144] {processor.py:171} INFO - Processing /home/airflow/.local/lib/python3.7/site-packages/airflow/example_dags/example_short_circuit_operator.py took 0.347 seconds
[2023-03-12 14:52:42,031] {processor.py:163} INFO - Started process (PID=6755) to work on /home/airflow/.local/lib/python3.7/site-packages/airflow/example_dags/example_short_circuit_operator.py
[2023-03-12 14:52:42,047] {processor.py:642} INFO - Processing file /home/airflow/.local/lib/python3.7/site-packages/airflow/example_dags/example_short_circuit_operator.py for tasks to queue
[2023-03-12 14:52:42,050] {logging_mixin.py:109} INFO - [2023-03-12 14:52:42,050] {dagbag.py:500} INFO - Filling up the DagBag from /home/airflow/.local/lib/python3.7/site-packages/airflow/example_dags/example_short_circuit_operator.py
[2023-03-12 14:52:42,184] {processor.py:654} INFO - DAG(s) dict_keys(['example_short_circuit_operator']) retrieved from /home/airflow/.local/lib/python3.7/site-packages/airflow/example_dags/example_short_circuit_operator.py
[2023-03-12 14:52:42,252] {logging_mixin.py:109} INFO - [2023-03-12 14:52:42,251] {dag.py:2396} INFO - Sync 1 DAGs
[2023-03-12 14:52:42,305] {logging_mixin.py:109} INFO - [2023-03-12 14:52:42,305] {dag.py:2935} INFO - Setting next_dagrun for example_short_circuit_operator to 2023-03-11T14:52:42.303706+00:00
[2023-03-12 14:52:42,335] {processor.py:171} INFO - Processing /home/airflow/.local/lib/python3.7/site-packages/airflow/example_dags/example_short_circuit_operator.py took 0.311 seconds
[2023-03-12 14:53:12,471] {processor.py:163} INFO - Started process (PID=6960) to work on /home/airflow/.local/lib/python3.7/site-packages/airflow/example_dags/example_short_circuit_operator.py
[2023-03-12 14:53:12,487] {processor.py:642} INFO - Processing file /home/airflow/.local/lib/python3.7/site-packages/airflow/example_dags/example_short_circuit_operator.py for tasks to queue
[2023-03-12 14:53:12,490] {logging_mixin.py:109} INFO - [2023-03-12 14:53:12,489] {dagbag.py:500} INFO - Filling up the DagBag from /home/airflow/.local/lib/python3.7/site-packages/airflow/example_dags/example_short_circuit_operator.py
[2023-03-12 14:53:12,554] {processor.py:654} INFO - DAG(s) dict_keys(['example_short_circuit_operator']) retrieved from /home/airflow/.local/lib/python3.7/site-packages/airflow/example_dags/example_short_circuit_operator.py
[2023-03-12 14:53:12,590] {logging_mixin.py:109} INFO - [2023-03-12 14:53:12,590] {dag.py:2396} INFO - Sync 1 DAGs
[2023-03-12 14:53:12,635] {logging_mixin.py:109} INFO - [2023-03-12 14:53:12,634] {dag.py:2935} INFO - Setting next_dagrun for example_short_circuit_operator to 2023-03-11T14:53:12.632512+00:00
[2023-03-12 14:53:12,679] {processor.py:171} INFO - Processing /home/airflow/.local/lib/python3.7/site-packages/airflow/example_dags/example_short_circuit_operator.py took 0.215 seconds
[2023-03-12 14:53:43,137] {processor.py:163} INFO - Started process (PID=7179) to work on /home/airflow/.local/lib/python3.7/site-packages/airflow/example_dags/example_short_circuit_operator.py
[2023-03-12 14:53:43,163] {processor.py:642} INFO - Processing file /home/airflow/.local/lib/python3.7/site-packages/airflow/example_dags/example_short_circuit_operator.py for tasks to queue
[2023-03-12 14:53:43,167] {logging_mixin.py:109} INFO - [2023-03-12 14:53:43,166] {dagbag.py:500} INFO - Filling up the DagBag from /home/airflow/.local/lib/python3.7/site-packages/airflow/example_dags/example_short_circuit_operator.py
[2023-03-12 14:53:43,253] {processor.py:654} INFO - DAG(s) dict_keys(['example_short_circuit_operator']) retrieved from /home/airflow/.local/lib/python3.7/site-packages/airflow/example_dags/example_short_circuit_operator.py
[2023-03-12 14:53:43,326] {logging_mixin.py:109} INFO - [2023-03-12 14:53:43,313] {dag.py:2396} INFO - Sync 1 DAGs
[2023-03-12 14:53:43,517] {logging_mixin.py:109} INFO - [2023-03-12 14:53:43,516] {dag.py:2935} INFO - Setting next_dagrun for example_short_circuit_operator to 2023-03-11T14:53:43.513996+00:00
[2023-03-12 14:53:43,559] {processor.py:171} INFO - Processing /home/airflow/.local/lib/python3.7/site-packages/airflow/example_dags/example_short_circuit_operator.py took 0.428 seconds
[2023-03-12 14:54:13,841] {processor.py:163} INFO - Started process (PID=7388) to work on /home/airflow/.local/lib/python3.7/site-packages/airflow/example_dags/example_short_circuit_operator.py
[2023-03-12 14:54:13,846] {processor.py:642} INFO - Processing file /home/airflow/.local/lib/python3.7/site-packages/airflow/example_dags/example_short_circuit_operator.py for tasks to queue
[2023-03-12 14:54:13,850] {logging_mixin.py:109} INFO - [2023-03-12 14:54:13,849] {dagbag.py:500} INFO - Filling up the DagBag from /home/airflow/.local/lib/python3.7/site-packages/airflow/example_dags/example_short_circuit_operator.py
[2023-03-12 14:54:14,051] {processor.py:654} INFO - DAG(s) dict_keys(['example_short_circuit_operator']) retrieved from /home/airflow/.local/lib/python3.7/site-packages/airflow/example_dags/example_short_circuit_operator.py
[2023-03-12 14:54:14,172] {logging_mixin.py:109} INFO - [2023-03-12 14:54:14,170] {dag.py:2396} INFO - Sync 1 DAGs
[2023-03-12 14:54:14,266] {logging_mixin.py:109} INFO - [2023-03-12 14:54:14,265] {dag.py:2935} INFO - Setting next_dagrun for example_short_circuit_operator to 2023-03-11T14:54:14.260471+00:00
[2023-03-12 14:54:14,308] {processor.py:171} INFO - Processing /home/airflow/.local/lib/python3.7/site-packages/airflow/example_dags/example_short_circuit_operator.py took 0.476 seconds
[2023-03-12 14:54:44,561] {processor.py:163} INFO - Started process (PID=7613) to work on /home/airflow/.local/lib/python3.7/site-packages/airflow/example_dags/example_short_circuit_operator.py
[2023-03-12 14:54:44,566] {processor.py:642} INFO - Processing file /home/airflow/.local/lib/python3.7/site-packages/airflow/example_dags/example_short_circuit_operator.py for tasks to queue
[2023-03-12 14:54:44,581] {logging_mixin.py:109} INFO - [2023-03-12 14:54:44,580] {dagbag.py:500} INFO - Filling up the DagBag from /home/airflow/.local/lib/python3.7/site-packages/airflow/example_dags/example_short_circuit_operator.py
[2023-03-12 14:54:44,768] {processor.py:654} INFO - DAG(s) dict_keys(['example_short_circuit_operator']) retrieved from /home/airflow/.local/lib/python3.7/site-packages/airflow/example_dags/example_short_circuit_operator.py
[2023-03-12 14:54:44,830] {logging_mixin.py:109} INFO - [2023-03-12 14:54:44,829] {dag.py:2396} INFO - Sync 1 DAGs
[2023-03-12 14:54:44,915] {logging_mixin.py:109} INFO - [2023-03-12 14:54:44,914] {dag.py:2935} INFO - Setting next_dagrun for example_short_circuit_operator to 2023-03-11T14:54:44.902309+00:00
[2023-03-12 14:54:44,998] {processor.py:171} INFO - Processing /home/airflow/.local/lib/python3.7/site-packages/airflow/example_dags/example_short_circuit_operator.py took 0.445 seconds
[2023-03-12 14:55:15,211] {processor.py:163} INFO - Started process (PID=7829) to work on /home/airflow/.local/lib/python3.7/site-packages/airflow/example_dags/example_short_circuit_operator.py
[2023-03-12 14:55:15,217] {processor.py:642} INFO - Processing file /home/airflow/.local/lib/python3.7/site-packages/airflow/example_dags/example_short_circuit_operator.py for tasks to queue
[2023-03-12 14:55:15,220] {logging_mixin.py:109} INFO - [2023-03-12 14:55:15,220] {dagbag.py:500} INFO - Filling up the DagBag from /home/airflow/.local/lib/python3.7/site-packages/airflow/example_dags/example_short_circuit_operator.py
[2023-03-12 14:55:15,305] {processor.py:654} INFO - DAG(s) dict_keys(['example_short_circuit_operator']) retrieved from /home/airflow/.local/lib/python3.7/site-packages/airflow/example_dags/example_short_circuit_operator.py
[2023-03-12 14:55:15,352] {logging_mixin.py:109} INFO - [2023-03-12 14:55:15,352] {dag.py:2396} INFO - Sync 1 DAGs
[2023-03-12 14:55:15,429] {logging_mixin.py:109} INFO - [2023-03-12 14:55:15,428] {dag.py:2935} INFO - Setting next_dagrun for example_short_circuit_operator to 2023-03-11T14:55:15.425889+00:00
[2023-03-12 14:55:15,459] {processor.py:171} INFO - Processing /home/airflow/.local/lib/python3.7/site-packages/airflow/example_dags/example_short_circuit_operator.py took 0.258 seconds
[2023-03-12 14:55:45,798] {processor.py:163} INFO - Started process (PID=8043) to work on /home/airflow/.local/lib/python3.7/site-packages/airflow/example_dags/example_short_circuit_operator.py
[2023-03-12 14:55:45,804] {processor.py:642} INFO - Processing file /home/airflow/.local/lib/python3.7/site-packages/airflow/example_dags/example_short_circuit_operator.py for tasks to queue
[2023-03-12 14:55:45,808] {logging_mixin.py:109} INFO - [2023-03-12 14:55:45,808] {dagbag.py:500} INFO - Filling up the DagBag from /home/airflow/.local/lib/python3.7/site-packages/airflow/example_dags/example_short_circuit_operator.py
[2023-03-12 14:55:45,908] {processor.py:654} INFO - DAG(s) dict_keys(['example_short_circuit_operator']) retrieved from /home/airflow/.local/lib/python3.7/site-packages/airflow/example_dags/example_short_circuit_operator.py
[2023-03-12 14:55:45,977] {logging_mixin.py:109} INFO - [2023-03-12 14:55:45,976] {dag.py:2396} INFO - Sync 1 DAGs
[2023-03-12 14:55:46,049] {logging_mixin.py:109} INFO - [2023-03-12 14:55:46,048] {dag.py:2935} INFO - Setting next_dagrun for example_short_circuit_operator to 2023-03-11T14:55:46.045757+00:00
[2023-03-12 14:55:46,085] {processor.py:171} INFO - Processing /home/airflow/.local/lib/python3.7/site-packages/airflow/example_dags/example_short_circuit_operator.py took 0.295 seconds
[2023-03-12 14:56:16,346] {processor.py:163} INFO - Started process (PID=8272) to work on /home/airflow/.local/lib/python3.7/site-packages/airflow/example_dags/example_short_circuit_operator.py
[2023-03-12 14:56:16,351] {processor.py:642} INFO - Processing file /home/airflow/.local/lib/python3.7/site-packages/airflow/example_dags/example_short_circuit_operator.py for tasks to queue
[2023-03-12 14:56:16,357] {logging_mixin.py:109} INFO - [2023-03-12 14:56:16,357] {dagbag.py:500} INFO - Filling up the DagBag from /home/airflow/.local/lib/python3.7/site-packages/airflow/example_dags/example_short_circuit_operator.py
[2023-03-12 14:56:16,476] {processor.py:654} INFO - DAG(s) dict_keys(['example_short_circuit_operator']) retrieved from /home/airflow/.local/lib/python3.7/site-packages/airflow/example_dags/example_short_circuit_operator.py
[2023-03-12 14:56:16,523] {logging_mixin.py:109} INFO - [2023-03-12 14:56:16,523] {dag.py:2396} INFO - Sync 1 DAGs
[2023-03-12 14:56:16,592] {logging_mixin.py:109} INFO - [2023-03-12 14:56:16,591] {dag.py:2935} INFO - Setting next_dagrun for example_short_circuit_operator to 2023-03-11T14:56:16.589003+00:00
[2023-03-12 14:56:16,628] {processor.py:171} INFO - Processing /home/airflow/.local/lib/python3.7/site-packages/airflow/example_dags/example_short_circuit_operator.py took 0.291 seconds
[2023-03-12 14:56:46,769] {processor.py:163} INFO - Started process (PID=8486) to work on /home/airflow/.local/lib/python3.7/site-packages/airflow/example_dags/example_short_circuit_operator.py
[2023-03-12 14:56:46,777] {processor.py:642} INFO - Processing file /home/airflow/.local/lib/python3.7/site-packages/airflow/example_dags/example_short_circuit_operator.py for tasks to queue
[2023-03-12 14:56:46,781] {logging_mixin.py:109} INFO - [2023-03-12 14:56:46,781] {dagbag.py:500} INFO - Filling up the DagBag from /home/airflow/.local/lib/python3.7/site-packages/airflow/example_dags/example_short_circuit_operator.py
[2023-03-12 14:56:46,878] {processor.py:654} INFO - DAG(s) dict_keys(['example_short_circuit_operator']) retrieved from /home/airflow/.local/lib/python3.7/site-packages/airflow/example_dags/example_short_circuit_operator.py
[2023-03-12 14:56:46,945] {logging_mixin.py:109} INFO - [2023-03-12 14:56:46,944] {dag.py:2396} INFO - Sync 1 DAGs
[2023-03-12 14:56:47,031] {logging_mixin.py:109} INFO - [2023-03-12 14:56:47,030] {dag.py:2935} INFO - Setting next_dagrun for example_short_circuit_operator to 2023-03-11T14:56:47.028713+00:00
[2023-03-12 14:56:47,060] {processor.py:171} INFO - Processing /home/airflow/.local/lib/python3.7/site-packages/airflow/example_dags/example_short_circuit_operator.py took 0.300 seconds
[2023-03-12 14:57:17,248] {processor.py:163} INFO - Started process (PID=8707) to work on /home/airflow/.local/lib/python3.7/site-packages/airflow/example_dags/example_short_circuit_operator.py
[2023-03-12 14:57:17,253] {processor.py:642} INFO - Processing file /home/airflow/.local/lib/python3.7/site-packages/airflow/example_dags/example_short_circuit_operator.py for tasks to queue
[2023-03-12 14:57:17,257] {logging_mixin.py:109} INFO - [2023-03-12 14:57:17,256] {dagbag.py:500} INFO - Filling up the DagBag from /home/airflow/.local/lib/python3.7/site-packages/airflow/example_dags/example_short_circuit_operator.py
[2023-03-12 14:57:17,344] {processor.py:654} INFO - DAG(s) dict_keys(['example_short_circuit_operator']) retrieved from /home/airflow/.local/lib/python3.7/site-packages/airflow/example_dags/example_short_circuit_operator.py
[2023-03-12 14:57:17,392] {logging_mixin.py:109} INFO - [2023-03-12 14:57:17,391] {dag.py:2396} INFO - Sync 1 DAGs
[2023-03-12 14:57:17,451] {logging_mixin.py:109} INFO - [2023-03-12 14:57:17,450] {dag.py:2935} INFO - Setting next_dagrun for example_short_circuit_operator to 2023-03-11T14:57:17.448711+00:00
[2023-03-12 14:57:17,481] {processor.py:171} INFO - Processing /home/airflow/.local/lib/python3.7/site-packages/airflow/example_dags/example_short_circuit_operator.py took 0.246 seconds
[2023-03-12 14:57:47,720] {processor.py:163} INFO - Started process (PID=8909) to work on /home/airflow/.local/lib/python3.7/site-packages/airflow/example_dags/example_short_circuit_operator.py
[2023-03-12 14:57:47,736] {processor.py:642} INFO - Processing file /home/airflow/.local/lib/python3.7/site-packages/airflow/example_dags/example_short_circuit_operator.py for tasks to queue
[2023-03-12 14:57:47,740] {logging_mixin.py:109} INFO - [2023-03-12 14:57:47,739] {dagbag.py:500} INFO - Filling up the DagBag from /home/airflow/.local/lib/python3.7/site-packages/airflow/example_dags/example_short_circuit_operator.py
[2023-03-12 14:57:47,869] {processor.py:654} INFO - DAG(s) dict_keys(['example_short_circuit_operator']) retrieved from /home/airflow/.local/lib/python3.7/site-packages/airflow/example_dags/example_short_circuit_operator.py
[2023-03-12 14:57:47,931] {logging_mixin.py:109} INFO - [2023-03-12 14:57:47,930] {dag.py:2396} INFO - Sync 1 DAGs
[2023-03-12 14:57:48,064] {logging_mixin.py:109} INFO - [2023-03-12 14:57:48,064] {dag.py:2935} INFO - Setting next_dagrun for example_short_circuit_operator to 2023-03-11T14:57:48.061999+00:00
[2023-03-12 14:57:48,148] {processor.py:171} INFO - Processing /home/airflow/.local/lib/python3.7/site-packages/airflow/example_dags/example_short_circuit_operator.py took 0.445 seconds
[2023-03-12 14:58:18,470] {processor.py:163} INFO - Started process (PID=9124) to work on /home/airflow/.local/lib/python3.7/site-packages/airflow/example_dags/example_short_circuit_operator.py
[2023-03-12 14:58:18,476] {processor.py:642} INFO - Processing file /home/airflow/.local/lib/python3.7/site-packages/airflow/example_dags/example_short_circuit_operator.py for tasks to queue
[2023-03-12 14:58:18,480] {logging_mixin.py:109} INFO - [2023-03-12 14:58:18,479] {dagbag.py:500} INFO - Filling up the DagBag from /home/airflow/.local/lib/python3.7/site-packages/airflow/example_dags/example_short_circuit_operator.py
[2023-03-12 14:58:18,617] {processor.py:654} INFO - DAG(s) dict_keys(['example_short_circuit_operator']) retrieved from /home/airflow/.local/lib/python3.7/site-packages/airflow/example_dags/example_short_circuit_operator.py
[2023-03-12 14:58:18,668] {logging_mixin.py:109} INFO - [2023-03-12 14:58:18,668] {dag.py:2396} INFO - Sync 1 DAGs
[2023-03-12 14:58:18,728] {logging_mixin.py:109} INFO - [2023-03-12 14:58:18,727] {dag.py:2935} INFO - Setting next_dagrun for example_short_circuit_operator to 2023-03-11T14:58:18.725441+00:00
[2023-03-12 14:58:18,761] {processor.py:171} INFO - Processing /home/airflow/.local/lib/python3.7/site-packages/airflow/example_dags/example_short_circuit_operator.py took 0.311 seconds
