[2023-03-12 14:27:02,316] {processor.py:163} INFO - Started process (PID=576) to work on /home/airflow/.local/lib/python3.7/site-packages/airflow/example_dags/example_branch_python_dop_operator_3.py
[2023-03-12 14:27:02,325] {processor.py:642} INFO - Processing file /home/airflow/.local/lib/python3.7/site-packages/airflow/example_dags/example_branch_python_dop_operator_3.py for tasks to queue
[2023-03-12 14:27:02,333] {logging_mixin.py:109} INFO - [2023-03-12 14:27:02,332] {dagbag.py:500} INFO - Filling up the DagBag from /home/airflow/.local/lib/python3.7/site-packages/airflow/example_dags/example_branch_python_dop_operator_3.py
[2023-03-12 14:27:02,521] {processor.py:654} INFO - DAG(s) dict_keys(['example_branch_dop_operator_v3']) retrieved from /home/airflow/.local/lib/python3.7/site-packages/airflow/example_dags/example_branch_python_dop_operator_3.py
[2023-03-12 14:27:13,004] {logging_mixin.py:109} INFO - [2023-03-12 14:27:13,004] {manager.py:496} INFO - Created Permission View: can edit on DAG:example_branch_dop_operator_v3
[2023-03-12 14:27:13,046] {logging_mixin.py:109} INFO - [2023-03-12 14:27:13,045] {manager.py:496} INFO - Created Permission View: can read on DAG:example_branch_dop_operator_v3
[2023-03-12 14:27:13,050] {logging_mixin.py:109} INFO - [2023-03-12 14:27:13,048] {dag.py:2396} INFO - Sync 1 DAGs
[2023-03-12 14:27:13,084] {logging_mixin.py:109} INFO - [2023-03-12 14:27:13,083] {dag.py:2415} INFO - Creating ORM DAG for example_branch_dop_operator_v3
[2023-03-12 14:27:13,158] {logging_mixin.py:109} INFO - [2023-03-12 14:27:13,158] {dag.py:2935} INFO - Setting next_dagrun for example_branch_dop_operator_v3 to 2023-03-12T14:26:00+00:00
[2023-03-12 14:27:13,237] {processor.py:171} INFO - Processing /home/airflow/.local/lib/python3.7/site-packages/airflow/example_dags/example_branch_python_dop_operator_3.py took 10.932 seconds
[2023-03-12 14:29:11,609] {processor.py:163} INFO - Started process (PID=967) to work on /home/airflow/.local/lib/python3.7/site-packages/airflow/example_dags/example_branch_python_dop_operator_3.py
[2023-03-12 14:29:11,630] {processor.py:642} INFO - Processing file /home/airflow/.local/lib/python3.7/site-packages/airflow/example_dags/example_branch_python_dop_operator_3.py for tasks to queue
[2023-03-12 14:29:11,682] {logging_mixin.py:109} INFO - [2023-03-12 14:29:11,681] {dagbag.py:500} INFO - Filling up the DagBag from /home/airflow/.local/lib/python3.7/site-packages/airflow/example_dags/example_branch_python_dop_operator_3.py
[2023-03-12 14:29:12,268] {processor.py:654} INFO - DAG(s) dict_keys(['example_branch_dop_operator_v3']) retrieved from /home/airflow/.local/lib/python3.7/site-packages/airflow/example_dags/example_branch_python_dop_operator_3.py
[2023-03-12 14:29:12,407] {logging_mixin.py:109} INFO - [2023-03-12 14:29:12,406] {dag.py:2396} INFO - Sync 1 DAGs
[2023-03-12 14:29:12,770] {logging_mixin.py:109} INFO - [2023-03-12 14:29:12,769] {dag.py:2935} INFO - Setting next_dagrun for example_branch_dop_operator_v3 to 2023-03-12T14:28:00+00:00
[2023-03-12 14:38:21,523] {processor.py:171} INFO - Processing /home/airflow/.local/lib/python3.7/site-packages/airflow/example_dags/example_branch_python_dop_operator_3.py took 1.323 seconds
[2023-03-12 14:38:40,897] {processor.py:163} INFO - Started process (PID=1058) to work on /home/airflow/.local/lib/python3.7/site-packages/airflow/example_dags/example_branch_python_dop_operator_3.py
[2023-03-12 14:38:40,909] {processor.py:642} INFO - Processing file /home/airflow/.local/lib/python3.7/site-packages/airflow/example_dags/example_branch_python_dop_operator_3.py for tasks to queue
[2023-03-12 14:38:40,919] {logging_mixin.py:109} INFO - [2023-03-12 14:38:40,918] {dagbag.py:500} INFO - Filling up the DagBag from /home/airflow/.local/lib/python3.7/site-packages/airflow/example_dags/example_branch_python_dop_operator_3.py
[2023-03-12 14:38:41,349] {processor.py:654} INFO - DAG(s) dict_keys(['example_branch_dop_operator_v3']) retrieved from /home/airflow/.local/lib/python3.7/site-packages/airflow/example_dags/example_branch_python_dop_operator_3.py
[2023-03-12 14:38:41,493] {logging_mixin.py:109} INFO - [2023-03-12 14:38:41,481] {dag.py:2396} INFO - Sync 1 DAGs
[2023-03-12 14:38:42,033] {logging_mixin.py:109} INFO - [2023-03-12 14:38:42,013] {dag.py:2935} INFO - Setting next_dagrun for example_branch_dop_operator_v3 to 2023-03-12T14:37:00+00:00
[2023-03-12 14:38:42,255] {processor.py:171} INFO - Processing /home/airflow/.local/lib/python3.7/site-packages/airflow/example_dags/example_branch_python_dop_operator_3.py took 1.397 seconds
[2023-03-12 14:39:20,854] {processor.py:163} INFO - Started process (PID=1276) to work on /home/airflow/.local/lib/python3.7/site-packages/airflow/example_dags/example_branch_python_dop_operator_3.py
[2023-03-12 14:39:20,860] {processor.py:642} INFO - Processing file /home/airflow/.local/lib/python3.7/site-packages/airflow/example_dags/example_branch_python_dop_operator_3.py for tasks to queue
[2023-03-12 14:39:20,884] {logging_mixin.py:109} INFO - [2023-03-12 14:39:20,884] {dagbag.py:500} INFO - Filling up the DagBag from /home/airflow/.local/lib/python3.7/site-packages/airflow/example_dags/example_branch_python_dop_operator_3.py
[2023-03-12 14:39:21,596] {processor.py:654} INFO - DAG(s) dict_keys(['example_branch_dop_operator_v3']) retrieved from /home/airflow/.local/lib/python3.7/site-packages/airflow/example_dags/example_branch_python_dop_operator_3.py
[2023-03-12 14:39:21,875] {logging_mixin.py:109} INFO - [2023-03-12 14:39:21,875] {dag.py:2396} INFO - Sync 1 DAGs
[2023-03-12 14:39:22,478] {logging_mixin.py:109} INFO - [2023-03-12 14:39:22,459] {dag.py:2935} INFO - Setting next_dagrun for example_branch_dop_operator_v3 to 2023-03-12T14:38:00+00:00
[2023-03-12 14:39:22,659] {processor.py:171} INFO - Processing /home/airflow/.local/lib/python3.7/site-packages/airflow/example_dags/example_branch_python_dop_operator_3.py took 1.833 seconds
[2023-03-12 14:40:00,880] {processor.py:163} INFO - Started process (PID=1506) to work on /home/airflow/.local/lib/python3.7/site-packages/airflow/example_dags/example_branch_python_dop_operator_3.py
[2023-03-12 14:40:00,895] {processor.py:642} INFO - Processing file /home/airflow/.local/lib/python3.7/site-packages/airflow/example_dags/example_branch_python_dop_operator_3.py for tasks to queue
[2023-03-12 14:40:00,919] {logging_mixin.py:109} INFO - [2023-03-12 14:40:00,919] {dagbag.py:500} INFO - Filling up the DagBag from /home/airflow/.local/lib/python3.7/site-packages/airflow/example_dags/example_branch_python_dop_operator_3.py
[2023-03-12 14:40:01,464] {processor.py:654} INFO - DAG(s) dict_keys(['example_branch_dop_operator_v3']) retrieved from /home/airflow/.local/lib/python3.7/site-packages/airflow/example_dags/example_branch_python_dop_operator_3.py
[2023-03-12 14:40:01,637] {logging_mixin.py:109} INFO - [2023-03-12 14:40:01,636] {dag.py:2396} INFO - Sync 1 DAGs
[2023-03-12 14:40:02,078] {logging_mixin.py:109} INFO - [2023-03-12 14:40:02,078] {dag.py:2935} INFO - Setting next_dagrun for example_branch_dop_operator_v3 to 2023-03-12T14:39:00+00:00
[2023-03-12 14:40:02,178] {processor.py:171} INFO - Processing /home/airflow/.local/lib/python3.7/site-packages/airflow/example_dags/example_branch_python_dop_operator_3.py took 1.331 seconds
[2023-03-12 14:40:37,626] {processor.py:163} INFO - Started process (PID=1724) to work on /home/airflow/.local/lib/python3.7/site-packages/airflow/example_dags/example_branch_python_dop_operator_3.py
[2023-03-12 14:40:37,643] {processor.py:642} INFO - Processing file /home/airflow/.local/lib/python3.7/site-packages/airflow/example_dags/example_branch_python_dop_operator_3.py for tasks to queue
[2023-03-12 14:40:37,650] {logging_mixin.py:109} INFO - [2023-03-12 14:40:37,649] {dagbag.py:500} INFO - Filling up the DagBag from /home/airflow/.local/lib/python3.7/site-packages/airflow/example_dags/example_branch_python_dop_operator_3.py
[2023-03-12 14:40:37,900] {processor.py:654} INFO - DAG(s) dict_keys(['example_branch_dop_operator_v3']) retrieved from /home/airflow/.local/lib/python3.7/site-packages/airflow/example_dags/example_branch_python_dop_operator_3.py
[2023-03-12 14:40:38,124] {logging_mixin.py:109} INFO - [2023-03-12 14:40:38,110] {dag.py:2396} INFO - Sync 1 DAGs
[2023-03-12 14:40:38,393] {logging_mixin.py:109} INFO - [2023-03-12 14:40:38,393] {dag.py:2935} INFO - Setting next_dagrun for example_branch_dop_operator_v3 to 2023-03-12T14:39:00+00:00
[2023-03-12 14:40:38,506] {processor.py:171} INFO - Processing /home/airflow/.local/lib/python3.7/site-packages/airflow/example_dags/example_branch_python_dop_operator_3.py took 0.913 seconds
[2023-03-12 14:41:09,758] {processor.py:163} INFO - Started process (PID=1937) to work on /home/airflow/.local/lib/python3.7/site-packages/airflow/example_dags/example_branch_python_dop_operator_3.py
[2023-03-12 14:41:09,773] {processor.py:642} INFO - Processing file /home/airflow/.local/lib/python3.7/site-packages/airflow/example_dags/example_branch_python_dop_operator_3.py for tasks to queue
[2023-03-12 14:41:09,789] {logging_mixin.py:109} INFO - [2023-03-12 14:41:09,786] {dagbag.py:500} INFO - Filling up the DagBag from /home/airflow/.local/lib/python3.7/site-packages/airflow/example_dags/example_branch_python_dop_operator_3.py
[2023-03-12 14:41:09,935] {processor.py:654} INFO - DAG(s) dict_keys(['example_branch_dop_operator_v3']) retrieved from /home/airflow/.local/lib/python3.7/site-packages/airflow/example_dags/example_branch_python_dop_operator_3.py
[2023-03-12 14:41:10,014] {logging_mixin.py:109} INFO - [2023-03-12 14:41:10,014] {dag.py:2396} INFO - Sync 1 DAGs
[2023-03-12 14:41:10,223] {logging_mixin.py:109} INFO - [2023-03-12 14:41:10,223] {dag.py:2935} INFO - Setting next_dagrun for example_branch_dop_operator_v3 to 2023-03-12T14:40:00+00:00
[2023-03-12 14:41:10,305] {processor.py:171} INFO - Processing /home/airflow/.local/lib/python3.7/site-packages/airflow/example_dags/example_branch_python_dop_operator_3.py took 0.565 seconds
[2023-03-12 14:42:00,594] {processor.py:163} INFO - Started process (PID=2257) to work on /home/airflow/.local/lib/python3.7/site-packages/airflow/example_dags/example_branch_python_dop_operator_3.py
[2023-03-12 14:42:00,624] {processor.py:642} INFO - Processing file /home/airflow/.local/lib/python3.7/site-packages/airflow/example_dags/example_branch_python_dop_operator_3.py for tasks to queue
[2023-03-12 14:42:00,631] {logging_mixin.py:109} INFO - [2023-03-12 14:42:00,630] {dagbag.py:500} INFO - Filling up the DagBag from /home/airflow/.local/lib/python3.7/site-packages/airflow/example_dags/example_branch_python_dop_operator_3.py
[2023-03-12 14:42:00,995] {processor.py:654} INFO - DAG(s) dict_keys(['example_branch_dop_operator_v3']) retrieved from /home/airflow/.local/lib/python3.7/site-packages/airflow/example_dags/example_branch_python_dop_operator_3.py
[2023-03-12 14:42:01,130] {logging_mixin.py:109} INFO - [2023-03-12 14:42:01,130] {dag.py:2396} INFO - Sync 1 DAGs
[2023-03-12 14:42:01,511] {logging_mixin.py:109} INFO - [2023-03-12 14:42:01,510] {dag.py:2935} INFO - Setting next_dagrun for example_branch_dop_operator_v3 to 2023-03-12T14:41:00+00:00
[2023-03-12 14:42:01,582] {processor.py:171} INFO - Processing /home/airflow/.local/lib/python3.7/site-packages/airflow/example_dags/example_branch_python_dop_operator_3.py took 1.032 seconds
[2023-03-12 14:42:32,426] {processor.py:163} INFO - Started process (PID=2481) to work on /home/airflow/.local/lib/python3.7/site-packages/airflow/example_dags/example_branch_python_dop_operator_3.py
[2023-03-12 14:42:32,432] {processor.py:642} INFO - Processing file /home/airflow/.local/lib/python3.7/site-packages/airflow/example_dags/example_branch_python_dop_operator_3.py for tasks to queue
[2023-03-12 14:42:32,437] {logging_mixin.py:109} INFO - [2023-03-12 14:42:32,436] {dagbag.py:500} INFO - Filling up the DagBag from /home/airflow/.local/lib/python3.7/site-packages/airflow/example_dags/example_branch_python_dop_operator_3.py
[2023-03-12 14:42:32,547] {processor.py:654} INFO - DAG(s) dict_keys(['example_branch_dop_operator_v3']) retrieved from /home/airflow/.local/lib/python3.7/site-packages/airflow/example_dags/example_branch_python_dop_operator_3.py
[2023-03-12 14:42:32,591] {logging_mixin.py:109} INFO - [2023-03-12 14:42:32,590] {dag.py:2396} INFO - Sync 1 DAGs
[2023-03-12 14:42:32,689] {logging_mixin.py:109} INFO - [2023-03-12 14:42:32,688] {dag.py:2935} INFO - Setting next_dagrun for example_branch_dop_operator_v3 to 2023-03-12T14:41:00+00:00
[2023-03-12 14:42:32,718] {processor.py:171} INFO - Processing /home/airflow/.local/lib/python3.7/site-packages/airflow/example_dags/example_branch_python_dop_operator_3.py took 0.300 seconds
[2023-03-12 14:43:02,992] {processor.py:163} INFO - Started process (PID=2699) to work on /home/airflow/.local/lib/python3.7/site-packages/airflow/example_dags/example_branch_python_dop_operator_3.py
[2023-03-12 14:43:03,046] {processor.py:642} INFO - Processing file /home/airflow/.local/lib/python3.7/site-packages/airflow/example_dags/example_branch_python_dop_operator_3.py for tasks to queue
[2023-03-12 14:43:03,053] {logging_mixin.py:109} INFO - [2023-03-12 14:43:03,053] {dagbag.py:500} INFO - Filling up the DagBag from /home/airflow/.local/lib/python3.7/site-packages/airflow/example_dags/example_branch_python_dop_operator_3.py
[2023-03-12 14:43:03,264] {processor.py:654} INFO - DAG(s) dict_keys(['example_branch_dop_operator_v3']) retrieved from /home/airflow/.local/lib/python3.7/site-packages/airflow/example_dags/example_branch_python_dop_operator_3.py
[2023-03-12 14:43:03,332] {logging_mixin.py:109} INFO - [2023-03-12 14:43:03,331] {dag.py:2396} INFO - Sync 1 DAGs
[2023-03-12 14:43:03,570] {logging_mixin.py:109} INFO - [2023-03-12 14:43:03,570] {dag.py:2935} INFO - Setting next_dagrun for example_branch_dop_operator_v3 to 2023-03-12T14:42:00+00:00
[2023-03-12 14:43:03,617] {processor.py:171} INFO - Processing /home/airflow/.local/lib/python3.7/site-packages/airflow/example_dags/example_branch_python_dop_operator_3.py took 0.637 seconds
[2023-03-12 14:43:34,397] {processor.py:163} INFO - Started process (PID=2913) to work on /home/airflow/.local/lib/python3.7/site-packages/airflow/example_dags/example_branch_python_dop_operator_3.py
[2023-03-12 14:43:34,403] {processor.py:642} INFO - Processing file /home/airflow/.local/lib/python3.7/site-packages/airflow/example_dags/example_branch_python_dop_operator_3.py for tasks to queue
[2023-03-12 14:43:34,407] {logging_mixin.py:109} INFO - [2023-03-12 14:43:34,406] {dagbag.py:500} INFO - Filling up the DagBag from /home/airflow/.local/lib/python3.7/site-packages/airflow/example_dags/example_branch_python_dop_operator_3.py
[2023-03-12 14:43:34,547] {processor.py:654} INFO - DAG(s) dict_keys(['example_branch_dop_operator_v3']) retrieved from /home/airflow/.local/lib/python3.7/site-packages/airflow/example_dags/example_branch_python_dop_operator_3.py
[2023-03-12 14:43:34,597] {logging_mixin.py:109} INFO - [2023-03-12 14:43:34,596] {dag.py:2396} INFO - Sync 1 DAGs
[2023-03-12 14:43:34,709] {logging_mixin.py:109} INFO - [2023-03-12 14:43:34,708] {dag.py:2935} INFO - Setting next_dagrun for example_branch_dop_operator_v3 to 2023-03-12T14:42:00+00:00
[2023-03-12 14:43:34,768] {processor.py:171} INFO - Processing /home/airflow/.local/lib/python3.7/site-packages/airflow/example_dags/example_branch_python_dop_operator_3.py took 0.384 seconds
[2023-03-12 14:44:05,075] {processor.py:163} INFO - Started process (PID=3129) to work on /home/airflow/.local/lib/python3.7/site-packages/airflow/example_dags/example_branch_python_dop_operator_3.py
[2023-03-12 14:44:05,081] {processor.py:642} INFO - Processing file /home/airflow/.local/lib/python3.7/site-packages/airflow/example_dags/example_branch_python_dop_operator_3.py for tasks to queue
[2023-03-12 14:44:05,096] {logging_mixin.py:109} INFO - [2023-03-12 14:44:05,095] {dagbag.py:500} INFO - Filling up the DagBag from /home/airflow/.local/lib/python3.7/site-packages/airflow/example_dags/example_branch_python_dop_operator_3.py
[2023-03-12 14:44:05,390] {processor.py:654} INFO - DAG(s) dict_keys(['example_branch_dop_operator_v3']) retrieved from /home/airflow/.local/lib/python3.7/site-packages/airflow/example_dags/example_branch_python_dop_operator_3.py
[2023-03-12 14:44:05,445] {logging_mixin.py:109} INFO - [2023-03-12 14:44:05,444] {dag.py:2396} INFO - Sync 1 DAGs
[2023-03-12 14:44:05,579] {logging_mixin.py:109} INFO - [2023-03-12 14:44:05,578] {dag.py:2935} INFO - Setting next_dagrun for example_branch_dop_operator_v3 to 2023-03-12T14:43:00+00:00
[2023-03-12 14:44:05,616] {processor.py:171} INFO - Processing /home/airflow/.local/lib/python3.7/site-packages/airflow/example_dags/example_branch_python_dop_operator_3.py took 0.553 seconds
[2023-03-12 14:44:37,060] {processor.py:163} INFO - Started process (PID=3363) to work on /home/airflow/.local/lib/python3.7/site-packages/airflow/example_dags/example_branch_python_dop_operator_3.py
[2023-03-12 14:44:37,065] {processor.py:642} INFO - Processing file /home/airflow/.local/lib/python3.7/site-packages/airflow/example_dags/example_branch_python_dop_operator_3.py for tasks to queue
[2023-03-12 14:44:37,068] {logging_mixin.py:109} INFO - [2023-03-12 14:44:37,068] {dagbag.py:500} INFO - Filling up the DagBag from /home/airflow/.local/lib/python3.7/site-packages/airflow/example_dags/example_branch_python_dop_operator_3.py
[2023-03-12 14:44:37,151] {processor.py:654} INFO - DAG(s) dict_keys(['example_branch_dop_operator_v3']) retrieved from /home/airflow/.local/lib/python3.7/site-packages/airflow/example_dags/example_branch_python_dop_operator_3.py
[2023-03-12 14:44:37,190] {logging_mixin.py:109} INFO - [2023-03-12 14:44:37,190] {dag.py:2396} INFO - Sync 1 DAGs
[2023-03-12 14:44:37,275] {logging_mixin.py:109} INFO - [2023-03-12 14:44:37,275] {dag.py:2935} INFO - Setting next_dagrun for example_branch_dop_operator_v3 to 2023-03-12T14:43:00+00:00
[2023-03-12 14:44:37,306] {processor.py:171} INFO - Processing /home/airflow/.local/lib/python3.7/site-packages/airflow/example_dags/example_branch_python_dop_operator_3.py took 0.252 seconds
[2023-03-12 14:45:07,921] {processor.py:163} INFO - Started process (PID=3569) to work on /home/airflow/.local/lib/python3.7/site-packages/airflow/example_dags/example_branch_python_dop_operator_3.py
[2023-03-12 14:45:07,926] {processor.py:642} INFO - Processing file /home/airflow/.local/lib/python3.7/site-packages/airflow/example_dags/example_branch_python_dop_operator_3.py for tasks to queue
[2023-03-12 14:45:07,930] {logging_mixin.py:109} INFO - [2023-03-12 14:45:07,929] {dagbag.py:500} INFO - Filling up the DagBag from /home/airflow/.local/lib/python3.7/site-packages/airflow/example_dags/example_branch_python_dop_operator_3.py
[2023-03-12 14:45:08,088] {processor.py:654} INFO - DAG(s) dict_keys(['example_branch_dop_operator_v3']) retrieved from /home/airflow/.local/lib/python3.7/site-packages/airflow/example_dags/example_branch_python_dop_operator_3.py
[2023-03-12 14:45:08,139] {logging_mixin.py:109} INFO - [2023-03-12 14:45:08,138] {dag.py:2396} INFO - Sync 1 DAGs
[2023-03-12 14:45:08,255] {logging_mixin.py:109} INFO - [2023-03-12 14:45:08,255] {dag.py:2935} INFO - Setting next_dagrun for example_branch_dop_operator_v3 to 2023-03-12T14:44:00+00:00
[2023-03-12 14:45:08,292] {processor.py:171} INFO - Processing /home/airflow/.local/lib/python3.7/site-packages/airflow/example_dags/example_branch_python_dop_operator_3.py took 0.395 seconds
[2023-03-12 14:45:39,234] {processor.py:163} INFO - Started process (PID=3799) to work on /home/airflow/.local/lib/python3.7/site-packages/airflow/example_dags/example_branch_python_dop_operator_3.py
[2023-03-12 14:45:39,248] {processor.py:642} INFO - Processing file /home/airflow/.local/lib/python3.7/site-packages/airflow/example_dags/example_branch_python_dop_operator_3.py for tasks to queue
[2023-03-12 14:45:39,254] {logging_mixin.py:109} INFO - [2023-03-12 14:45:39,253] {dagbag.py:500} INFO - Filling up the DagBag from /home/airflow/.local/lib/python3.7/site-packages/airflow/example_dags/example_branch_python_dop_operator_3.py
[2023-03-12 14:45:39,412] {processor.py:654} INFO - DAG(s) dict_keys(['example_branch_dop_operator_v3']) retrieved from /home/airflow/.local/lib/python3.7/site-packages/airflow/example_dags/example_branch_python_dop_operator_3.py
[2023-03-12 14:45:39,494] {logging_mixin.py:109} INFO - [2023-03-12 14:45:39,494] {dag.py:2396} INFO - Sync 1 DAGs
[2023-03-12 14:45:39,622] {logging_mixin.py:109} INFO - [2023-03-12 14:45:39,621] {dag.py:2935} INFO - Setting next_dagrun for example_branch_dop_operator_v3 to 2023-03-12T14:44:00+00:00
[2023-03-12 14:45:39,676] {processor.py:171} INFO - Processing /home/airflow/.local/lib/python3.7/site-packages/airflow/example_dags/example_branch_python_dop_operator_3.py took 0.462 seconds
[2023-03-12 14:46:10,052] {processor.py:163} INFO - Started process (PID=4006) to work on /home/airflow/.local/lib/python3.7/site-packages/airflow/example_dags/example_branch_python_dop_operator_3.py
[2023-03-12 14:46:10,057] {processor.py:642} INFO - Processing file /home/airflow/.local/lib/python3.7/site-packages/airflow/example_dags/example_branch_python_dop_operator_3.py for tasks to queue
[2023-03-12 14:46:10,060] {logging_mixin.py:109} INFO - [2023-03-12 14:46:10,059] {dagbag.py:500} INFO - Filling up the DagBag from /home/airflow/.local/lib/python3.7/site-packages/airflow/example_dags/example_branch_python_dop_operator_3.py
[2023-03-12 14:46:10,139] {processor.py:654} INFO - DAG(s) dict_keys(['example_branch_dop_operator_v3']) retrieved from /home/airflow/.local/lib/python3.7/site-packages/airflow/example_dags/example_branch_python_dop_operator_3.py
[2023-03-12 14:46:10,176] {logging_mixin.py:109} INFO - [2023-03-12 14:46:10,175] {dag.py:2396} INFO - Sync 1 DAGs
[2023-03-12 14:46:10,263] {logging_mixin.py:109} INFO - [2023-03-12 14:46:10,262] {dag.py:2935} INFO - Setting next_dagrun for example_branch_dop_operator_v3 to 2023-03-12T14:45:00+00:00
[2023-03-12 14:46:10,293] {processor.py:171} INFO - Processing /home/airflow/.local/lib/python3.7/site-packages/airflow/example_dags/example_branch_python_dop_operator_3.py took 0.248 seconds
[2023-03-12 14:46:40,962] {processor.py:163} INFO - Started process (PID=4230) to work on /home/airflow/.local/lib/python3.7/site-packages/airflow/example_dags/example_branch_python_dop_operator_3.py
[2023-03-12 14:46:40,968] {processor.py:642} INFO - Processing file /home/airflow/.local/lib/python3.7/site-packages/airflow/example_dags/example_branch_python_dop_operator_3.py for tasks to queue
[2023-03-12 14:46:40,984] {logging_mixin.py:109} INFO - [2023-03-12 14:46:40,984] {dagbag.py:500} INFO - Filling up the DagBag from /home/airflow/.local/lib/python3.7/site-packages/airflow/example_dags/example_branch_python_dop_operator_3.py
[2023-03-12 14:46:41,087] {processor.py:654} INFO - DAG(s) dict_keys(['example_branch_dop_operator_v3']) retrieved from /home/airflow/.local/lib/python3.7/site-packages/airflow/example_dags/example_branch_python_dop_operator_3.py
[2023-03-12 14:46:41,205] {logging_mixin.py:109} INFO - [2023-03-12 14:46:41,204] {dag.py:2396} INFO - Sync 1 DAGs
[2023-03-12 14:46:41,392] {logging_mixin.py:109} INFO - [2023-03-12 14:46:41,391] {dag.py:2935} INFO - Setting next_dagrun for example_branch_dop_operator_v3 to 2023-03-12T14:45:00+00:00
[2023-03-12 14:46:41,432] {processor.py:171} INFO - Processing /home/airflow/.local/lib/python3.7/site-packages/airflow/example_dags/example_branch_python_dop_operator_3.py took 0.477 seconds
[2023-03-12 14:47:12,093] {processor.py:163} INFO - Started process (PID=4440) to work on /home/airflow/.local/lib/python3.7/site-packages/airflow/example_dags/example_branch_python_dop_operator_3.py
[2023-03-12 14:47:12,098] {processor.py:642} INFO - Processing file /home/airflow/.local/lib/python3.7/site-packages/airflow/example_dags/example_branch_python_dop_operator_3.py for tasks to queue
[2023-03-12 14:47:12,106] {logging_mixin.py:109} INFO - [2023-03-12 14:47:12,106] {dagbag.py:500} INFO - Filling up the DagBag from /home/airflow/.local/lib/python3.7/site-packages/airflow/example_dags/example_branch_python_dop_operator_3.py
[2023-03-12 14:47:12,186] {processor.py:654} INFO - DAG(s) dict_keys(['example_branch_dop_operator_v3']) retrieved from /home/airflow/.local/lib/python3.7/site-packages/airflow/example_dags/example_branch_python_dop_operator_3.py
[2023-03-12 14:47:12,222] {logging_mixin.py:109} INFO - [2023-03-12 14:47:12,221] {dag.py:2396} INFO - Sync 1 DAGs
[2023-03-12 14:47:12,317] {logging_mixin.py:109} INFO - [2023-03-12 14:47:12,317] {dag.py:2935} INFO - Setting next_dagrun for example_branch_dop_operator_v3 to 2023-03-12T14:46:00+00:00
[2023-03-12 14:47:12,348] {processor.py:171} INFO - Processing /home/airflow/.local/lib/python3.7/site-packages/airflow/example_dags/example_branch_python_dop_operator_3.py took 0.262 seconds
[2023-03-12 14:47:43,569] {processor.py:163} INFO - Started process (PID=4661) to work on /home/airflow/.local/lib/python3.7/site-packages/airflow/example_dags/example_branch_python_dop_operator_3.py
[2023-03-12 14:47:43,574] {processor.py:642} INFO - Processing file /home/airflow/.local/lib/python3.7/site-packages/airflow/example_dags/example_branch_python_dop_operator_3.py for tasks to queue
[2023-03-12 14:47:43,578] {logging_mixin.py:109} INFO - [2023-03-12 14:47:43,577] {dagbag.py:500} INFO - Filling up the DagBag from /home/airflow/.local/lib/python3.7/site-packages/airflow/example_dags/example_branch_python_dop_operator_3.py
[2023-03-12 14:47:43,736] {processor.py:654} INFO - DAG(s) dict_keys(['example_branch_dop_operator_v3']) retrieved from /home/airflow/.local/lib/python3.7/site-packages/airflow/example_dags/example_branch_python_dop_operator_3.py
[2023-03-12 14:47:43,798] {logging_mixin.py:109} INFO - [2023-03-12 14:47:43,794] {dag.py:2396} INFO - Sync 1 DAGs
[2023-03-12 14:47:43,959] {logging_mixin.py:109} INFO - [2023-03-12 14:47:43,958] {dag.py:2935} INFO - Setting next_dagrun for example_branch_dop_operator_v3 to 2023-03-12T14:46:00+00:00
[2023-03-12 14:47:43,987] {processor.py:171} INFO - Processing /home/airflow/.local/lib/python3.7/site-packages/airflow/example_dags/example_branch_python_dop_operator_3.py took 0.425 seconds
[2023-03-12 14:48:14,691] {processor.py:163} INFO - Started process (PID=4879) to work on /home/airflow/.local/lib/python3.7/site-packages/airflow/example_dags/example_branch_python_dop_operator_3.py
[2023-03-12 14:48:14,720] {processor.py:642} INFO - Processing file /home/airflow/.local/lib/python3.7/site-packages/airflow/example_dags/example_branch_python_dop_operator_3.py for tasks to queue
[2023-03-12 14:48:14,725] {logging_mixin.py:109} INFO - [2023-03-12 14:48:14,724] {dagbag.py:500} INFO - Filling up the DagBag from /home/airflow/.local/lib/python3.7/site-packages/airflow/example_dags/example_branch_python_dop_operator_3.py
[2023-03-12 14:48:14,822] {processor.py:654} INFO - DAG(s) dict_keys(['example_branch_dop_operator_v3']) retrieved from /home/airflow/.local/lib/python3.7/site-packages/airflow/example_dags/example_branch_python_dop_operator_3.py
[2023-03-12 14:48:14,866] {logging_mixin.py:109} INFO - [2023-03-12 14:48:14,866] {dag.py:2396} INFO - Sync 1 DAGs
[2023-03-12 14:48:15,022] {logging_mixin.py:109} INFO - [2023-03-12 14:48:15,021] {dag.py:2935} INFO - Setting next_dagrun for example_branch_dop_operator_v3 to 2023-03-12T14:47:00+00:00
[2023-03-12 14:48:15,054] {processor.py:171} INFO - Processing /home/airflow/.local/lib/python3.7/site-packages/airflow/example_dags/example_branch_python_dop_operator_3.py took 0.386 seconds
[2023-03-12 14:48:45,704] {processor.py:163} INFO - Started process (PID=5091) to work on /home/airflow/.local/lib/python3.7/site-packages/airflow/example_dags/example_branch_python_dop_operator_3.py
[2023-03-12 14:48:45,715] {processor.py:642} INFO - Processing file /home/airflow/.local/lib/python3.7/site-packages/airflow/example_dags/example_branch_python_dop_operator_3.py for tasks to queue
[2023-03-12 14:48:45,720] {logging_mixin.py:109} INFO - [2023-03-12 14:48:45,720] {dagbag.py:500} INFO - Filling up the DagBag from /home/airflow/.local/lib/python3.7/site-packages/airflow/example_dags/example_branch_python_dop_operator_3.py
[2023-03-12 14:48:45,820] {processor.py:654} INFO - DAG(s) dict_keys(['example_branch_dop_operator_v3']) retrieved from /home/airflow/.local/lib/python3.7/site-packages/airflow/example_dags/example_branch_python_dop_operator_3.py
[2023-03-12 14:48:45,860] {logging_mixin.py:109} INFO - [2023-03-12 14:48:45,860] {dag.py:2396} INFO - Sync 1 DAGs
[2023-03-12 14:48:45,968] {logging_mixin.py:109} INFO - [2023-03-12 14:48:45,968] {dag.py:2935} INFO - Setting next_dagrun for example_branch_dop_operator_v3 to 2023-03-12T14:47:00+00:00
[2023-03-12 14:48:46,042] {processor.py:171} INFO - Processing /home/airflow/.local/lib/python3.7/site-packages/airflow/example_dags/example_branch_python_dop_operator_3.py took 0.346 seconds
[2023-03-12 14:49:16,665] {processor.py:163} INFO - Started process (PID=5314) to work on /home/airflow/.local/lib/python3.7/site-packages/airflow/example_dags/example_branch_python_dop_operator_3.py
[2023-03-12 14:49:16,680] {processor.py:642} INFO - Processing file /home/airflow/.local/lib/python3.7/site-packages/airflow/example_dags/example_branch_python_dop_operator_3.py for tasks to queue
[2023-03-12 14:49:16,686] {logging_mixin.py:109} INFO - [2023-03-12 14:49:16,685] {dagbag.py:500} INFO - Filling up the DagBag from /home/airflow/.local/lib/python3.7/site-packages/airflow/example_dags/example_branch_python_dop_operator_3.py
[2023-03-12 14:49:16,820] {processor.py:654} INFO - DAG(s) dict_keys(['example_branch_dop_operator_v3']) retrieved from /home/airflow/.local/lib/python3.7/site-packages/airflow/example_dags/example_branch_python_dop_operator_3.py
[2023-03-12 14:49:16,861] {logging_mixin.py:109} INFO - [2023-03-12 14:49:16,860] {dag.py:2396} INFO - Sync 1 DAGs
[2023-03-12 14:49:16,956] {logging_mixin.py:109} INFO - [2023-03-12 14:49:16,955] {dag.py:2935} INFO - Setting next_dagrun for example_branch_dop_operator_v3 to 2023-03-12T14:48:00+00:00
[2023-03-12 14:49:16,989] {processor.py:171} INFO - Processing /home/airflow/.local/lib/python3.7/site-packages/airflow/example_dags/example_branch_python_dop_operator_3.py took 0.336 seconds
[2023-03-12 14:49:47,368] {processor.py:163} INFO - Started process (PID=5522) to work on /home/airflow/.local/lib/python3.7/site-packages/airflow/example_dags/example_branch_python_dop_operator_3.py
[2023-03-12 14:49:47,378] {processor.py:642} INFO - Processing file /home/airflow/.local/lib/python3.7/site-packages/airflow/example_dags/example_branch_python_dop_operator_3.py for tasks to queue
[2023-03-12 14:49:47,382] {logging_mixin.py:109} INFO - [2023-03-12 14:49:47,382] {dagbag.py:500} INFO - Filling up the DagBag from /home/airflow/.local/lib/python3.7/site-packages/airflow/example_dags/example_branch_python_dop_operator_3.py
[2023-03-12 14:49:47,501] {processor.py:654} INFO - DAG(s) dict_keys(['example_branch_dop_operator_v3']) retrieved from /home/airflow/.local/lib/python3.7/site-packages/airflow/example_dags/example_branch_python_dop_operator_3.py
[2023-03-12 14:49:47,559] {logging_mixin.py:109} INFO - [2023-03-12 14:49:47,558] {dag.py:2396} INFO - Sync 1 DAGs
[2023-03-12 14:49:47,682] {logging_mixin.py:109} INFO - [2023-03-12 14:49:47,682] {dag.py:2935} INFO - Setting next_dagrun for example_branch_dop_operator_v3 to 2023-03-12T14:48:00+00:00
[2023-03-12 14:49:47,724] {processor.py:171} INFO - Processing /home/airflow/.local/lib/python3.7/site-packages/airflow/example_dags/example_branch_python_dop_operator_3.py took 0.370 seconds
[2023-03-12 14:50:18,211] {processor.py:163} INFO - Started process (PID=5746) to work on /home/airflow/.local/lib/python3.7/site-packages/airflow/example_dags/example_branch_python_dop_operator_3.py
[2023-03-12 14:50:18,230] {processor.py:642} INFO - Processing file /home/airflow/.local/lib/python3.7/site-packages/airflow/example_dags/example_branch_python_dop_operator_3.py for tasks to queue
[2023-03-12 14:50:18,240] {logging_mixin.py:109} INFO - [2023-03-12 14:50:18,239] {dagbag.py:500} INFO - Filling up the DagBag from /home/airflow/.local/lib/python3.7/site-packages/airflow/example_dags/example_branch_python_dop_operator_3.py
[2023-03-12 14:50:18,393] {processor.py:654} INFO - DAG(s) dict_keys(['example_branch_dop_operator_v3']) retrieved from /home/airflow/.local/lib/python3.7/site-packages/airflow/example_dags/example_branch_python_dop_operator_3.py
[2023-03-12 14:50:18,433] {logging_mixin.py:109} INFO - [2023-03-12 14:50:18,432] {dag.py:2396} INFO - Sync 1 DAGs
[2023-03-12 14:50:18,552] {logging_mixin.py:109} INFO - [2023-03-12 14:50:18,551] {dag.py:2935} INFO - Setting next_dagrun for example_branch_dop_operator_v3 to 2023-03-12T14:49:00+00:00
[2023-03-12 14:50:18,600] {processor.py:171} INFO - Processing /home/airflow/.local/lib/python3.7/site-packages/airflow/example_dags/example_branch_python_dop_operator_3.py took 0.400 seconds
[2023-03-12 14:50:49,209] {processor.py:163} INFO - Started process (PID=5953) to work on /home/airflow/.local/lib/python3.7/site-packages/airflow/example_dags/example_branch_python_dop_operator_3.py
[2023-03-12 14:50:49,224] {processor.py:642} INFO - Processing file /home/airflow/.local/lib/python3.7/site-packages/airflow/example_dags/example_branch_python_dop_operator_3.py for tasks to queue
[2023-03-12 14:50:49,299] {logging_mixin.py:109} INFO - [2023-03-12 14:50:49,290] {dagbag.py:500} INFO - Filling up the DagBag from /home/airflow/.local/lib/python3.7/site-packages/airflow/example_dags/example_branch_python_dop_operator_3.py
[2023-03-12 14:50:49,635] {processor.py:654} INFO - DAG(s) dict_keys(['example_branch_dop_operator_v3']) retrieved from /home/airflow/.local/lib/python3.7/site-packages/airflow/example_dags/example_branch_python_dop_operator_3.py
[2023-03-12 14:50:49,692] {logging_mixin.py:109} INFO - [2023-03-12 14:50:49,692] {dag.py:2396} INFO - Sync 1 DAGs
[2023-03-12 14:50:49,859] {logging_mixin.py:109} INFO - [2023-03-12 14:50:49,859] {dag.py:2935} INFO - Setting next_dagrun for example_branch_dop_operator_v3 to 2023-03-12T14:49:00+00:00
[2023-03-12 14:50:49,899] {processor.py:171} INFO - Processing /home/airflow/.local/lib/python3.7/site-packages/airflow/example_dags/example_branch_python_dop_operator_3.py took 0.697 seconds
[2023-03-12 14:51:20,252] {processor.py:163} INFO - Started process (PID=6174) to work on /home/airflow/.local/lib/python3.7/site-packages/airflow/example_dags/example_branch_python_dop_operator_3.py
[2023-03-12 14:51:20,261] {processor.py:642} INFO - Processing file /home/airflow/.local/lib/python3.7/site-packages/airflow/example_dags/example_branch_python_dop_operator_3.py for tasks to queue
[2023-03-12 14:51:20,264] {logging_mixin.py:109} INFO - [2023-03-12 14:51:20,264] {dagbag.py:500} INFO - Filling up the DagBag from /home/airflow/.local/lib/python3.7/site-packages/airflow/example_dags/example_branch_python_dop_operator_3.py
[2023-03-12 14:51:20,415] {processor.py:654} INFO - DAG(s) dict_keys(['example_branch_dop_operator_v3']) retrieved from /home/airflow/.local/lib/python3.7/site-packages/airflow/example_dags/example_branch_python_dop_operator_3.py
[2023-03-12 14:51:20,468] {logging_mixin.py:109} INFO - [2023-03-12 14:51:20,467] {dag.py:2396} INFO - Sync 1 DAGs
[2023-03-12 14:51:20,569] {logging_mixin.py:109} INFO - [2023-03-12 14:51:20,568] {dag.py:2935} INFO - Setting next_dagrun for example_branch_dop_operator_v3 to 2023-03-12T14:50:00+00:00
[2023-03-12 14:51:20,600] {processor.py:171} INFO - Processing /home/airflow/.local/lib/python3.7/site-packages/airflow/example_dags/example_branch_python_dop_operator_3.py took 0.357 seconds
[2023-03-12 14:51:51,061] {processor.py:163} INFO - Started process (PID=6379) to work on /home/airflow/.local/lib/python3.7/site-packages/airflow/example_dags/example_branch_python_dop_operator_3.py
[2023-03-12 14:51:51,065] {processor.py:642} INFO - Processing file /home/airflow/.local/lib/python3.7/site-packages/airflow/example_dags/example_branch_python_dop_operator_3.py for tasks to queue
[2023-03-12 14:51:51,075] {logging_mixin.py:109} INFO - [2023-03-12 14:51:51,075] {dagbag.py:500} INFO - Filling up the DagBag from /home/airflow/.local/lib/python3.7/site-packages/airflow/example_dags/example_branch_python_dop_operator_3.py
[2023-03-12 14:51:51,143] {processor.py:654} INFO - DAG(s) dict_keys(['example_branch_dop_operator_v3']) retrieved from /home/airflow/.local/lib/python3.7/site-packages/airflow/example_dags/example_branch_python_dop_operator_3.py
[2023-03-12 14:51:51,172] {logging_mixin.py:109} INFO - [2023-03-12 14:51:51,172] {dag.py:2396} INFO - Sync 1 DAGs
[2023-03-12 14:51:51,245] {logging_mixin.py:109} INFO - [2023-03-12 14:51:51,245] {dag.py:2935} INFO - Setting next_dagrun for example_branch_dop_operator_v3 to 2023-03-12T14:50:00+00:00
[2023-03-12 14:51:51,268] {processor.py:171} INFO - Processing /home/airflow/.local/lib/python3.7/site-packages/airflow/example_dags/example_branch_python_dop_operator_3.py took 0.214 seconds
[2023-03-12 14:52:21,490] {processor.py:163} INFO - Started process (PID=6601) to work on /home/airflow/.local/lib/python3.7/site-packages/airflow/example_dags/example_branch_python_dop_operator_3.py
[2023-03-12 14:52:21,496] {processor.py:642} INFO - Processing file /home/airflow/.local/lib/python3.7/site-packages/airflow/example_dags/example_branch_python_dop_operator_3.py for tasks to queue
[2023-03-12 14:52:21,499] {logging_mixin.py:109} INFO - [2023-03-12 14:52:21,499] {dagbag.py:500} INFO - Filling up the DagBag from /home/airflow/.local/lib/python3.7/site-packages/airflow/example_dags/example_branch_python_dop_operator_3.py
[2023-03-12 14:52:21,605] {processor.py:654} INFO - DAG(s) dict_keys(['example_branch_dop_operator_v3']) retrieved from /home/airflow/.local/lib/python3.7/site-packages/airflow/example_dags/example_branch_python_dop_operator_3.py
[2023-03-12 14:52:21,647] {logging_mixin.py:109} INFO - [2023-03-12 14:52:21,647] {dag.py:2396} INFO - Sync 1 DAGs
[2023-03-12 14:52:21,756] {logging_mixin.py:109} INFO - [2023-03-12 14:52:21,755] {dag.py:2935} INFO - Setting next_dagrun for example_branch_dop_operator_v3 to 2023-03-12T14:51:00+00:00
[2023-03-12 14:52:21,828] {processor.py:171} INFO - Processing /home/airflow/.local/lib/python3.7/site-packages/airflow/example_dags/example_branch_python_dop_operator_3.py took 0.345 seconds
[2023-03-12 14:52:52,055] {processor.py:163} INFO - Started process (PID=6805) to work on /home/airflow/.local/lib/python3.7/site-packages/airflow/example_dags/example_branch_python_dop_operator_3.py
[2023-03-12 14:52:52,061] {processor.py:642} INFO - Processing file /home/airflow/.local/lib/python3.7/site-packages/airflow/example_dags/example_branch_python_dop_operator_3.py for tasks to queue
[2023-03-12 14:52:52,065] {logging_mixin.py:109} INFO - [2023-03-12 14:52:52,065] {dagbag.py:500} INFO - Filling up the DagBag from /home/airflow/.local/lib/python3.7/site-packages/airflow/example_dags/example_branch_python_dop_operator_3.py
[2023-03-12 14:52:52,262] {processor.py:654} INFO - DAG(s) dict_keys(['example_branch_dop_operator_v3']) retrieved from /home/airflow/.local/lib/python3.7/site-packages/airflow/example_dags/example_branch_python_dop_operator_3.py
[2023-03-12 14:52:52,300] {logging_mixin.py:109} INFO - [2023-03-12 14:52:52,300] {dag.py:2396} INFO - Sync 1 DAGs
[2023-03-12 14:52:52,409] {logging_mixin.py:109} INFO - [2023-03-12 14:52:52,408] {dag.py:2935} INFO - Setting next_dagrun for example_branch_dop_operator_v3 to 2023-03-12T14:51:00+00:00
[2023-03-12 14:52:52,440] {processor.py:171} INFO - Processing /home/airflow/.local/lib/python3.7/site-packages/airflow/example_dags/example_branch_python_dop_operator_3.py took 0.394 seconds
[2023-03-12 14:53:23,003] {processor.py:163} INFO - Started process (PID=7030) to work on /home/airflow/.local/lib/python3.7/site-packages/airflow/example_dags/example_branch_python_dop_operator_3.py
[2023-03-12 14:53:23,013] {processor.py:642} INFO - Processing file /home/airflow/.local/lib/python3.7/site-packages/airflow/example_dags/example_branch_python_dop_operator_3.py for tasks to queue
[2023-03-12 14:53:23,018] {logging_mixin.py:109} INFO - [2023-03-12 14:53:23,017] {dagbag.py:500} INFO - Filling up the DagBag from /home/airflow/.local/lib/python3.7/site-packages/airflow/example_dags/example_branch_python_dop_operator_3.py
[2023-03-12 14:53:23,116] {processor.py:654} INFO - DAG(s) dict_keys(['example_branch_dop_operator_v3']) retrieved from /home/airflow/.local/lib/python3.7/site-packages/airflow/example_dags/example_branch_python_dop_operator_3.py
[2023-03-12 14:53:23,226] {logging_mixin.py:109} INFO - [2023-03-12 14:53:23,225] {dag.py:2396} INFO - Sync 1 DAGs
[2023-03-12 14:53:23,423] {logging_mixin.py:109} INFO - [2023-03-12 14:53:23,422] {dag.py:2935} INFO - Setting next_dagrun for example_branch_dop_operator_v3 to 2023-03-12T14:52:00+00:00
[2023-03-12 14:53:23,466] {processor.py:171} INFO - Processing /home/airflow/.local/lib/python3.7/site-packages/airflow/example_dags/example_branch_python_dop_operator_3.py took 0.471 seconds
[2023-03-12 14:53:53,795] {processor.py:163} INFO - Started process (PID=7238) to work on /home/airflow/.local/lib/python3.7/site-packages/airflow/example_dags/example_branch_python_dop_operator_3.py
[2023-03-12 14:53:53,800] {processor.py:642} INFO - Processing file /home/airflow/.local/lib/python3.7/site-packages/airflow/example_dags/example_branch_python_dop_operator_3.py for tasks to queue
[2023-03-12 14:53:53,803] {logging_mixin.py:109} INFO - [2023-03-12 14:53:53,802] {dagbag.py:500} INFO - Filling up the DagBag from /home/airflow/.local/lib/python3.7/site-packages/airflow/example_dags/example_branch_python_dop_operator_3.py
[2023-03-12 14:53:53,880] {processor.py:654} INFO - DAG(s) dict_keys(['example_branch_dop_operator_v3']) retrieved from /home/airflow/.local/lib/python3.7/site-packages/airflow/example_dags/example_branch_python_dop_operator_3.py
[2023-03-12 14:53:53,915] {logging_mixin.py:109} INFO - [2023-03-12 14:53:53,915] {dag.py:2396} INFO - Sync 1 DAGs
[2023-03-12 14:53:54,054] {logging_mixin.py:109} INFO - [2023-03-12 14:53:54,052] {dag.py:2935} INFO - Setting next_dagrun for example_branch_dop_operator_v3 to 2023-03-12T14:52:00+00:00
[2023-03-12 14:53:54,156] {processor.py:171} INFO - Processing /home/airflow/.local/lib/python3.7/site-packages/airflow/example_dags/example_branch_python_dop_operator_3.py took 0.369 seconds
[2023-03-12 14:54:25,034] {processor.py:163} INFO - Started process (PID=7462) to work on /home/airflow/.local/lib/python3.7/site-packages/airflow/example_dags/example_branch_python_dop_operator_3.py
[2023-03-12 14:54:25,043] {processor.py:642} INFO - Processing file /home/airflow/.local/lib/python3.7/site-packages/airflow/example_dags/example_branch_python_dop_operator_3.py for tasks to queue
[2023-03-12 14:54:25,049] {logging_mixin.py:109} INFO - [2023-03-12 14:54:25,048] {dagbag.py:500} INFO - Filling up the DagBag from /home/airflow/.local/lib/python3.7/site-packages/airflow/example_dags/example_branch_python_dop_operator_3.py
[2023-03-12 14:54:25,194] {processor.py:654} INFO - DAG(s) dict_keys(['example_branch_dop_operator_v3']) retrieved from /home/airflow/.local/lib/python3.7/site-packages/airflow/example_dags/example_branch_python_dop_operator_3.py
[2023-03-12 14:54:25,257] {logging_mixin.py:109} INFO - [2023-03-12 14:54:25,256] {dag.py:2396} INFO - Sync 1 DAGs
[2023-03-12 14:54:25,424] {logging_mixin.py:109} INFO - [2023-03-12 14:54:25,423] {dag.py:2935} INFO - Setting next_dagrun for example_branch_dop_operator_v3 to 2023-03-12T14:53:00+00:00
[2023-03-12 14:54:25,487] {processor.py:171} INFO - Processing /home/airflow/.local/lib/python3.7/site-packages/airflow/example_dags/example_branch_python_dop_operator_3.py took 0.499 seconds
[2023-03-12 14:54:55,759] {processor.py:163} INFO - Started process (PID=7681) to work on /home/airflow/.local/lib/python3.7/site-packages/airflow/example_dags/example_branch_python_dop_operator_3.py
[2023-03-12 14:54:55,769] {processor.py:642} INFO - Processing file /home/airflow/.local/lib/python3.7/site-packages/airflow/example_dags/example_branch_python_dop_operator_3.py for tasks to queue
[2023-03-12 14:54:55,779] {logging_mixin.py:109} INFO - [2023-03-12 14:54:55,778] {dagbag.py:500} INFO - Filling up the DagBag from /home/airflow/.local/lib/python3.7/site-packages/airflow/example_dags/example_branch_python_dop_operator_3.py
[2023-03-12 14:54:55,957] {processor.py:654} INFO - DAG(s) dict_keys(['example_branch_dop_operator_v3']) retrieved from /home/airflow/.local/lib/python3.7/site-packages/airflow/example_dags/example_branch_python_dop_operator_3.py
[2023-03-12 14:54:56,025] {logging_mixin.py:109} INFO - [2023-03-12 14:54:56,025] {dag.py:2396} INFO - Sync 1 DAGs
[2023-03-12 14:54:56,164] {logging_mixin.py:109} INFO - [2023-03-12 14:54:56,164] {dag.py:2935} INFO - Setting next_dagrun for example_branch_dop_operator_v3 to 2023-03-12T14:53:00+00:00
[2023-03-12 14:54:56,197] {processor.py:171} INFO - Processing /home/airflow/.local/lib/python3.7/site-packages/airflow/example_dags/example_branch_python_dop_operator_3.py took 0.459 seconds
[2023-03-12 14:55:26,761] {processor.py:163} INFO - Started process (PID=7894) to work on /home/airflow/.local/lib/python3.7/site-packages/airflow/example_dags/example_branch_python_dop_operator_3.py
[2023-03-12 14:55:26,798] {processor.py:642} INFO - Processing file /home/airflow/.local/lib/python3.7/site-packages/airflow/example_dags/example_branch_python_dop_operator_3.py for tasks to queue
[2023-03-12 14:55:26,801] {logging_mixin.py:109} INFO - [2023-03-12 14:55:26,801] {dagbag.py:500} INFO - Filling up the DagBag from /home/airflow/.local/lib/python3.7/site-packages/airflow/example_dags/example_branch_python_dop_operator_3.py
[2023-03-12 14:55:26,940] {processor.py:654} INFO - DAG(s) dict_keys(['example_branch_dop_operator_v3']) retrieved from /home/airflow/.local/lib/python3.7/site-packages/airflow/example_dags/example_branch_python_dop_operator_3.py
[2023-03-12 14:55:26,989] {logging_mixin.py:109} INFO - [2023-03-12 14:55:26,988] {dag.py:2396} INFO - Sync 1 DAGs
[2023-03-12 14:55:27,095] {logging_mixin.py:109} INFO - [2023-03-12 14:55:27,095] {dag.py:2935} INFO - Setting next_dagrun for example_branch_dop_operator_v3 to 2023-03-12T14:54:00+00:00
[2023-03-12 14:55:27,137] {processor.py:171} INFO - Processing /home/airflow/.local/lib/python3.7/site-packages/airflow/example_dags/example_branch_python_dop_operator_3.py took 0.388 seconds
[2023-03-12 14:55:57,781] {processor.py:163} INFO - Started process (PID=8117) to work on /home/airflow/.local/lib/python3.7/site-packages/airflow/example_dags/example_branch_python_dop_operator_3.py
[2023-03-12 14:55:57,805] {processor.py:642} INFO - Processing file /home/airflow/.local/lib/python3.7/site-packages/airflow/example_dags/example_branch_python_dop_operator_3.py for tasks to queue
[2023-03-12 14:55:57,825] {logging_mixin.py:109} INFO - [2023-03-12 14:55:57,822] {dagbag.py:500} INFO - Filling up the DagBag from /home/airflow/.local/lib/python3.7/site-packages/airflow/example_dags/example_branch_python_dop_operator_3.py
[2023-03-12 14:55:57,979] {processor.py:654} INFO - DAG(s) dict_keys(['example_branch_dop_operator_v3']) retrieved from /home/airflow/.local/lib/python3.7/site-packages/airflow/example_dags/example_branch_python_dop_operator_3.py
[2023-03-12 14:55:58,022] {logging_mixin.py:109} INFO - [2023-03-12 14:55:58,021] {dag.py:2396} INFO - Sync 1 DAGs
[2023-03-12 14:55:58,131] {logging_mixin.py:109} INFO - [2023-03-12 14:55:58,130] {dag.py:2935} INFO - Setting next_dagrun for example_branch_dop_operator_v3 to 2023-03-12T14:54:00+00:00
[2023-03-12 14:55:58,202] {processor.py:171} INFO - Processing /home/airflow/.local/lib/python3.7/site-packages/airflow/example_dags/example_branch_python_dop_operator_3.py took 0.435 seconds
[2023-03-12 14:56:28,346] {processor.py:163} INFO - Started process (PID=8320) to work on /home/airflow/.local/lib/python3.7/site-packages/airflow/example_dags/example_branch_python_dop_operator_3.py
[2023-03-12 14:56:28,352] {processor.py:642} INFO - Processing file /home/airflow/.local/lib/python3.7/site-packages/airflow/example_dags/example_branch_python_dop_operator_3.py for tasks to queue
[2023-03-12 14:56:28,355] {logging_mixin.py:109} INFO - [2023-03-12 14:56:28,355] {dagbag.py:500} INFO - Filling up the DagBag from /home/airflow/.local/lib/python3.7/site-packages/airflow/example_dags/example_branch_python_dop_operator_3.py
[2023-03-12 14:56:28,443] {processor.py:654} INFO - DAG(s) dict_keys(['example_branch_dop_operator_v3']) retrieved from /home/airflow/.local/lib/python3.7/site-packages/airflow/example_dags/example_branch_python_dop_operator_3.py
[2023-03-12 14:56:28,482] {logging_mixin.py:109} INFO - [2023-03-12 14:56:28,482] {dag.py:2396} INFO - Sync 1 DAGs
[2023-03-12 14:56:28,657] {logging_mixin.py:109} INFO - [2023-03-12 14:56:28,656] {dag.py:2935} INFO - Setting next_dagrun for example_branch_dop_operator_v3 to 2023-03-12T14:55:00+00:00
[2023-03-12 14:56:28,763] {processor.py:171} INFO - Processing /home/airflow/.local/lib/python3.7/site-packages/airflow/example_dags/example_branch_python_dop_operator_3.py took 0.423 seconds
[2023-03-12 14:56:58,956] {processor.py:163} INFO - Started process (PID=8543) to work on /home/airflow/.local/lib/python3.7/site-packages/airflow/example_dags/example_branch_python_dop_operator_3.py
[2023-03-12 14:56:58,965] {processor.py:642} INFO - Processing file /home/airflow/.local/lib/python3.7/site-packages/airflow/example_dags/example_branch_python_dop_operator_3.py for tasks to queue
[2023-03-12 14:56:58,970] {logging_mixin.py:109} INFO - [2023-03-12 14:56:58,970] {dagbag.py:500} INFO - Filling up the DagBag from /home/airflow/.local/lib/python3.7/site-packages/airflow/example_dags/example_branch_python_dop_operator_3.py
[2023-03-12 14:56:59,083] {processor.py:654} INFO - DAG(s) dict_keys(['example_branch_dop_operator_v3']) retrieved from /home/airflow/.local/lib/python3.7/site-packages/airflow/example_dags/example_branch_python_dop_operator_3.py
[2023-03-12 14:56:59,133] {logging_mixin.py:109} INFO - [2023-03-12 14:56:59,132] {dag.py:2396} INFO - Sync 1 DAGs
[2023-03-12 14:56:59,224] {logging_mixin.py:109} INFO - [2023-03-12 14:56:59,223] {dag.py:2935} INFO - Setting next_dagrun for example_branch_dop_operator_v3 to 2023-03-12T14:55:00+00:00
[2023-03-12 14:56:59,251] {processor.py:171} INFO - Processing /home/airflow/.local/lib/python3.7/site-packages/airflow/example_dags/example_branch_python_dop_operator_3.py took 0.309 seconds
[2023-03-12 14:57:29,607] {processor.py:163} INFO - Started process (PID=8749) to work on /home/airflow/.local/lib/python3.7/site-packages/airflow/example_dags/example_branch_python_dop_operator_3.py
[2023-03-12 14:57:29,612] {processor.py:642} INFO - Processing file /home/airflow/.local/lib/python3.7/site-packages/airflow/example_dags/example_branch_python_dop_operator_3.py for tasks to queue
[2023-03-12 14:57:29,617] {logging_mixin.py:109} INFO - [2023-03-12 14:57:29,616] {dagbag.py:500} INFO - Filling up the DagBag from /home/airflow/.local/lib/python3.7/site-packages/airflow/example_dags/example_branch_python_dop_operator_3.py
[2023-03-12 14:57:29,725] {processor.py:654} INFO - DAG(s) dict_keys(['example_branch_dop_operator_v3']) retrieved from /home/airflow/.local/lib/python3.7/site-packages/airflow/example_dags/example_branch_python_dop_operator_3.py
[2023-03-12 14:57:29,762] {logging_mixin.py:109} INFO - [2023-03-12 14:57:29,762] {dag.py:2396} INFO - Sync 1 DAGs
[2023-03-12 14:57:29,848] {logging_mixin.py:109} INFO - [2023-03-12 14:57:29,847] {dag.py:2935} INFO - Setting next_dagrun for example_branch_dop_operator_v3 to 2023-03-12T14:56:00+00:00
[2023-03-12 14:57:29,876] {processor.py:171} INFO - Processing /home/airflow/.local/lib/python3.7/site-packages/airflow/example_dags/example_branch_python_dop_operator_3.py took 0.278 seconds
[2023-03-12 14:58:00,749] {processor.py:163} INFO - Started process (PID=8969) to work on /home/airflow/.local/lib/python3.7/site-packages/airflow/example_dags/example_branch_python_dop_operator_3.py
[2023-03-12 14:58:00,770] {processor.py:642} INFO - Processing file /home/airflow/.local/lib/python3.7/site-packages/airflow/example_dags/example_branch_python_dop_operator_3.py for tasks to queue
[2023-03-12 14:58:00,785] {logging_mixin.py:109} INFO - [2023-03-12 14:58:00,784] {dagbag.py:500} INFO - Filling up the DagBag from /home/airflow/.local/lib/python3.7/site-packages/airflow/example_dags/example_branch_python_dop_operator_3.py
[2023-03-12 14:58:00,912] {processor.py:654} INFO - DAG(s) dict_keys(['example_branch_dop_operator_v3']) retrieved from /home/airflow/.local/lib/python3.7/site-packages/airflow/example_dags/example_branch_python_dop_operator_3.py
[2023-03-12 14:58:00,955] {logging_mixin.py:109} INFO - [2023-03-12 14:58:00,954] {dag.py:2396} INFO - Sync 1 DAGs
[2023-03-12 14:58:01,079] {logging_mixin.py:109} INFO - [2023-03-12 14:58:01,078] {dag.py:2935} INFO - Setting next_dagrun for example_branch_dop_operator_v3 to 2023-03-12T14:57:00+00:00
[2023-03-12 14:58:01,115] {processor.py:171} INFO - Processing /home/airflow/.local/lib/python3.7/site-packages/airflow/example_dags/example_branch_python_dop_operator_3.py took 0.374 seconds
[2023-03-12 14:58:31,263] {processor.py:163} INFO - Started process (PID=9177) to work on /home/airflow/.local/lib/python3.7/site-packages/airflow/example_dags/example_branch_python_dop_operator_3.py
[2023-03-12 14:58:31,267] {processor.py:642} INFO - Processing file /home/airflow/.local/lib/python3.7/site-packages/airflow/example_dags/example_branch_python_dop_operator_3.py for tasks to queue
[2023-03-12 14:58:31,270] {logging_mixin.py:109} INFO - [2023-03-12 14:58:31,270] {dagbag.py:500} INFO - Filling up the DagBag from /home/airflow/.local/lib/python3.7/site-packages/airflow/example_dags/example_branch_python_dop_operator_3.py
[2023-03-12 14:58:31,342] {processor.py:654} INFO - DAG(s) dict_keys(['example_branch_dop_operator_v3']) retrieved from /home/airflow/.local/lib/python3.7/site-packages/airflow/example_dags/example_branch_python_dop_operator_3.py
[2023-03-12 14:58:31,374] {logging_mixin.py:109} INFO - [2023-03-12 14:58:31,374] {dag.py:2396} INFO - Sync 1 DAGs
[2023-03-12 14:58:31,484] {logging_mixin.py:109} INFO - [2023-03-12 14:58:31,483] {dag.py:2935} INFO - Setting next_dagrun for example_branch_dop_operator_v3 to 2023-03-12T14:57:00+00:00
[2023-03-12 14:58:31,519] {processor.py:171} INFO - Processing /home/airflow/.local/lib/python3.7/site-packages/airflow/example_dags/example_branch_python_dop_operator_3.py took 0.263 seconds
