[2023-03-12 14:28:14,726] {processor.py:163} INFO - Started process (PID=775) to work on /home/airflow/.local/lib/python3.7/site-packages/airflow/example_dags/example_time_delta_sensor_async.py
[2023-03-12 14:28:14,733] {processor.py:642} INFO - Processing file /home/airflow/.local/lib/python3.7/site-packages/airflow/example_dags/example_time_delta_sensor_async.py for tasks to queue
[2023-03-12 14:28:14,737] {logging_mixin.py:109} INFO - [2023-03-12 14:28:14,737] {dagbag.py:500} INFO - Filling up the DagBag from /home/airflow/.local/lib/python3.7/site-packages/airflow/example_dags/example_time_delta_sensor_async.py
[2023-03-12 14:28:14,837] {processor.py:654} INFO - DAG(s) dict_keys(['example_time_delta_sensor_async']) retrieved from /home/airflow/.local/lib/python3.7/site-packages/airflow/example_dags/example_time_delta_sensor_async.py
[2023-03-12 14:28:24,305] {logging_mixin.py:109} INFO - [2023-03-12 14:28:24,304] {manager.py:496} INFO - Created Permission View: can edit on DAG:example_time_delta_sensor_async
[2023-03-12 14:28:24,336] {logging_mixin.py:109} INFO - [2023-03-12 14:28:24,336] {manager.py:496} INFO - Created Permission View: can read on DAG:example_time_delta_sensor_async
[2023-03-12 14:28:24,341] {logging_mixin.py:109} INFO - [2023-03-12 14:28:24,339] {dag.py:2396} INFO - Sync 1 DAGs
[2023-03-12 14:28:24,374] {logging_mixin.py:109} INFO - [2023-03-12 14:28:24,372] {dag.py:2415} INFO - Creating ORM DAG for example_time_delta_sensor_async
[2023-03-12 14:28:24,411] {logging_mixin.py:109} INFO - [2023-03-12 14:28:24,410] {dag.py:2935} INFO - Setting next_dagrun for example_time_delta_sensor_async to None
[2023-03-12 14:28:24,480] {processor.py:171} INFO - Processing /home/airflow/.local/lib/python3.7/site-packages/airflow/example_dags/example_time_delta_sensor_async.py took 9.762 seconds
[2023-03-12 14:38:49,903] {processor.py:163} INFO - Started process (PID=1136) to work on /home/airflow/.local/lib/python3.7/site-packages/airflow/example_dags/example_time_delta_sensor_async.py
[2023-03-12 14:38:49,923] {processor.py:642} INFO - Processing file /home/airflow/.local/lib/python3.7/site-packages/airflow/example_dags/example_time_delta_sensor_async.py for tasks to queue
[2023-03-12 14:38:49,927] {logging_mixin.py:109} INFO - [2023-03-12 14:38:49,927] {dagbag.py:500} INFO - Filling up the DagBag from /home/airflow/.local/lib/python3.7/site-packages/airflow/example_dags/example_time_delta_sensor_async.py
[2023-03-12 14:38:50,152] {processor.py:654} INFO - DAG(s) dict_keys(['example_time_delta_sensor_async']) retrieved from /home/airflow/.local/lib/python3.7/site-packages/airflow/example_dags/example_time_delta_sensor_async.py
[2023-03-12 14:38:50,316] {logging_mixin.py:109} INFO - [2023-03-12 14:38:50,316] {dag.py:2396} INFO - Sync 1 DAGs
[2023-03-12 14:38:50,560] {logging_mixin.py:109} INFO - [2023-03-12 14:38:50,560] {dag.py:2935} INFO - Setting next_dagrun for example_time_delta_sensor_async to None
[2023-03-12 14:38:50,776] {processor.py:171} INFO - Processing /home/airflow/.local/lib/python3.7/site-packages/airflow/example_dags/example_time_delta_sensor_async.py took 0.886 seconds
[2023-03-12 14:39:29,885] {processor.py:163} INFO - Started process (PID=1354) to work on /home/airflow/.local/lib/python3.7/site-packages/airflow/example_dags/example_time_delta_sensor_async.py
[2023-03-12 14:39:29,914] {processor.py:642} INFO - Processing file /home/airflow/.local/lib/python3.7/site-packages/airflow/example_dags/example_time_delta_sensor_async.py for tasks to queue
[2023-03-12 14:39:29,919] {logging_mixin.py:109} INFO - [2023-03-12 14:39:29,918] {dagbag.py:500} INFO - Filling up the DagBag from /home/airflow/.local/lib/python3.7/site-packages/airflow/example_dags/example_time_delta_sensor_async.py
[2023-03-12 14:39:30,049] {processor.py:654} INFO - DAG(s) dict_keys(['example_time_delta_sensor_async']) retrieved from /home/airflow/.local/lib/python3.7/site-packages/airflow/example_dags/example_time_delta_sensor_async.py
[2023-03-12 14:39:30,089] {logging_mixin.py:109} INFO - [2023-03-12 14:39:30,088] {dag.py:2396} INFO - Sync 1 DAGs
[2023-03-12 14:39:30,238] {logging_mixin.py:109} INFO - [2023-03-12 14:39:30,238] {dag.py:2935} INFO - Setting next_dagrun for example_time_delta_sensor_async to None
[2023-03-12 14:39:30,406] {processor.py:171} INFO - Processing /home/airflow/.local/lib/python3.7/site-packages/airflow/example_dags/example_time_delta_sensor_async.py took 0.567 seconds
[2023-03-12 14:40:06,418] {processor.py:163} INFO - Started process (PID=1572) to work on /home/airflow/.local/lib/python3.7/site-packages/airflow/example_dags/example_time_delta_sensor_async.py
[2023-03-12 14:40:06,432] {processor.py:642} INFO - Processing file /home/airflow/.local/lib/python3.7/site-packages/airflow/example_dags/example_time_delta_sensor_async.py for tasks to queue
[2023-03-12 14:40:06,445] {logging_mixin.py:109} INFO - [2023-03-12 14:40:06,443] {dagbag.py:500} INFO - Filling up the DagBag from /home/airflow/.local/lib/python3.7/site-packages/airflow/example_dags/example_time_delta_sensor_async.py
[2023-03-12 14:40:06,599] {processor.py:654} INFO - DAG(s) dict_keys(['example_time_delta_sensor_async']) retrieved from /home/airflow/.local/lib/python3.7/site-packages/airflow/example_dags/example_time_delta_sensor_async.py
[2023-03-12 14:40:06,683] {logging_mixin.py:109} INFO - [2023-03-12 14:40:06,683] {dag.py:2396} INFO - Sync 1 DAGs
[2023-03-12 14:40:06,810] {logging_mixin.py:109} INFO - [2023-03-12 14:40:06,810] {dag.py:2935} INFO - Setting next_dagrun for example_time_delta_sensor_async to None
[2023-03-12 14:40:06,871] {processor.py:171} INFO - Processing /home/airflow/.local/lib/python3.7/site-packages/airflow/example_dags/example_time_delta_sensor_async.py took 0.463 seconds
[2023-03-12 14:40:42,206] {processor.py:163} INFO - Started process (PID=1808) to work on /home/airflow/.local/lib/python3.7/site-packages/airflow/example_dags/example_time_delta_sensor_async.py
[2023-03-12 14:40:42,218] {processor.py:642} INFO - Processing file /home/airflow/.local/lib/python3.7/site-packages/airflow/example_dags/example_time_delta_sensor_async.py for tasks to queue
[2023-03-12 14:40:42,223] {logging_mixin.py:109} INFO - [2023-03-12 14:40:42,222] {dagbag.py:500} INFO - Filling up the DagBag from /home/airflow/.local/lib/python3.7/site-packages/airflow/example_dags/example_time_delta_sensor_async.py
[2023-03-12 14:40:42,322] {processor.py:654} INFO - DAG(s) dict_keys(['example_time_delta_sensor_async']) retrieved from /home/airflow/.local/lib/python3.7/site-packages/airflow/example_dags/example_time_delta_sensor_async.py
[2023-03-12 14:40:42,401] {logging_mixin.py:109} INFO - [2023-03-12 14:40:42,400] {dag.py:2396} INFO - Sync 1 DAGs
[2023-03-12 14:40:42,579] {logging_mixin.py:109} INFO - [2023-03-12 14:40:42,578] {dag.py:2935} INFO - Setting next_dagrun for example_time_delta_sensor_async to None
[2023-03-12 14:40:42,736] {processor.py:171} INFO - Processing /home/airflow/.local/lib/python3.7/site-packages/airflow/example_dags/example_time_delta_sensor_async.py took 0.545 seconds
[2023-03-12 14:41:19,198] {processor.py:163} INFO - Started process (PID=2049) to work on /home/airflow/.local/lib/python3.7/site-packages/airflow/example_dags/example_time_delta_sensor_async.py
[2023-03-12 14:41:19,217] {processor.py:642} INFO - Processing file /home/airflow/.local/lib/python3.7/site-packages/airflow/example_dags/example_time_delta_sensor_async.py for tasks to queue
[2023-03-12 14:41:19,231] {logging_mixin.py:109} INFO - [2023-03-12 14:41:19,231] {dagbag.py:500} INFO - Filling up the DagBag from /home/airflow/.local/lib/python3.7/site-packages/airflow/example_dags/example_time_delta_sensor_async.py
[2023-03-12 14:41:19,460] {processor.py:654} INFO - DAG(s) dict_keys(['example_time_delta_sensor_async']) retrieved from /home/airflow/.local/lib/python3.7/site-packages/airflow/example_dags/example_time_delta_sensor_async.py
[2023-03-12 14:41:19,550] {logging_mixin.py:109} INFO - [2023-03-12 14:41:19,550] {dag.py:2396} INFO - Sync 1 DAGs
[2023-03-12 14:41:19,641] {logging_mixin.py:109} INFO - [2023-03-12 14:41:19,641] {dag.py:2935} INFO - Setting next_dagrun for example_time_delta_sensor_async to None
[2023-03-12 14:41:19,689] {processor.py:171} INFO - Processing /home/airflow/.local/lib/python3.7/site-packages/airflow/example_dags/example_time_delta_sensor_async.py took 0.516 seconds
[2023-03-12 14:42:08,987] {processor.py:163} INFO - Started process (PID=2369) to work on /home/airflow/.local/lib/python3.7/site-packages/airflow/example_dags/example_time_delta_sensor_async.py
[2023-03-12 14:42:09,001] {processor.py:642} INFO - Processing file /home/airflow/.local/lib/python3.7/site-packages/airflow/example_dags/example_time_delta_sensor_async.py for tasks to queue
[2023-03-12 14:42:09,006] {logging_mixin.py:109} INFO - [2023-03-12 14:42:09,006] {dagbag.py:500} INFO - Filling up the DagBag from /home/airflow/.local/lib/python3.7/site-packages/airflow/example_dags/example_time_delta_sensor_async.py
[2023-03-12 14:42:09,230] {processor.py:654} INFO - DAG(s) dict_keys(['example_time_delta_sensor_async']) retrieved from /home/airflow/.local/lib/python3.7/site-packages/airflow/example_dags/example_time_delta_sensor_async.py
[2023-03-12 14:42:09,328] {logging_mixin.py:109} INFO - [2023-03-12 14:42:09,327] {dag.py:2396} INFO - Sync 1 DAGs
[2023-03-12 14:42:09,593] {logging_mixin.py:109} INFO - [2023-03-12 14:42:09,592] {dag.py:2935} INFO - Setting next_dagrun for example_time_delta_sensor_async to None
[2023-03-12 14:42:09,792] {processor.py:171} INFO - Processing /home/airflow/.local/lib/python3.7/site-packages/airflow/example_dags/example_time_delta_sensor_async.py took 0.813 seconds
[2023-03-12 14:42:39,931] {processor.py:163} INFO - Started process (PID=2589) to work on /home/airflow/.local/lib/python3.7/site-packages/airflow/example_dags/example_time_delta_sensor_async.py
[2023-03-12 14:42:39,936] {processor.py:642} INFO - Processing file /home/airflow/.local/lib/python3.7/site-packages/airflow/example_dags/example_time_delta_sensor_async.py for tasks to queue
[2023-03-12 14:42:39,939] {logging_mixin.py:109} INFO - [2023-03-12 14:42:39,938] {dagbag.py:500} INFO - Filling up the DagBag from /home/airflow/.local/lib/python3.7/site-packages/airflow/example_dags/example_time_delta_sensor_async.py
[2023-03-12 14:42:40,045] {processor.py:654} INFO - DAG(s) dict_keys(['example_time_delta_sensor_async']) retrieved from /home/airflow/.local/lib/python3.7/site-packages/airflow/example_dags/example_time_delta_sensor_async.py
[2023-03-12 14:42:40,089] {logging_mixin.py:109} INFO - [2023-03-12 14:42:40,089] {dag.py:2396} INFO - Sync 1 DAGs
[2023-03-12 14:42:40,143] {logging_mixin.py:109} INFO - [2023-03-12 14:42:40,142] {dag.py:2935} INFO - Setting next_dagrun for example_time_delta_sensor_async to None
[2023-03-12 14:42:40,171] {processor.py:171} INFO - Processing /home/airflow/.local/lib/python3.7/site-packages/airflow/example_dags/example_time_delta_sensor_async.py took 0.248 seconds
[2023-03-12 14:43:10,456] {processor.py:163} INFO - Started process (PID=2795) to work on /home/airflow/.local/lib/python3.7/site-packages/airflow/example_dags/example_time_delta_sensor_async.py
[2023-03-12 14:43:10,464] {processor.py:642} INFO - Processing file /home/airflow/.local/lib/python3.7/site-packages/airflow/example_dags/example_time_delta_sensor_async.py for tasks to queue
[2023-03-12 14:43:10,469] {logging_mixin.py:109} INFO - [2023-03-12 14:43:10,468] {dagbag.py:500} INFO - Filling up the DagBag from /home/airflow/.local/lib/python3.7/site-packages/airflow/example_dags/example_time_delta_sensor_async.py
[2023-03-12 14:43:10,544] {processor.py:654} INFO - DAG(s) dict_keys(['example_time_delta_sensor_async']) retrieved from /home/airflow/.local/lib/python3.7/site-packages/airflow/example_dags/example_time_delta_sensor_async.py
[2023-03-12 14:43:10,592] {logging_mixin.py:109} INFO - [2023-03-12 14:43:10,592] {dag.py:2396} INFO - Sync 1 DAGs
[2023-03-12 14:43:10,652] {logging_mixin.py:109} INFO - [2023-03-12 14:43:10,651] {dag.py:2935} INFO - Setting next_dagrun for example_time_delta_sensor_async to None
[2023-03-12 14:43:10,684] {processor.py:171} INFO - Processing /home/airflow/.local/lib/python3.7/site-packages/airflow/example_dags/example_time_delta_sensor_async.py took 0.251 seconds
[2023-03-12 14:43:40,968] {processor.py:163} INFO - Started process (PID=3019) to work on /home/airflow/.local/lib/python3.7/site-packages/airflow/example_dags/example_time_delta_sensor_async.py
[2023-03-12 14:43:40,976] {processor.py:642} INFO - Processing file /home/airflow/.local/lib/python3.7/site-packages/airflow/example_dags/example_time_delta_sensor_async.py for tasks to queue
[2023-03-12 14:43:40,981] {logging_mixin.py:109} INFO - [2023-03-12 14:43:40,981] {dagbag.py:500} INFO - Filling up the DagBag from /home/airflow/.local/lib/python3.7/site-packages/airflow/example_dags/example_time_delta_sensor_async.py
[2023-03-12 14:43:41,081] {processor.py:654} INFO - DAG(s) dict_keys(['example_time_delta_sensor_async']) retrieved from /home/airflow/.local/lib/python3.7/site-packages/airflow/example_dags/example_time_delta_sensor_async.py
[2023-03-12 14:43:41,114] {logging_mixin.py:109} INFO - [2023-03-12 14:43:41,114] {dag.py:2396} INFO - Sync 1 DAGs
[2023-03-12 14:43:41,168] {logging_mixin.py:109} INFO - [2023-03-12 14:43:41,167] {dag.py:2935} INFO - Setting next_dagrun for example_time_delta_sensor_async to None
[2023-03-12 14:43:41,208] {processor.py:171} INFO - Processing /home/airflow/.local/lib/python3.7/site-packages/airflow/example_dags/example_time_delta_sensor_async.py took 0.248 seconds
[2023-03-12 14:44:11,492] {processor.py:163} INFO - Started process (PID=3225) to work on /home/airflow/.local/lib/python3.7/site-packages/airflow/example_dags/example_time_delta_sensor_async.py
[2023-03-12 14:44:11,497] {processor.py:642} INFO - Processing file /home/airflow/.local/lib/python3.7/site-packages/airflow/example_dags/example_time_delta_sensor_async.py for tasks to queue
[2023-03-12 14:44:11,500] {logging_mixin.py:109} INFO - [2023-03-12 14:44:11,499] {dagbag.py:500} INFO - Filling up the DagBag from /home/airflow/.local/lib/python3.7/site-packages/airflow/example_dags/example_time_delta_sensor_async.py
[2023-03-12 14:44:11,566] {processor.py:654} INFO - DAG(s) dict_keys(['example_time_delta_sensor_async']) retrieved from /home/airflow/.local/lib/python3.7/site-packages/airflow/example_dags/example_time_delta_sensor_async.py
[2023-03-12 14:44:11,601] {logging_mixin.py:109} INFO - [2023-03-12 14:44:11,600] {dag.py:2396} INFO - Sync 1 DAGs
[2023-03-12 14:44:11,650] {logging_mixin.py:109} INFO - [2023-03-12 14:44:11,649] {dag.py:2935} INFO - Setting next_dagrun for example_time_delta_sensor_async to None
[2023-03-12 14:44:11,674] {processor.py:171} INFO - Processing /home/airflow/.local/lib/python3.7/site-packages/airflow/example_dags/example_time_delta_sensor_async.py took 0.188 seconds
[2023-03-12 14:44:42,959] {processor.py:163} INFO - Started process (PID=3451) to work on /home/airflow/.local/lib/python3.7/site-packages/airflow/example_dags/example_time_delta_sensor_async.py
[2023-03-12 14:44:42,967] {processor.py:642} INFO - Processing file /home/airflow/.local/lib/python3.7/site-packages/airflow/example_dags/example_time_delta_sensor_async.py for tasks to queue
[2023-03-12 14:44:42,970] {logging_mixin.py:109} INFO - [2023-03-12 14:44:42,969] {dagbag.py:500} INFO - Filling up the DagBag from /home/airflow/.local/lib/python3.7/site-packages/airflow/example_dags/example_time_delta_sensor_async.py
[2023-03-12 14:44:43,038] {processor.py:654} INFO - DAG(s) dict_keys(['example_time_delta_sensor_async']) retrieved from /home/airflow/.local/lib/python3.7/site-packages/airflow/example_dags/example_time_delta_sensor_async.py
[2023-03-12 14:44:43,071] {logging_mixin.py:109} INFO - [2023-03-12 14:44:43,071] {dag.py:2396} INFO - Sync 1 DAGs
[2023-03-12 14:44:43,124] {logging_mixin.py:109} INFO - [2023-03-12 14:44:43,123] {dag.py:2935} INFO - Setting next_dagrun for example_time_delta_sensor_async to None
[2023-03-12 14:44:43,173] {processor.py:171} INFO - Processing /home/airflow/.local/lib/python3.7/site-packages/airflow/example_dags/example_time_delta_sensor_async.py took 0.222 seconds
[2023-03-12 14:45:15,434] {processor.py:163} INFO - Started process (PID=3669) to work on /home/airflow/.local/lib/python3.7/site-packages/airflow/example_dags/example_time_delta_sensor_async.py
[2023-03-12 14:45:15,454] {processor.py:642} INFO - Processing file /home/airflow/.local/lib/python3.7/site-packages/airflow/example_dags/example_time_delta_sensor_async.py for tasks to queue
[2023-03-12 14:45:15,459] {logging_mixin.py:109} INFO - [2023-03-12 14:45:15,459] {dagbag.py:500} INFO - Filling up the DagBag from /home/airflow/.local/lib/python3.7/site-packages/airflow/example_dags/example_time_delta_sensor_async.py
[2023-03-12 14:45:15,808] {processor.py:654} INFO - DAG(s) dict_keys(['example_time_delta_sensor_async']) retrieved from /home/airflow/.local/lib/python3.7/site-packages/airflow/example_dags/example_time_delta_sensor_async.py
[2023-03-12 14:45:15,884] {logging_mixin.py:109} INFO - [2023-03-12 14:45:15,883] {dag.py:2396} INFO - Sync 1 DAGs
[2023-03-12 14:45:15,988] {logging_mixin.py:109} INFO - [2023-03-12 14:45:15,987] {dag.py:2935} INFO - Setting next_dagrun for example_time_delta_sensor_async to None
[2023-03-12 14:45:16,028] {processor.py:171} INFO - Processing /home/airflow/.local/lib/python3.7/site-packages/airflow/example_dags/example_time_delta_sensor_async.py took 0.615 seconds
[2023-03-12 14:45:48,203] {processor.py:163} INFO - Started process (PID=3883) to work on /home/airflow/.local/lib/python3.7/site-packages/airflow/example_dags/example_time_delta_sensor_async.py
[2023-03-12 14:45:48,211] {processor.py:642} INFO - Processing file /home/airflow/.local/lib/python3.7/site-packages/airflow/example_dags/example_time_delta_sensor_async.py for tasks to queue
[2023-03-12 14:45:48,216] {logging_mixin.py:109} INFO - [2023-03-12 14:45:48,216] {dagbag.py:500} INFO - Filling up the DagBag from /home/airflow/.local/lib/python3.7/site-packages/airflow/example_dags/example_time_delta_sensor_async.py
[2023-03-12 14:45:48,343] {processor.py:654} INFO - DAG(s) dict_keys(['example_time_delta_sensor_async']) retrieved from /home/airflow/.local/lib/python3.7/site-packages/airflow/example_dags/example_time_delta_sensor_async.py
[2023-03-12 14:45:48,400] {logging_mixin.py:109} INFO - [2023-03-12 14:45:48,399] {dag.py:2396} INFO - Sync 1 DAGs
[2023-03-12 14:45:48,501] {logging_mixin.py:109} INFO - [2023-03-12 14:45:48,501] {dag.py:2935} INFO - Setting next_dagrun for example_time_delta_sensor_async to None
[2023-03-12 14:45:48,545] {processor.py:171} INFO - Processing /home/airflow/.local/lib/python3.7/site-packages/airflow/example_dags/example_time_delta_sensor_async.py took 0.355 seconds
[2023-03-12 14:46:20,755] {processor.py:163} INFO - Started process (PID=4106) to work on /home/airflow/.local/lib/python3.7/site-packages/airflow/example_dags/example_time_delta_sensor_async.py
[2023-03-12 14:46:20,762] {processor.py:642} INFO - Processing file /home/airflow/.local/lib/python3.7/site-packages/airflow/example_dags/example_time_delta_sensor_async.py for tasks to queue
[2023-03-12 14:46:20,767] {logging_mixin.py:109} INFO - [2023-03-12 14:46:20,766] {dagbag.py:500} INFO - Filling up the DagBag from /home/airflow/.local/lib/python3.7/site-packages/airflow/example_dags/example_time_delta_sensor_async.py
[2023-03-12 14:46:20,911] {processor.py:654} INFO - DAG(s) dict_keys(['example_time_delta_sensor_async']) retrieved from /home/airflow/.local/lib/python3.7/site-packages/airflow/example_dags/example_time_delta_sensor_async.py
[2023-03-12 14:46:21,011] {logging_mixin.py:109} INFO - [2023-03-12 14:46:21,010] {dag.py:2396} INFO - Sync 1 DAGs
[2023-03-12 14:46:21,081] {logging_mixin.py:109} INFO - [2023-03-12 14:46:21,081] {dag.py:2935} INFO - Setting next_dagrun for example_time_delta_sensor_async to None
[2023-03-12 14:46:21,164] {processor.py:171} INFO - Processing /home/airflow/.local/lib/python3.7/site-packages/airflow/example_dags/example_time_delta_sensor_async.py took 0.420 seconds
[2023-03-12 14:46:51,617] {processor.py:163} INFO - Started process (PID=4314) to work on /home/airflow/.local/lib/python3.7/site-packages/airflow/example_dags/example_time_delta_sensor_async.py
[2023-03-12 14:46:51,629] {processor.py:642} INFO - Processing file /home/airflow/.local/lib/python3.7/site-packages/airflow/example_dags/example_time_delta_sensor_async.py for tasks to queue
[2023-03-12 14:46:51,633] {logging_mixin.py:109} INFO - [2023-03-12 14:46:51,633] {dagbag.py:500} INFO - Filling up the DagBag from /home/airflow/.local/lib/python3.7/site-packages/airflow/example_dags/example_time_delta_sensor_async.py
[2023-03-12 14:46:51,701] {processor.py:654} INFO - DAG(s) dict_keys(['example_time_delta_sensor_async']) retrieved from /home/airflow/.local/lib/python3.7/site-packages/airflow/example_dags/example_time_delta_sensor_async.py
[2023-03-12 14:46:51,733] {logging_mixin.py:109} INFO - [2023-03-12 14:46:51,732] {dag.py:2396} INFO - Sync 1 DAGs
[2023-03-12 14:46:51,781] {logging_mixin.py:109} INFO - [2023-03-12 14:46:51,780] {dag.py:2935} INFO - Setting next_dagrun for example_time_delta_sensor_async to None
[2023-03-12 14:46:51,804] {processor.py:171} INFO - Processing /home/airflow/.local/lib/python3.7/site-packages/airflow/example_dags/example_time_delta_sensor_async.py took 0.193 seconds
[2023-03-12 14:47:24,017] {processor.py:163} INFO - Started process (PID=4537) to work on /home/airflow/.local/lib/python3.7/site-packages/airflow/example_dags/example_time_delta_sensor_async.py
[2023-03-12 14:47:24,024] {processor.py:642} INFO - Processing file /home/airflow/.local/lib/python3.7/site-packages/airflow/example_dags/example_time_delta_sensor_async.py for tasks to queue
[2023-03-12 14:47:24,028] {logging_mixin.py:109} INFO - [2023-03-12 14:47:24,028] {dagbag.py:500} INFO - Filling up the DagBag from /home/airflow/.local/lib/python3.7/site-packages/airflow/example_dags/example_time_delta_sensor_async.py
[2023-03-12 14:47:24,128] {processor.py:654} INFO - DAG(s) dict_keys(['example_time_delta_sensor_async']) retrieved from /home/airflow/.local/lib/python3.7/site-packages/airflow/example_dags/example_time_delta_sensor_async.py
[2023-03-12 14:47:24,185] {logging_mixin.py:109} INFO - [2023-03-12 14:47:24,185] {dag.py:2396} INFO - Sync 1 DAGs
[2023-03-12 14:47:24,261] {logging_mixin.py:109} INFO - [2023-03-12 14:47:24,261] {dag.py:2935} INFO - Setting next_dagrun for example_time_delta_sensor_async to None
[2023-03-12 14:47:24,295] {processor.py:171} INFO - Processing /home/airflow/.local/lib/python3.7/site-packages/airflow/example_dags/example_time_delta_sensor_async.py took 0.296 seconds
[2023-03-12 14:47:55,821] {processor.py:163} INFO - Started process (PID=4756) to work on /home/airflow/.local/lib/python3.7/site-packages/airflow/example_dags/example_time_delta_sensor_async.py
[2023-03-12 14:47:55,827] {processor.py:642} INFO - Processing file /home/airflow/.local/lib/python3.7/site-packages/airflow/example_dags/example_time_delta_sensor_async.py for tasks to queue
[2023-03-12 14:47:55,831] {logging_mixin.py:109} INFO - [2023-03-12 14:47:55,830] {dagbag.py:500} INFO - Filling up the DagBag from /home/airflow/.local/lib/python3.7/site-packages/airflow/example_dags/example_time_delta_sensor_async.py
[2023-03-12 14:47:55,911] {processor.py:654} INFO - DAG(s) dict_keys(['example_time_delta_sensor_async']) retrieved from /home/airflow/.local/lib/python3.7/site-packages/airflow/example_dags/example_time_delta_sensor_async.py
[2023-03-12 14:47:55,952] {logging_mixin.py:109} INFO - [2023-03-12 14:47:55,951] {dag.py:2396} INFO - Sync 1 DAGs
[2023-03-12 14:47:56,019] {logging_mixin.py:109} INFO - [2023-03-12 14:47:56,019] {dag.py:2935} INFO - Setting next_dagrun for example_time_delta_sensor_async to None
[2023-03-12 14:47:56,076] {processor.py:171} INFO - Processing /home/airflow/.local/lib/python3.7/site-packages/airflow/example_dags/example_time_delta_sensor_async.py took 0.263 seconds
[2023-03-12 14:48:26,579] {processor.py:163} INFO - Started process (PID=4963) to work on /home/airflow/.local/lib/python3.7/site-packages/airflow/example_dags/example_time_delta_sensor_async.py
[2023-03-12 14:48:26,594] {processor.py:642} INFO - Processing file /home/airflow/.local/lib/python3.7/site-packages/airflow/example_dags/example_time_delta_sensor_async.py for tasks to queue
[2023-03-12 14:48:26,598] {logging_mixin.py:109} INFO - [2023-03-12 14:48:26,598] {dagbag.py:500} INFO - Filling up the DagBag from /home/airflow/.local/lib/python3.7/site-packages/airflow/example_dags/example_time_delta_sensor_async.py
[2023-03-12 14:48:26,681] {processor.py:654} INFO - DAG(s) dict_keys(['example_time_delta_sensor_async']) retrieved from /home/airflow/.local/lib/python3.7/site-packages/airflow/example_dags/example_time_delta_sensor_async.py
[2023-03-12 14:48:26,726] {logging_mixin.py:109} INFO - [2023-03-12 14:48:26,726] {dag.py:2396} INFO - Sync 1 DAGs
[2023-03-12 14:48:26,790] {logging_mixin.py:109} INFO - [2023-03-12 14:48:26,789] {dag.py:2935} INFO - Setting next_dagrun for example_time_delta_sensor_async to None
[2023-03-12 14:48:26,825] {processor.py:171} INFO - Processing /home/airflow/.local/lib/python3.7/site-packages/airflow/example_dags/example_time_delta_sensor_async.py took 0.254 seconds
[2023-03-12 14:48:56,980] {processor.py:163} INFO - Started process (PID=5179) to work on /home/airflow/.local/lib/python3.7/site-packages/airflow/example_dags/example_time_delta_sensor_async.py
[2023-03-12 14:48:56,987] {processor.py:642} INFO - Processing file /home/airflow/.local/lib/python3.7/site-packages/airflow/example_dags/example_time_delta_sensor_async.py for tasks to queue
[2023-03-12 14:48:56,992] {logging_mixin.py:109} INFO - [2023-03-12 14:48:56,991] {dagbag.py:500} INFO - Filling up the DagBag from /home/airflow/.local/lib/python3.7/site-packages/airflow/example_dags/example_time_delta_sensor_async.py
[2023-03-12 14:48:57,080] {processor.py:654} INFO - DAG(s) dict_keys(['example_time_delta_sensor_async']) retrieved from /home/airflow/.local/lib/python3.7/site-packages/airflow/example_dags/example_time_delta_sensor_async.py
[2023-03-12 14:48:57,169] {logging_mixin.py:109} INFO - [2023-03-12 14:48:57,168] {dag.py:2396} INFO - Sync 1 DAGs
[2023-03-12 14:48:57,244] {logging_mixin.py:109} INFO - [2023-03-12 14:48:57,244] {dag.py:2935} INFO - Setting next_dagrun for example_time_delta_sensor_async to None
[2023-03-12 14:48:57,280] {processor.py:171} INFO - Processing /home/airflow/.local/lib/python3.7/site-packages/airflow/example_dags/example_time_delta_sensor_async.py took 0.311 seconds
[2023-03-12 14:49:27,632] {processor.py:163} INFO - Started process (PID=5388) to work on /home/airflow/.local/lib/python3.7/site-packages/airflow/example_dags/example_time_delta_sensor_async.py
[2023-03-12 14:49:27,643] {processor.py:642} INFO - Processing file /home/airflow/.local/lib/python3.7/site-packages/airflow/example_dags/example_time_delta_sensor_async.py for tasks to queue
[2023-03-12 14:49:27,649] {logging_mixin.py:109} INFO - [2023-03-12 14:49:27,648] {dagbag.py:500} INFO - Filling up the DagBag from /home/airflow/.local/lib/python3.7/site-packages/airflow/example_dags/example_time_delta_sensor_async.py
[2023-03-12 14:49:27,804] {processor.py:654} INFO - DAG(s) dict_keys(['example_time_delta_sensor_async']) retrieved from /home/airflow/.local/lib/python3.7/site-packages/airflow/example_dags/example_time_delta_sensor_async.py
[2023-03-12 14:49:27,912] {logging_mixin.py:109} INFO - [2023-03-12 14:49:27,911] {dag.py:2396} INFO - Sync 1 DAGs
[2023-03-12 14:49:28,067] {logging_mixin.py:109} INFO - [2023-03-12 14:49:28,066] {dag.py:2935} INFO - Setting next_dagrun for example_time_delta_sensor_async to None
[2023-03-12 14:49:28,118] {processor.py:171} INFO - Processing /home/airflow/.local/lib/python3.7/site-packages/airflow/example_dags/example_time_delta_sensor_async.py took 0.520 seconds
[2023-03-12 14:49:58,486] {processor.py:163} INFO - Started process (PID=5613) to work on /home/airflow/.local/lib/python3.7/site-packages/airflow/example_dags/example_time_delta_sensor_async.py
[2023-03-12 14:49:58,493] {processor.py:642} INFO - Processing file /home/airflow/.local/lib/python3.7/site-packages/airflow/example_dags/example_time_delta_sensor_async.py for tasks to queue
[2023-03-12 14:49:58,506] {logging_mixin.py:109} INFO - [2023-03-12 14:49:58,505] {dagbag.py:500} INFO - Filling up the DagBag from /home/airflow/.local/lib/python3.7/site-packages/airflow/example_dags/example_time_delta_sensor_async.py
[2023-03-12 14:49:58,636] {processor.py:654} INFO - DAG(s) dict_keys(['example_time_delta_sensor_async']) retrieved from /home/airflow/.local/lib/python3.7/site-packages/airflow/example_dags/example_time_delta_sensor_async.py
[2023-03-12 14:49:58,684] {logging_mixin.py:109} INFO - [2023-03-12 14:49:58,684] {dag.py:2396} INFO - Sync 1 DAGs
[2023-03-12 14:49:58,796] {logging_mixin.py:109} INFO - [2023-03-12 14:49:58,795] {dag.py:2935} INFO - Setting next_dagrun for example_time_delta_sensor_async to None
[2023-03-12 14:49:58,858] {processor.py:171} INFO - Processing /home/airflow/.local/lib/python3.7/site-packages/airflow/example_dags/example_time_delta_sensor_async.py took 0.383 seconds
[2023-03-12 14:50:29,537] {processor.py:163} INFO - Started process (PID=5820) to work on /home/airflow/.local/lib/python3.7/site-packages/airflow/example_dags/example_time_delta_sensor_async.py
[2023-03-12 14:50:29,549] {processor.py:642} INFO - Processing file /home/airflow/.local/lib/python3.7/site-packages/airflow/example_dags/example_time_delta_sensor_async.py for tasks to queue
[2023-03-12 14:50:29,556] {logging_mixin.py:109} INFO - [2023-03-12 14:50:29,555] {dagbag.py:500} INFO - Filling up the DagBag from /home/airflow/.local/lib/python3.7/site-packages/airflow/example_dags/example_time_delta_sensor_async.py
[2023-03-12 14:50:29,673] {processor.py:654} INFO - DAG(s) dict_keys(['example_time_delta_sensor_async']) retrieved from /home/airflow/.local/lib/python3.7/site-packages/airflow/example_dags/example_time_delta_sensor_async.py
[2023-03-12 14:50:29,728] {logging_mixin.py:109} INFO - [2023-03-12 14:50:29,728] {dag.py:2396} INFO - Sync 1 DAGs
[2023-03-12 14:50:29,798] {logging_mixin.py:109} INFO - [2023-03-12 14:50:29,797] {dag.py:2935} INFO - Setting next_dagrun for example_time_delta_sensor_async to None
[2023-03-12 14:50:29,828] {processor.py:171} INFO - Processing /home/airflow/.local/lib/python3.7/site-packages/airflow/example_dags/example_time_delta_sensor_async.py took 0.303 seconds
[2023-03-12 14:51:00,364] {processor.py:163} INFO - Started process (PID=6044) to work on /home/airflow/.local/lib/python3.7/site-packages/airflow/example_dags/example_time_delta_sensor_async.py
[2023-03-12 14:51:00,369] {processor.py:642} INFO - Processing file /home/airflow/.local/lib/python3.7/site-packages/airflow/example_dags/example_time_delta_sensor_async.py for tasks to queue
[2023-03-12 14:51:00,387] {logging_mixin.py:109} INFO - [2023-03-12 14:51:00,387] {dagbag.py:500} INFO - Filling up the DagBag from /home/airflow/.local/lib/python3.7/site-packages/airflow/example_dags/example_time_delta_sensor_async.py
[2023-03-12 14:51:00,479] {processor.py:654} INFO - DAG(s) dict_keys(['example_time_delta_sensor_async']) retrieved from /home/airflow/.local/lib/python3.7/site-packages/airflow/example_dags/example_time_delta_sensor_async.py
[2023-03-12 14:51:00,545] {logging_mixin.py:109} INFO - [2023-03-12 14:51:00,545] {dag.py:2396} INFO - Sync 1 DAGs
[2023-03-12 14:51:00,605] {logging_mixin.py:109} INFO - [2023-03-12 14:51:00,605] {dag.py:2935} INFO - Setting next_dagrun for example_time_delta_sensor_async to None
[2023-03-12 14:51:00,664] {processor.py:171} INFO - Processing /home/airflow/.local/lib/python3.7/site-packages/airflow/example_dags/example_time_delta_sensor_async.py took 0.310 seconds
[2023-03-12 14:51:31,069] {processor.py:163} INFO - Started process (PID=6251) to work on /home/airflow/.local/lib/python3.7/site-packages/airflow/example_dags/example_time_delta_sensor_async.py
[2023-03-12 14:51:31,074] {processor.py:642} INFO - Processing file /home/airflow/.local/lib/python3.7/site-packages/airflow/example_dags/example_time_delta_sensor_async.py for tasks to queue
[2023-03-12 14:51:31,077] {logging_mixin.py:109} INFO - [2023-03-12 14:51:31,077] {dagbag.py:500} INFO - Filling up the DagBag from /home/airflow/.local/lib/python3.7/site-packages/airflow/example_dags/example_time_delta_sensor_async.py
[2023-03-12 14:51:31,144] {processor.py:654} INFO - DAG(s) dict_keys(['example_time_delta_sensor_async']) retrieved from /home/airflow/.local/lib/python3.7/site-packages/airflow/example_dags/example_time_delta_sensor_async.py
[2023-03-12 14:51:31,190] {logging_mixin.py:109} INFO - [2023-03-12 14:51:31,189] {dag.py:2396} INFO - Sync 1 DAGs
[2023-03-12 14:51:31,237] {logging_mixin.py:109} INFO - [2023-03-12 14:51:31,237] {dag.py:2935} INFO - Setting next_dagrun for example_time_delta_sensor_async to None
[2023-03-12 14:51:31,262] {processor.py:171} INFO - Processing /home/airflow/.local/lib/python3.7/site-packages/airflow/example_dags/example_time_delta_sensor_async.py took 0.202 seconds
[2023-03-12 14:52:02,137] {processor.py:163} INFO - Started process (PID=6476) to work on /home/airflow/.local/lib/python3.7/site-packages/airflow/example_dags/example_time_delta_sensor_async.py
[2023-03-12 14:52:02,143] {processor.py:642} INFO - Processing file /home/airflow/.local/lib/python3.7/site-packages/airflow/example_dags/example_time_delta_sensor_async.py for tasks to queue
[2023-03-12 14:52:02,150] {logging_mixin.py:109} INFO - [2023-03-12 14:52:02,150] {dagbag.py:500} INFO - Filling up the DagBag from /home/airflow/.local/lib/python3.7/site-packages/airflow/example_dags/example_time_delta_sensor_async.py
[2023-03-12 14:52:02,223] {processor.py:654} INFO - DAG(s) dict_keys(['example_time_delta_sensor_async']) retrieved from /home/airflow/.local/lib/python3.7/site-packages/airflow/example_dags/example_time_delta_sensor_async.py
[2023-03-12 14:52:02,261] {logging_mixin.py:109} INFO - [2023-03-12 14:52:02,261] {dag.py:2396} INFO - Sync 1 DAGs
[2023-03-12 14:52:02,361] {logging_mixin.py:109} INFO - [2023-03-12 14:52:02,361] {dag.py:2935} INFO - Setting next_dagrun for example_time_delta_sensor_async to None
[2023-03-12 14:52:02,389] {processor.py:171} INFO - Processing /home/airflow/.local/lib/python3.7/site-packages/airflow/example_dags/example_time_delta_sensor_async.py took 0.259 seconds
[2023-03-12 14:52:32,696] {processor.py:163} INFO - Started process (PID=6683) to work on /home/airflow/.local/lib/python3.7/site-packages/airflow/example_dags/example_time_delta_sensor_async.py
[2023-03-12 14:52:32,703] {processor.py:642} INFO - Processing file /home/airflow/.local/lib/python3.7/site-packages/airflow/example_dags/example_time_delta_sensor_async.py for tasks to queue
[2023-03-12 14:52:32,707] {logging_mixin.py:109} INFO - [2023-03-12 14:52:32,707] {dagbag.py:500} INFO - Filling up the DagBag from /home/airflow/.local/lib/python3.7/site-packages/airflow/example_dags/example_time_delta_sensor_async.py
[2023-03-12 14:52:32,821] {processor.py:654} INFO - DAG(s) dict_keys(['example_time_delta_sensor_async']) retrieved from /home/airflow/.local/lib/python3.7/site-packages/airflow/example_dags/example_time_delta_sensor_async.py
[2023-03-12 14:52:32,895] {logging_mixin.py:109} INFO - [2023-03-12 14:52:32,894] {dag.py:2396} INFO - Sync 1 DAGs
[2023-03-12 14:52:32,948] {logging_mixin.py:109} INFO - [2023-03-12 14:52:32,948] {dag.py:2935} INFO - Setting next_dagrun for example_time_delta_sensor_async to None
[2023-03-12 14:52:32,973] {processor.py:171} INFO - Processing /home/airflow/.local/lib/python3.7/site-packages/airflow/example_dags/example_time_delta_sensor_async.py took 0.286 seconds
[2023-03-12 14:53:03,132] {processor.py:163} INFO - Started process (PID=6908) to work on /home/airflow/.local/lib/python3.7/site-packages/airflow/example_dags/example_time_delta_sensor_async.py
[2023-03-12 14:53:03,136] {processor.py:642} INFO - Processing file /home/airflow/.local/lib/python3.7/site-packages/airflow/example_dags/example_time_delta_sensor_async.py for tasks to queue
[2023-03-12 14:53:03,139] {logging_mixin.py:109} INFO - [2023-03-12 14:53:03,139] {dagbag.py:500} INFO - Filling up the DagBag from /home/airflow/.local/lib/python3.7/site-packages/airflow/example_dags/example_time_delta_sensor_async.py
[2023-03-12 14:53:03,211] {processor.py:654} INFO - DAG(s) dict_keys(['example_time_delta_sensor_async']) retrieved from /home/airflow/.local/lib/python3.7/site-packages/airflow/example_dags/example_time_delta_sensor_async.py
[2023-03-12 14:53:03,255] {logging_mixin.py:109} INFO - [2023-03-12 14:53:03,254] {dag.py:2396} INFO - Sync 1 DAGs
[2023-03-12 14:53:03,315] {logging_mixin.py:109} INFO - [2023-03-12 14:53:03,315] {dag.py:2935} INFO - Setting next_dagrun for example_time_delta_sensor_async to None
[2023-03-12 14:53:03,358] {processor.py:171} INFO - Processing /home/airflow/.local/lib/python3.7/site-packages/airflow/example_dags/example_time_delta_sensor_async.py took 0.233 seconds
[2023-03-12 14:53:33,691] {processor.py:163} INFO - Started process (PID=7114) to work on /home/airflow/.local/lib/python3.7/site-packages/airflow/example_dags/example_time_delta_sensor_async.py
[2023-03-12 14:53:33,696] {processor.py:642} INFO - Processing file /home/airflow/.local/lib/python3.7/site-packages/airflow/example_dags/example_time_delta_sensor_async.py for tasks to queue
[2023-03-12 14:53:33,735] {logging_mixin.py:109} INFO - [2023-03-12 14:53:33,735] {dagbag.py:500} INFO - Filling up the DagBag from /home/airflow/.local/lib/python3.7/site-packages/airflow/example_dags/example_time_delta_sensor_async.py
[2023-03-12 14:53:33,795] {processor.py:654} INFO - DAG(s) dict_keys(['example_time_delta_sensor_async']) retrieved from /home/airflow/.local/lib/python3.7/site-packages/airflow/example_dags/example_time_delta_sensor_async.py
[2023-03-12 14:53:33,824] {logging_mixin.py:109} INFO - [2023-03-12 14:53:33,823] {dag.py:2396} INFO - Sync 1 DAGs
[2023-03-12 14:53:33,867] {logging_mixin.py:109} INFO - [2023-03-12 14:53:33,866] {dag.py:2935} INFO - Setting next_dagrun for example_time_delta_sensor_async to None
[2023-03-12 14:53:33,889] {processor.py:171} INFO - Processing /home/airflow/.local/lib/python3.7/site-packages/airflow/example_dags/example_time_delta_sensor_async.py took 0.205 seconds
[2023-03-12 14:54:04,877] {processor.py:163} INFO - Started process (PID=7336) to work on /home/airflow/.local/lib/python3.7/site-packages/airflow/example_dags/example_time_delta_sensor_async.py
[2023-03-12 14:54:04,889] {processor.py:642} INFO - Processing file /home/airflow/.local/lib/python3.7/site-packages/airflow/example_dags/example_time_delta_sensor_async.py for tasks to queue
[2023-03-12 14:54:04,893] {logging_mixin.py:109} INFO - [2023-03-12 14:54:04,893] {dagbag.py:500} INFO - Filling up the DagBag from /home/airflow/.local/lib/python3.7/site-packages/airflow/example_dags/example_time_delta_sensor_async.py
[2023-03-12 14:54:05,009] {processor.py:654} INFO - DAG(s) dict_keys(['example_time_delta_sensor_async']) retrieved from /home/airflow/.local/lib/python3.7/site-packages/airflow/example_dags/example_time_delta_sensor_async.py
[2023-03-12 14:54:05,046] {logging_mixin.py:109} INFO - [2023-03-12 14:54:05,046] {dag.py:2396} INFO - Sync 1 DAGs
[2023-03-12 14:54:05,104] {logging_mixin.py:109} INFO - [2023-03-12 14:54:05,103] {dag.py:2935} INFO - Setting next_dagrun for example_time_delta_sensor_async to None
[2023-03-12 14:54:05,134] {processor.py:171} INFO - Processing /home/airflow/.local/lib/python3.7/site-packages/airflow/example_dags/example_time_delta_sensor_async.py took 0.265 seconds
[2023-03-12 14:54:35,302] {processor.py:163} INFO - Started process (PID=7550) to work on /home/airflow/.local/lib/python3.7/site-packages/airflow/example_dags/example_time_delta_sensor_async.py
[2023-03-12 14:54:35,315] {processor.py:642} INFO - Processing file /home/airflow/.local/lib/python3.7/site-packages/airflow/example_dags/example_time_delta_sensor_async.py for tasks to queue
[2023-03-12 14:54:35,334] {logging_mixin.py:109} INFO - [2023-03-12 14:54:35,333] {dagbag.py:500} INFO - Filling up the DagBag from /home/airflow/.local/lib/python3.7/site-packages/airflow/example_dags/example_time_delta_sensor_async.py
[2023-03-12 14:54:35,450] {processor.py:654} INFO - DAG(s) dict_keys(['example_time_delta_sensor_async']) retrieved from /home/airflow/.local/lib/python3.7/site-packages/airflow/example_dags/example_time_delta_sensor_async.py
[2023-03-12 14:54:35,486] {logging_mixin.py:109} INFO - [2023-03-12 14:54:35,486] {dag.py:2396} INFO - Sync 1 DAGs
[2023-03-12 14:54:35,539] {logging_mixin.py:109} INFO - [2023-03-12 14:54:35,539] {dag.py:2935} INFO - Setting next_dagrun for example_time_delta_sensor_async to None
[2023-03-12 14:54:35,566] {processor.py:171} INFO - Processing /home/airflow/.local/lib/python3.7/site-packages/airflow/example_dags/example_time_delta_sensor_async.py took 0.274 seconds
[2023-03-12 14:55:06,724] {processor.py:163} INFO - Started process (PID=7765) to work on /home/airflow/.local/lib/python3.7/site-packages/airflow/example_dags/example_time_delta_sensor_async.py
[2023-03-12 14:55:06,733] {processor.py:642} INFO - Processing file /home/airflow/.local/lib/python3.7/site-packages/airflow/example_dags/example_time_delta_sensor_async.py for tasks to queue
[2023-03-12 14:55:06,745] {logging_mixin.py:109} INFO - [2023-03-12 14:55:06,744] {dagbag.py:500} INFO - Filling up the DagBag from /home/airflow/.local/lib/python3.7/site-packages/airflow/example_dags/example_time_delta_sensor_async.py
[2023-03-12 14:55:07,225] {processor.py:654} INFO - DAG(s) dict_keys(['example_time_delta_sensor_async']) retrieved from /home/airflow/.local/lib/python3.7/site-packages/airflow/example_dags/example_time_delta_sensor_async.py
[2023-03-12 14:55:07,285] {logging_mixin.py:109} INFO - [2023-03-12 14:55:07,284] {dag.py:2396} INFO - Sync 1 DAGs
[2023-03-12 14:55:07,356] {logging_mixin.py:109} INFO - [2023-03-12 14:55:07,356] {dag.py:2935} INFO - Setting next_dagrun for example_time_delta_sensor_async to None
[2023-03-12 14:55:07,421] {processor.py:171} INFO - Processing /home/airflow/.local/lib/python3.7/site-packages/airflow/example_dags/example_time_delta_sensor_async.py took 0.719 seconds
[2023-03-12 14:55:37,710] {processor.py:163} INFO - Started process (PID=7993) to work on /home/airflow/.local/lib/python3.7/site-packages/airflow/example_dags/example_time_delta_sensor_async.py
[2023-03-12 14:55:37,717] {processor.py:642} INFO - Processing file /home/airflow/.local/lib/python3.7/site-packages/airflow/example_dags/example_time_delta_sensor_async.py for tasks to queue
[2023-03-12 14:55:37,722] {logging_mixin.py:109} INFO - [2023-03-12 14:55:37,721] {dagbag.py:500} INFO - Filling up the DagBag from /home/airflow/.local/lib/python3.7/site-packages/airflow/example_dags/example_time_delta_sensor_async.py
[2023-03-12 14:55:37,820] {processor.py:654} INFO - DAG(s) dict_keys(['example_time_delta_sensor_async']) retrieved from /home/airflow/.local/lib/python3.7/site-packages/airflow/example_dags/example_time_delta_sensor_async.py
[2023-03-12 14:55:37,899] {logging_mixin.py:109} INFO - [2023-03-12 14:55:37,898] {dag.py:2396} INFO - Sync 1 DAGs
[2023-03-12 14:55:37,974] {logging_mixin.py:109} INFO - [2023-03-12 14:55:37,974] {dag.py:2935} INFO - Setting next_dagrun for example_time_delta_sensor_async to None
[2023-03-12 14:55:38,007] {processor.py:171} INFO - Processing /home/airflow/.local/lib/python3.7/site-packages/airflow/example_dags/example_time_delta_sensor_async.py took 0.306 seconds
[2023-03-12 14:56:09,480] {processor.py:163} INFO - Started process (PID=8201) to work on /home/airflow/.local/lib/python3.7/site-packages/airflow/example_dags/example_time_delta_sensor_async.py
[2023-03-12 14:56:09,492] {processor.py:642} INFO - Processing file /home/airflow/.local/lib/python3.7/site-packages/airflow/example_dags/example_time_delta_sensor_async.py for tasks to queue
[2023-03-12 14:56:09,498] {logging_mixin.py:109} INFO - [2023-03-12 14:56:09,498] {dagbag.py:500} INFO - Filling up the DagBag from /home/airflow/.local/lib/python3.7/site-packages/airflow/example_dags/example_time_delta_sensor_async.py
[2023-03-12 14:56:09,725] {processor.py:654} INFO - DAG(s) dict_keys(['example_time_delta_sensor_async']) retrieved from /home/airflow/.local/lib/python3.7/site-packages/airflow/example_dags/example_time_delta_sensor_async.py
[2023-03-12 14:56:09,779] {logging_mixin.py:109} INFO - [2023-03-12 14:56:09,777] {dag.py:2396} INFO - Sync 1 DAGs
[2023-03-12 14:56:09,855] {logging_mixin.py:109} INFO - [2023-03-12 14:56:09,854] {dag.py:2935} INFO - Setting next_dagrun for example_time_delta_sensor_async to None
[2023-03-12 14:56:09,905] {processor.py:171} INFO - Processing /home/airflow/.local/lib/python3.7/site-packages/airflow/example_dags/example_time_delta_sensor_async.py took 0.436 seconds
[2023-03-12 14:56:40,294] {processor.py:163} INFO - Started process (PID=8424) to work on /home/airflow/.local/lib/python3.7/site-packages/airflow/example_dags/example_time_delta_sensor_async.py
[2023-03-12 14:56:40,343] {processor.py:642} INFO - Processing file /home/airflow/.local/lib/python3.7/site-packages/airflow/example_dags/example_time_delta_sensor_async.py for tasks to queue
[2023-03-12 14:56:40,349] {logging_mixin.py:109} INFO - [2023-03-12 14:56:40,348] {dagbag.py:500} INFO - Filling up the DagBag from /home/airflow/.local/lib/python3.7/site-packages/airflow/example_dags/example_time_delta_sensor_async.py
[2023-03-12 14:56:40,482] {processor.py:654} INFO - DAG(s) dict_keys(['example_time_delta_sensor_async']) retrieved from /home/airflow/.local/lib/python3.7/site-packages/airflow/example_dags/example_time_delta_sensor_async.py
[2023-03-12 14:56:40,532] {logging_mixin.py:109} INFO - [2023-03-12 14:56:40,531] {dag.py:2396} INFO - Sync 1 DAGs
[2023-03-12 14:56:40,622] {logging_mixin.py:109} INFO - [2023-03-12 14:56:40,622] {dag.py:2935} INFO - Setting next_dagrun for example_time_delta_sensor_async to None
[2023-03-12 14:56:40,653] {processor.py:171} INFO - Processing /home/airflow/.local/lib/python3.7/site-packages/airflow/example_dags/example_time_delta_sensor_async.py took 0.371 seconds
[2023-03-12 14:57:11,607] {processor.py:163} INFO - Started process (PID=8629) to work on /home/airflow/.local/lib/python3.7/site-packages/airflow/example_dags/example_time_delta_sensor_async.py
[2023-03-12 14:57:11,615] {processor.py:642} INFO - Processing file /home/airflow/.local/lib/python3.7/site-packages/airflow/example_dags/example_time_delta_sensor_async.py for tasks to queue
[2023-03-12 14:57:11,618] {logging_mixin.py:109} INFO - [2023-03-12 14:57:11,618] {dagbag.py:500} INFO - Filling up the DagBag from /home/airflow/.local/lib/python3.7/site-packages/airflow/example_dags/example_time_delta_sensor_async.py
[2023-03-12 14:57:11,680] {processor.py:654} INFO - DAG(s) dict_keys(['example_time_delta_sensor_async']) retrieved from /home/airflow/.local/lib/python3.7/site-packages/airflow/example_dags/example_time_delta_sensor_async.py
[2023-03-12 14:57:11,712] {logging_mixin.py:109} INFO - [2023-03-12 14:57:11,712] {dag.py:2396} INFO - Sync 1 DAGs
[2023-03-12 14:57:11,770] {logging_mixin.py:109} INFO - [2023-03-12 14:57:11,769] {dag.py:2935} INFO - Setting next_dagrun for example_time_delta_sensor_async to None
[2023-03-12 14:57:11,806] {processor.py:171} INFO - Processing /home/airflow/.local/lib/python3.7/site-packages/airflow/example_dags/example_time_delta_sensor_async.py took 0.205 seconds
[2023-03-12 14:57:43,950] {processor.py:163} INFO - Started process (PID=8861) to work on /home/airflow/.local/lib/python3.7/site-packages/airflow/example_dags/example_time_delta_sensor_async.py
[2023-03-12 14:57:43,957] {processor.py:642} INFO - Processing file /home/airflow/.local/lib/python3.7/site-packages/airflow/example_dags/example_time_delta_sensor_async.py for tasks to queue
[2023-03-12 14:57:43,962] {logging_mixin.py:109} INFO - [2023-03-12 14:57:43,961] {dagbag.py:500} INFO - Filling up the DagBag from /home/airflow/.local/lib/python3.7/site-packages/airflow/example_dags/example_time_delta_sensor_async.py
[2023-03-12 14:57:44,029] {processor.py:654} INFO - DAG(s) dict_keys(['example_time_delta_sensor_async']) retrieved from /home/airflow/.local/lib/python3.7/site-packages/airflow/example_dags/example_time_delta_sensor_async.py
[2023-03-12 14:57:44,069] {logging_mixin.py:109} INFO - [2023-03-12 14:57:44,069] {dag.py:2396} INFO - Sync 1 DAGs
[2023-03-12 14:57:44,125] {logging_mixin.py:109} INFO - [2023-03-12 14:57:44,125] {dag.py:2935} INFO - Setting next_dagrun for example_time_delta_sensor_async to None
[2023-03-12 14:57:44,270] {processor.py:171} INFO - Processing /home/airflow/.local/lib/python3.7/site-packages/airflow/example_dags/example_time_delta_sensor_async.py took 0.332 seconds
[2023-03-12 14:58:16,548] {processor.py:163} INFO - Started process (PID=9091) to work on /home/airflow/.local/lib/python3.7/site-packages/airflow/example_dags/example_time_delta_sensor_async.py
[2023-03-12 14:58:16,583] {processor.py:642} INFO - Processing file /home/airflow/.local/lib/python3.7/site-packages/airflow/example_dags/example_time_delta_sensor_async.py for tasks to queue
[2023-03-12 14:58:16,587] {logging_mixin.py:109} INFO - [2023-03-12 14:58:16,587] {dagbag.py:500} INFO - Filling up the DagBag from /home/airflow/.local/lib/python3.7/site-packages/airflow/example_dags/example_time_delta_sensor_async.py
[2023-03-12 14:58:16,670] {processor.py:654} INFO - DAG(s) dict_keys(['example_time_delta_sensor_async']) retrieved from /home/airflow/.local/lib/python3.7/site-packages/airflow/example_dags/example_time_delta_sensor_async.py
[2023-03-12 14:58:16,712] {logging_mixin.py:109} INFO - [2023-03-12 14:58:16,711] {dag.py:2396} INFO - Sync 1 DAGs
[2023-03-12 14:58:16,779] {logging_mixin.py:109} INFO - [2023-03-12 14:58:16,779] {dag.py:2935} INFO - Setting next_dagrun for example_time_delta_sensor_async to None
[2023-03-12 14:58:16,809] {processor.py:171} INFO - Processing /home/airflow/.local/lib/python3.7/site-packages/airflow/example_dags/example_time_delta_sensor_async.py took 0.272 seconds
