[2023-03-12 14:28:24,644] {processor.py:163} INFO - Started process (PID=813) to work on /home/airflow/.local/lib/python3.7/site-packages/airflow/example_dags/example_latest_only.py
[2023-03-12 14:28:24,650] {processor.py:642} INFO - Processing file /home/airflow/.local/lib/python3.7/site-packages/airflow/example_dags/example_latest_only.py for tasks to queue
[2023-03-12 14:28:24,659] {logging_mixin.py:109} INFO - [2023-03-12 14:28:24,658] {dagbag.py:500} INFO - Filling up the DagBag from /home/airflow/.local/lib/python3.7/site-packages/airflow/example_dags/example_latest_only.py
[2023-03-12 14:28:24,785] {processor.py:654} INFO - DAG(s) dict_keys(['latest_only']) retrieved from /home/airflow/.local/lib/python3.7/site-packages/airflow/example_dags/example_latest_only.py
[2023-03-12 14:28:34,661] {logging_mixin.py:109} INFO - [2023-03-12 14:28:34,660] {manager.py:496} INFO - Created Permission View: can edit on DAG:latest_only
[2023-03-12 14:28:34,692] {logging_mixin.py:109} INFO - [2023-03-12 14:28:34,691] {manager.py:496} INFO - Created Permission View: can read on DAG:latest_only
[2023-03-12 14:28:34,697] {logging_mixin.py:109} INFO - [2023-03-12 14:28:34,695] {dag.py:2396} INFO - Sync 1 DAGs
[2023-03-12 14:28:34,753] {logging_mixin.py:109} INFO - [2023-03-12 14:28:34,752] {dag.py:2415} INFO - Creating ORM DAG for latest_only
[2023-03-12 14:28:34,792] {logging_mixin.py:109} INFO - [2023-03-12 14:28:34,791] {dag.py:2935} INFO - Setting next_dagrun for latest_only to 2023-03-12T10:28:34.789862+00:00
[2023-03-12 14:28:34,846] {processor.py:171} INFO - Processing /home/airflow/.local/lib/python3.7/site-packages/airflow/example_dags/example_latest_only.py took 10.212 seconds
[2023-03-12 14:38:52,036] {processor.py:163} INFO - Started process (PID=1158) to work on /home/airflow/.local/lib/python3.7/site-packages/airflow/example_dags/example_latest_only.py
[2023-03-12 14:38:52,048] {processor.py:642} INFO - Processing file /home/airflow/.local/lib/python3.7/site-packages/airflow/example_dags/example_latest_only.py for tasks to queue
[2023-03-12 14:38:52,060] {logging_mixin.py:109} INFO - [2023-03-12 14:38:52,060] {dagbag.py:500} INFO - Filling up the DagBag from /home/airflow/.local/lib/python3.7/site-packages/airflow/example_dags/example_latest_only.py
[2023-03-12 14:38:52,669] {processor.py:654} INFO - DAG(s) dict_keys(['latest_only']) retrieved from /home/airflow/.local/lib/python3.7/site-packages/airflow/example_dags/example_latest_only.py
[2023-03-12 14:38:52,946] {logging_mixin.py:109} INFO - [2023-03-12 14:38:52,945] {dag.py:2396} INFO - Sync 1 DAGs
[2023-03-12 14:38:53,223] {logging_mixin.py:109} INFO - [2023-03-12 14:38:53,222] {dag.py:2935} INFO - Setting next_dagrun for latest_only to 2023-03-12T10:38:53.220373+00:00
[2023-03-12 14:38:53,434] {processor.py:171} INFO - Processing /home/airflow/.local/lib/python3.7/site-packages/airflow/example_dags/example_latest_only.py took 1.451 seconds
[2023-03-12 14:39:33,238] {processor.py:163} INFO - Started process (PID=1388) to work on /home/airflow/.local/lib/python3.7/site-packages/airflow/example_dags/example_latest_only.py
[2023-03-12 14:39:33,252] {processor.py:642} INFO - Processing file /home/airflow/.local/lib/python3.7/site-packages/airflow/example_dags/example_latest_only.py for tasks to queue
[2023-03-12 14:39:33,271] {logging_mixin.py:109} INFO - [2023-03-12 14:39:33,271] {dagbag.py:500} INFO - Filling up the DagBag from /home/airflow/.local/lib/python3.7/site-packages/airflow/example_dags/example_latest_only.py
[2023-03-12 14:39:33,601] {processor.py:654} INFO - DAG(s) dict_keys(['latest_only']) retrieved from /home/airflow/.local/lib/python3.7/site-packages/airflow/example_dags/example_latest_only.py
[2023-03-12 14:39:33,840] {logging_mixin.py:109} INFO - [2023-03-12 14:39:33,839] {dag.py:2396} INFO - Sync 1 DAGs
[2023-03-12 14:39:34,122] {logging_mixin.py:109} INFO - [2023-03-12 14:39:34,122] {dag.py:2935} INFO - Setting next_dagrun for latest_only to 2023-03-12T10:39:34.112828+00:00
[2023-03-12 14:39:34,293] {processor.py:171} INFO - Processing /home/airflow/.local/lib/python3.7/site-packages/airflow/example_dags/example_latest_only.py took 1.094 seconds
[2023-03-12 14:40:07,819] {processor.py:163} INFO - Started process (PID=1598) to work on /home/airflow/.local/lib/python3.7/site-packages/airflow/example_dags/example_latest_only.py
[2023-03-12 14:40:07,825] {processor.py:642} INFO - Processing file /home/airflow/.local/lib/python3.7/site-packages/airflow/example_dags/example_latest_only.py for tasks to queue
[2023-03-12 14:40:07,828] {logging_mixin.py:109} INFO - [2023-03-12 14:40:07,828] {dagbag.py:500} INFO - Filling up the DagBag from /home/airflow/.local/lib/python3.7/site-packages/airflow/example_dags/example_latest_only.py
[2023-03-12 14:40:07,993] {processor.py:654} INFO - DAG(s) dict_keys(['latest_only']) retrieved from /home/airflow/.local/lib/python3.7/site-packages/airflow/example_dags/example_latest_only.py
[2023-03-12 14:40:08,081] {logging_mixin.py:109} INFO - [2023-03-12 14:40:08,080] {dag.py:2396} INFO - Sync 1 DAGs
[2023-03-12 14:40:08,192] {logging_mixin.py:109} INFO - [2023-03-12 14:40:08,192] {dag.py:2935} INFO - Setting next_dagrun for latest_only to 2023-03-12T10:40:08.190443+00:00
[2023-03-12 14:40:08,235] {processor.py:171} INFO - Processing /home/airflow/.local/lib/python3.7/site-packages/airflow/example_dags/example_latest_only.py took 0.436 seconds
[2023-03-12 14:40:42,991] {processor.py:163} INFO - Started process (PID=1820) to work on /home/airflow/.local/lib/python3.7/site-packages/airflow/example_dags/example_latest_only.py
[2023-03-12 14:40:43,002] {processor.py:642} INFO - Processing file /home/airflow/.local/lib/python3.7/site-packages/airflow/example_dags/example_latest_only.py for tasks to queue
[2023-03-12 14:40:43,016] {logging_mixin.py:109} INFO - [2023-03-12 14:40:43,013] {dagbag.py:500} INFO - Filling up the DagBag from /home/airflow/.local/lib/python3.7/site-packages/airflow/example_dags/example_latest_only.py
[2023-03-12 14:40:43,315] {processor.py:654} INFO - DAG(s) dict_keys(['latest_only']) retrieved from /home/airflow/.local/lib/python3.7/site-packages/airflow/example_dags/example_latest_only.py
[2023-03-12 14:40:43,402] {logging_mixin.py:109} INFO - [2023-03-12 14:40:43,401] {dag.py:2396} INFO - Sync 1 DAGs
[2023-03-12 14:40:43,485] {logging_mixin.py:109} INFO - [2023-03-12 14:40:43,485] {dag.py:2935} INFO - Setting next_dagrun for latest_only to 2023-03-12T10:40:43.483032+00:00
[2023-03-12 14:40:43,551] {processor.py:171} INFO - Processing /home/airflow/.local/lib/python3.7/site-packages/airflow/example_dags/example_latest_only.py took 0.602 seconds
[2023-03-12 14:41:20,540] {processor.py:163} INFO - Started process (PID=2061) to work on /home/airflow/.local/lib/python3.7/site-packages/airflow/example_dags/example_latest_only.py
[2023-03-12 14:41:20,552] {processor.py:642} INFO - Processing file /home/airflow/.local/lib/python3.7/site-packages/airflow/example_dags/example_latest_only.py for tasks to queue
[2023-03-12 14:41:20,558] {logging_mixin.py:109} INFO - [2023-03-12 14:41:20,558] {dagbag.py:500} INFO - Filling up the DagBag from /home/airflow/.local/lib/python3.7/site-packages/airflow/example_dags/example_latest_only.py
[2023-03-12 14:41:20,693] {processor.py:654} INFO - DAG(s) dict_keys(['latest_only']) retrieved from /home/airflow/.local/lib/python3.7/site-packages/airflow/example_dags/example_latest_only.py
[2023-03-12 14:41:20,785] {logging_mixin.py:109} INFO - [2023-03-12 14:41:20,784] {dag.py:2396} INFO - Sync 1 DAGs
[2023-03-12 14:41:20,899] {logging_mixin.py:109} INFO - [2023-03-12 14:41:20,899] {dag.py:2935} INFO - Setting next_dagrun for latest_only to 2023-03-12T10:41:20.896667+00:00
[2023-03-12 14:41:21,015] {processor.py:171} INFO - Processing /home/airflow/.local/lib/python3.7/site-packages/airflow/example_dags/example_latest_only.py took 0.482 seconds
[2023-03-12 14:42:10,585] {processor.py:163} INFO - Started process (PID=2381) to work on /home/airflow/.local/lib/python3.7/site-packages/airflow/example_dags/example_latest_only.py
[2023-03-12 14:42:10,593] {processor.py:642} INFO - Processing file /home/airflow/.local/lib/python3.7/site-packages/airflow/example_dags/example_latest_only.py for tasks to queue
[2023-03-12 14:42:10,599] {logging_mixin.py:109} INFO - [2023-03-12 14:42:10,599] {dagbag.py:500} INFO - Filling up the DagBag from /home/airflow/.local/lib/python3.7/site-packages/airflow/example_dags/example_latest_only.py
[2023-03-12 14:42:10,730] {processor.py:654} INFO - DAG(s) dict_keys(['latest_only']) retrieved from /home/airflow/.local/lib/python3.7/site-packages/airflow/example_dags/example_latest_only.py
[2023-03-12 14:42:10,844] {logging_mixin.py:109} INFO - [2023-03-12 14:42:10,843] {dag.py:2396} INFO - Sync 1 DAGs
[2023-03-12 14:42:10,995] {logging_mixin.py:109} INFO - [2023-03-12 14:42:10,995] {dag.py:2935} INFO - Setting next_dagrun for latest_only to 2023-03-12T10:42:10.992864+00:00
[2023-03-12 14:42:11,061] {processor.py:171} INFO - Processing /home/airflow/.local/lib/python3.7/site-packages/airflow/example_dags/example_latest_only.py took 0.498 seconds
[2023-03-12 14:42:41,312] {processor.py:163} INFO - Started process (PID=2605) to work on /home/airflow/.local/lib/python3.7/site-packages/airflow/example_dags/example_latest_only.py
[2023-03-12 14:42:41,347] {processor.py:642} INFO - Processing file /home/airflow/.local/lib/python3.7/site-packages/airflow/example_dags/example_latest_only.py for tasks to queue
[2023-03-12 14:42:41,351] {logging_mixin.py:109} INFO - [2023-03-12 14:42:41,350] {dagbag.py:500} INFO - Filling up the DagBag from /home/airflow/.local/lib/python3.7/site-packages/airflow/example_dags/example_latest_only.py
[2023-03-12 14:42:41,420] {processor.py:654} INFO - DAG(s) dict_keys(['latest_only']) retrieved from /home/airflow/.local/lib/python3.7/site-packages/airflow/example_dags/example_latest_only.py
[2023-03-12 14:42:41,457] {logging_mixin.py:109} INFO - [2023-03-12 14:42:41,457] {dag.py:2396} INFO - Sync 1 DAGs
[2023-03-12 14:42:41,518] {logging_mixin.py:109} INFO - [2023-03-12 14:42:41,518] {dag.py:2935} INFO - Setting next_dagrun for latest_only to 2023-03-12T10:42:41.516191+00:00
[2023-03-12 14:42:41,548] {processor.py:171} INFO - Processing /home/airflow/.local/lib/python3.7/site-packages/airflow/example_dags/example_latest_only.py took 0.245 seconds
[2023-03-12 14:43:11,972] {processor.py:163} INFO - Started process (PID=2807) to work on /home/airflow/.local/lib/python3.7/site-packages/airflow/example_dags/example_latest_only.py
[2023-03-12 14:43:11,990] {processor.py:642} INFO - Processing file /home/airflow/.local/lib/python3.7/site-packages/airflow/example_dags/example_latest_only.py for tasks to queue
[2023-03-12 14:43:12,059] {logging_mixin.py:109} INFO - [2023-03-12 14:43:12,058] {dagbag.py:500} INFO - Filling up the DagBag from /home/airflow/.local/lib/python3.7/site-packages/airflow/example_dags/example_latest_only.py
[2023-03-12 14:43:12,259] {processor.py:654} INFO - DAG(s) dict_keys(['latest_only']) retrieved from /home/airflow/.local/lib/python3.7/site-packages/airflow/example_dags/example_latest_only.py
[2023-03-12 14:43:12,334] {logging_mixin.py:109} INFO - [2023-03-12 14:43:12,333] {dag.py:2396} INFO - Sync 1 DAGs
[2023-03-12 14:43:12,439] {logging_mixin.py:109} INFO - [2023-03-12 14:43:12,433] {dag.py:2935} INFO - Setting next_dagrun for latest_only to 2023-03-12T10:43:12.430799+00:00
[2023-03-12 14:43:12,492] {processor.py:171} INFO - Processing /home/airflow/.local/lib/python3.7/site-packages/airflow/example_dags/example_latest_only.py took 0.562 seconds
[2023-03-12 14:43:43,328] {processor.py:163} INFO - Started process (PID=3033) to work on /home/airflow/.local/lib/python3.7/site-packages/airflow/example_dags/example_latest_only.py
[2023-03-12 14:43:43,337] {processor.py:642} INFO - Processing file /home/airflow/.local/lib/python3.7/site-packages/airflow/example_dags/example_latest_only.py for tasks to queue
[2023-03-12 14:43:43,344] {logging_mixin.py:109} INFO - [2023-03-12 14:43:43,344] {dagbag.py:500} INFO - Filling up the DagBag from /home/airflow/.local/lib/python3.7/site-packages/airflow/example_dags/example_latest_only.py
[2023-03-12 14:43:43,438] {processor.py:654} INFO - DAG(s) dict_keys(['latest_only']) retrieved from /home/airflow/.local/lib/python3.7/site-packages/airflow/example_dags/example_latest_only.py
[2023-03-12 14:43:43,484] {logging_mixin.py:109} INFO - [2023-03-12 14:43:43,483] {dag.py:2396} INFO - Sync 1 DAGs
[2023-03-12 14:43:43,577] {logging_mixin.py:109} INFO - [2023-03-12 14:43:43,576] {dag.py:2935} INFO - Setting next_dagrun for latest_only to 2023-03-12T10:43:43.574731+00:00
[2023-03-12 14:43:43,612] {processor.py:171} INFO - Processing /home/airflow/.local/lib/python3.7/site-packages/airflow/example_dags/example_latest_only.py took 0.296 seconds
[2023-03-12 14:44:13,959] {processor.py:163} INFO - Started process (PID=3251) to work on /home/airflow/.local/lib/python3.7/site-packages/airflow/example_dags/example_latest_only.py
[2023-03-12 14:44:13,974] {processor.py:642} INFO - Processing file /home/airflow/.local/lib/python3.7/site-packages/airflow/example_dags/example_latest_only.py for tasks to queue
[2023-03-12 14:44:13,979] {logging_mixin.py:109} INFO - [2023-03-12 14:44:13,978] {dagbag.py:500} INFO - Filling up the DagBag from /home/airflow/.local/lib/python3.7/site-packages/airflow/example_dags/example_latest_only.py
[2023-03-12 14:44:14,090] {processor.py:654} INFO - DAG(s) dict_keys(['latest_only']) retrieved from /home/airflow/.local/lib/python3.7/site-packages/airflow/example_dags/example_latest_only.py
[2023-03-12 14:44:14,137] {logging_mixin.py:109} INFO - [2023-03-12 14:44:14,137] {dag.py:2396} INFO - Sync 1 DAGs
[2023-03-12 14:44:14,214] {logging_mixin.py:109} INFO - [2023-03-12 14:44:14,213] {dag.py:2935} INFO - Setting next_dagrun for latest_only to 2023-03-12T10:44:14.211253+00:00
[2023-03-12 14:44:14,252] {processor.py:171} INFO - Processing /home/airflow/.local/lib/python3.7/site-packages/airflow/example_dags/example_latest_only.py took 0.305 seconds
[2023-03-12 14:44:44,607] {processor.py:163} INFO - Started process (PID=3465) to work on /home/airflow/.local/lib/python3.7/site-packages/airflow/example_dags/example_latest_only.py
[2023-03-12 14:44:44,622] {processor.py:642} INFO - Processing file /home/airflow/.local/lib/python3.7/site-packages/airflow/example_dags/example_latest_only.py for tasks to queue
[2023-03-12 14:44:44,630] {logging_mixin.py:109} INFO - [2023-03-12 14:44:44,629] {dagbag.py:500} INFO - Filling up the DagBag from /home/airflow/.local/lib/python3.7/site-packages/airflow/example_dags/example_latest_only.py
[2023-03-12 14:44:44,730] {processor.py:654} INFO - DAG(s) dict_keys(['latest_only']) retrieved from /home/airflow/.local/lib/python3.7/site-packages/airflow/example_dags/example_latest_only.py
[2023-03-12 14:44:44,775] {logging_mixin.py:109} INFO - [2023-03-12 14:44:44,774] {dag.py:2396} INFO - Sync 1 DAGs
[2023-03-12 14:44:44,836] {logging_mixin.py:109} INFO - [2023-03-12 14:44:44,835] {dag.py:2935} INFO - Setting next_dagrun for latest_only to 2023-03-12T10:44:44.833722+00:00
[2023-03-12 14:44:44,876] {processor.py:171} INFO - Processing /home/airflow/.local/lib/python3.7/site-packages/airflow/example_dags/example_latest_only.py took 0.285 seconds
[2023-03-12 14:45:16,393] {processor.py:163} INFO - Started process (PID=3681) to work on /home/airflow/.local/lib/python3.7/site-packages/airflow/example_dags/example_latest_only.py
[2023-03-12 14:45:16,403] {processor.py:642} INFO - Processing file /home/airflow/.local/lib/python3.7/site-packages/airflow/example_dags/example_latest_only.py for tasks to queue
[2023-03-12 14:45:16,413] {logging_mixin.py:109} INFO - [2023-03-12 14:45:16,412] {dagbag.py:500} INFO - Filling up the DagBag from /home/airflow/.local/lib/python3.7/site-packages/airflow/example_dags/example_latest_only.py
[2023-03-12 14:45:16,533] {processor.py:654} INFO - DAG(s) dict_keys(['latest_only']) retrieved from /home/airflow/.local/lib/python3.7/site-packages/airflow/example_dags/example_latest_only.py
[2023-03-12 14:45:16,588] {logging_mixin.py:109} INFO - [2023-03-12 14:45:16,588] {dag.py:2396} INFO - Sync 1 DAGs
[2023-03-12 14:45:16,717] {logging_mixin.py:109} INFO - [2023-03-12 14:45:16,716] {dag.py:2935} INFO - Setting next_dagrun for latest_only to 2023-03-12T10:45:16.711474+00:00
[2023-03-12 14:45:16,763] {processor.py:171} INFO - Processing /home/airflow/.local/lib/python3.7/site-packages/airflow/example_dags/example_latest_only.py took 0.380 seconds
[2023-03-12 14:45:48,634] {processor.py:163} INFO - Started process (PID=3895) to work on /home/airflow/.local/lib/python3.7/site-packages/airflow/example_dags/example_latest_only.py
[2023-03-12 14:45:48,650] {processor.py:642} INFO - Processing file /home/airflow/.local/lib/python3.7/site-packages/airflow/example_dags/example_latest_only.py for tasks to queue
[2023-03-12 14:45:48,657] {logging_mixin.py:109} INFO - [2023-03-12 14:45:48,656] {dagbag.py:500} INFO - Filling up the DagBag from /home/airflow/.local/lib/python3.7/site-packages/airflow/example_dags/example_latest_only.py
[2023-03-12 14:45:48,837] {processor.py:654} INFO - DAG(s) dict_keys(['latest_only']) retrieved from /home/airflow/.local/lib/python3.7/site-packages/airflow/example_dags/example_latest_only.py
[2023-03-12 14:45:48,900] {logging_mixin.py:109} INFO - [2023-03-12 14:45:48,899] {dag.py:2396} INFO - Sync 1 DAGs
[2023-03-12 14:45:48,969] {logging_mixin.py:109} INFO - [2023-03-12 14:45:48,968] {dag.py:2935} INFO - Setting next_dagrun for latest_only to 2023-03-12T10:45:48.966402+00:00
[2023-03-12 14:45:49,006] {processor.py:171} INFO - Processing /home/airflow/.local/lib/python3.7/site-packages/airflow/example_dags/example_latest_only.py took 0.382 seconds
[2023-03-12 14:46:21,319] {processor.py:163} INFO - Started process (PID=4118) to work on /home/airflow/.local/lib/python3.7/site-packages/airflow/example_dags/example_latest_only.py
[2023-03-12 14:46:21,326] {processor.py:642} INFO - Processing file /home/airflow/.local/lib/python3.7/site-packages/airflow/example_dags/example_latest_only.py for tasks to queue
[2023-03-12 14:46:21,330] {logging_mixin.py:109} INFO - [2023-03-12 14:46:21,330] {dagbag.py:500} INFO - Filling up the DagBag from /home/airflow/.local/lib/python3.7/site-packages/airflow/example_dags/example_latest_only.py
[2023-03-12 14:46:21,417] {processor.py:654} INFO - DAG(s) dict_keys(['latest_only']) retrieved from /home/airflow/.local/lib/python3.7/site-packages/airflow/example_dags/example_latest_only.py
[2023-03-12 14:46:21,479] {logging_mixin.py:109} INFO - [2023-03-12 14:46:21,477] {dag.py:2396} INFO - Sync 1 DAGs
[2023-03-12 14:46:21,552] {logging_mixin.py:109} INFO - [2023-03-12 14:46:21,551] {dag.py:2935} INFO - Setting next_dagrun for latest_only to 2023-03-12T10:46:21.549701+00:00
[2023-03-12 14:46:21,600] {processor.py:171} INFO - Processing /home/airflow/.local/lib/python3.7/site-packages/airflow/example_dags/example_latest_only.py took 0.292 seconds
[2023-03-12 14:46:51,921] {processor.py:163} INFO - Started process (PID=4326) to work on /home/airflow/.local/lib/python3.7/site-packages/airflow/example_dags/example_latest_only.py
[2023-03-12 14:46:51,929] {processor.py:642} INFO - Processing file /home/airflow/.local/lib/python3.7/site-packages/airflow/example_dags/example_latest_only.py for tasks to queue
[2023-03-12 14:46:51,989] {logging_mixin.py:109} INFO - [2023-03-12 14:46:51,988] {dagbag.py:500} INFO - Filling up the DagBag from /home/airflow/.local/lib/python3.7/site-packages/airflow/example_dags/example_latest_only.py
[2023-03-12 14:46:52,105] {processor.py:654} INFO - DAG(s) dict_keys(['latest_only']) retrieved from /home/airflow/.local/lib/python3.7/site-packages/airflow/example_dags/example_latest_only.py
[2023-03-12 14:46:52,141] {logging_mixin.py:109} INFO - [2023-03-12 14:46:52,141] {dag.py:2396} INFO - Sync 1 DAGs
[2023-03-12 14:46:52,198] {logging_mixin.py:109} INFO - [2023-03-12 14:46:52,198] {dag.py:2935} INFO - Setting next_dagrun for latest_only to 2023-03-12T10:46:52.196467+00:00
[2023-03-12 14:46:52,233] {processor.py:171} INFO - Processing /home/airflow/.local/lib/python3.7/site-packages/airflow/example_dags/example_latest_only.py took 0.319 seconds
[2023-03-12 14:47:24,391] {processor.py:163} INFO - Started process (PID=4549) to work on /home/airflow/.local/lib/python3.7/site-packages/airflow/example_dags/example_latest_only.py
[2023-03-12 14:47:24,409] {processor.py:642} INFO - Processing file /home/airflow/.local/lib/python3.7/site-packages/airflow/example_dags/example_latest_only.py for tasks to queue
[2023-03-12 14:47:24,433] {logging_mixin.py:109} INFO - [2023-03-12 14:47:24,432] {dagbag.py:500} INFO - Filling up the DagBag from /home/airflow/.local/lib/python3.7/site-packages/airflow/example_dags/example_latest_only.py
[2023-03-12 14:47:24,562] {processor.py:654} INFO - DAG(s) dict_keys(['latest_only']) retrieved from /home/airflow/.local/lib/python3.7/site-packages/airflow/example_dags/example_latest_only.py
[2023-03-12 14:47:24,687] {logging_mixin.py:109} INFO - [2023-03-12 14:47:24,686] {dag.py:2396} INFO - Sync 1 DAGs
[2023-03-12 14:47:24,783] {logging_mixin.py:109} INFO - [2023-03-12 14:47:24,783] {dag.py:2935} INFO - Setting next_dagrun for latest_only to 2023-03-12T10:47:24.780786+00:00
[2023-03-12 14:47:24,822] {processor.py:171} INFO - Processing /home/airflow/.local/lib/python3.7/site-packages/airflow/example_dags/example_latest_only.py took 0.440 seconds
[2023-03-12 14:47:56,570] {processor.py:163} INFO - Started process (PID=4774) to work on /home/airflow/.local/lib/python3.7/site-packages/airflow/example_dags/example_latest_only.py
[2023-03-12 14:47:56,576] {processor.py:642} INFO - Processing file /home/airflow/.local/lib/python3.7/site-packages/airflow/example_dags/example_latest_only.py for tasks to queue
[2023-03-12 14:47:56,580] {logging_mixin.py:109} INFO - [2023-03-12 14:47:56,580] {dagbag.py:500} INFO - Filling up the DagBag from /home/airflow/.local/lib/python3.7/site-packages/airflow/example_dags/example_latest_only.py
[2023-03-12 14:47:56,711] {processor.py:654} INFO - DAG(s) dict_keys(['latest_only']) retrieved from /home/airflow/.local/lib/python3.7/site-packages/airflow/example_dags/example_latest_only.py
[2023-03-12 14:47:56,783] {logging_mixin.py:109} INFO - [2023-03-12 14:47:56,782] {dag.py:2396} INFO - Sync 1 DAGs
[2023-03-12 14:47:56,861] {logging_mixin.py:109} INFO - [2023-03-12 14:47:56,861] {dag.py:2935} INFO - Setting next_dagrun for latest_only to 2023-03-12T10:47:56.857619+00:00
[2023-03-12 14:47:56,904] {processor.py:171} INFO - Processing /home/airflow/.local/lib/python3.7/site-packages/airflow/example_dags/example_latest_only.py took 0.341 seconds
[2023-03-12 14:48:28,352] {processor.py:163} INFO - Started process (PID=4987) to work on /home/airflow/.local/lib/python3.7/site-packages/airflow/example_dags/example_latest_only.py
[2023-03-12 14:48:28,358] {processor.py:642} INFO - Processing file /home/airflow/.local/lib/python3.7/site-packages/airflow/example_dags/example_latest_only.py for tasks to queue
[2023-03-12 14:48:28,362] {logging_mixin.py:109} INFO - [2023-03-12 14:48:28,362] {dagbag.py:500} INFO - Filling up the DagBag from /home/airflow/.local/lib/python3.7/site-packages/airflow/example_dags/example_latest_only.py
[2023-03-12 14:48:28,445] {processor.py:654} INFO - DAG(s) dict_keys(['latest_only']) retrieved from /home/airflow/.local/lib/python3.7/site-packages/airflow/example_dags/example_latest_only.py
[2023-03-12 14:48:28,524] {logging_mixin.py:109} INFO - [2023-03-12 14:48:28,521] {dag.py:2396} INFO - Sync 1 DAGs
[2023-03-12 14:48:28,604] {logging_mixin.py:109} INFO - [2023-03-12 14:48:28,603] {dag.py:2935} INFO - Setting next_dagrun for latest_only to 2023-03-12T10:48:28.601453+00:00
[2023-03-12 14:48:28,672] {processor.py:171} INFO - Processing /home/airflow/.local/lib/python3.7/site-packages/airflow/example_dags/example_latest_only.py took 0.329 seconds
[2023-03-12 14:48:59,946] {processor.py:163} INFO - Started process (PID=5211) to work on /home/airflow/.local/lib/python3.7/site-packages/airflow/example_dags/example_latest_only.py
[2023-03-12 14:48:59,952] {processor.py:642} INFO - Processing file /home/airflow/.local/lib/python3.7/site-packages/airflow/example_dags/example_latest_only.py for tasks to queue
[2023-03-12 14:48:59,957] {logging_mixin.py:109} INFO - [2023-03-12 14:48:59,956] {dagbag.py:500} INFO - Filling up the DagBag from /home/airflow/.local/lib/python3.7/site-packages/airflow/example_dags/example_latest_only.py
[2023-03-12 14:49:00,159] {processor.py:654} INFO - DAG(s) dict_keys(['latest_only']) retrieved from /home/airflow/.local/lib/python3.7/site-packages/airflow/example_dags/example_latest_only.py
[2023-03-12 14:49:00,274] {logging_mixin.py:109} INFO - [2023-03-12 14:49:00,273] {dag.py:2396} INFO - Sync 1 DAGs
[2023-03-12 14:49:00,386] {logging_mixin.py:109} INFO - [2023-03-12 14:49:00,385] {dag.py:2935} INFO - Setting next_dagrun for latest_only to 2023-03-12T10:49:00.383244+00:00
[2023-03-12 14:49:00,419] {processor.py:171} INFO - Processing /home/airflow/.local/lib/python3.7/site-packages/airflow/example_dags/example_latest_only.py took 0.483 seconds
[2023-03-12 14:49:30,555] {processor.py:163} INFO - Started process (PID=5412) to work on /home/airflow/.local/lib/python3.7/site-packages/airflow/example_dags/example_latest_only.py
[2023-03-12 14:49:30,560] {processor.py:642} INFO - Processing file /home/airflow/.local/lib/python3.7/site-packages/airflow/example_dags/example_latest_only.py for tasks to queue
[2023-03-12 14:49:30,563] {logging_mixin.py:109} INFO - [2023-03-12 14:49:30,563] {dagbag.py:500} INFO - Filling up the DagBag from /home/airflow/.local/lib/python3.7/site-packages/airflow/example_dags/example_latest_only.py
[2023-03-12 14:49:30,634] {processor.py:654} INFO - DAG(s) dict_keys(['latest_only']) retrieved from /home/airflow/.local/lib/python3.7/site-packages/airflow/example_dags/example_latest_only.py
[2023-03-12 14:49:30,667] {logging_mixin.py:109} INFO - [2023-03-12 14:49:30,667] {dag.py:2396} INFO - Sync 1 DAGs
[2023-03-12 14:49:30,759] {logging_mixin.py:109} INFO - [2023-03-12 14:49:30,758] {dag.py:2935} INFO - Setting next_dagrun for latest_only to 2023-03-12T10:49:30.756769+00:00
[2023-03-12 14:49:30,790] {processor.py:171} INFO - Processing /home/airflow/.local/lib/python3.7/site-packages/airflow/example_dags/example_latest_only.py took 0.242 seconds
[2023-03-12 14:50:01,137] {processor.py:163} INFO - Started process (PID=5634) to work on /home/airflow/.local/lib/python3.7/site-packages/airflow/example_dags/example_latest_only.py
[2023-03-12 14:50:01,144] {processor.py:642} INFO - Processing file /home/airflow/.local/lib/python3.7/site-packages/airflow/example_dags/example_latest_only.py for tasks to queue
[2023-03-12 14:50:01,149] {logging_mixin.py:109} INFO - [2023-03-12 14:50:01,149] {dagbag.py:500} INFO - Filling up the DagBag from /home/airflow/.local/lib/python3.7/site-packages/airflow/example_dags/example_latest_only.py
[2023-03-12 14:50:01,242] {processor.py:654} INFO - DAG(s) dict_keys(['latest_only']) retrieved from /home/airflow/.local/lib/python3.7/site-packages/airflow/example_dags/example_latest_only.py
[2023-03-12 14:50:01,280] {logging_mixin.py:109} INFO - [2023-03-12 14:50:01,279] {dag.py:2396} INFO - Sync 1 DAGs
[2023-03-12 14:50:01,374] {logging_mixin.py:109} INFO - [2023-03-12 14:50:01,373] {dag.py:2935} INFO - Setting next_dagrun for latest_only to 2023-03-12T10:50:01.371913+00:00
[2023-03-12 14:50:01,402] {processor.py:171} INFO - Processing /home/airflow/.local/lib/python3.7/site-packages/airflow/example_dags/example_latest_only.py took 0.284 seconds
[2023-03-12 14:50:31,514] {processor.py:163} INFO - Started process (PID=5842) to work on /home/airflow/.local/lib/python3.7/site-packages/airflow/example_dags/example_latest_only.py
[2023-03-12 14:50:31,525] {processor.py:642} INFO - Processing file /home/airflow/.local/lib/python3.7/site-packages/airflow/example_dags/example_latest_only.py for tasks to queue
[2023-03-12 14:50:31,528] {logging_mixin.py:109} INFO - [2023-03-12 14:50:31,528] {dagbag.py:500} INFO - Filling up the DagBag from /home/airflow/.local/lib/python3.7/site-packages/airflow/example_dags/example_latest_only.py
[2023-03-12 14:50:31,614] {processor.py:654} INFO - DAG(s) dict_keys(['latest_only']) retrieved from /home/airflow/.local/lib/python3.7/site-packages/airflow/example_dags/example_latest_only.py
[2023-03-12 14:50:31,751] {logging_mixin.py:109} INFO - [2023-03-12 14:50:31,750] {dag.py:2396} INFO - Sync 1 DAGs
[2023-03-12 14:50:31,813] {logging_mixin.py:109} INFO - [2023-03-12 14:50:31,813] {dag.py:2935} INFO - Setting next_dagrun for latest_only to 2023-03-12T10:50:31.810689+00:00
[2023-03-12 14:50:31,844] {processor.py:171} INFO - Processing /home/airflow/.local/lib/python3.7/site-packages/airflow/example_dags/example_latest_only.py took 0.339 seconds
[2023-03-12 14:51:02,183] {processor.py:163} INFO - Started process (PID=6066) to work on /home/airflow/.local/lib/python3.7/site-packages/airflow/example_dags/example_latest_only.py
[2023-03-12 14:51:02,188] {processor.py:642} INFO - Processing file /home/airflow/.local/lib/python3.7/site-packages/airflow/example_dags/example_latest_only.py for tasks to queue
[2023-03-12 14:51:02,190] {logging_mixin.py:109} INFO - [2023-03-12 14:51:02,190] {dagbag.py:500} INFO - Filling up the DagBag from /home/airflow/.local/lib/python3.7/site-packages/airflow/example_dags/example_latest_only.py
[2023-03-12 14:51:02,259] {processor.py:654} INFO - DAG(s) dict_keys(['latest_only']) retrieved from /home/airflow/.local/lib/python3.7/site-packages/airflow/example_dags/example_latest_only.py
[2023-03-12 14:51:02,295] {logging_mixin.py:109} INFO - [2023-03-12 14:51:02,295] {dag.py:2396} INFO - Sync 1 DAGs
[2023-03-12 14:51:02,346] {logging_mixin.py:109} INFO - [2023-03-12 14:51:02,345] {dag.py:2935} INFO - Setting next_dagrun for latest_only to 2023-03-12T10:51:02.344265+00:00
[2023-03-12 14:51:02,373] {processor.py:171} INFO - Processing /home/airflow/.local/lib/python3.7/site-packages/airflow/example_dags/example_latest_only.py took 0.196 seconds
[2023-03-12 14:51:32,633] {processor.py:163} INFO - Started process (PID=6271) to work on /home/airflow/.local/lib/python3.7/site-packages/airflow/example_dags/example_latest_only.py
[2023-03-12 14:51:32,645] {processor.py:642} INFO - Processing file /home/airflow/.local/lib/python3.7/site-packages/airflow/example_dags/example_latest_only.py for tasks to queue
[2023-03-12 14:51:32,649] {logging_mixin.py:109} INFO - [2023-03-12 14:51:32,648] {dagbag.py:500} INFO - Filling up the DagBag from /home/airflow/.local/lib/python3.7/site-packages/airflow/example_dags/example_latest_only.py
[2023-03-12 14:51:32,709] {processor.py:654} INFO - DAG(s) dict_keys(['latest_only']) retrieved from /home/airflow/.local/lib/python3.7/site-packages/airflow/example_dags/example_latest_only.py
[2023-03-12 14:51:32,742] {logging_mixin.py:109} INFO - [2023-03-12 14:51:32,742] {dag.py:2396} INFO - Sync 1 DAGs
[2023-03-12 14:51:32,794] {logging_mixin.py:109} INFO - [2023-03-12 14:51:32,794] {dag.py:2935} INFO - Setting next_dagrun for latest_only to 2023-03-12T10:51:32.792264+00:00
[2023-03-12 14:51:32,831] {processor.py:171} INFO - Processing /home/airflow/.local/lib/python3.7/site-packages/airflow/example_dags/example_latest_only.py took 0.204 seconds
[2023-03-12 14:52:03,837] {processor.py:163} INFO - Started process (PID=6495) to work on /home/airflow/.local/lib/python3.7/site-packages/airflow/example_dags/example_latest_only.py
[2023-03-12 14:52:03,841] {processor.py:642} INFO - Processing file /home/airflow/.local/lib/python3.7/site-packages/airflow/example_dags/example_latest_only.py for tasks to queue
[2023-03-12 14:52:03,845] {logging_mixin.py:109} INFO - [2023-03-12 14:52:03,844] {dagbag.py:500} INFO - Filling up the DagBag from /home/airflow/.local/lib/python3.7/site-packages/airflow/example_dags/example_latest_only.py
[2023-03-12 14:52:03,919] {processor.py:654} INFO - DAG(s) dict_keys(['latest_only']) retrieved from /home/airflow/.local/lib/python3.7/site-packages/airflow/example_dags/example_latest_only.py
[2023-03-12 14:52:03,990] {logging_mixin.py:109} INFO - [2023-03-12 14:52:03,989] {dag.py:2396} INFO - Sync 1 DAGs
[2023-03-12 14:52:04,049] {logging_mixin.py:109} INFO - [2023-03-12 14:52:04,048] {dag.py:2935} INFO - Setting next_dagrun for latest_only to 2023-03-12T10:52:04.046807+00:00
[2023-03-12 14:52:04,079] {processor.py:171} INFO - Processing /home/airflow/.local/lib/python3.7/site-packages/airflow/example_dags/example_latest_only.py took 0.249 seconds
[2023-03-12 14:52:34,474] {processor.py:163} INFO - Started process (PID=6715) to work on /home/airflow/.local/lib/python3.7/site-packages/airflow/example_dags/example_latest_only.py
[2023-03-12 14:52:34,479] {processor.py:642} INFO - Processing file /home/airflow/.local/lib/python3.7/site-packages/airflow/example_dags/example_latest_only.py for tasks to queue
[2023-03-12 14:52:34,483] {logging_mixin.py:109} INFO - [2023-03-12 14:52:34,483] {dagbag.py:500} INFO - Filling up the DagBag from /home/airflow/.local/lib/python3.7/site-packages/airflow/example_dags/example_latest_only.py
[2023-03-12 14:52:34,549] {processor.py:654} INFO - DAG(s) dict_keys(['latest_only']) retrieved from /home/airflow/.local/lib/python3.7/site-packages/airflow/example_dags/example_latest_only.py
[2023-03-12 14:52:34,586] {logging_mixin.py:109} INFO - [2023-03-12 14:52:34,585] {dag.py:2396} INFO - Sync 1 DAGs
[2023-03-12 14:52:34,639] {logging_mixin.py:109} INFO - [2023-03-12 14:52:34,638] {dag.py:2935} INFO - Setting next_dagrun for latest_only to 2023-03-12T10:52:34.636992+00:00
[2023-03-12 14:52:34,668] {processor.py:171} INFO - Processing /home/airflow/.local/lib/python3.7/site-packages/airflow/example_dags/example_latest_only.py took 0.202 seconds
[2023-03-12 14:53:04,915] {processor.py:163} INFO - Started process (PID=6930) to work on /home/airflow/.local/lib/python3.7/site-packages/airflow/example_dags/example_latest_only.py
[2023-03-12 14:53:04,921] {processor.py:642} INFO - Processing file /home/airflow/.local/lib/python3.7/site-packages/airflow/example_dags/example_latest_only.py for tasks to queue
[2023-03-12 14:53:04,924] {logging_mixin.py:109} INFO - [2023-03-12 14:53:04,924] {dagbag.py:500} INFO - Filling up the DagBag from /home/airflow/.local/lib/python3.7/site-packages/airflow/example_dags/example_latest_only.py
[2023-03-12 14:53:04,988] {processor.py:654} INFO - DAG(s) dict_keys(['latest_only']) retrieved from /home/airflow/.local/lib/python3.7/site-packages/airflow/example_dags/example_latest_only.py
[2023-03-12 14:53:05,028] {logging_mixin.py:109} INFO - [2023-03-12 14:53:05,028] {dag.py:2396} INFO - Sync 1 DAGs
[2023-03-12 14:53:05,094] {logging_mixin.py:109} INFO - [2023-03-12 14:53:05,092] {dag.py:2935} INFO - Setting next_dagrun for latest_only to 2023-03-12T10:53:05.090447+00:00
[2023-03-12 14:53:05,145] {processor.py:171} INFO - Processing /home/airflow/.local/lib/python3.7/site-packages/airflow/example_dags/example_latest_only.py took 0.242 seconds
[2023-03-12 14:53:35,393] {processor.py:163} INFO - Started process (PID=7146) to work on /home/airflow/.local/lib/python3.7/site-packages/airflow/example_dags/example_latest_only.py
[2023-03-12 14:53:35,402] {processor.py:642} INFO - Processing file /home/airflow/.local/lib/python3.7/site-packages/airflow/example_dags/example_latest_only.py for tasks to queue
[2023-03-12 14:53:35,411] {logging_mixin.py:109} INFO - [2023-03-12 14:53:35,410] {dagbag.py:500} INFO - Filling up the DagBag from /home/airflow/.local/lib/python3.7/site-packages/airflow/example_dags/example_latest_only.py
[2023-03-12 14:53:35,485] {processor.py:654} INFO - DAG(s) dict_keys(['latest_only']) retrieved from /home/airflow/.local/lib/python3.7/site-packages/airflow/example_dags/example_latest_only.py
[2023-03-12 14:53:35,529] {logging_mixin.py:109} INFO - [2023-03-12 14:53:35,528] {dag.py:2396} INFO - Sync 1 DAGs
[2023-03-12 14:53:35,586] {logging_mixin.py:109} INFO - [2023-03-12 14:53:35,586] {dag.py:2935} INFO - Setting next_dagrun for latest_only to 2023-03-12T10:53:35.584145+00:00
[2023-03-12 14:53:35,615] {processor.py:171} INFO - Processing /home/airflow/.local/lib/python3.7/site-packages/airflow/example_dags/example_latest_only.py took 0.231 seconds
[2023-03-12 14:54:05,767] {processor.py:163} INFO - Started process (PID=7360) to work on /home/airflow/.local/lib/python3.7/site-packages/airflow/example_dags/example_latest_only.py
[2023-03-12 14:54:05,772] {processor.py:642} INFO - Processing file /home/airflow/.local/lib/python3.7/site-packages/airflow/example_dags/example_latest_only.py for tasks to queue
[2023-03-12 14:54:05,778] {logging_mixin.py:109} INFO - [2023-03-12 14:54:05,778] {dagbag.py:500} INFO - Filling up the DagBag from /home/airflow/.local/lib/python3.7/site-packages/airflow/example_dags/example_latest_only.py
[2023-03-12 14:54:05,859] {processor.py:654} INFO - DAG(s) dict_keys(['latest_only']) retrieved from /home/airflow/.local/lib/python3.7/site-packages/airflow/example_dags/example_latest_only.py
[2023-03-12 14:54:05,915] {logging_mixin.py:109} INFO - [2023-03-12 14:54:05,915] {dag.py:2396} INFO - Sync 1 DAGs
[2023-03-12 14:54:05,974] {logging_mixin.py:109} INFO - [2023-03-12 14:54:05,973] {dag.py:2935} INFO - Setting next_dagrun for latest_only to 2023-03-12T10:54:05.972178+00:00
[2023-03-12 14:54:06,003] {processor.py:171} INFO - Processing /home/airflow/.local/lib/python3.7/site-packages/airflow/example_dags/example_latest_only.py took 0.244 seconds
[2023-03-12 14:54:37,289] {processor.py:163} INFO - Started process (PID=7584) to work on /home/airflow/.local/lib/python3.7/site-packages/airflow/example_dags/example_latest_only.py
[2023-03-12 14:54:37,295] {processor.py:642} INFO - Processing file /home/airflow/.local/lib/python3.7/site-packages/airflow/example_dags/example_latest_only.py for tasks to queue
[2023-03-12 14:54:37,299] {logging_mixin.py:109} INFO - [2023-03-12 14:54:37,299] {dagbag.py:500} INFO - Filling up the DagBag from /home/airflow/.local/lib/python3.7/site-packages/airflow/example_dags/example_latest_only.py
[2023-03-12 14:54:37,381] {processor.py:654} INFO - DAG(s) dict_keys(['latest_only']) retrieved from /home/airflow/.local/lib/python3.7/site-packages/airflow/example_dags/example_latest_only.py
[2023-03-12 14:54:37,422] {logging_mixin.py:109} INFO - [2023-03-12 14:54:37,421] {dag.py:2396} INFO - Sync 1 DAGs
[2023-03-12 14:54:37,485] {logging_mixin.py:109} INFO - [2023-03-12 14:54:37,484] {dag.py:2935} INFO - Setting next_dagrun for latest_only to 2023-03-12T10:54:37.482705+00:00
[2023-03-12 14:54:37,515] {processor.py:171} INFO - Processing /home/airflow/.local/lib/python3.7/site-packages/airflow/example_dags/example_latest_only.py took 0.235 seconds
[2023-03-12 14:55:08,879] {processor.py:163} INFO - Started process (PID=7793) to work on /home/airflow/.local/lib/python3.7/site-packages/airflow/example_dags/example_latest_only.py
[2023-03-12 14:55:08,885] {processor.py:642} INFO - Processing file /home/airflow/.local/lib/python3.7/site-packages/airflow/example_dags/example_latest_only.py for tasks to queue
[2023-03-12 14:55:08,889] {logging_mixin.py:109} INFO - [2023-03-12 14:55:08,888] {dagbag.py:500} INFO - Filling up the DagBag from /home/airflow/.local/lib/python3.7/site-packages/airflow/example_dags/example_latest_only.py
[2023-03-12 14:55:08,968] {processor.py:654} INFO - DAG(s) dict_keys(['latest_only']) retrieved from /home/airflow/.local/lib/python3.7/site-packages/airflow/example_dags/example_latest_only.py
[2023-03-12 14:55:09,024] {logging_mixin.py:109} INFO - [2023-03-12 14:55:09,024] {dag.py:2396} INFO - Sync 1 DAGs
[2023-03-12 14:55:09,085] {logging_mixin.py:109} INFO - [2023-03-12 14:55:09,085] {dag.py:2935} INFO - Setting next_dagrun for latest_only to 2023-03-12T10:55:09.083070+00:00
[2023-03-12 14:55:09,147] {processor.py:171} INFO - Processing /home/airflow/.local/lib/python3.7/site-packages/airflow/example_dags/example_latest_only.py took 0.277 seconds
[2023-03-12 14:55:39,431] {processor.py:163} INFO - Started process (PID=8011) to work on /home/airflow/.local/lib/python3.7/site-packages/airflow/example_dags/example_latest_only.py
[2023-03-12 14:55:39,439] {processor.py:642} INFO - Processing file /home/airflow/.local/lib/python3.7/site-packages/airflow/example_dags/example_latest_only.py for tasks to queue
[2023-03-12 14:55:39,446] {logging_mixin.py:109} INFO - [2023-03-12 14:55:39,445] {dagbag.py:500} INFO - Filling up the DagBag from /home/airflow/.local/lib/python3.7/site-packages/airflow/example_dags/example_latest_only.py
[2023-03-12 14:55:39,537] {processor.py:654} INFO - DAG(s) dict_keys(['latest_only']) retrieved from /home/airflow/.local/lib/python3.7/site-packages/airflow/example_dags/example_latest_only.py
[2023-03-12 14:55:39,609] {logging_mixin.py:109} INFO - [2023-03-12 14:55:39,608] {dag.py:2396} INFO - Sync 1 DAGs
[2023-03-12 14:55:39,678] {logging_mixin.py:109} INFO - [2023-03-12 14:55:39,678] {dag.py:2935} INFO - Setting next_dagrun for latest_only to 2023-03-12T10:55:39.675995+00:00
[2023-03-12 14:55:39,710] {processor.py:171} INFO - Processing /home/airflow/.local/lib/python3.7/site-packages/airflow/example_dags/example_latest_only.py took 0.294 seconds
[2023-03-12 14:56:10,529] {processor.py:163} INFO - Started process (PID=8219) to work on /home/airflow/.local/lib/python3.7/site-packages/airflow/example_dags/example_latest_only.py
[2023-03-12 14:56:10,539] {processor.py:642} INFO - Processing file /home/airflow/.local/lib/python3.7/site-packages/airflow/example_dags/example_latest_only.py for tasks to queue
[2023-03-12 14:56:10,546] {logging_mixin.py:109} INFO - [2023-03-12 14:56:10,545] {dagbag.py:500} INFO - Filling up the DagBag from /home/airflow/.local/lib/python3.7/site-packages/airflow/example_dags/example_latest_only.py
[2023-03-12 14:56:10,628] {processor.py:654} INFO - DAG(s) dict_keys(['latest_only']) retrieved from /home/airflow/.local/lib/python3.7/site-packages/airflow/example_dags/example_latest_only.py
[2023-03-12 14:56:10,667] {logging_mixin.py:109} INFO - [2023-03-12 14:56:10,667] {dag.py:2396} INFO - Sync 1 DAGs
[2023-03-12 14:56:10,711] {logging_mixin.py:109} INFO - [2023-03-12 14:56:10,710] {dag.py:2935} INFO - Setting next_dagrun for latest_only to 2023-03-12T10:56:10.709354+00:00
[2023-03-12 14:56:10,735] {processor.py:171} INFO - Processing /home/airflow/.local/lib/python3.7/site-packages/airflow/example_dags/example_latest_only.py took 0.220 seconds
[2023-03-12 14:56:40,903] {processor.py:163} INFO - Started process (PID=8442) to work on /home/airflow/.local/lib/python3.7/site-packages/airflow/example_dags/example_latest_only.py
[2023-03-12 14:56:40,909] {processor.py:642} INFO - Processing file /home/airflow/.local/lib/python3.7/site-packages/airflow/example_dags/example_latest_only.py for tasks to queue
[2023-03-12 14:56:40,916] {logging_mixin.py:109} INFO - [2023-03-12 14:56:40,916] {dagbag.py:500} INFO - Filling up the DagBag from /home/airflow/.local/lib/python3.7/site-packages/airflow/example_dags/example_latest_only.py
[2023-03-12 14:56:40,988] {processor.py:654} INFO - DAG(s) dict_keys(['latest_only']) retrieved from /home/airflow/.local/lib/python3.7/site-packages/airflow/example_dags/example_latest_only.py
[2023-03-12 14:56:41,031] {logging_mixin.py:109} INFO - [2023-03-12 14:56:41,031] {dag.py:2396} INFO - Sync 1 DAGs
[2023-03-12 14:56:41,093] {logging_mixin.py:109} INFO - [2023-03-12 14:56:41,093] {dag.py:2935} INFO - Setting next_dagrun for latest_only to 2023-03-12T10:56:41.090838+00:00
[2023-03-12 14:56:41,231] {processor.py:171} INFO - Processing /home/airflow/.local/lib/python3.7/site-packages/airflow/example_dags/example_latest_only.py took 0.335 seconds
[2023-03-12 14:57:12,190] {processor.py:163} INFO - Started process (PID=8649) to work on /home/airflow/.local/lib/python3.7/site-packages/airflow/example_dags/example_latest_only.py
[2023-03-12 14:57:12,194] {processor.py:642} INFO - Processing file /home/airflow/.local/lib/python3.7/site-packages/airflow/example_dags/example_latest_only.py for tasks to queue
[2023-03-12 14:57:12,197] {logging_mixin.py:109} INFO - [2023-03-12 14:57:12,197] {dagbag.py:500} INFO - Filling up the DagBag from /home/airflow/.local/lib/python3.7/site-packages/airflow/example_dags/example_latest_only.py
[2023-03-12 14:57:12,261] {processor.py:654} INFO - DAG(s) dict_keys(['latest_only']) retrieved from /home/airflow/.local/lib/python3.7/site-packages/airflow/example_dags/example_latest_only.py
[2023-03-12 14:57:12,294] {logging_mixin.py:109} INFO - [2023-03-12 14:57:12,294] {dag.py:2396} INFO - Sync 1 DAGs
[2023-03-12 14:57:12,344] {logging_mixin.py:109} INFO - [2023-03-12 14:57:12,343] {dag.py:2935} INFO - Setting next_dagrun for latest_only to 2023-03-12T10:57:12.342352+00:00
[2023-03-12 14:57:12,372] {processor.py:171} INFO - Processing /home/airflow/.local/lib/python3.7/site-packages/airflow/example_dags/example_latest_only.py took 0.189 seconds
[2023-03-12 14:57:44,389] {processor.py:163} INFO - Started process (PID=8873) to work on /home/airflow/.local/lib/python3.7/site-packages/airflow/example_dags/example_latest_only.py
[2023-03-12 14:57:44,394] {processor.py:642} INFO - Processing file /home/airflow/.local/lib/python3.7/site-packages/airflow/example_dags/example_latest_only.py for tasks to queue
[2023-03-12 14:57:44,397] {logging_mixin.py:109} INFO - [2023-03-12 14:57:44,397] {dagbag.py:500} INFO - Filling up the DagBag from /home/airflow/.local/lib/python3.7/site-packages/airflow/example_dags/example_latest_only.py
[2023-03-12 14:57:44,540] {processor.py:654} INFO - DAG(s) dict_keys(['latest_only']) retrieved from /home/airflow/.local/lib/python3.7/site-packages/airflow/example_dags/example_latest_only.py
[2023-03-12 14:57:44,619] {logging_mixin.py:109} INFO - [2023-03-12 14:57:44,618] {dag.py:2396} INFO - Sync 1 DAGs
[2023-03-12 14:57:44,697] {logging_mixin.py:109} INFO - [2023-03-12 14:57:44,697] {dag.py:2935} INFO - Setting next_dagrun for latest_only to 2023-03-12T10:57:44.695320+00:00
[2023-03-12 14:57:44,732] {processor.py:171} INFO - Processing /home/airflow/.local/lib/python3.7/site-packages/airflow/example_dags/example_latest_only.py took 0.352 seconds
[2023-03-12 14:58:16,911] {processor.py:163} INFO - Started process (PID=9103) to work on /home/airflow/.local/lib/python3.7/site-packages/airflow/example_dags/example_latest_only.py
[2023-03-12 14:58:16,917] {processor.py:642} INFO - Processing file /home/airflow/.local/lib/python3.7/site-packages/airflow/example_dags/example_latest_only.py for tasks to queue
[2023-03-12 14:58:16,921] {logging_mixin.py:109} INFO - [2023-03-12 14:58:16,921] {dagbag.py:500} INFO - Filling up the DagBag from /home/airflow/.local/lib/python3.7/site-packages/airflow/example_dags/example_latest_only.py
[2023-03-12 14:58:17,018] {processor.py:654} INFO - DAG(s) dict_keys(['latest_only']) retrieved from /home/airflow/.local/lib/python3.7/site-packages/airflow/example_dags/example_latest_only.py
[2023-03-12 14:58:17,062] {logging_mixin.py:109} INFO - [2023-03-12 14:58:17,061] {dag.py:2396} INFO - Sync 1 DAGs
[2023-03-12 14:58:17,126] {logging_mixin.py:109} INFO - [2023-03-12 14:58:17,125] {dag.py:2935} INFO - Setting next_dagrun for latest_only to 2023-03-12T10:58:17.123671+00:00
[2023-03-12 14:58:17,157] {processor.py:171} INFO - Processing /home/airflow/.local/lib/python3.7/site-packages/airflow/example_dags/example_latest_only.py took 0.253 seconds
