[2023-03-12 14:28:44,499] {processor.py:163} INFO - Started process (PID=862) to work on /home/airflow/.local/lib/python3.7/site-packages/airflow/example_dags/example_xcomargs.py
[2023-03-12 14:28:44,508] {processor.py:642} INFO - Processing file /home/airflow/.local/lib/python3.7/site-packages/airflow/example_dags/example_xcomargs.py for tasks to queue
[2023-03-12 14:28:44,512] {logging_mixin.py:109} INFO - [2023-03-12 14:28:44,511] {dagbag.py:500} INFO - Filling up the DagBag from /home/airflow/.local/lib/python3.7/site-packages/airflow/example_dags/example_xcomargs.py
[2023-03-12 14:28:44,665] {processor.py:654} INFO - DAG(s) dict_keys(['example_xcom_args', 'example_xcom_args_with_operators']) retrieved from /home/airflow/.local/lib/python3.7/site-packages/airflow/example_dags/example_xcomargs.py
[2023-03-12 14:28:58,943] {logging_mixin.py:109} INFO - [2023-03-12 14:28:58,942] {manager.py:496} INFO - Created Permission View: can edit on DAG:example_xcom_args
[2023-03-12 14:28:58,997] {logging_mixin.py:109} INFO - [2023-03-12 14:28:58,996] {manager.py:496} INFO - Created Permission View: can read on DAG:example_xcom_args
[2023-03-12 14:28:59,077] {logging_mixin.py:109} INFO - [2023-03-12 14:28:59,077] {manager.py:496} INFO - Created Permission View: can edit on DAG:example_xcom_args_with_operators
[2023-03-12 14:28:59,107] {logging_mixin.py:109} INFO - [2023-03-12 14:28:59,106] {manager.py:496} INFO - Created Permission View: can read on DAG:example_xcom_args_with_operators
[2023-03-12 14:28:59,110] {logging_mixin.py:109} INFO - [2023-03-12 14:28:59,109] {dag.py:2396} INFO - Sync 2 DAGs
[2023-03-12 14:28:59,147] {logging_mixin.py:109} INFO - [2023-03-12 14:28:59,145] {dag.py:2415} INFO - Creating ORM DAG for example_xcom_args
[2023-03-12 14:28:59,186] {logging_mixin.py:109} INFO - [2023-03-12 14:28:59,186] {dag.py:2415} INFO - Creating ORM DAG for example_xcom_args_with_operators
[2023-03-12 14:28:59,252] {logging_mixin.py:109} INFO - [2023-03-12 14:28:59,251] {dag.py:2935} INFO - Setting next_dagrun for example_xcom_args to None
[2023-03-12 14:28:59,265] {logging_mixin.py:109} INFO - [2023-03-12 14:28:59,264] {dag.py:2935} INFO - Setting next_dagrun for example_xcom_args_with_operators to None
[2023-03-12 14:28:59,332] {processor.py:171} INFO - Processing /home/airflow/.local/lib/python3.7/site-packages/airflow/example_dags/example_xcomargs.py took 14.845 seconds
[2023-03-12 14:38:55,539] {processor.py:163} INFO - Started process (PID=1182) to work on /home/airflow/.local/lib/python3.7/site-packages/airflow/example_dags/example_xcomargs.py
[2023-03-12 14:38:55,547] {processor.py:642} INFO - Processing file /home/airflow/.local/lib/python3.7/site-packages/airflow/example_dags/example_xcomargs.py for tasks to queue
[2023-03-12 14:38:55,566] {logging_mixin.py:109} INFO - [2023-03-12 14:38:55,562] {dagbag.py:500} INFO - Filling up the DagBag from /home/airflow/.local/lib/python3.7/site-packages/airflow/example_dags/example_xcomargs.py
[2023-03-12 14:38:56,305] {processor.py:654} INFO - DAG(s) dict_keys(['example_xcom_args', 'example_xcom_args_with_operators']) retrieved from /home/airflow/.local/lib/python3.7/site-packages/airflow/example_dags/example_xcomargs.py
[2023-03-12 14:39:01,776] {logging_mixin.py:109} INFO - [2023-03-12 14:39:01,775] {dag.py:2396} INFO - Sync 2 DAGs
[2023-03-12 14:39:01,962] {logging_mixin.py:109} INFO - [2023-03-12 14:39:01,961] {dag.py:2935} INFO - Setting next_dagrun for example_xcom_args to None
[2023-03-12 14:39:01,972] {logging_mixin.py:109} INFO - [2023-03-12 14:39:01,972] {dag.py:2935} INFO - Setting next_dagrun for example_xcom_args_with_operators to None
[2023-03-12 14:39:02,104] {processor.py:171} INFO - Processing /home/airflow/.local/lib/python3.7/site-packages/airflow/example_dags/example_xcomargs.py took 6.593 seconds
[2023-03-12 14:39:44,531] {processor.py:163} INFO - Started process (PID=1454) to work on /home/airflow/.local/lib/python3.7/site-packages/airflow/example_dags/example_xcomargs.py
[2023-03-12 14:39:44,544] {processor.py:642} INFO - Processing file /home/airflow/.local/lib/python3.7/site-packages/airflow/example_dags/example_xcomargs.py for tasks to queue
[2023-03-12 14:39:44,557] {logging_mixin.py:109} INFO - [2023-03-12 14:39:44,556] {dagbag.py:500} INFO - Filling up the DagBag from /home/airflow/.local/lib/python3.7/site-packages/airflow/example_dags/example_xcomargs.py
[2023-03-12 14:39:45,092] {processor.py:654} INFO - DAG(s) dict_keys(['example_xcom_args', 'example_xcom_args_with_operators']) retrieved from /home/airflow/.local/lib/python3.7/site-packages/airflow/example_dags/example_xcomargs.py
[2023-03-12 14:39:49,432] {logging_mixin.py:109} INFO - [2023-03-12 14:39:49,430] {dag.py:2396} INFO - Sync 2 DAGs
[2023-03-12 14:39:49,673] {logging_mixin.py:109} INFO - [2023-03-12 14:39:49,673] {dag.py:2935} INFO - Setting next_dagrun for example_xcom_args to None
[2023-03-12 14:39:49,683] {logging_mixin.py:109} INFO - [2023-03-12 14:39:49,679] {dag.py:2935} INFO - Setting next_dagrun for example_xcom_args_with_operators to None
[2023-03-12 14:39:49,878] {processor.py:171} INFO - Processing /home/airflow/.local/lib/python3.7/site-packages/airflow/example_dags/example_xcomargs.py took 5.376 seconds
[2023-03-12 14:40:21,228] {processor.py:163} INFO - Started process (PID=1682) to work on /home/airflow/.local/lib/python3.7/site-packages/airflow/example_dags/example_xcomargs.py
[2023-03-12 14:40:21,241] {processor.py:642} INFO - Processing file /home/airflow/.local/lib/python3.7/site-packages/airflow/example_dags/example_xcomargs.py for tasks to queue
[2023-03-12 14:40:21,248] {logging_mixin.py:109} INFO - [2023-03-12 14:40:21,247] {dagbag.py:500} INFO - Filling up the DagBag from /home/airflow/.local/lib/python3.7/site-packages/airflow/example_dags/example_xcomargs.py
[2023-03-12 14:40:21,728] {processor.py:654} INFO - DAG(s) dict_keys(['example_xcom_args', 'example_xcom_args_with_operators']) retrieved from /home/airflow/.local/lib/python3.7/site-packages/airflow/example_dags/example_xcomargs.py
[2023-03-12 14:40:23,098] {logging_mixin.py:109} INFO - [2023-03-12 14:40:23,088] {dag.py:2396} INFO - Sync 2 DAGs
[2023-03-12 14:40:23,299] {logging_mixin.py:109} INFO - [2023-03-12 14:40:23,299] {dag.py:2935} INFO - Setting next_dagrun for example_xcom_args to None
[2023-03-12 14:40:23,303] {logging_mixin.py:109} INFO - [2023-03-12 14:40:23,303] {dag.py:2935} INFO - Setting next_dagrun for example_xcom_args_with_operators to None
[2023-03-12 14:40:23,399] {processor.py:171} INFO - Processing /home/airflow/.local/lib/python3.7/site-packages/airflow/example_dags/example_xcomargs.py took 2.182 seconds
[2023-03-12 14:40:56,386] {processor.py:163} INFO - Started process (PID=1901) to work on /home/airflow/.local/lib/python3.7/site-packages/airflow/example_dags/example_xcomargs.py
[2023-03-12 14:40:56,408] {processor.py:642} INFO - Processing file /home/airflow/.local/lib/python3.7/site-packages/airflow/example_dags/example_xcomargs.py for tasks to queue
[2023-03-12 14:40:56,433] {logging_mixin.py:109} INFO - [2023-03-12 14:40:56,432] {dagbag.py:500} INFO - Filling up the DagBag from /home/airflow/.local/lib/python3.7/site-packages/airflow/example_dags/example_xcomargs.py
[2023-03-12 14:40:57,054] {processor.py:654} INFO - DAG(s) dict_keys(['example_xcom_args', 'example_xcom_args_with_operators']) retrieved from /home/airflow/.local/lib/python3.7/site-packages/airflow/example_dags/example_xcomargs.py
[2023-03-12 14:41:00,769] {logging_mixin.py:109} INFO - [2023-03-12 14:41:00,768] {dag.py:2396} INFO - Sync 2 DAGs
[2023-03-12 14:41:01,014] {logging_mixin.py:109} INFO - [2023-03-12 14:41:01,013] {dag.py:2935} INFO - Setting next_dagrun for example_xcom_args to None
[2023-03-12 14:41:01,022] {logging_mixin.py:109} INFO - [2023-03-12 14:41:01,020] {dag.py:2935} INFO - Setting next_dagrun for example_xcom_args_with_operators to None
[2023-03-12 14:41:01,200] {processor.py:171} INFO - Processing /home/airflow/.local/lib/python3.7/site-packages/airflow/example_dags/example_xcomargs.py took 4.888 seconds
[2023-03-12 14:41:31,566] {processor.py:163} INFO - Started process (PID=2135) to work on /home/airflow/.local/lib/python3.7/site-packages/airflow/example_dags/example_xcomargs.py
[2023-03-12 14:41:31,585] {processor.py:642} INFO - Processing file /home/airflow/.local/lib/python3.7/site-packages/airflow/example_dags/example_xcomargs.py for tasks to queue
[2023-03-12 14:41:31,589] {logging_mixin.py:109} INFO - [2023-03-12 14:41:31,589] {dagbag.py:500} INFO - Filling up the DagBag from /home/airflow/.local/lib/python3.7/site-packages/airflow/example_dags/example_xcomargs.py
[2023-03-12 14:41:32,268] {processor.py:654} INFO - DAG(s) dict_keys(['example_xcom_args', 'example_xcom_args_with_operators']) retrieved from /home/airflow/.local/lib/python3.7/site-packages/airflow/example_dags/example_xcomargs.py
[2023-03-12 14:41:39,940] {logging_mixin.py:109} INFO - [2023-03-12 14:41:39,936] {dag.py:2396} INFO - Sync 2 DAGs
[2023-03-12 14:41:40,289] {logging_mixin.py:109} INFO - [2023-03-12 14:41:40,288] {dag.py:2935} INFO - Setting next_dagrun for example_xcom_args to None
[2023-03-12 14:41:40,315] {logging_mixin.py:109} INFO - [2023-03-12 14:41:40,313] {dag.py:2935} INFO - Setting next_dagrun for example_xcom_args_with_operators to None
[2023-03-12 14:41:40,620] {processor.py:171} INFO - Processing /home/airflow/.local/lib/python3.7/site-packages/airflow/example_dags/example_xcomargs.py took 9.081 seconds
[2023-03-12 14:42:12,749] {processor.py:163} INFO - Started process (PID=2426) to work on /home/airflow/.local/lib/python3.7/site-packages/airflow/example_dags/example_xcomargs.py
[2023-03-12 14:42:12,760] {processor.py:642} INFO - Processing file /home/airflow/.local/lib/python3.7/site-packages/airflow/example_dags/example_xcomargs.py for tasks to queue
[2023-03-12 14:42:12,777] {logging_mixin.py:109} INFO - [2023-03-12 14:42:12,776] {dagbag.py:500} INFO - Filling up the DagBag from /home/airflow/.local/lib/python3.7/site-packages/airflow/example_dags/example_xcomargs.py
[2023-03-12 14:42:13,000] {processor.py:654} INFO - DAG(s) dict_keys(['example_xcom_args', 'example_xcom_args_with_operators']) retrieved from /home/airflow/.local/lib/python3.7/site-packages/airflow/example_dags/example_xcomargs.py
[2023-03-12 14:42:15,546] {logging_mixin.py:109} INFO - [2023-03-12 14:42:15,546] {dag.py:2396} INFO - Sync 2 DAGs
[2023-03-12 14:42:15,758] {logging_mixin.py:109} INFO - [2023-03-12 14:42:15,757] {dag.py:2935} INFO - Setting next_dagrun for example_xcom_args to None
[2023-03-12 14:42:15,761] {logging_mixin.py:109} INFO - [2023-03-12 14:42:15,760] {dag.py:2935} INFO - Setting next_dagrun for example_xcom_args_with_operators to None
[2023-03-12 14:42:15,878] {processor.py:171} INFO - Processing /home/airflow/.local/lib/python3.7/site-packages/airflow/example_dags/example_xcomargs.py took 3.151 seconds
[2023-03-12 14:42:46,052] {processor.py:163} INFO - Started process (PID=2649) to work on /home/airflow/.local/lib/python3.7/site-packages/airflow/example_dags/example_xcomargs.py
[2023-03-12 14:42:46,058] {processor.py:642} INFO - Processing file /home/airflow/.local/lib/python3.7/site-packages/airflow/example_dags/example_xcomargs.py for tasks to queue
[2023-03-12 14:42:46,063] {logging_mixin.py:109} INFO - [2023-03-12 14:42:46,062] {dagbag.py:500} INFO - Filling up the DagBag from /home/airflow/.local/lib/python3.7/site-packages/airflow/example_dags/example_xcomargs.py
[2023-03-12 14:42:46,216] {processor.py:654} INFO - DAG(s) dict_keys(['example_xcom_args', 'example_xcom_args_with_operators']) retrieved from /home/airflow/.local/lib/python3.7/site-packages/airflow/example_dags/example_xcomargs.py
[2023-03-12 14:42:47,961] {logging_mixin.py:109} INFO - [2023-03-12 14:42:47,961] {dag.py:2396} INFO - Sync 2 DAGs
[2023-03-12 14:42:48,064] {logging_mixin.py:109} INFO - [2023-03-12 14:42:48,063] {dag.py:2935} INFO - Setting next_dagrun for example_xcom_args to None
[2023-03-12 14:42:48,069] {logging_mixin.py:109} INFO - [2023-03-12 14:42:48,068] {dag.py:2935} INFO - Setting next_dagrun for example_xcom_args_with_operators to None
[2023-03-12 14:42:48,112] {processor.py:171} INFO - Processing /home/airflow/.local/lib/python3.7/site-packages/airflow/example_dags/example_xcomargs.py took 2.070 seconds
[2023-03-12 14:43:18,260] {processor.py:163} INFO - Started process (PID=2873) to work on /home/airflow/.local/lib/python3.7/site-packages/airflow/example_dags/example_xcomargs.py
[2023-03-12 14:43:18,266] {processor.py:642} INFO - Processing file /home/airflow/.local/lib/python3.7/site-packages/airflow/example_dags/example_xcomargs.py for tasks to queue
[2023-03-12 14:43:18,270] {logging_mixin.py:109} INFO - [2023-03-12 14:43:18,269] {dagbag.py:500} INFO - Filling up the DagBag from /home/airflow/.local/lib/python3.7/site-packages/airflow/example_dags/example_xcomargs.py
[2023-03-12 14:43:18,399] {processor.py:654} INFO - DAG(s) dict_keys(['example_xcom_args', 'example_xcom_args_with_operators']) retrieved from /home/airflow/.local/lib/python3.7/site-packages/airflow/example_dags/example_xcomargs.py
[2023-03-12 14:43:19,577] {logging_mixin.py:109} INFO - [2023-03-12 14:43:19,576] {dag.py:2396} INFO - Sync 2 DAGs
[2023-03-12 14:43:19,648] {logging_mixin.py:109} INFO - [2023-03-12 14:43:19,648] {dag.py:2935} INFO - Setting next_dagrun for example_xcom_args to None
[2023-03-12 14:43:19,652] {logging_mixin.py:109} INFO - [2023-03-12 14:43:19,652] {dag.py:2935} INFO - Setting next_dagrun for example_xcom_args_with_operators to None
[2023-03-12 14:43:19,691] {processor.py:171} INFO - Processing /home/airflow/.local/lib/python3.7/site-packages/airflow/example_dags/example_xcomargs.py took 1.442 seconds
[2023-03-12 14:43:49,876] {processor.py:163} INFO - Started process (PID=3081) to work on /home/airflow/.local/lib/python3.7/site-packages/airflow/example_dags/example_xcomargs.py
[2023-03-12 14:43:49,881] {processor.py:642} INFO - Processing file /home/airflow/.local/lib/python3.7/site-packages/airflow/example_dags/example_xcomargs.py for tasks to queue
[2023-03-12 14:43:49,884] {logging_mixin.py:109} INFO - [2023-03-12 14:43:49,884] {dagbag.py:500} INFO - Filling up the DagBag from /home/airflow/.local/lib/python3.7/site-packages/airflow/example_dags/example_xcomargs.py
[2023-03-12 14:43:49,998] {processor.py:654} INFO - DAG(s) dict_keys(['example_xcom_args', 'example_xcom_args_with_operators']) retrieved from /home/airflow/.local/lib/python3.7/site-packages/airflow/example_dags/example_xcomargs.py
[2023-03-12 14:43:50,806] {logging_mixin.py:109} INFO - [2023-03-12 14:43:50,806] {dag.py:2396} INFO - Sync 2 DAGs
[2023-03-12 14:43:50,855] {logging_mixin.py:109} INFO - [2023-03-12 14:43:50,854] {dag.py:2935} INFO - Setting next_dagrun for example_xcom_args to None
[2023-03-12 14:43:50,858] {logging_mixin.py:109} INFO - [2023-03-12 14:43:50,858] {dag.py:2935} INFO - Setting next_dagrun for example_xcom_args_with_operators to None
[2023-03-12 14:43:50,894] {processor.py:171} INFO - Processing /home/airflow/.local/lib/python3.7/site-packages/airflow/example_dags/example_xcomargs.py took 1.025 seconds
[2023-03-12 14:44:21,176] {processor.py:163} INFO - Started process (PID=3305) to work on /home/airflow/.local/lib/python3.7/site-packages/airflow/example_dags/example_xcomargs.py
[2023-03-12 14:44:21,187] {processor.py:642} INFO - Processing file /home/airflow/.local/lib/python3.7/site-packages/airflow/example_dags/example_xcomargs.py for tasks to queue
[2023-03-12 14:44:21,193] {logging_mixin.py:109} INFO - [2023-03-12 14:44:21,192] {dagbag.py:500} INFO - Filling up the DagBag from /home/airflow/.local/lib/python3.7/site-packages/airflow/example_dags/example_xcomargs.py
[2023-03-12 14:44:21,350] {processor.py:654} INFO - DAG(s) dict_keys(['example_xcom_args', 'example_xcom_args_with_operators']) retrieved from /home/airflow/.local/lib/python3.7/site-packages/airflow/example_dags/example_xcomargs.py
[2023-03-12 14:44:23,093] {logging_mixin.py:109} INFO - [2023-03-12 14:44:23,092] {dag.py:2396} INFO - Sync 2 DAGs
[2023-03-12 14:44:23,221] {logging_mixin.py:109} INFO - [2023-03-12 14:44:23,220] {dag.py:2935} INFO - Setting next_dagrun for example_xcom_args to None
[2023-03-12 14:44:23,226] {logging_mixin.py:109} INFO - [2023-03-12 14:44:23,225] {dag.py:2935} INFO - Setting next_dagrun for example_xcom_args_with_operators to None
[2023-03-12 14:44:23,262] {processor.py:171} INFO - Processing /home/airflow/.local/lib/python3.7/site-packages/airflow/example_dags/example_xcomargs.py took 2.094 seconds
[2023-03-12 14:44:53,439] {processor.py:163} INFO - Started process (PID=3523) to work on /home/airflow/.local/lib/python3.7/site-packages/airflow/example_dags/example_xcomargs.py
[2023-03-12 14:44:53,446] {processor.py:642} INFO - Processing file /home/airflow/.local/lib/python3.7/site-packages/airflow/example_dags/example_xcomargs.py for tasks to queue
[2023-03-12 14:44:53,449] {logging_mixin.py:109} INFO - [2023-03-12 14:44:53,449] {dagbag.py:500} INFO - Filling up the DagBag from /home/airflow/.local/lib/python3.7/site-packages/airflow/example_dags/example_xcomargs.py
[2023-03-12 14:44:53,581] {processor.py:654} INFO - DAG(s) dict_keys(['example_xcom_args', 'example_xcom_args_with_operators']) retrieved from /home/airflow/.local/lib/python3.7/site-packages/airflow/example_dags/example_xcomargs.py
[2023-03-12 14:44:55,125] {logging_mixin.py:109} INFO - [2023-03-12 14:44:55,124] {dag.py:2396} INFO - Sync 2 DAGs
[2023-03-12 14:44:55,190] {logging_mixin.py:109} INFO - [2023-03-12 14:44:55,189] {dag.py:2935} INFO - Setting next_dagrun for example_xcom_args to None
[2023-03-12 14:44:55,196] {logging_mixin.py:109} INFO - [2023-03-12 14:44:55,195] {dag.py:2935} INFO - Setting next_dagrun for example_xcom_args_with_operators to None
[2023-03-12 14:44:55,251] {processor.py:171} INFO - Processing /home/airflow/.local/lib/python3.7/site-packages/airflow/example_dags/example_xcomargs.py took 1.820 seconds
[2023-03-12 14:45:25,671] {processor.py:163} INFO - Started process (PID=3749) to work on /home/airflow/.local/lib/python3.7/site-packages/airflow/example_dags/example_xcomargs.py
[2023-03-12 14:45:25,699] {processor.py:642} INFO - Processing file /home/airflow/.local/lib/python3.7/site-packages/airflow/example_dags/example_xcomargs.py for tasks to queue
[2023-03-12 14:45:25,709] {logging_mixin.py:109} INFO - [2023-03-12 14:45:25,707] {dagbag.py:500} INFO - Filling up the DagBag from /home/airflow/.local/lib/python3.7/site-packages/airflow/example_dags/example_xcomargs.py
[2023-03-12 14:45:25,986] {processor.py:654} INFO - DAG(s) dict_keys(['example_xcom_args', 'example_xcom_args_with_operators']) retrieved from /home/airflow/.local/lib/python3.7/site-packages/airflow/example_dags/example_xcomargs.py
[2023-03-12 14:45:27,689] {logging_mixin.py:109} INFO - [2023-03-12 14:45:27,689] {dag.py:2396} INFO - Sync 2 DAGs
[2023-03-12 14:45:27,750] {logging_mixin.py:109} INFO - [2023-03-12 14:45:27,750] {dag.py:2935} INFO - Setting next_dagrun for example_xcom_args to None
[2023-03-12 14:45:27,753] {logging_mixin.py:109} INFO - [2023-03-12 14:45:27,752] {dag.py:2935} INFO - Setting next_dagrun for example_xcom_args_with_operators to None
[2023-03-12 14:45:27,863] {processor.py:171} INFO - Processing /home/airflow/.local/lib/python3.7/site-packages/airflow/example_dags/example_xcomargs.py took 2.208 seconds
[2023-03-12 14:45:58,082] {processor.py:163} INFO - Started process (PID=3976) to work on /home/airflow/.local/lib/python3.7/site-packages/airflow/example_dags/example_xcomargs.py
[2023-03-12 14:45:58,093] {processor.py:642} INFO - Processing file /home/airflow/.local/lib/python3.7/site-packages/airflow/example_dags/example_xcomargs.py for tasks to queue
[2023-03-12 14:45:58,102] {logging_mixin.py:109} INFO - [2023-03-12 14:45:58,101] {dagbag.py:500} INFO - Filling up the DagBag from /home/airflow/.local/lib/python3.7/site-packages/airflow/example_dags/example_xcomargs.py
[2023-03-12 14:45:58,303] {processor.py:654} INFO - DAG(s) dict_keys(['example_xcom_args', 'example_xcom_args_with_operators']) retrieved from /home/airflow/.local/lib/python3.7/site-packages/airflow/example_dags/example_xcomargs.py
[2023-03-12 14:45:59,659] {logging_mixin.py:109} INFO - [2023-03-12 14:45:59,658] {dag.py:2396} INFO - Sync 2 DAGs
[2023-03-12 14:45:59,731] {logging_mixin.py:109} INFO - [2023-03-12 14:45:59,730] {dag.py:2935} INFO - Setting next_dagrun for example_xcom_args to None
[2023-03-12 14:45:59,736] {logging_mixin.py:109} INFO - [2023-03-12 14:45:59,736] {dag.py:2935} INFO - Setting next_dagrun for example_xcom_args_with_operators to None
[2023-03-12 14:45:59,775] {processor.py:171} INFO - Processing /home/airflow/.local/lib/python3.7/site-packages/airflow/example_dags/example_xcomargs.py took 1.709 seconds
[2023-03-12 14:46:30,091] {processor.py:163} INFO - Started process (PID=4182) to work on /home/airflow/.local/lib/python3.7/site-packages/airflow/example_dags/example_xcomargs.py
[2023-03-12 14:46:30,107] {processor.py:642} INFO - Processing file /home/airflow/.local/lib/python3.7/site-packages/airflow/example_dags/example_xcomargs.py for tasks to queue
[2023-03-12 14:46:30,110] {logging_mixin.py:109} INFO - [2023-03-12 14:46:30,110] {dagbag.py:500} INFO - Filling up the DagBag from /home/airflow/.local/lib/python3.7/site-packages/airflow/example_dags/example_xcomargs.py
[2023-03-12 14:46:30,371] {processor.py:654} INFO - DAG(s) dict_keys(['example_xcom_args', 'example_xcom_args_with_operators']) retrieved from /home/airflow/.local/lib/python3.7/site-packages/airflow/example_dags/example_xcomargs.py
[2023-03-12 14:46:31,434] {logging_mixin.py:109} INFO - [2023-03-12 14:46:31,433] {dag.py:2396} INFO - Sync 2 DAGs
[2023-03-12 14:46:31,507] {logging_mixin.py:109} INFO - [2023-03-12 14:46:31,507] {dag.py:2935} INFO - Setting next_dagrun for example_xcom_args to None
[2023-03-12 14:46:31,510] {logging_mixin.py:109} INFO - [2023-03-12 14:46:31,510] {dag.py:2935} INFO - Setting next_dagrun for example_xcom_args_with_operators to None
[2023-03-12 14:46:31,546] {processor.py:171} INFO - Processing /home/airflow/.local/lib/python3.7/site-packages/airflow/example_dags/example_xcomargs.py took 1.465 seconds
[2023-03-12 14:47:02,011] {processor.py:163} INFO - Started process (PID=4406) to work on /home/airflow/.local/lib/python3.7/site-packages/airflow/example_dags/example_xcomargs.py
[2023-03-12 14:47:02,017] {processor.py:642} INFO - Processing file /home/airflow/.local/lib/python3.7/site-packages/airflow/example_dags/example_xcomargs.py for tasks to queue
[2023-03-12 14:47:02,023] {logging_mixin.py:109} INFO - [2023-03-12 14:47:02,022] {dagbag.py:500} INFO - Filling up the DagBag from /home/airflow/.local/lib/python3.7/site-packages/airflow/example_dags/example_xcomargs.py
[2023-03-12 14:47:02,182] {processor.py:654} INFO - DAG(s) dict_keys(['example_xcom_args', 'example_xcom_args_with_operators']) retrieved from /home/airflow/.local/lib/python3.7/site-packages/airflow/example_dags/example_xcomargs.py
[2023-03-12 14:47:03,880] {logging_mixin.py:109} INFO - [2023-03-12 14:47:03,880] {dag.py:2396} INFO - Sync 2 DAGs
[2023-03-12 14:47:03,969] {logging_mixin.py:109} INFO - [2023-03-12 14:47:03,968] {dag.py:2935} INFO - Setting next_dagrun for example_xcom_args to None
[2023-03-12 14:47:03,981] {logging_mixin.py:109} INFO - [2023-03-12 14:47:03,981] {dag.py:2935} INFO - Setting next_dagrun for example_xcom_args_with_operators to None
[2023-03-12 14:47:04,021] {processor.py:171} INFO - Processing /home/airflow/.local/lib/python3.7/site-packages/airflow/example_dags/example_xcomargs.py took 2.021 seconds
[2023-03-12 14:47:34,342] {processor.py:163} INFO - Started process (PID=4625) to work on /home/airflow/.local/lib/python3.7/site-packages/airflow/example_dags/example_xcomargs.py
[2023-03-12 14:47:34,355] {processor.py:642} INFO - Processing file /home/airflow/.local/lib/python3.7/site-packages/airflow/example_dags/example_xcomargs.py for tasks to queue
[2023-03-12 14:47:34,364] {logging_mixin.py:109} INFO - [2023-03-12 14:47:34,364] {dagbag.py:500} INFO - Filling up the DagBag from /home/airflow/.local/lib/python3.7/site-packages/airflow/example_dags/example_xcomargs.py
[2023-03-12 14:47:34,555] {processor.py:654} INFO - DAG(s) dict_keys(['example_xcom_args', 'example_xcom_args_with_operators']) retrieved from /home/airflow/.local/lib/python3.7/site-packages/airflow/example_dags/example_xcomargs.py
[2023-03-12 14:47:35,897] {logging_mixin.py:109} INFO - [2023-03-12 14:47:35,896] {dag.py:2396} INFO - Sync 2 DAGs
[2023-03-12 14:47:35,964] {logging_mixin.py:109} INFO - [2023-03-12 14:47:35,963] {dag.py:2935} INFO - Setting next_dagrun for example_xcom_args to None
[2023-03-12 14:47:35,969] {logging_mixin.py:109} INFO - [2023-03-12 14:47:35,969] {dag.py:2935} INFO - Setting next_dagrun for example_xcom_args_with_operators to None
[2023-03-12 14:47:36,015] {processor.py:171} INFO - Processing /home/airflow/.local/lib/python3.7/site-packages/airflow/example_dags/example_xcomargs.py took 1.694 seconds
[2023-03-12 14:48:06,324] {processor.py:163} INFO - Started process (PID=4839) to work on /home/airflow/.local/lib/python3.7/site-packages/airflow/example_dags/example_xcomargs.py
[2023-03-12 14:48:06,330] {processor.py:642} INFO - Processing file /home/airflow/.local/lib/python3.7/site-packages/airflow/example_dags/example_xcomargs.py for tasks to queue
[2023-03-12 14:48:06,336] {logging_mixin.py:109} INFO - [2023-03-12 14:48:06,335] {dagbag.py:500} INFO - Filling up the DagBag from /home/airflow/.local/lib/python3.7/site-packages/airflow/example_dags/example_xcomargs.py
[2023-03-12 14:48:06,495] {processor.py:654} INFO - DAG(s) dict_keys(['example_xcom_args', 'example_xcom_args_with_operators']) retrieved from /home/airflow/.local/lib/python3.7/site-packages/airflow/example_dags/example_xcomargs.py
[2023-03-12 14:48:07,789] {logging_mixin.py:109} INFO - [2023-03-12 14:48:07,789] {dag.py:2396} INFO - Sync 2 DAGs
[2023-03-12 14:48:07,895] {logging_mixin.py:109} INFO - [2023-03-12 14:48:07,894] {dag.py:2935} INFO - Setting next_dagrun for example_xcom_args to None
[2023-03-12 14:48:07,901] {logging_mixin.py:109} INFO - [2023-03-12 14:48:07,901] {dag.py:2935} INFO - Setting next_dagrun for example_xcom_args_with_operators to None
[2023-03-12 14:48:07,986] {processor.py:171} INFO - Processing /home/airflow/.local/lib/python3.7/site-packages/airflow/example_dags/example_xcomargs.py took 1.676 seconds
[2023-03-12 14:48:39,070] {processor.py:163} INFO - Started process (PID=5061) to work on /home/airflow/.local/lib/python3.7/site-packages/airflow/example_dags/example_xcomargs.py
[2023-03-12 14:48:39,082] {processor.py:642} INFO - Processing file /home/airflow/.local/lib/python3.7/site-packages/airflow/example_dags/example_xcomargs.py for tasks to queue
[2023-03-12 14:48:39,091] {logging_mixin.py:109} INFO - [2023-03-12 14:48:39,090] {dagbag.py:500} INFO - Filling up the DagBag from /home/airflow/.local/lib/python3.7/site-packages/airflow/example_dags/example_xcomargs.py
[2023-03-12 14:48:39,292] {processor.py:654} INFO - DAG(s) dict_keys(['example_xcom_args', 'example_xcom_args_with_operators']) retrieved from /home/airflow/.local/lib/python3.7/site-packages/airflow/example_dags/example_xcomargs.py
[2023-03-12 14:48:39,362] {logging_mixin.py:109} INFO - [2023-03-12 14:48:39,362] {dag.py:2396} INFO - Sync 2 DAGs
[2023-03-12 14:48:39,441] {logging_mixin.py:109} INFO - [2023-03-12 14:48:39,440] {dag.py:2935} INFO - Setting next_dagrun for example_xcom_args to None
[2023-03-12 14:48:39,445] {logging_mixin.py:109} INFO - [2023-03-12 14:48:39,444] {dag.py:2935} INFO - Setting next_dagrun for example_xcom_args_with_operators to None
[2023-03-12 14:48:39,515] {processor.py:171} INFO - Processing /home/airflow/.local/lib/python3.7/site-packages/airflow/example_dags/example_xcomargs.py took 0.471 seconds
[2023-03-12 14:49:09,840] {processor.py:163} INFO - Started process (PID=5267) to work on /home/airflow/.local/lib/python3.7/site-packages/airflow/example_dags/example_xcomargs.py
[2023-03-12 14:49:09,846] {processor.py:642} INFO - Processing file /home/airflow/.local/lib/python3.7/site-packages/airflow/example_dags/example_xcomargs.py for tasks to queue
[2023-03-12 14:49:09,850] {logging_mixin.py:109} INFO - [2023-03-12 14:49:09,849] {dagbag.py:500} INFO - Filling up the DagBag from /home/airflow/.local/lib/python3.7/site-packages/airflow/example_dags/example_xcomargs.py
[2023-03-12 14:49:09,977] {processor.py:654} INFO - DAG(s) dict_keys(['example_xcom_args', 'example_xcom_args_with_operators']) retrieved from /home/airflow/.local/lib/python3.7/site-packages/airflow/example_dags/example_xcomargs.py
[2023-03-12 14:49:10,812] {logging_mixin.py:109} INFO - [2023-03-12 14:49:10,811] {dag.py:2396} INFO - Sync 2 DAGs
[2023-03-12 14:49:10,854] {logging_mixin.py:109} INFO - [2023-03-12 14:49:10,854] {dag.py:2935} INFO - Setting next_dagrun for example_xcom_args to None
[2023-03-12 14:49:10,857] {logging_mixin.py:109} INFO - [2023-03-12 14:49:10,857] {dag.py:2935} INFO - Setting next_dagrun for example_xcom_args_with_operators to None
[2023-03-12 14:49:10,892] {processor.py:171} INFO - Processing /home/airflow/.local/lib/python3.7/site-packages/airflow/example_dags/example_xcomargs.py took 1.061 seconds
[2023-03-12 14:49:41,451] {processor.py:163} INFO - Started process (PID=5492) to work on /home/airflow/.local/lib/python3.7/site-packages/airflow/example_dags/example_xcomargs.py
[2023-03-12 14:49:41,456] {processor.py:642} INFO - Processing file /home/airflow/.local/lib/python3.7/site-packages/airflow/example_dags/example_xcomargs.py for tasks to queue
[2023-03-12 14:49:41,459] {logging_mixin.py:109} INFO - [2023-03-12 14:49:41,459] {dagbag.py:500} INFO - Filling up the DagBag from /home/airflow/.local/lib/python3.7/site-packages/airflow/example_dags/example_xcomargs.py
[2023-03-12 14:49:41,601] {processor.py:654} INFO - DAG(s) dict_keys(['example_xcom_args', 'example_xcom_args_with_operators']) retrieved from /home/airflow/.local/lib/python3.7/site-packages/airflow/example_dags/example_xcomargs.py
[2023-03-12 14:49:43,005] {logging_mixin.py:109} INFO - [2023-03-12 14:49:43,004] {dag.py:2396} INFO - Sync 2 DAGs
[2023-03-12 14:49:43,065] {logging_mixin.py:109} INFO - [2023-03-12 14:49:43,065] {dag.py:2935} INFO - Setting next_dagrun for example_xcom_args to None
[2023-03-12 14:49:43,069] {logging_mixin.py:109} INFO - [2023-03-12 14:49:43,069] {dag.py:2935} INFO - Setting next_dagrun for example_xcom_args_with_operators to None
[2023-03-12 14:49:43,116] {processor.py:171} INFO - Processing /home/airflow/.local/lib/python3.7/site-packages/airflow/example_dags/example_xcomargs.py took 1.675 seconds
[2023-03-12 14:50:13,305] {processor.py:163} INFO - Started process (PID=5700) to work on /home/airflow/.local/lib/python3.7/site-packages/airflow/example_dags/example_xcomargs.py
[2023-03-12 14:50:13,310] {processor.py:642} INFO - Processing file /home/airflow/.local/lib/python3.7/site-packages/airflow/example_dags/example_xcomargs.py for tasks to queue
[2023-03-12 14:50:13,312] {logging_mixin.py:109} INFO - [2023-03-12 14:50:13,312] {dagbag.py:500} INFO - Filling up the DagBag from /home/airflow/.local/lib/python3.7/site-packages/airflow/example_dags/example_xcomargs.py
[2023-03-12 14:50:13,401] {processor.py:654} INFO - DAG(s) dict_keys(['example_xcom_args', 'example_xcom_args_with_operators']) retrieved from /home/airflow/.local/lib/python3.7/site-packages/airflow/example_dags/example_xcomargs.py
[2023-03-12 14:50:14,337] {logging_mixin.py:109} INFO - [2023-03-12 14:50:14,336] {dag.py:2396} INFO - Sync 2 DAGs
[2023-03-12 14:50:14,402] {logging_mixin.py:109} INFO - [2023-03-12 14:50:14,401] {dag.py:2935} INFO - Setting next_dagrun for example_xcom_args to None
[2023-03-12 14:50:14,406] {logging_mixin.py:109} INFO - [2023-03-12 14:50:14,406] {dag.py:2935} INFO - Setting next_dagrun for example_xcom_args_with_operators to None
[2023-03-12 14:50:14,444] {processor.py:171} INFO - Processing /home/airflow/.local/lib/python3.7/site-packages/airflow/example_dags/example_xcomargs.py took 1.146 seconds
[2023-03-12 14:50:44,686] {processor.py:163} INFO - Started process (PID=5925) to work on /home/airflow/.local/lib/python3.7/site-packages/airflow/example_dags/example_xcomargs.py
[2023-03-12 14:50:44,690] {processor.py:642} INFO - Processing file /home/airflow/.local/lib/python3.7/site-packages/airflow/example_dags/example_xcomargs.py for tasks to queue
[2023-03-12 14:50:44,694] {logging_mixin.py:109} INFO - [2023-03-12 14:50:44,693] {dagbag.py:500} INFO - Filling up the DagBag from /home/airflow/.local/lib/python3.7/site-packages/airflow/example_dags/example_xcomargs.py
[2023-03-12 14:50:44,807] {processor.py:654} INFO - DAG(s) dict_keys(['example_xcom_args', 'example_xcom_args_with_operators']) retrieved from /home/airflow/.local/lib/python3.7/site-packages/airflow/example_dags/example_xcomargs.py
[2023-03-12 14:50:46,738] {logging_mixin.py:109} INFO - [2023-03-12 14:50:46,737] {dag.py:2396} INFO - Sync 2 DAGs
[2023-03-12 14:50:46,888] {logging_mixin.py:109} INFO - [2023-03-12 14:50:46,887] {dag.py:2935} INFO - Setting next_dagrun for example_xcom_args to None
[2023-03-12 14:50:46,904] {logging_mixin.py:109} INFO - [2023-03-12 14:50:46,903] {dag.py:2935} INFO - Setting next_dagrun for example_xcom_args_with_operators to None
[2023-03-12 14:50:47,023] {processor.py:171} INFO - Processing /home/airflow/.local/lib/python3.7/site-packages/airflow/example_dags/example_xcomargs.py took 2.345 seconds
[2023-03-12 14:51:17,272] {processor.py:163} INFO - Started process (PID=6147) to work on /home/airflow/.local/lib/python3.7/site-packages/airflow/example_dags/example_xcomargs.py
[2023-03-12 14:51:17,277] {processor.py:642} INFO - Processing file /home/airflow/.local/lib/python3.7/site-packages/airflow/example_dags/example_xcomargs.py for tasks to queue
[2023-03-12 14:51:17,280] {logging_mixin.py:109} INFO - [2023-03-12 14:51:17,279] {dagbag.py:500} INFO - Filling up the DagBag from /home/airflow/.local/lib/python3.7/site-packages/airflow/example_dags/example_xcomargs.py
[2023-03-12 14:51:17,405] {processor.py:654} INFO - DAG(s) dict_keys(['example_xcom_args', 'example_xcom_args_with_operators']) retrieved from /home/airflow/.local/lib/python3.7/site-packages/airflow/example_dags/example_xcomargs.py
[2023-03-12 14:51:18,933] {logging_mixin.py:109} INFO - [2023-03-12 14:51:18,932] {dag.py:2396} INFO - Sync 2 DAGs
[2023-03-12 14:51:19,000] {logging_mixin.py:109} INFO - [2023-03-12 14:51:19,000] {dag.py:2935} INFO - Setting next_dagrun for example_xcom_args to None
[2023-03-12 14:51:19,004] {logging_mixin.py:109} INFO - [2023-03-12 14:51:19,003] {dag.py:2935} INFO - Setting next_dagrun for example_xcom_args_with_operators to None
[2023-03-12 14:51:19,044] {processor.py:171} INFO - Processing /home/airflow/.local/lib/python3.7/site-packages/airflow/example_dags/example_xcomargs.py took 1.780 seconds
[2023-03-12 14:51:49,452] {processor.py:163} INFO - Started process (PID=6364) to work on /home/airflow/.local/lib/python3.7/site-packages/airflow/example_dags/example_xcomargs.py
[2023-03-12 14:51:49,456] {processor.py:642} INFO - Processing file /home/airflow/.local/lib/python3.7/site-packages/airflow/example_dags/example_xcomargs.py for tasks to queue
[2023-03-12 14:51:49,459] {logging_mixin.py:109} INFO - [2023-03-12 14:51:49,458] {dagbag.py:500} INFO - Filling up the DagBag from /home/airflow/.local/lib/python3.7/site-packages/airflow/example_dags/example_xcomargs.py
[2023-03-12 14:51:49,552] {processor.py:654} INFO - DAG(s) dict_keys(['example_xcom_args', 'example_xcom_args_with_operators']) retrieved from /home/airflow/.local/lib/python3.7/site-packages/airflow/example_dags/example_xcomargs.py
[2023-03-12 14:51:50,471] {logging_mixin.py:109} INFO - [2023-03-12 14:51:50,471] {dag.py:2396} INFO - Sync 2 DAGs
[2023-03-12 14:51:50,512] {logging_mixin.py:109} INFO - [2023-03-12 14:51:50,512] {dag.py:2935} INFO - Setting next_dagrun for example_xcom_args to None
[2023-03-12 14:51:50,516] {logging_mixin.py:109} INFO - [2023-03-12 14:51:50,515] {dag.py:2935} INFO - Setting next_dagrun for example_xcom_args_with_operators to None
[2023-03-12 14:51:50,576] {processor.py:171} INFO - Processing /home/airflow/.local/lib/python3.7/site-packages/airflow/example_dags/example_xcomargs.py took 1.131 seconds
[2023-03-12 14:52:20,971] {processor.py:163} INFO - Started process (PID=6597) to work on /home/airflow/.local/lib/python3.7/site-packages/airflow/example_dags/example_xcomargs.py
[2023-03-12 14:52:20,987] {processor.py:642} INFO - Processing file /home/airflow/.local/lib/python3.7/site-packages/airflow/example_dags/example_xcomargs.py for tasks to queue
[2023-03-12 14:52:20,995] {logging_mixin.py:109} INFO - [2023-03-12 14:52:20,994] {dagbag.py:500} INFO - Filling up the DagBag from /home/airflow/.local/lib/python3.7/site-packages/airflow/example_dags/example_xcomargs.py
[2023-03-12 14:52:21,126] {processor.py:654} INFO - DAG(s) dict_keys(['example_xcom_args', 'example_xcom_args_with_operators']) retrieved from /home/airflow/.local/lib/python3.7/site-packages/airflow/example_dags/example_xcomargs.py
[2023-03-12 14:52:22,575] {logging_mixin.py:109} INFO - [2023-03-12 14:52:22,575] {dag.py:2396} INFO - Sync 2 DAGs
[2023-03-12 14:52:22,662] {logging_mixin.py:109} INFO - [2023-03-12 14:52:22,661] {dag.py:2935} INFO - Setting next_dagrun for example_xcom_args to None
[2023-03-12 14:52:22,675] {logging_mixin.py:109} INFO - [2023-03-12 14:52:22,674] {dag.py:2935} INFO - Setting next_dagrun for example_xcom_args_with_operators to None
[2023-03-12 14:52:22,709] {processor.py:171} INFO - Processing /home/airflow/.local/lib/python3.7/site-packages/airflow/example_dags/example_xcomargs.py took 1.749 seconds
[2023-03-12 14:52:53,576] {processor.py:163} INFO - Started process (PID=6819) to work on /home/airflow/.local/lib/python3.7/site-packages/airflow/example_dags/example_xcomargs.py
[2023-03-12 14:52:53,581] {processor.py:642} INFO - Processing file /home/airflow/.local/lib/python3.7/site-packages/airflow/example_dags/example_xcomargs.py for tasks to queue
[2023-03-12 14:52:53,585] {logging_mixin.py:109} INFO - [2023-03-12 14:52:53,585] {dagbag.py:500} INFO - Filling up the DagBag from /home/airflow/.local/lib/python3.7/site-packages/airflow/example_dags/example_xcomargs.py
[2023-03-12 14:52:53,692] {processor.py:654} INFO - DAG(s) dict_keys(['example_xcom_args', 'example_xcom_args_with_operators']) retrieved from /home/airflow/.local/lib/python3.7/site-packages/airflow/example_dags/example_xcomargs.py
[2023-03-12 14:52:55,032] {logging_mixin.py:109} INFO - [2023-03-12 14:52:55,031] {dag.py:2396} INFO - Sync 2 DAGs
[2023-03-12 14:52:55,100] {logging_mixin.py:109} INFO - [2023-03-12 14:52:55,099] {dag.py:2935} INFO - Setting next_dagrun for example_xcom_args to None
[2023-03-12 14:52:55,103] {logging_mixin.py:109} INFO - [2023-03-12 14:52:55,102] {dag.py:2935} INFO - Setting next_dagrun for example_xcom_args_with_operators to None
[2023-03-12 14:52:55,145] {processor.py:171} INFO - Processing /home/airflow/.local/lib/python3.7/site-packages/airflow/example_dags/example_xcomargs.py took 1.573 seconds
[2023-03-12 14:53:26,008] {processor.py:163} INFO - Started process (PID=7058) to work on /home/airflow/.local/lib/python3.7/site-packages/airflow/example_dags/example_xcomargs.py
[2023-03-12 14:53:26,014] {processor.py:642} INFO - Processing file /home/airflow/.local/lib/python3.7/site-packages/airflow/example_dags/example_xcomargs.py for tasks to queue
[2023-03-12 14:53:26,018] {logging_mixin.py:109} INFO - [2023-03-12 14:53:26,018] {dagbag.py:500} INFO - Filling up the DagBag from /home/airflow/.local/lib/python3.7/site-packages/airflow/example_dags/example_xcomargs.py
[2023-03-12 14:53:26,206] {processor.py:654} INFO - DAG(s) dict_keys(['example_xcom_args', 'example_xcom_args_with_operators']) retrieved from /home/airflow/.local/lib/python3.7/site-packages/airflow/example_dags/example_xcomargs.py
[2023-03-12 14:53:27,282] {logging_mixin.py:109} INFO - [2023-03-12 14:53:27,281] {dag.py:2396} INFO - Sync 2 DAGs
[2023-03-12 14:53:27,352] {logging_mixin.py:109} INFO - [2023-03-12 14:53:27,352] {dag.py:2935} INFO - Setting next_dagrun for example_xcom_args to None
[2023-03-12 14:53:27,355] {logging_mixin.py:109} INFO - [2023-03-12 14:53:27,355] {dag.py:2935} INFO - Setting next_dagrun for example_xcom_args_with_operators to None
[2023-03-12 14:53:27,392] {processor.py:171} INFO - Processing /home/airflow/.local/lib/python3.7/site-packages/airflow/example_dags/example_xcomargs.py took 1.395 seconds
[2023-03-12 14:53:57,678] {processor.py:163} INFO - Started process (PID=7290) to work on /home/airflow/.local/lib/python3.7/site-packages/airflow/example_dags/example_xcomargs.py
[2023-03-12 14:53:57,683] {processor.py:642} INFO - Processing file /home/airflow/.local/lib/python3.7/site-packages/airflow/example_dags/example_xcomargs.py for tasks to queue
[2023-03-12 14:53:57,698] {logging_mixin.py:109} INFO - [2023-03-12 14:53:57,698] {dagbag.py:500} INFO - Filling up the DagBag from /home/airflow/.local/lib/python3.7/site-packages/airflow/example_dags/example_xcomargs.py
[2023-03-12 14:53:57,827] {processor.py:654} INFO - DAG(s) dict_keys(['example_xcom_args', 'example_xcom_args_with_operators']) retrieved from /home/airflow/.local/lib/python3.7/site-packages/airflow/example_dags/example_xcomargs.py
[2023-03-12 14:53:58,931] {logging_mixin.py:109} INFO - [2023-03-12 14:53:58,930] {dag.py:2396} INFO - Sync 2 DAGs
[2023-03-12 14:53:58,995] {logging_mixin.py:109} INFO - [2023-03-12 14:53:58,995] {dag.py:2935} INFO - Setting next_dagrun for example_xcom_args to None
[2023-03-12 14:53:59,002] {logging_mixin.py:109} INFO - [2023-03-12 14:53:59,000] {dag.py:2935} INFO - Setting next_dagrun for example_xcom_args_with_operators to None
[2023-03-12 14:53:59,109] {processor.py:171} INFO - Processing /home/airflow/.local/lib/python3.7/site-packages/airflow/example_dags/example_xcomargs.py took 1.437 seconds
[2023-03-12 14:54:29,424] {processor.py:163} INFO - Started process (PID=7498) to work on /home/airflow/.local/lib/python3.7/site-packages/airflow/example_dags/example_xcomargs.py
[2023-03-12 14:54:29,430] {processor.py:642} INFO - Processing file /home/airflow/.local/lib/python3.7/site-packages/airflow/example_dags/example_xcomargs.py for tasks to queue
[2023-03-12 14:54:29,433] {logging_mixin.py:109} INFO - [2023-03-12 14:54:29,433] {dagbag.py:500} INFO - Filling up the DagBag from /home/airflow/.local/lib/python3.7/site-packages/airflow/example_dags/example_xcomargs.py
[2023-03-12 14:54:29,588] {processor.py:654} INFO - DAG(s) dict_keys(['example_xcom_args', 'example_xcom_args_with_operators']) retrieved from /home/airflow/.local/lib/python3.7/site-packages/airflow/example_dags/example_xcomargs.py
[2023-03-12 14:54:30,872] {logging_mixin.py:109} INFO - [2023-03-12 14:54:30,872] {dag.py:2396} INFO - Sync 2 DAGs
[2023-03-12 14:54:30,920] {logging_mixin.py:109} INFO - [2023-03-12 14:54:30,919] {dag.py:2935} INFO - Setting next_dagrun for example_xcom_args to None
[2023-03-12 14:54:30,923] {logging_mixin.py:109} INFO - [2023-03-12 14:54:30,923] {dag.py:2935} INFO - Setting next_dagrun for example_xcom_args_with_operators to None
[2023-03-12 14:54:30,957] {processor.py:171} INFO - Processing /home/airflow/.local/lib/python3.7/site-packages/airflow/example_dags/example_xcomargs.py took 1.543 seconds
[2023-03-12 14:55:01,079] {processor.py:163} INFO - Started process (PID=7723) to work on /home/airflow/.local/lib/python3.7/site-packages/airflow/example_dags/example_xcomargs.py
[2023-03-12 14:55:01,084] {processor.py:642} INFO - Processing file /home/airflow/.local/lib/python3.7/site-packages/airflow/example_dags/example_xcomargs.py for tasks to queue
[2023-03-12 14:55:01,096] {logging_mixin.py:109} INFO - [2023-03-12 14:55:01,089] {dagbag.py:500} INFO - Filling up the DagBag from /home/airflow/.local/lib/python3.7/site-packages/airflow/example_dags/example_xcomargs.py
[2023-03-12 14:55:01,308] {processor.py:654} INFO - DAG(s) dict_keys(['example_xcom_args', 'example_xcom_args_with_operators']) retrieved from /home/airflow/.local/lib/python3.7/site-packages/airflow/example_dags/example_xcomargs.py
[2023-03-12 14:55:02,557] {logging_mixin.py:109} INFO - [2023-03-12 14:55:02,556] {dag.py:2396} INFO - Sync 2 DAGs
[2023-03-12 14:55:02,620] {logging_mixin.py:109} INFO - [2023-03-12 14:55:02,619] {dag.py:2935} INFO - Setting next_dagrun for example_xcom_args to None
[2023-03-12 14:55:02,625] {logging_mixin.py:109} INFO - [2023-03-12 14:55:02,624] {dag.py:2935} INFO - Setting next_dagrun for example_xcom_args_with_operators to None
[2023-03-12 14:55:02,697] {processor.py:171} INFO - Processing /home/airflow/.local/lib/python3.7/site-packages/airflow/example_dags/example_xcomargs.py took 1.628 seconds
[2023-03-12 14:55:33,067] {processor.py:163} INFO - Started process (PID=7937) to work on /home/airflow/.local/lib/python3.7/site-packages/airflow/example_dags/example_xcomargs.py
[2023-03-12 14:55:33,073] {processor.py:642} INFO - Processing file /home/airflow/.local/lib/python3.7/site-packages/airflow/example_dags/example_xcomargs.py for tasks to queue
[2023-03-12 14:55:33,076] {logging_mixin.py:109} INFO - [2023-03-12 14:55:33,076] {dagbag.py:500} INFO - Filling up the DagBag from /home/airflow/.local/lib/python3.7/site-packages/airflow/example_dags/example_xcomargs.py
[2023-03-12 14:55:33,163] {processor.py:654} INFO - DAG(s) dict_keys(['example_xcom_args', 'example_xcom_args_with_operators']) retrieved from /home/airflow/.local/lib/python3.7/site-packages/airflow/example_dags/example_xcomargs.py
[2023-03-12 14:55:34,653] {logging_mixin.py:109} INFO - [2023-03-12 14:55:34,652] {dag.py:2396} INFO - Sync 2 DAGs
[2023-03-12 14:55:34,895] {logging_mixin.py:109} INFO - [2023-03-12 14:55:34,892] {dag.py:2935} INFO - Setting next_dagrun for example_xcom_args to None
[2023-03-12 14:55:34,909] {logging_mixin.py:109} INFO - [2023-03-12 14:55:34,907] {dag.py:2935} INFO - Setting next_dagrun for example_xcom_args_with_operators to None
[2023-03-12 14:55:34,999] {processor.py:171} INFO - Processing /home/airflow/.local/lib/python3.7/site-packages/airflow/example_dags/example_xcomargs.py took 1.939 seconds
[2023-03-12 14:56:05,715] {processor.py:163} INFO - Started process (PID=8169) to work on /home/airflow/.local/lib/python3.7/site-packages/airflow/example_dags/example_xcomargs.py
[2023-03-12 14:56:05,759] {processor.py:642} INFO - Processing file /home/airflow/.local/lib/python3.7/site-packages/airflow/example_dags/example_xcomargs.py for tasks to queue
[2023-03-12 14:56:05,763] {logging_mixin.py:109} INFO - [2023-03-12 14:56:05,762] {dagbag.py:500} INFO - Filling up the DagBag from /home/airflow/.local/lib/python3.7/site-packages/airflow/example_dags/example_xcomargs.py
[2023-03-12 14:56:05,936] {processor.py:654} INFO - DAG(s) dict_keys(['example_xcom_args', 'example_xcom_args_with_operators']) retrieved from /home/airflow/.local/lib/python3.7/site-packages/airflow/example_dags/example_xcomargs.py
[2023-03-12 14:56:07,190] {logging_mixin.py:109} INFO - [2023-03-12 14:56:07,190] {dag.py:2396} INFO - Sync 2 DAGs
[2023-03-12 14:56:07,260] {logging_mixin.py:109} INFO - [2023-03-12 14:56:07,259] {dag.py:2935} INFO - Setting next_dagrun for example_xcom_args to None
[2023-03-12 14:56:07,264] {logging_mixin.py:109} INFO - [2023-03-12 14:56:07,263] {dag.py:2935} INFO - Setting next_dagrun for example_xcom_args_with_operators to None
[2023-03-12 14:56:07,311] {processor.py:171} INFO - Processing /home/airflow/.local/lib/python3.7/site-packages/airflow/example_dags/example_xcomargs.py took 1.607 seconds
[2023-03-12 14:56:37,917] {processor.py:163} INFO - Started process (PID=8396) to work on /home/airflow/.local/lib/python3.7/site-packages/airflow/example_dags/example_xcomargs.py
[2023-03-12 14:56:37,922] {processor.py:642} INFO - Processing file /home/airflow/.local/lib/python3.7/site-packages/airflow/example_dags/example_xcomargs.py for tasks to queue
[2023-03-12 14:56:37,925] {logging_mixin.py:109} INFO - [2023-03-12 14:56:37,925] {dagbag.py:500} INFO - Filling up the DagBag from /home/airflow/.local/lib/python3.7/site-packages/airflow/example_dags/example_xcomargs.py
[2023-03-12 14:56:38,058] {processor.py:654} INFO - DAG(s) dict_keys(['example_xcom_args', 'example_xcom_args_with_operators']) retrieved from /home/airflow/.local/lib/python3.7/site-packages/airflow/example_dags/example_xcomargs.py
[2023-03-12 14:56:39,745] {logging_mixin.py:109} INFO - [2023-03-12 14:56:39,743] {dag.py:2396} INFO - Sync 2 DAGs
[2023-03-12 14:56:39,820] {logging_mixin.py:109} INFO - [2023-03-12 14:56:39,819] {dag.py:2935} INFO - Setting next_dagrun for example_xcom_args to None
[2023-03-12 14:56:39,825] {logging_mixin.py:109} INFO - [2023-03-12 14:56:39,824] {dag.py:2935} INFO - Setting next_dagrun for example_xcom_args_with_operators to None
[2023-03-12 14:56:39,867] {processor.py:171} INFO - Processing /home/airflow/.local/lib/python3.7/site-packages/airflow/example_dags/example_xcomargs.py took 1.958 seconds
[2023-03-12 14:57:10,216] {processor.py:163} INFO - Started process (PID=8611) to work on /home/airflow/.local/lib/python3.7/site-packages/airflow/example_dags/example_xcomargs.py
[2023-03-12 14:57:10,221] {processor.py:642} INFO - Processing file /home/airflow/.local/lib/python3.7/site-packages/airflow/example_dags/example_xcomargs.py for tasks to queue
[2023-03-12 14:57:10,224] {logging_mixin.py:109} INFO - [2023-03-12 14:57:10,223] {dagbag.py:500} INFO - Filling up the DagBag from /home/airflow/.local/lib/python3.7/site-packages/airflow/example_dags/example_xcomargs.py
[2023-03-12 14:57:10,325] {processor.py:654} INFO - DAG(s) dict_keys(['example_xcom_args', 'example_xcom_args_with_operators']) retrieved from /home/airflow/.local/lib/python3.7/site-packages/airflow/example_dags/example_xcomargs.py
[2023-03-12 14:57:11,189] {logging_mixin.py:109} INFO - [2023-03-12 14:57:11,189] {dag.py:2396} INFO - Sync 2 DAGs
[2023-03-12 14:57:11,241] {logging_mixin.py:109} INFO - [2023-03-12 14:57:11,240] {dag.py:2935} INFO - Setting next_dagrun for example_xcom_args to None
[2023-03-12 14:57:11,254] {logging_mixin.py:109} INFO - [2023-03-12 14:57:11,253] {dag.py:2935} INFO - Setting next_dagrun for example_xcom_args_with_operators to None
[2023-03-12 14:57:11,299] {processor.py:171} INFO - Processing /home/airflow/.local/lib/python3.7/site-packages/airflow/example_dags/example_xcomargs.py took 1.089 seconds
[2023-03-12 14:57:41,614] {processor.py:163} INFO - Started process (PID=8835) to work on /home/airflow/.local/lib/python3.7/site-packages/airflow/example_dags/example_xcomargs.py
[2023-03-12 14:57:41,627] {processor.py:642} INFO - Processing file /home/airflow/.local/lib/python3.7/site-packages/airflow/example_dags/example_xcomargs.py for tasks to queue
[2023-03-12 14:57:41,684] {logging_mixin.py:109} INFO - [2023-03-12 14:57:41,684] {dagbag.py:500} INFO - Filling up the DagBag from /home/airflow/.local/lib/python3.7/site-packages/airflow/example_dags/example_xcomargs.py
[2023-03-12 14:57:42,064] {processor.py:654} INFO - DAG(s) dict_keys(['example_xcom_args', 'example_xcom_args_with_operators']) retrieved from /home/airflow/.local/lib/python3.7/site-packages/airflow/example_dags/example_xcomargs.py
[2023-03-12 14:57:43,433] {logging_mixin.py:109} INFO - [2023-03-12 14:57:43,433] {dag.py:2396} INFO - Sync 2 DAGs
[2023-03-12 14:57:43,500] {logging_mixin.py:109} INFO - [2023-03-12 14:57:43,499] {dag.py:2935} INFO - Setting next_dagrun for example_xcom_args to None
[2023-03-12 14:57:43,503] {logging_mixin.py:109} INFO - [2023-03-12 14:57:43,503] {dag.py:2935} INFO - Setting next_dagrun for example_xcom_args_with_operators to None
[2023-03-12 14:57:43,551] {processor.py:171} INFO - Processing /home/airflow/.local/lib/python3.7/site-packages/airflow/example_dags/example_xcomargs.py took 1.953 seconds
[2023-03-12 14:58:15,068] {processor.py:163} INFO - Started process (PID=9067) to work on /home/airflow/.local/lib/python3.7/site-packages/airflow/example_dags/example_xcomargs.py
[2023-03-12 14:58:15,074] {processor.py:642} INFO - Processing file /home/airflow/.local/lib/python3.7/site-packages/airflow/example_dags/example_xcomargs.py for tasks to queue
[2023-03-12 14:58:15,078] {logging_mixin.py:109} INFO - [2023-03-12 14:58:15,077] {dagbag.py:500} INFO - Filling up the DagBag from /home/airflow/.local/lib/python3.7/site-packages/airflow/example_dags/example_xcomargs.py
[2023-03-12 14:58:15,195] {processor.py:654} INFO - DAG(s) dict_keys(['example_xcom_args', 'example_xcom_args_with_operators']) retrieved from /home/airflow/.local/lib/python3.7/site-packages/airflow/example_dags/example_xcomargs.py
[2023-03-12 14:58:16,367] {logging_mixin.py:109} INFO - [2023-03-12 14:58:16,366] {dag.py:2396} INFO - Sync 2 DAGs
[2023-03-12 14:58:16,433] {logging_mixin.py:109} INFO - [2023-03-12 14:58:16,433] {dag.py:2935} INFO - Setting next_dagrun for example_xcom_args to None
[2023-03-12 14:58:16,437] {logging_mixin.py:109} INFO - [2023-03-12 14:58:16,436] {dag.py:2935} INFO - Setting next_dagrun for example_xcom_args_with_operators to None
[2023-03-12 14:58:16,505] {processor.py:171} INFO - Processing /home/airflow/.local/lib/python3.7/site-packages/airflow/example_dags/example_xcomargs.py took 1.447 seconds
