[2023-03-12 14:27:13,518] {processor.py:163} INFO - Started process (PID=608) to work on /home/airflow/.local/lib/python3.7/site-packages/airflow/example_dags/example_branch_day_of_week_operator.py
[2023-03-12 14:27:13,524] {processor.py:642} INFO - Processing file /home/airflow/.local/lib/python3.7/site-packages/airflow/example_dags/example_branch_day_of_week_operator.py for tasks to queue
[2023-03-12 14:27:13,531] {logging_mixin.py:109} INFO - [2023-03-12 14:27:13,530] {dagbag.py:500} INFO - Filling up the DagBag from /home/airflow/.local/lib/python3.7/site-packages/airflow/example_dags/example_branch_day_of_week_operator.py
[2023-03-12 14:27:13,649] {processor.py:654} INFO - DAG(s) dict_keys(['example_weekday_branch_operator']) retrieved from /home/airflow/.local/lib/python3.7/site-packages/airflow/example_dags/example_branch_day_of_week_operator.py
[2023-03-12 14:27:22,868] {logging_mixin.py:109} INFO - [2023-03-12 14:27:22,867] {manager.py:496} INFO - Created Permission View: can edit on DAG:example_weekday_branch_operator
[2023-03-12 14:27:22,897] {logging_mixin.py:109} INFO - [2023-03-12 14:27:22,896] {manager.py:496} INFO - Created Permission View: can read on DAG:example_weekday_branch_operator
[2023-03-12 14:27:22,901] {logging_mixin.py:109} INFO - [2023-03-12 14:27:22,899] {dag.py:2396} INFO - Sync 1 DAGs
[2023-03-12 14:27:22,941] {logging_mixin.py:109} INFO - [2023-03-12 14:27:22,939] {dag.py:2415} INFO - Creating ORM DAG for example_weekday_branch_operator
[2023-03-12 14:27:23,022] {logging_mixin.py:109} INFO - [2023-03-12 14:27:23,022] {dag.py:2935} INFO - Setting next_dagrun for example_weekday_branch_operator to 2023-03-11 00:00:00+00:00
[2023-03-12 14:27:23,124] {processor.py:171} INFO - Processing /home/airflow/.local/lib/python3.7/site-packages/airflow/example_dags/example_branch_day_of_week_operator.py took 9.614 seconds
[2023-03-12 14:38:23,408] {processor.py:163} INFO - Started process (PID=979) to work on /home/airflow/.local/lib/python3.7/site-packages/airflow/example_dags/example_branch_day_of_week_operator.py
[2023-03-12 14:38:23,420] {processor.py:642} INFO - Processing file /home/airflow/.local/lib/python3.7/site-packages/airflow/example_dags/example_branch_day_of_week_operator.py for tasks to queue
[2023-03-12 14:38:23,443] {logging_mixin.py:109} INFO - [2023-03-12 14:38:23,442] {dagbag.py:500} INFO - Filling up the DagBag from /home/airflow/.local/lib/python3.7/site-packages/airflow/example_dags/example_branch_day_of_week_operator.py
[2023-03-12 14:38:24,099] {processor.py:654} INFO - DAG(s) dict_keys(['example_weekday_branch_operator']) retrieved from /home/airflow/.local/lib/python3.7/site-packages/airflow/example_dags/example_branch_day_of_week_operator.py
[2023-03-12 14:38:24,322] {logging_mixin.py:109} INFO - [2023-03-12 14:38:24,321] {dag.py:2396} INFO - Sync 1 DAGs
[2023-03-12 14:38:24,529] {logging_mixin.py:109} INFO - [2023-03-12 14:38:24,528] {dag.py:2935} INFO - Setting next_dagrun for example_weekday_branch_operator to 2023-03-11 00:00:00+00:00
[2023-03-12 14:38:24,635] {processor.py:171} INFO - Processing /home/airflow/.local/lib/python3.7/site-packages/airflow/example_dags/example_branch_day_of_week_operator.py took 1.291 seconds
[2023-03-12 14:38:42,024] {processor.py:163} INFO - Started process (PID=1064) to work on /home/airflow/.local/lib/python3.7/site-packages/airflow/example_dags/example_branch_day_of_week_operator.py
[2023-03-12 14:38:42,064] {processor.py:642} INFO - Processing file /home/airflow/.local/lib/python3.7/site-packages/airflow/example_dags/example_branch_day_of_week_operator.py for tasks to queue
[2023-03-12 14:38:42,091] {logging_mixin.py:109} INFO - [2023-03-12 14:38:42,079] {dagbag.py:500} INFO - Filling up the DagBag from /home/airflow/.local/lib/python3.7/site-packages/airflow/example_dags/example_branch_day_of_week_operator.py
[2023-03-12 14:38:42,542] {processor.py:654} INFO - DAG(s) dict_keys(['example_weekday_branch_operator']) retrieved from /home/airflow/.local/lib/python3.7/site-packages/airflow/example_dags/example_branch_day_of_week_operator.py
[2023-03-12 14:38:42,723] {logging_mixin.py:109} INFO - [2023-03-12 14:38:42,722] {dag.py:2396} INFO - Sync 1 DAGs
[2023-03-12 14:38:43,067] {logging_mixin.py:109} INFO - [2023-03-12 14:38:43,059] {dag.py:2935} INFO - Setting next_dagrun for example_weekday_branch_operator to 2023-03-11 00:00:00+00:00
[2023-03-12 14:38:43,182] {processor.py:171} INFO - Processing /home/airflow/.local/lib/python3.7/site-packages/airflow/example_dags/example_branch_day_of_week_operator.py took 1.227 seconds
[2023-03-12 14:39:22,134] {processor.py:163} INFO - Started process (PID=1288) to work on /home/airflow/.local/lib/python3.7/site-packages/airflow/example_dags/example_branch_day_of_week_operator.py
[2023-03-12 14:39:22,149] {processor.py:642} INFO - Processing file /home/airflow/.local/lib/python3.7/site-packages/airflow/example_dags/example_branch_day_of_week_operator.py for tasks to queue
[2023-03-12 14:39:22,161] {logging_mixin.py:109} INFO - [2023-03-12 14:39:22,160] {dagbag.py:500} INFO - Filling up the DagBag from /home/airflow/.local/lib/python3.7/site-packages/airflow/example_dags/example_branch_day_of_week_operator.py
[2023-03-12 14:39:22,698] {processor.py:654} INFO - DAG(s) dict_keys(['example_weekday_branch_operator']) retrieved from /home/airflow/.local/lib/python3.7/site-packages/airflow/example_dags/example_branch_day_of_week_operator.py
[2023-03-12 14:39:22,903] {logging_mixin.py:109} INFO - [2023-03-12 14:39:22,903] {dag.py:2396} INFO - Sync 1 DAGs
[2023-03-12 14:39:23,270] {logging_mixin.py:109} INFO - [2023-03-12 14:39:23,269] {dag.py:2935} INFO - Setting next_dagrun for example_weekday_branch_operator to 2023-03-11 00:00:00+00:00
[2023-03-12 14:39:23,500] {processor.py:171} INFO - Processing /home/airflow/.local/lib/python3.7/site-packages/airflow/example_dags/example_branch_day_of_week_operator.py took 1.398 seconds
[2023-03-12 14:40:01,226] {processor.py:163} INFO - Started process (PID=1512) to work on /home/airflow/.local/lib/python3.7/site-packages/airflow/example_dags/example_branch_day_of_week_operator.py
[2023-03-12 14:40:01,249] {processor.py:642} INFO - Processing file /home/airflow/.local/lib/python3.7/site-packages/airflow/example_dags/example_branch_day_of_week_operator.py for tasks to queue
[2023-03-12 14:40:01,264] {logging_mixin.py:109} INFO - [2023-03-12 14:40:01,263] {dagbag.py:500} INFO - Filling up the DagBag from /home/airflow/.local/lib/python3.7/site-packages/airflow/example_dags/example_branch_day_of_week_operator.py
[2023-03-12 14:40:01,681] {processor.py:654} INFO - DAG(s) dict_keys(['example_weekday_branch_operator']) retrieved from /home/airflow/.local/lib/python3.7/site-packages/airflow/example_dags/example_branch_day_of_week_operator.py
[2023-03-12 14:40:01,900] {logging_mixin.py:109} INFO - [2023-03-12 14:40:01,899] {dag.py:2396} INFO - Sync 1 DAGs
[2023-03-12 14:40:02,137] {logging_mixin.py:109} INFO - [2023-03-12 14:40:02,136] {dag.py:2935} INFO - Setting next_dagrun for example_weekday_branch_operator to 2023-03-11 00:00:00+00:00
[2023-03-12 14:40:02,247] {processor.py:171} INFO - Processing /home/airflow/.local/lib/python3.7/site-packages/airflow/example_dags/example_branch_day_of_week_operator.py took 1.062 seconds
[2023-03-12 14:40:38,186] {processor.py:163} INFO - Started process (PID=1736) to work on /home/airflow/.local/lib/python3.7/site-packages/airflow/example_dags/example_branch_day_of_week_operator.py
[2023-03-12 14:40:38,205] {processor.py:642} INFO - Processing file /home/airflow/.local/lib/python3.7/site-packages/airflow/example_dags/example_branch_day_of_week_operator.py for tasks to queue
[2023-03-12 14:40:38,213] {logging_mixin.py:109} INFO - [2023-03-12 14:40:38,211] {dagbag.py:500} INFO - Filling up the DagBag from /home/airflow/.local/lib/python3.7/site-packages/airflow/example_dags/example_branch_day_of_week_operator.py
[2023-03-12 14:40:38,419] {processor.py:654} INFO - DAG(s) dict_keys(['example_weekday_branch_operator']) retrieved from /home/airflow/.local/lib/python3.7/site-packages/airflow/example_dags/example_branch_day_of_week_operator.py
[2023-03-12 14:40:38,539] {logging_mixin.py:109} INFO - [2023-03-12 14:40:38,539] {dag.py:2396} INFO - Sync 1 DAGs
[2023-03-12 14:40:38,697] {logging_mixin.py:109} INFO - [2023-03-12 14:40:38,697] {dag.py:2935} INFO - Setting next_dagrun for example_weekday_branch_operator to 2023-03-11 00:00:00+00:00
[2023-03-12 14:40:38,763] {processor.py:171} INFO - Processing /home/airflow/.local/lib/python3.7/site-packages/airflow/example_dags/example_branch_day_of_week_operator.py took 0.658 seconds
[2023-03-12 14:41:10,976] {processor.py:163} INFO - Started process (PID=1949) to work on /home/airflow/.local/lib/python3.7/site-packages/airflow/example_dags/example_branch_day_of_week_operator.py
[2023-03-12 14:41:10,982] {processor.py:642} INFO - Processing file /home/airflow/.local/lib/python3.7/site-packages/airflow/example_dags/example_branch_day_of_week_operator.py for tasks to queue
[2023-03-12 14:41:10,988] {logging_mixin.py:109} INFO - [2023-03-12 14:41:10,987] {dagbag.py:500} INFO - Filling up the DagBag from /home/airflow/.local/lib/python3.7/site-packages/airflow/example_dags/example_branch_day_of_week_operator.py
[2023-03-12 14:41:11,122] {processor.py:654} INFO - DAG(s) dict_keys(['example_weekday_branch_operator']) retrieved from /home/airflow/.local/lib/python3.7/site-packages/airflow/example_dags/example_branch_day_of_week_operator.py
[2023-03-12 14:41:11,209] {logging_mixin.py:109} INFO - [2023-03-12 14:41:11,208] {dag.py:2396} INFO - Sync 1 DAGs
[2023-03-12 14:41:11,491] {logging_mixin.py:109} INFO - [2023-03-12 14:41:11,491] {dag.py:2935} INFO - Setting next_dagrun for example_weekday_branch_operator to 2023-03-11 00:00:00+00:00
[2023-03-12 14:41:11,581] {processor.py:171} INFO - Processing /home/airflow/.local/lib/python3.7/site-packages/airflow/example_dags/example_branch_day_of_week_operator.py took 0.615 seconds
[2023-03-12 14:42:02,990] {processor.py:163} INFO - Started process (PID=2287) to work on /home/airflow/.local/lib/python3.7/site-packages/airflow/example_dags/example_branch_day_of_week_operator.py
[2023-03-12 14:42:03,010] {processor.py:642} INFO - Processing file /home/airflow/.local/lib/python3.7/site-packages/airflow/example_dags/example_branch_day_of_week_operator.py for tasks to queue
[2023-03-12 14:42:03,023] {logging_mixin.py:109} INFO - [2023-03-12 14:42:03,023] {dagbag.py:500} INFO - Filling up the DagBag from /home/airflow/.local/lib/python3.7/site-packages/airflow/example_dags/example_branch_day_of_week_operator.py
[2023-03-12 14:42:03,202] {processor.py:654} INFO - DAG(s) dict_keys(['example_weekday_branch_operator']) retrieved from /home/airflow/.local/lib/python3.7/site-packages/airflow/example_dags/example_branch_day_of_week_operator.py
[2023-03-12 14:42:03,318] {logging_mixin.py:109} INFO - [2023-03-12 14:42:03,318] {dag.py:2396} INFO - Sync 1 DAGs
[2023-03-12 14:42:03,546] {logging_mixin.py:109} INFO - [2023-03-12 14:42:03,546] {dag.py:2935} INFO - Setting next_dagrun for example_weekday_branch_operator to 2023-03-11 00:00:00+00:00
[2023-03-12 14:42:03,652] {processor.py:171} INFO - Processing /home/airflow/.local/lib/python3.7/site-packages/airflow/example_dags/example_branch_day_of_week_operator.py took 0.682 seconds
[2023-03-12 14:42:34,510] {processor.py:163} INFO - Started process (PID=2513) to work on /home/airflow/.local/lib/python3.7/site-packages/airflow/example_dags/example_branch_day_of_week_operator.py
[2023-03-12 14:42:34,515] {processor.py:642} INFO - Processing file /home/airflow/.local/lib/python3.7/site-packages/airflow/example_dags/example_branch_day_of_week_operator.py for tasks to queue
[2023-03-12 14:42:34,520] {logging_mixin.py:109} INFO - [2023-03-12 14:42:34,519] {dagbag.py:500} INFO - Filling up the DagBag from /home/airflow/.local/lib/python3.7/site-packages/airflow/example_dags/example_branch_day_of_week_operator.py
[2023-03-12 14:42:34,626] {processor.py:654} INFO - DAG(s) dict_keys(['example_weekday_branch_operator']) retrieved from /home/airflow/.local/lib/python3.7/site-packages/airflow/example_dags/example_branch_day_of_week_operator.py
[2023-03-12 14:42:34,665] {logging_mixin.py:109} INFO - [2023-03-12 14:42:34,664] {dag.py:2396} INFO - Sync 1 DAGs
[2023-03-12 14:42:34,746] {logging_mixin.py:109} INFO - [2023-03-12 14:42:34,745] {dag.py:2935} INFO - Setting next_dagrun for example_weekday_branch_operator to 2023-03-11 00:00:00+00:00
[2023-03-12 14:42:34,781] {processor.py:171} INFO - Processing /home/airflow/.local/lib/python3.7/site-packages/airflow/example_dags/example_branch_day_of_week_operator.py took 0.280 seconds
[2023-03-12 14:43:05,587] {processor.py:163} INFO - Started process (PID=2729) to work on /home/airflow/.local/lib/python3.7/site-packages/airflow/example_dags/example_branch_day_of_week_operator.py
[2023-03-12 14:43:05,592] {processor.py:642} INFO - Processing file /home/airflow/.local/lib/python3.7/site-packages/airflow/example_dags/example_branch_day_of_week_operator.py for tasks to queue
[2023-03-12 14:43:05,596] {logging_mixin.py:109} INFO - [2023-03-12 14:43:05,595] {dagbag.py:500} INFO - Filling up the DagBag from /home/airflow/.local/lib/python3.7/site-packages/airflow/example_dags/example_branch_day_of_week_operator.py
[2023-03-12 14:43:05,675] {processor.py:654} INFO - DAG(s) dict_keys(['example_weekday_branch_operator']) retrieved from /home/airflow/.local/lib/python3.7/site-packages/airflow/example_dags/example_branch_day_of_week_operator.py
[2023-03-12 14:43:05,718] {logging_mixin.py:109} INFO - [2023-03-12 14:43:05,717] {dag.py:2396} INFO - Sync 1 DAGs
[2023-03-12 14:43:05,793] {logging_mixin.py:109} INFO - [2023-03-12 14:43:05,793] {dag.py:2935} INFO - Setting next_dagrun for example_weekday_branch_operator to 2023-03-11 00:00:00+00:00
[2023-03-12 14:43:05,871] {processor.py:171} INFO - Processing /home/airflow/.local/lib/python3.7/site-packages/airflow/example_dags/example_branch_day_of_week_operator.py took 0.292 seconds
[2023-03-12 14:43:36,390] {processor.py:163} INFO - Started process (PID=2947) to work on /home/airflow/.local/lib/python3.7/site-packages/airflow/example_dags/example_branch_day_of_week_operator.py
[2023-03-12 14:43:36,395] {processor.py:642} INFO - Processing file /home/airflow/.local/lib/python3.7/site-packages/airflow/example_dags/example_branch_day_of_week_operator.py for tasks to queue
[2023-03-12 14:43:36,399] {logging_mixin.py:109} INFO - [2023-03-12 14:43:36,398] {dagbag.py:500} INFO - Filling up the DagBag from /home/airflow/.local/lib/python3.7/site-packages/airflow/example_dags/example_branch_day_of_week_operator.py
[2023-03-12 14:43:36,563] {processor.py:654} INFO - DAG(s) dict_keys(['example_weekday_branch_operator']) retrieved from /home/airflow/.local/lib/python3.7/site-packages/airflow/example_dags/example_branch_day_of_week_operator.py
[2023-03-12 14:43:36,608] {logging_mixin.py:109} INFO - [2023-03-12 14:43:36,608] {dag.py:2396} INFO - Sync 1 DAGs
[2023-03-12 14:43:36,692] {logging_mixin.py:109} INFO - [2023-03-12 14:43:36,691] {dag.py:2935} INFO - Setting next_dagrun for example_weekday_branch_operator to 2023-03-11 00:00:00+00:00
[2023-03-12 14:43:36,723] {processor.py:171} INFO - Processing /home/airflow/.local/lib/python3.7/site-packages/airflow/example_dags/example_branch_day_of_week_operator.py took 0.342 seconds
[2023-03-12 14:44:07,115] {processor.py:163} INFO - Started process (PID=3155) to work on /home/airflow/.local/lib/python3.7/site-packages/airflow/example_dags/example_branch_day_of_week_operator.py
[2023-03-12 14:44:07,121] {processor.py:642} INFO - Processing file /home/airflow/.local/lib/python3.7/site-packages/airflow/example_dags/example_branch_day_of_week_operator.py for tasks to queue
[2023-03-12 14:44:07,125] {logging_mixin.py:109} INFO - [2023-03-12 14:44:07,124] {dagbag.py:500} INFO - Filling up the DagBag from /home/airflow/.local/lib/python3.7/site-packages/airflow/example_dags/example_branch_day_of_week_operator.py
[2023-03-12 14:44:07,221] {processor.py:654} INFO - DAG(s) dict_keys(['example_weekday_branch_operator']) retrieved from /home/airflow/.local/lib/python3.7/site-packages/airflow/example_dags/example_branch_day_of_week_operator.py
[2023-03-12 14:44:07,294] {logging_mixin.py:109} INFO - [2023-03-12 14:44:07,294] {dag.py:2396} INFO - Sync 1 DAGs
[2023-03-12 14:44:07,416] {logging_mixin.py:109} INFO - [2023-03-12 14:44:07,416] {dag.py:2935} INFO - Setting next_dagrun for example_weekday_branch_operator to 2023-03-11 00:00:00+00:00
[2023-03-12 14:44:07,447] {processor.py:171} INFO - Processing /home/airflow/.local/lib/python3.7/site-packages/airflow/example_dags/example_branch_day_of_week_operator.py took 0.341 seconds
[2023-03-12 14:44:37,749] {processor.py:163} INFO - Started process (PID=3375) to work on /home/airflow/.local/lib/python3.7/site-packages/airflow/example_dags/example_branch_day_of_week_operator.py
[2023-03-12 14:44:37,754] {processor.py:642} INFO - Processing file /home/airflow/.local/lib/python3.7/site-packages/airflow/example_dags/example_branch_day_of_week_operator.py for tasks to queue
[2023-03-12 14:44:37,757] {logging_mixin.py:109} INFO - [2023-03-12 14:44:37,757] {dagbag.py:500} INFO - Filling up the DagBag from /home/airflow/.local/lib/python3.7/site-packages/airflow/example_dags/example_branch_day_of_week_operator.py
[2023-03-12 14:44:37,929] {processor.py:654} INFO - DAG(s) dict_keys(['example_weekday_branch_operator']) retrieved from /home/airflow/.local/lib/python3.7/site-packages/airflow/example_dags/example_branch_day_of_week_operator.py
[2023-03-12 14:44:37,965] {logging_mixin.py:109} INFO - [2023-03-12 14:44:37,964] {dag.py:2396} INFO - Sync 1 DAGs
[2023-03-12 14:44:38,050] {logging_mixin.py:109} INFO - [2023-03-12 14:44:38,049] {dag.py:2935} INFO - Setting next_dagrun for example_weekday_branch_operator to 2023-03-11 00:00:00+00:00
[2023-03-12 14:44:38,077] {processor.py:171} INFO - Processing /home/airflow/.local/lib/python3.7/site-packages/airflow/example_dags/example_branch_day_of_week_operator.py took 0.337 seconds
[2023-03-12 14:45:08,360] {processor.py:163} INFO - Started process (PID=3583) to work on /home/airflow/.local/lib/python3.7/site-packages/airflow/example_dags/example_branch_day_of_week_operator.py
[2023-03-12 14:45:08,365] {processor.py:642} INFO - Processing file /home/airflow/.local/lib/python3.7/site-packages/airflow/example_dags/example_branch_day_of_week_operator.py for tasks to queue
[2023-03-12 14:45:08,368] {logging_mixin.py:109} INFO - [2023-03-12 14:45:08,368] {dagbag.py:500} INFO - Filling up the DagBag from /home/airflow/.local/lib/python3.7/site-packages/airflow/example_dags/example_branch_day_of_week_operator.py
[2023-03-12 14:45:08,453] {processor.py:654} INFO - DAG(s) dict_keys(['example_weekday_branch_operator']) retrieved from /home/airflow/.local/lib/python3.7/site-packages/airflow/example_dags/example_branch_day_of_week_operator.py
[2023-03-12 14:45:08,493] {logging_mixin.py:109} INFO - [2023-03-12 14:45:08,492] {dag.py:2396} INFO - Sync 1 DAGs
[2023-03-12 14:45:08,555] {logging_mixin.py:109} INFO - [2023-03-12 14:45:08,554] {dag.py:2935} INFO - Setting next_dagrun for example_weekday_branch_operator to 2023-03-11 00:00:00+00:00
[2023-03-12 14:45:08,592] {processor.py:171} INFO - Processing /home/airflow/.local/lib/python3.7/site-packages/airflow/example_dags/example_branch_day_of_week_operator.py took 0.239 seconds
[2023-03-12 14:45:39,675] {processor.py:163} INFO - Started process (PID=3805) to work on /home/airflow/.local/lib/python3.7/site-packages/airflow/example_dags/example_branch_day_of_week_operator.py
[2023-03-12 14:45:39,689] {processor.py:642} INFO - Processing file /home/airflow/.local/lib/python3.7/site-packages/airflow/example_dags/example_branch_day_of_week_operator.py for tasks to queue
[2023-03-12 14:45:39,694] {logging_mixin.py:109} INFO - [2023-03-12 14:45:39,693] {dagbag.py:500} INFO - Filling up the DagBag from /home/airflow/.local/lib/python3.7/site-packages/airflow/example_dags/example_branch_day_of_week_operator.py
[2023-03-12 14:45:39,839] {processor.py:654} INFO - DAG(s) dict_keys(['example_weekday_branch_operator']) retrieved from /home/airflow/.local/lib/python3.7/site-packages/airflow/example_dags/example_branch_day_of_week_operator.py
[2023-03-12 14:45:39,901] {logging_mixin.py:109} INFO - [2023-03-12 14:45:39,900] {dag.py:2396} INFO - Sync 1 DAGs
[2023-03-12 14:45:39,972] {logging_mixin.py:109} INFO - [2023-03-12 14:45:39,972] {dag.py:2935} INFO - Setting next_dagrun for example_weekday_branch_operator to 2023-03-11 00:00:00+00:00
[2023-03-12 14:45:40,025] {processor.py:171} INFO - Processing /home/airflow/.local/lib/python3.7/site-packages/airflow/example_dags/example_branch_day_of_week_operator.py took 0.359 seconds
[2023-03-12 14:46:10,304] {processor.py:163} INFO - Started process (PID=4012) to work on /home/airflow/.local/lib/python3.7/site-packages/airflow/example_dags/example_branch_day_of_week_operator.py
[2023-03-12 14:46:10,310] {processor.py:642} INFO - Processing file /home/airflow/.local/lib/python3.7/site-packages/airflow/example_dags/example_branch_day_of_week_operator.py for tasks to queue
[2023-03-12 14:46:10,314] {logging_mixin.py:109} INFO - [2023-03-12 14:46:10,313] {dagbag.py:500} INFO - Filling up the DagBag from /home/airflow/.local/lib/python3.7/site-packages/airflow/example_dags/example_branch_day_of_week_operator.py
[2023-03-12 14:46:10,392] {processor.py:654} INFO - DAG(s) dict_keys(['example_weekday_branch_operator']) retrieved from /home/airflow/.local/lib/python3.7/site-packages/airflow/example_dags/example_branch_day_of_week_operator.py
[2023-03-12 14:46:10,429] {logging_mixin.py:109} INFO - [2023-03-12 14:46:10,429] {dag.py:2396} INFO - Sync 1 DAGs
[2023-03-12 14:46:10,487] {logging_mixin.py:109} INFO - [2023-03-12 14:46:10,486] {dag.py:2935} INFO - Setting next_dagrun for example_weekday_branch_operator to 2023-03-11 00:00:00+00:00
[2023-03-12 14:46:10,512] {processor.py:171} INFO - Processing /home/airflow/.local/lib/python3.7/site-packages/airflow/example_dags/example_branch_day_of_week_operator.py took 0.215 seconds
[2023-03-12 14:46:41,323] {processor.py:163} INFO - Started process (PID=4236) to work on /home/airflow/.local/lib/python3.7/site-packages/airflow/example_dags/example_branch_day_of_week_operator.py
[2023-03-12 14:46:41,337] {processor.py:642} INFO - Processing file /home/airflow/.local/lib/python3.7/site-packages/airflow/example_dags/example_branch_day_of_week_operator.py for tasks to queue
[2023-03-12 14:46:41,344] {logging_mixin.py:109} INFO - [2023-03-12 14:46:41,344] {dagbag.py:500} INFO - Filling up the DagBag from /home/airflow/.local/lib/python3.7/site-packages/airflow/example_dags/example_branch_day_of_week_operator.py
[2023-03-12 14:46:41,453] {processor.py:654} INFO - DAG(s) dict_keys(['example_weekday_branch_operator']) retrieved from /home/airflow/.local/lib/python3.7/site-packages/airflow/example_dags/example_branch_day_of_week_operator.py
[2023-03-12 14:46:41,520] {logging_mixin.py:109} INFO - [2023-03-12 14:46:41,519] {dag.py:2396} INFO - Sync 1 DAGs
[2023-03-12 14:46:41,615] {logging_mixin.py:109} INFO - [2023-03-12 14:46:41,615] {dag.py:2935} INFO - Setting next_dagrun for example_weekday_branch_operator to 2023-03-11 00:00:00+00:00
[2023-03-12 14:46:41,670] {processor.py:171} INFO - Processing /home/airflow/.local/lib/python3.7/site-packages/airflow/example_dags/example_branch_day_of_week_operator.py took 0.367 seconds
[2023-03-12 14:47:12,117] {processor.py:163} INFO - Started process (PID=4444) to work on /home/airflow/.local/lib/python3.7/site-packages/airflow/example_dags/example_branch_day_of_week_operator.py
[2023-03-12 14:47:12,121] {processor.py:642} INFO - Processing file /home/airflow/.local/lib/python3.7/site-packages/airflow/example_dags/example_branch_day_of_week_operator.py for tasks to queue
[2023-03-12 14:47:12,124] {logging_mixin.py:109} INFO - [2023-03-12 14:47:12,124] {dagbag.py:500} INFO - Filling up the DagBag from /home/airflow/.local/lib/python3.7/site-packages/airflow/example_dags/example_branch_day_of_week_operator.py
[2023-03-12 14:47:12,195] {processor.py:654} INFO - DAG(s) dict_keys(['example_weekday_branch_operator']) retrieved from /home/airflow/.local/lib/python3.7/site-packages/airflow/example_dags/example_branch_day_of_week_operator.py
[2023-03-12 14:47:12,233] {logging_mixin.py:109} INFO - [2023-03-12 14:47:12,233] {dag.py:2396} INFO - Sync 1 DAGs
[2023-03-12 14:47:12,299] {logging_mixin.py:109} INFO - [2023-03-12 14:47:12,299] {dag.py:2935} INFO - Setting next_dagrun for example_weekday_branch_operator to 2023-03-11 00:00:00+00:00
[2023-03-12 14:47:12,327] {processor.py:171} INFO - Processing /home/airflow/.local/lib/python3.7/site-packages/airflow/example_dags/example_branch_day_of_week_operator.py took 0.217 seconds
[2023-03-12 14:47:43,854] {processor.py:163} INFO - Started process (PID=4667) to work on /home/airflow/.local/lib/python3.7/site-packages/airflow/example_dags/example_branch_day_of_week_operator.py
[2023-03-12 14:47:43,861] {processor.py:642} INFO - Processing file /home/airflow/.local/lib/python3.7/site-packages/airflow/example_dags/example_branch_day_of_week_operator.py for tasks to queue
[2023-03-12 14:47:43,864] {logging_mixin.py:109} INFO - [2023-03-12 14:47:43,864] {dagbag.py:500} INFO - Filling up the DagBag from /home/airflow/.local/lib/python3.7/site-packages/airflow/example_dags/example_branch_day_of_week_operator.py
[2023-03-12 14:47:43,959] {processor.py:654} INFO - DAG(s) dict_keys(['example_weekday_branch_operator']) retrieved from /home/airflow/.local/lib/python3.7/site-packages/airflow/example_dags/example_branch_day_of_week_operator.py
[2023-03-12 14:47:43,995] {logging_mixin.py:109} INFO - [2023-03-12 14:47:43,995] {dag.py:2396} INFO - Sync 1 DAGs
[2023-03-12 14:47:44,059] {logging_mixin.py:109} INFO - [2023-03-12 14:47:44,059] {dag.py:2935} INFO - Setting next_dagrun for example_weekday_branch_operator to 2023-03-11 00:00:00+00:00
[2023-03-12 14:47:44,105] {processor.py:171} INFO - Processing /home/airflow/.local/lib/python3.7/site-packages/airflow/example_dags/example_branch_day_of_week_operator.py took 0.272 seconds
[2023-03-12 14:48:15,128] {processor.py:163} INFO - Started process (PID=4885) to work on /home/airflow/.local/lib/python3.7/site-packages/airflow/example_dags/example_branch_day_of_week_operator.py
[2023-03-12 14:48:15,133] {processor.py:642} INFO - Processing file /home/airflow/.local/lib/python3.7/site-packages/airflow/example_dags/example_branch_day_of_week_operator.py for tasks to queue
[2023-03-12 14:48:15,138] {logging_mixin.py:109} INFO - [2023-03-12 14:48:15,137] {dagbag.py:500} INFO - Filling up the DagBag from /home/airflow/.local/lib/python3.7/site-packages/airflow/example_dags/example_branch_day_of_week_operator.py
[2023-03-12 14:48:15,217] {processor.py:654} INFO - DAG(s) dict_keys(['example_weekday_branch_operator']) retrieved from /home/airflow/.local/lib/python3.7/site-packages/airflow/example_dags/example_branch_day_of_week_operator.py
[2023-03-12 14:48:15,288] {logging_mixin.py:109} INFO - [2023-03-12 14:48:15,287] {dag.py:2396} INFO - Sync 1 DAGs
[2023-03-12 14:48:15,383] {logging_mixin.py:109} INFO - [2023-03-12 14:48:15,383] {dag.py:2935} INFO - Setting next_dagrun for example_weekday_branch_operator to 2023-03-11 00:00:00+00:00
[2023-03-12 14:48:15,418] {processor.py:171} INFO - Processing /home/airflow/.local/lib/python3.7/site-packages/airflow/example_dags/example_branch_day_of_week_operator.py took 0.298 seconds
[2023-03-12 14:48:46,174] {processor.py:163} INFO - Started process (PID=5099) to work on /home/airflow/.local/lib/python3.7/site-packages/airflow/example_dags/example_branch_day_of_week_operator.py
[2023-03-12 14:48:46,183] {processor.py:642} INFO - Processing file /home/airflow/.local/lib/python3.7/site-packages/airflow/example_dags/example_branch_day_of_week_operator.py for tasks to queue
[2023-03-12 14:48:46,203] {logging_mixin.py:109} INFO - [2023-03-12 14:48:46,202] {dagbag.py:500} INFO - Filling up the DagBag from /home/airflow/.local/lib/python3.7/site-packages/airflow/example_dags/example_branch_day_of_week_operator.py
[2023-03-12 14:48:46,302] {processor.py:654} INFO - DAG(s) dict_keys(['example_weekday_branch_operator']) retrieved from /home/airflow/.local/lib/python3.7/site-packages/airflow/example_dags/example_branch_day_of_week_operator.py
[2023-03-12 14:48:46,347] {logging_mixin.py:109} INFO - [2023-03-12 14:48:46,346] {dag.py:2396} INFO - Sync 1 DAGs
[2023-03-12 14:48:46,426] {logging_mixin.py:109} INFO - [2023-03-12 14:48:46,425] {dag.py:2935} INFO - Setting next_dagrun for example_weekday_branch_operator to 2023-03-11 00:00:00+00:00
[2023-03-12 14:48:46,461] {processor.py:171} INFO - Processing /home/airflow/.local/lib/python3.7/site-packages/airflow/example_dags/example_branch_day_of_week_operator.py took 0.303 seconds
[2023-03-12 14:49:16,630] {processor.py:163} INFO - Started process (PID=5316) to work on /home/airflow/.local/lib/python3.7/site-packages/airflow/example_dags/example_branch_day_of_week_operator.py
[2023-03-12 14:49:16,649] {processor.py:642} INFO - Processing file /home/airflow/.local/lib/python3.7/site-packages/airflow/example_dags/example_branch_day_of_week_operator.py for tasks to queue
[2023-03-12 14:49:16,654] {logging_mixin.py:109} INFO - [2023-03-12 14:49:16,653] {dagbag.py:500} INFO - Filling up the DagBag from /home/airflow/.local/lib/python3.7/site-packages/airflow/example_dags/example_branch_day_of_week_operator.py
[2023-03-12 14:49:16,747] {processor.py:654} INFO - DAG(s) dict_keys(['example_weekday_branch_operator']) retrieved from /home/airflow/.local/lib/python3.7/site-packages/airflow/example_dags/example_branch_day_of_week_operator.py
[2023-03-12 14:49:16,826] {logging_mixin.py:109} INFO - [2023-03-12 14:49:16,825] {dag.py:2396} INFO - Sync 1 DAGs
[2023-03-12 14:49:16,896] {logging_mixin.py:109} INFO - [2023-03-12 14:49:16,895] {dag.py:2935} INFO - Setting next_dagrun for example_weekday_branch_operator to 2023-03-11 00:00:00+00:00
[2023-03-12 14:49:16,926] {processor.py:171} INFO - Processing /home/airflow/.local/lib/python3.7/site-packages/airflow/example_dags/example_branch_day_of_week_operator.py took 0.306 seconds
[2023-03-12 14:49:47,362] {processor.py:163} INFO - Started process (PID=5524) to work on /home/airflow/.local/lib/python3.7/site-packages/airflow/example_dags/example_branch_day_of_week_operator.py
[2023-03-12 14:49:47,369] {processor.py:642} INFO - Processing file /home/airflow/.local/lib/python3.7/site-packages/airflow/example_dags/example_branch_day_of_week_operator.py for tasks to queue
[2023-03-12 14:49:47,373] {logging_mixin.py:109} INFO - [2023-03-12 14:49:47,373] {dagbag.py:500} INFO - Filling up the DagBag from /home/airflow/.local/lib/python3.7/site-packages/airflow/example_dags/example_branch_day_of_week_operator.py
[2023-03-12 14:49:47,486] {processor.py:654} INFO - DAG(s) dict_keys(['example_weekday_branch_operator']) retrieved from /home/airflow/.local/lib/python3.7/site-packages/airflow/example_dags/example_branch_day_of_week_operator.py
[2023-03-12 14:49:47,545] {logging_mixin.py:109} INFO - [2023-03-12 14:49:47,545] {dag.py:2396} INFO - Sync 1 DAGs
[2023-03-12 14:49:47,639] {logging_mixin.py:109} INFO - [2023-03-12 14:49:47,638] {dag.py:2935} INFO - Setting next_dagrun for example_weekday_branch_operator to 2023-03-11 00:00:00+00:00
[2023-03-12 14:49:47,675] {processor.py:171} INFO - Processing /home/airflow/.local/lib/python3.7/site-packages/airflow/example_dags/example_branch_day_of_week_operator.py took 0.325 seconds
[2023-03-12 14:50:18,283] {processor.py:163} INFO - Started process (PID=5749) to work on /home/airflow/.local/lib/python3.7/site-packages/airflow/example_dags/example_branch_day_of_week_operator.py
[2023-03-12 14:50:18,290] {processor.py:642} INFO - Processing file /home/airflow/.local/lib/python3.7/site-packages/airflow/example_dags/example_branch_day_of_week_operator.py for tasks to queue
[2023-03-12 14:50:18,294] {logging_mixin.py:109} INFO - [2023-03-12 14:50:18,294] {dagbag.py:500} INFO - Filling up the DagBag from /home/airflow/.local/lib/python3.7/site-packages/airflow/example_dags/example_branch_day_of_week_operator.py
[2023-03-12 14:50:18,394] {processor.py:654} INFO - DAG(s) dict_keys(['example_weekday_branch_operator']) retrieved from /home/airflow/.local/lib/python3.7/site-packages/airflow/example_dags/example_branch_day_of_week_operator.py
[2023-03-12 14:50:18,433] {logging_mixin.py:109} INFO - [2023-03-12 14:50:18,432] {dag.py:2396} INFO - Sync 1 DAGs
[2023-03-12 14:50:18,570] {logging_mixin.py:109} INFO - [2023-03-12 14:50:18,569] {dag.py:2935} INFO - Setting next_dagrun for example_weekday_branch_operator to 2023-03-11 00:00:00+00:00
[2023-03-12 14:50:18,606] {processor.py:171} INFO - Processing /home/airflow/.local/lib/python3.7/site-packages/airflow/example_dags/example_branch_day_of_week_operator.py took 0.346 seconds
[2023-03-12 14:50:49,926] {processor.py:163} INFO - Started process (PID=5959) to work on /home/airflow/.local/lib/python3.7/site-packages/airflow/example_dags/example_branch_day_of_week_operator.py
[2023-03-12 14:50:49,932] {processor.py:642} INFO - Processing file /home/airflow/.local/lib/python3.7/site-packages/airflow/example_dags/example_branch_day_of_week_operator.py for tasks to queue
[2023-03-12 14:50:49,937] {logging_mixin.py:109} INFO - [2023-03-12 14:50:49,937] {dagbag.py:500} INFO - Filling up the DagBag from /home/airflow/.local/lib/python3.7/site-packages/airflow/example_dags/example_branch_day_of_week_operator.py
[2023-03-12 14:50:50,037] {processor.py:654} INFO - DAG(s) dict_keys(['example_weekday_branch_operator']) retrieved from /home/airflow/.local/lib/python3.7/site-packages/airflow/example_dags/example_branch_day_of_week_operator.py
[2023-03-12 14:50:50,085] {logging_mixin.py:109} INFO - [2023-03-12 14:50:50,085] {dag.py:2396} INFO - Sync 1 DAGs
[2023-03-12 14:50:50,170] {logging_mixin.py:109} INFO - [2023-03-12 14:50:50,169] {dag.py:2935} INFO - Setting next_dagrun for example_weekday_branch_operator to 2023-03-11 00:00:00+00:00
[2023-03-12 14:50:50,203] {processor.py:171} INFO - Processing /home/airflow/.local/lib/python3.7/site-packages/airflow/example_dags/example_branch_day_of_week_operator.py took 0.287 seconds
[2023-03-12 14:51:20,664] {processor.py:163} INFO - Started process (PID=6181) to work on /home/airflow/.local/lib/python3.7/site-packages/airflow/example_dags/example_branch_day_of_week_operator.py
[2023-03-12 14:51:20,668] {processor.py:642} INFO - Processing file /home/airflow/.local/lib/python3.7/site-packages/airflow/example_dags/example_branch_day_of_week_operator.py for tasks to queue
[2023-03-12 14:51:20,672] {logging_mixin.py:109} INFO - [2023-03-12 14:51:20,672] {dagbag.py:500} INFO - Filling up the DagBag from /home/airflow/.local/lib/python3.7/site-packages/airflow/example_dags/example_branch_day_of_week_operator.py
[2023-03-12 14:51:20,761] {processor.py:654} INFO - DAG(s) dict_keys(['example_weekday_branch_operator']) retrieved from /home/airflow/.local/lib/python3.7/site-packages/airflow/example_dags/example_branch_day_of_week_operator.py
[2023-03-12 14:51:20,837] {logging_mixin.py:109} INFO - [2023-03-12 14:51:20,836] {dag.py:2396} INFO - Sync 1 DAGs
[2023-03-12 14:51:20,928] {logging_mixin.py:109} INFO - [2023-03-12 14:51:20,927] {dag.py:2935} INFO - Setting next_dagrun for example_weekday_branch_operator to 2023-03-11 00:00:00+00:00
[2023-03-12 14:51:21,005] {processor.py:171} INFO - Processing /home/airflow/.local/lib/python3.7/site-packages/airflow/example_dags/example_branch_day_of_week_operator.py took 0.348 seconds
[2023-03-12 14:51:51,327] {processor.py:163} INFO - Started process (PID=6385) to work on /home/airflow/.local/lib/python3.7/site-packages/airflow/example_dags/example_branch_day_of_week_operator.py
[2023-03-12 14:51:51,331] {processor.py:642} INFO - Processing file /home/airflow/.local/lib/python3.7/site-packages/airflow/example_dags/example_branch_day_of_week_operator.py for tasks to queue
[2023-03-12 14:51:51,334] {logging_mixin.py:109} INFO - [2023-03-12 14:51:51,333] {dagbag.py:500} INFO - Filling up the DagBag from /home/airflow/.local/lib/python3.7/site-packages/airflow/example_dags/example_branch_day_of_week_operator.py
[2023-03-12 14:51:51,398] {processor.py:654} INFO - DAG(s) dict_keys(['example_weekday_branch_operator']) retrieved from /home/airflow/.local/lib/python3.7/site-packages/airflow/example_dags/example_branch_day_of_week_operator.py
[2023-03-12 14:51:51,431] {logging_mixin.py:109} INFO - [2023-03-12 14:51:51,431] {dag.py:2396} INFO - Sync 1 DAGs
[2023-03-12 14:51:51,483] {logging_mixin.py:109} INFO - [2023-03-12 14:51:51,482] {dag.py:2935} INFO - Setting next_dagrun for example_weekday_branch_operator to 2023-03-11 00:00:00+00:00
[2023-03-12 14:51:51,505] {processor.py:171} INFO - Processing /home/airflow/.local/lib/python3.7/site-packages/airflow/example_dags/example_branch_day_of_week_operator.py took 0.184 seconds
[2023-03-12 14:52:21,981] {processor.py:163} INFO - Started process (PID=6607) to work on /home/airflow/.local/lib/python3.7/site-packages/airflow/example_dags/example_branch_day_of_week_operator.py
[2023-03-12 14:52:21,990] {processor.py:642} INFO - Processing file /home/airflow/.local/lib/python3.7/site-packages/airflow/example_dags/example_branch_day_of_week_operator.py for tasks to queue
[2023-03-12 14:52:21,998] {logging_mixin.py:109} INFO - [2023-03-12 14:52:21,997] {dagbag.py:500} INFO - Filling up the DagBag from /home/airflow/.local/lib/python3.7/site-packages/airflow/example_dags/example_branch_day_of_week_operator.py
[2023-03-12 14:52:22,111] {processor.py:654} INFO - DAG(s) dict_keys(['example_weekday_branch_operator']) retrieved from /home/airflow/.local/lib/python3.7/site-packages/airflow/example_dags/example_branch_day_of_week_operator.py
[2023-03-12 14:52:22,164] {logging_mixin.py:109} INFO - [2023-03-12 14:52:22,163] {dag.py:2396} INFO - Sync 1 DAGs
[2023-03-12 14:52:22,231] {logging_mixin.py:109} INFO - [2023-03-12 14:52:22,231] {dag.py:2935} INFO - Setting next_dagrun for example_weekday_branch_operator to 2023-03-11 00:00:00+00:00
[2023-03-12 14:52:22,263] {processor.py:171} INFO - Processing /home/airflow/.local/lib/python3.7/site-packages/airflow/example_dags/example_branch_day_of_week_operator.py took 0.295 seconds
[2023-03-12 14:52:52,365] {processor.py:163} INFO - Started process (PID=6809) to work on /home/airflow/.local/lib/python3.7/site-packages/airflow/example_dags/example_branch_day_of_week_operator.py
[2023-03-12 14:52:52,372] {processor.py:642} INFO - Processing file /home/airflow/.local/lib/python3.7/site-packages/airflow/example_dags/example_branch_day_of_week_operator.py for tasks to queue
[2023-03-12 14:52:52,377] {logging_mixin.py:109} INFO - [2023-03-12 14:52:52,377] {dagbag.py:500} INFO - Filling up the DagBag from /home/airflow/.local/lib/python3.7/site-packages/airflow/example_dags/example_branch_day_of_week_operator.py
[2023-03-12 14:52:52,474] {processor.py:654} INFO - DAG(s) dict_keys(['example_weekday_branch_operator']) retrieved from /home/airflow/.local/lib/python3.7/site-packages/airflow/example_dags/example_branch_day_of_week_operator.py
[2023-03-12 14:52:52,509] {logging_mixin.py:109} INFO - [2023-03-12 14:52:52,508] {dag.py:2396} INFO - Sync 1 DAGs
[2023-03-12 14:52:52,560] {logging_mixin.py:109} INFO - [2023-03-12 14:52:52,560] {dag.py:2935} INFO - Setting next_dagrun for example_weekday_branch_operator to 2023-03-11 00:00:00+00:00
[2023-03-12 14:52:52,582] {processor.py:171} INFO - Processing /home/airflow/.local/lib/python3.7/site-packages/airflow/example_dags/example_branch_day_of_week_operator.py took 0.227 seconds
[2023-03-12 14:53:23,025] {processor.py:163} INFO - Started process (PID=7033) to work on /home/airflow/.local/lib/python3.7/site-packages/airflow/example_dags/example_branch_day_of_week_operator.py
[2023-03-12 14:53:23,032] {processor.py:642} INFO - Processing file /home/airflow/.local/lib/python3.7/site-packages/airflow/example_dags/example_branch_day_of_week_operator.py for tasks to queue
[2023-03-12 14:53:23,036] {logging_mixin.py:109} INFO - [2023-03-12 14:53:23,036] {dagbag.py:500} INFO - Filling up the DagBag from /home/airflow/.local/lib/python3.7/site-packages/airflow/example_dags/example_branch_day_of_week_operator.py
[2023-03-12 14:53:23,122] {processor.py:654} INFO - DAG(s) dict_keys(['example_weekday_branch_operator']) retrieved from /home/airflow/.local/lib/python3.7/site-packages/airflow/example_dags/example_branch_day_of_week_operator.py
[2023-03-12 14:53:23,212] {logging_mixin.py:109} INFO - [2023-03-12 14:53:23,212] {dag.py:2396} INFO - Sync 1 DAGs
[2023-03-12 14:53:23,352] {logging_mixin.py:109} INFO - [2023-03-12 14:53:23,352] {dag.py:2935} INFO - Setting next_dagrun for example_weekday_branch_operator to 2023-03-11 00:00:00+00:00
[2023-03-12 14:53:23,417] {processor.py:171} INFO - Processing /home/airflow/.local/lib/python3.7/site-packages/airflow/example_dags/example_branch_day_of_week_operator.py took 0.406 seconds
[2023-03-12 14:53:53,800] {processor.py:163} INFO - Started process (PID=7240) to work on /home/airflow/.local/lib/python3.7/site-packages/airflow/example_dags/example_branch_day_of_week_operator.py
[2023-03-12 14:53:53,804] {processor.py:642} INFO - Processing file /home/airflow/.local/lib/python3.7/site-packages/airflow/example_dags/example_branch_day_of_week_operator.py for tasks to queue
[2023-03-12 14:53:53,815] {logging_mixin.py:109} INFO - [2023-03-12 14:53:53,815] {dagbag.py:500} INFO - Filling up the DagBag from /home/airflow/.local/lib/python3.7/site-packages/airflow/example_dags/example_branch_day_of_week_operator.py
[2023-03-12 14:53:53,884] {processor.py:654} INFO - DAG(s) dict_keys(['example_weekday_branch_operator']) retrieved from /home/airflow/.local/lib/python3.7/site-packages/airflow/example_dags/example_branch_day_of_week_operator.py
[2023-03-12 14:53:53,918] {logging_mixin.py:109} INFO - [2023-03-12 14:53:53,918] {dag.py:2396} INFO - Sync 1 DAGs
[2023-03-12 14:53:54,008] {logging_mixin.py:109} INFO - [2023-03-12 14:53:54,008] {dag.py:2935} INFO - Setting next_dagrun for example_weekday_branch_operator to 2023-03-11 00:00:00+00:00
[2023-03-12 14:53:54,058] {processor.py:171} INFO - Processing /home/airflow/.local/lib/python3.7/site-packages/airflow/example_dags/example_branch_day_of_week_operator.py took 0.265 seconds
[2023-03-12 14:54:25,029] {processor.py:163} INFO - Started process (PID=7464) to work on /home/airflow/.local/lib/python3.7/site-packages/airflow/example_dags/example_branch_day_of_week_operator.py
[2023-03-12 14:54:25,039] {processor.py:642} INFO - Processing file /home/airflow/.local/lib/python3.7/site-packages/airflow/example_dags/example_branch_day_of_week_operator.py for tasks to queue
[2023-03-12 14:54:25,045] {logging_mixin.py:109} INFO - [2023-03-12 14:54:25,045] {dagbag.py:500} INFO - Filling up the DagBag from /home/airflow/.local/lib/python3.7/site-packages/airflow/example_dags/example_branch_day_of_week_operator.py
[2023-03-12 14:54:25,195] {processor.py:654} INFO - DAG(s) dict_keys(['example_weekday_branch_operator']) retrieved from /home/airflow/.local/lib/python3.7/site-packages/airflow/example_dags/example_branch_day_of_week_operator.py
[2023-03-12 14:54:25,259] {logging_mixin.py:109} INFO - [2023-03-12 14:54:25,258] {dag.py:2396} INFO - Sync 1 DAGs
[2023-03-12 14:54:25,434] {logging_mixin.py:109} INFO - [2023-03-12 14:54:25,434] {dag.py:2935} INFO - Setting next_dagrun for example_weekday_branch_operator to 2023-03-11 00:00:00+00:00
[2023-03-12 14:54:25,550] {processor.py:171} INFO - Processing /home/airflow/.local/lib/python3.7/site-packages/airflow/example_dags/example_branch_day_of_week_operator.py took 0.574 seconds
[2023-03-12 14:54:55,788] {processor.py:163} INFO - Started process (PID=7683) to work on /home/airflow/.local/lib/python3.7/site-packages/airflow/example_dags/example_branch_day_of_week_operator.py
[2023-03-12 14:54:55,797] {processor.py:642} INFO - Processing file /home/airflow/.local/lib/python3.7/site-packages/airflow/example_dags/example_branch_day_of_week_operator.py for tasks to queue
[2023-03-12 14:54:55,803] {logging_mixin.py:109} INFO - [2023-03-12 14:54:55,803] {dagbag.py:500} INFO - Filling up the DagBag from /home/airflow/.local/lib/python3.7/site-packages/airflow/example_dags/example_branch_day_of_week_operator.py
[2023-03-12 14:54:55,959] {processor.py:654} INFO - DAG(s) dict_keys(['example_weekday_branch_operator']) retrieved from /home/airflow/.local/lib/python3.7/site-packages/airflow/example_dags/example_branch_day_of_week_operator.py
[2023-03-12 14:54:56,023] {logging_mixin.py:109} INFO - [2023-03-12 14:54:56,022] {dag.py:2396} INFO - Sync 1 DAGs
[2023-03-12 14:54:56,130] {logging_mixin.py:109} INFO - [2023-03-12 14:54:56,129] {dag.py:2935} INFO - Setting next_dagrun for example_weekday_branch_operator to 2023-03-11 00:00:00+00:00
[2023-03-12 14:54:56,159] {processor.py:171} INFO - Processing /home/airflow/.local/lib/python3.7/site-packages/airflow/example_dags/example_branch_day_of_week_operator.py took 0.389 seconds
[2023-03-12 14:55:26,795] {processor.py:163} INFO - Started process (PID=7899) to work on /home/airflow/.local/lib/python3.7/site-packages/airflow/example_dags/example_branch_day_of_week_operator.py
[2023-03-12 14:55:26,802] {processor.py:642} INFO - Processing file /home/airflow/.local/lib/python3.7/site-packages/airflow/example_dags/example_branch_day_of_week_operator.py for tasks to queue
[2023-03-12 14:55:26,811] {logging_mixin.py:109} INFO - [2023-03-12 14:55:26,810] {dagbag.py:500} INFO - Filling up the DagBag from /home/airflow/.local/lib/python3.7/site-packages/airflow/example_dags/example_branch_day_of_week_operator.py
[2023-03-12 14:55:26,927] {processor.py:654} INFO - DAG(s) dict_keys(['example_weekday_branch_operator']) retrieved from /home/airflow/.local/lib/python3.7/site-packages/airflow/example_dags/example_branch_day_of_week_operator.py
[2023-03-12 14:55:26,973] {logging_mixin.py:109} INFO - [2023-03-12 14:55:26,972] {dag.py:2396} INFO - Sync 1 DAGs
[2023-03-12 14:55:27,047] {logging_mixin.py:109} INFO - [2023-03-12 14:55:27,046] {dag.py:2935} INFO - Setting next_dagrun for example_weekday_branch_operator to 2023-03-11 00:00:00+00:00
[2023-03-12 14:55:27,080] {processor.py:171} INFO - Processing /home/airflow/.local/lib/python3.7/site-packages/airflow/example_dags/example_branch_day_of_week_operator.py took 0.295 seconds
[2023-03-12 14:55:58,301] {processor.py:163} INFO - Started process (PID=8123) to work on /home/airflow/.local/lib/python3.7/site-packages/airflow/example_dags/example_branch_day_of_week_operator.py
[2023-03-12 14:55:58,309] {processor.py:642} INFO - Processing file /home/airflow/.local/lib/python3.7/site-packages/airflow/example_dags/example_branch_day_of_week_operator.py for tasks to queue
[2023-03-12 14:55:58,313] {logging_mixin.py:109} INFO - [2023-03-12 14:55:58,312] {dagbag.py:500} INFO - Filling up the DagBag from /home/airflow/.local/lib/python3.7/site-packages/airflow/example_dags/example_branch_day_of_week_operator.py
[2023-03-12 14:55:58,418] {processor.py:654} INFO - DAG(s) dict_keys(['example_weekday_branch_operator']) retrieved from /home/airflow/.local/lib/python3.7/site-packages/airflow/example_dags/example_branch_day_of_week_operator.py
[2023-03-12 14:55:58,459] {logging_mixin.py:109} INFO - [2023-03-12 14:55:58,458] {dag.py:2396} INFO - Sync 1 DAGs
[2023-03-12 14:55:58,536] {logging_mixin.py:109} INFO - [2023-03-12 14:55:58,536] {dag.py:2935} INFO - Setting next_dagrun for example_weekday_branch_operator to 2023-03-11 00:00:00+00:00
[2023-03-12 14:55:58,569] {processor.py:171} INFO - Processing /home/airflow/.local/lib/python3.7/site-packages/airflow/example_dags/example_branch_day_of_week_operator.py took 0.277 seconds
[2023-03-12 14:56:28,956] {processor.py:163} INFO - Started process (PID=8326) to work on /home/airflow/.local/lib/python3.7/site-packages/airflow/example_dags/example_branch_day_of_week_operator.py
[2023-03-12 14:56:28,961] {processor.py:642} INFO - Processing file /home/airflow/.local/lib/python3.7/site-packages/airflow/example_dags/example_branch_day_of_week_operator.py for tasks to queue
[2023-03-12 14:56:28,966] {logging_mixin.py:109} INFO - [2023-03-12 14:56:28,965] {dagbag.py:500} INFO - Filling up the DagBag from /home/airflow/.local/lib/python3.7/site-packages/airflow/example_dags/example_branch_day_of_week_operator.py
[2023-03-12 14:56:29,057] {processor.py:654} INFO - DAG(s) dict_keys(['example_weekday_branch_operator']) retrieved from /home/airflow/.local/lib/python3.7/site-packages/airflow/example_dags/example_branch_day_of_week_operator.py
[2023-03-12 14:56:29,109] {logging_mixin.py:109} INFO - [2023-03-12 14:56:29,108] {dag.py:2396} INFO - Sync 1 DAGs
[2023-03-12 14:56:29,184] {logging_mixin.py:109} INFO - [2023-03-12 14:56:29,184] {dag.py:2935} INFO - Setting next_dagrun for example_weekday_branch_operator to 2023-03-11 00:00:00+00:00
[2023-03-12 14:56:29,232] {processor.py:171} INFO - Processing /home/airflow/.local/lib/python3.7/site-packages/airflow/example_dags/example_branch_day_of_week_operator.py took 0.292 seconds
[2023-03-12 14:56:59,317] {processor.py:163} INFO - Started process (PID=8549) to work on /home/airflow/.local/lib/python3.7/site-packages/airflow/example_dags/example_branch_day_of_week_operator.py
[2023-03-12 14:56:59,322] {processor.py:642} INFO - Processing file /home/airflow/.local/lib/python3.7/site-packages/airflow/example_dags/example_branch_day_of_week_operator.py for tasks to queue
[2023-03-12 14:56:59,325] {logging_mixin.py:109} INFO - [2023-03-12 14:56:59,325] {dagbag.py:500} INFO - Filling up the DagBag from /home/airflow/.local/lib/python3.7/site-packages/airflow/example_dags/example_branch_day_of_week_operator.py
[2023-03-12 14:56:59,402] {processor.py:654} INFO - DAG(s) dict_keys(['example_weekday_branch_operator']) retrieved from /home/airflow/.local/lib/python3.7/site-packages/airflow/example_dags/example_branch_day_of_week_operator.py
[2023-03-12 14:56:59,440] {logging_mixin.py:109} INFO - [2023-03-12 14:56:59,440] {dag.py:2396} INFO - Sync 1 DAGs
[2023-03-12 14:56:59,505] {logging_mixin.py:109} INFO - [2023-03-12 14:56:59,504] {dag.py:2935} INFO - Setting next_dagrun for example_weekday_branch_operator to 2023-03-11 00:00:00+00:00
[2023-03-12 14:56:59,535] {processor.py:171} INFO - Processing /home/airflow/.local/lib/python3.7/site-packages/airflow/example_dags/example_branch_day_of_week_operator.py took 0.225 seconds
[2023-03-12 14:57:29,947] {processor.py:163} INFO - Started process (PID=8755) to work on /home/airflow/.local/lib/python3.7/site-packages/airflow/example_dags/example_branch_day_of_week_operator.py
[2023-03-12 14:57:29,955] {processor.py:642} INFO - Processing file /home/airflow/.local/lib/python3.7/site-packages/airflow/example_dags/example_branch_day_of_week_operator.py for tasks to queue
[2023-03-12 14:57:29,959] {logging_mixin.py:109} INFO - [2023-03-12 14:57:29,958] {dagbag.py:500} INFO - Filling up the DagBag from /home/airflow/.local/lib/python3.7/site-packages/airflow/example_dags/example_branch_day_of_week_operator.py
[2023-03-12 14:57:30,068] {processor.py:654} INFO - DAG(s) dict_keys(['example_weekday_branch_operator']) retrieved from /home/airflow/.local/lib/python3.7/site-packages/airflow/example_dags/example_branch_day_of_week_operator.py
[2023-03-12 14:57:30,104] {logging_mixin.py:109} INFO - [2023-03-12 14:57:30,103] {dag.py:2396} INFO - Sync 1 DAGs
[2023-03-12 14:57:30,181] {logging_mixin.py:109} INFO - [2023-03-12 14:57:30,181] {dag.py:2935} INFO - Setting next_dagrun for example_weekday_branch_operator to 2023-03-11 00:00:00+00:00
[2023-03-12 14:57:30,222] {processor.py:171} INFO - Processing /home/airflow/.local/lib/python3.7/site-packages/airflow/example_dags/example_branch_day_of_week_operator.py took 0.284 seconds
[2023-03-12 14:58:00,758] {processor.py:163} INFO - Started process (PID=8972) to work on /home/airflow/.local/lib/python3.7/site-packages/airflow/example_dags/example_branch_day_of_week_operator.py
[2023-03-12 14:58:00,774] {processor.py:642} INFO - Processing file /home/airflow/.local/lib/python3.7/site-packages/airflow/example_dags/example_branch_day_of_week_operator.py for tasks to queue
[2023-03-12 14:58:00,785] {logging_mixin.py:109} INFO - [2023-03-12 14:58:00,784] {dagbag.py:500} INFO - Filling up the DagBag from /home/airflow/.local/lib/python3.7/site-packages/airflow/example_dags/example_branch_day_of_week_operator.py
[2023-03-12 14:58:00,974] {processor.py:654} INFO - DAG(s) dict_keys(['example_weekday_branch_operator']) retrieved from /home/airflow/.local/lib/python3.7/site-packages/airflow/example_dags/example_branch_day_of_week_operator.py
[2023-03-12 14:58:01,035] {logging_mixin.py:109} INFO - [2023-03-12 14:58:01,034] {dag.py:2396} INFO - Sync 1 DAGs
[2023-03-12 14:58:01,140] {logging_mixin.py:109} INFO - [2023-03-12 14:58:01,140] {dag.py:2935} INFO - Setting next_dagrun for example_weekday_branch_operator to 2023-03-11 00:00:00+00:00
[2023-03-12 14:58:01,187] {processor.py:171} INFO - Processing /home/airflow/.local/lib/python3.7/site-packages/airflow/example_dags/example_branch_day_of_week_operator.py took 0.440 seconds
[2023-03-12 14:58:31,588] {processor.py:163} INFO - Started process (PID=9183) to work on /home/airflow/.local/lib/python3.7/site-packages/airflow/example_dags/example_branch_day_of_week_operator.py
[2023-03-12 14:58:31,593] {processor.py:642} INFO - Processing file /home/airflow/.local/lib/python3.7/site-packages/airflow/example_dags/example_branch_day_of_week_operator.py for tasks to queue
[2023-03-12 14:58:31,595] {logging_mixin.py:109} INFO - [2023-03-12 14:58:31,595] {dagbag.py:500} INFO - Filling up the DagBag from /home/airflow/.local/lib/python3.7/site-packages/airflow/example_dags/example_branch_day_of_week_operator.py
[2023-03-12 14:58:31,661] {processor.py:654} INFO - DAG(s) dict_keys(['example_weekday_branch_operator']) retrieved from /home/airflow/.local/lib/python3.7/site-packages/airflow/example_dags/example_branch_day_of_week_operator.py
[2023-03-12 14:58:31,690] {logging_mixin.py:109} INFO - [2023-03-12 14:58:31,690] {dag.py:2396} INFO - Sync 1 DAGs
[2023-03-12 14:58:31,739] {logging_mixin.py:109} INFO - [2023-03-12 14:58:31,738] {dag.py:2935} INFO - Setting next_dagrun for example_weekday_branch_operator to 2023-03-11 00:00:00+00:00
[2023-03-12 14:58:31,762] {processor.py:171} INFO - Processing /home/airflow/.local/lib/python3.7/site-packages/airflow/example_dags/example_branch_day_of_week_operator.py took 0.181 seconds
