[2023-03-12 14:26:51,295] {processor.py:163} INFO - Started process (PID=556) to work on /home/airflow/.local/lib/python3.7/site-packages/airflow/example_dags/example_sla_dag.py
[2023-03-12 14:26:51,300] {processor.py:642} INFO - Processing file /home/airflow/.local/lib/python3.7/site-packages/airflow/example_dags/example_sla_dag.py for tasks to queue
[2023-03-12 14:26:51,305] {logging_mixin.py:109} INFO - [2023-03-12 14:26:51,304] {dagbag.py:500} INFO - Filling up the DagBag from /home/airflow/.local/lib/python3.7/site-packages/airflow/example_dags/example_sla_dag.py
[2023-03-12 14:26:51,420] {processor.py:654} INFO - DAG(s) dict_keys(['example_sla_dag']) retrieved from /home/airflow/.local/lib/python3.7/site-packages/airflow/example_dags/example_sla_dag.py
[2023-03-12 14:27:01,923] {logging_mixin.py:109} INFO - [2023-03-12 14:27:01,922] {manager.py:496} INFO - Created Permission View: can edit on DAG:example_sla_dag
[2023-03-12 14:27:01,962] {logging_mixin.py:109} INFO - [2023-03-12 14:27:01,961] {manager.py:496} INFO - Created Permission View: can read on DAG:example_sla_dag
[2023-03-12 14:27:01,966] {logging_mixin.py:109} INFO - [2023-03-12 14:27:01,965] {dag.py:2396} INFO - Sync 1 DAGs
[2023-03-12 14:27:01,998] {logging_mixin.py:109} INFO - [2023-03-12 14:27:01,997] {dag.py:2415} INFO - Creating ORM DAG for example_sla_dag
[2023-03-12 14:27:02,053] {logging_mixin.py:109} INFO - [2023-03-12 14:27:02,052] {dag.py:2935} INFO - Setting next_dagrun for example_sla_dag to 2023-03-12T14:24:00+00:00
[2023-03-12 14:27:02,098] {processor.py:171} INFO - Processing /home/airflow/.local/lib/python3.7/site-packages/airflow/example_dags/example_sla_dag.py took 10.810 seconds
[2023-03-12 14:29:03,452] {processor.py:163} INFO - Started process (PID=949) to work on /home/airflow/.local/lib/python3.7/site-packages/airflow/example_dags/example_sla_dag.py
[2023-03-12 14:29:03,457] {processor.py:642} INFO - Processing file /home/airflow/.local/lib/python3.7/site-packages/airflow/example_dags/example_sla_dag.py for tasks to queue
[2023-03-12 14:29:03,462] {logging_mixin.py:109} INFO - [2023-03-12 14:29:03,462] {dagbag.py:500} INFO - Filling up the DagBag from /home/airflow/.local/lib/python3.7/site-packages/airflow/example_dags/example_sla_dag.py
[2023-03-12 14:29:06,196] {processor.py:654} INFO - DAG(s) dict_keys(['example_sla_dag']) retrieved from /home/airflow/.local/lib/python3.7/site-packages/airflow/example_dags/example_sla_dag.py
[2023-03-12 14:29:06,507] {logging_mixin.py:109} INFO - [2023-03-12 14:29:06,506] {dag.py:2396} INFO - Sync 1 DAGs
[2023-03-12 14:29:07,441] {logging_mixin.py:109} INFO - [2023-03-12 14:29:07,440] {dag.py:2935} INFO - Setting next_dagrun for example_sla_dag to 2023-03-12T14:26:00+00:00
[2023-03-12 14:29:07,599] {processor.py:171} INFO - Processing /home/airflow/.local/lib/python3.7/site-packages/airflow/example_dags/example_sla_dag.py took 4.167 seconds
[2023-03-12 14:38:34,725] {processor.py:163} INFO - Started process (PID=1040) to work on /home/airflow/.local/lib/python3.7/site-packages/airflow/example_dags/example_sla_dag.py
[2023-03-12 14:38:34,733] {processor.py:642} INFO - Processing file /home/airflow/.local/lib/python3.7/site-packages/airflow/example_dags/example_sla_dag.py for tasks to queue
[2023-03-12 14:38:34,741] {logging_mixin.py:109} INFO - [2023-03-12 14:38:34,741] {dagbag.py:500} INFO - Filling up the DagBag from /home/airflow/.local/lib/python3.7/site-packages/airflow/example_dags/example_sla_dag.py
[2023-03-12 14:38:35,228] {processor.py:654} INFO - DAG(s) dict_keys(['example_sla_dag']) retrieved from /home/airflow/.local/lib/python3.7/site-packages/airflow/example_dags/example_sla_dag.py
[2023-03-12 14:38:35,439] {logging_mixin.py:109} INFO - [2023-03-12 14:38:35,439] {dag.py:2396} INFO - Sync 1 DAGs
[2023-03-12 14:38:35,852] {logging_mixin.py:109} INFO - [2023-03-12 14:38:35,844] {dag.py:2935} INFO - Setting next_dagrun for example_sla_dag to 2023-03-12T14:36:00+00:00
[2023-03-12 14:38:35,989] {processor.py:171} INFO - Processing /home/airflow/.local/lib/python3.7/site-packages/airflow/example_dags/example_sla_dag.py took 1.295 seconds
[2023-03-12 14:39:12,817] {processor.py:163} INFO - Started process (PID=1264) to work on /home/airflow/.local/lib/python3.7/site-packages/airflow/example_dags/example_sla_dag.py
[2023-03-12 14:39:12,842] {processor.py:642} INFO - Processing file /home/airflow/.local/lib/python3.7/site-packages/airflow/example_dags/example_sla_dag.py for tasks to queue
[2023-03-12 14:39:12,867] {logging_mixin.py:109} INFO - [2023-03-12 14:39:12,851] {dagbag.py:500} INFO - Filling up the DagBag from /home/airflow/.local/lib/python3.7/site-packages/airflow/example_dags/example_sla_dag.py
[2023-03-12 14:39:13,643] {processor.py:654} INFO - DAG(s) dict_keys(['example_sla_dag']) retrieved from /home/airflow/.local/lib/python3.7/site-packages/airflow/example_dags/example_sla_dag.py
[2023-03-12 14:39:13,864] {logging_mixin.py:109} INFO - [2023-03-12 14:39:13,864] {dag.py:2396} INFO - Sync 1 DAGs
[2023-03-12 14:39:14,339] {logging_mixin.py:109} INFO - [2023-03-12 14:39:14,339] {dag.py:2935} INFO - Setting next_dagrun for example_sla_dag to 2023-03-12T14:36:00+00:00
[2023-03-12 14:39:14,476] {processor.py:171} INFO - Processing /home/airflow/.local/lib/python3.7/site-packages/airflow/example_dags/example_sla_dag.py took 1.712 seconds
[2023-03-12 14:39:51,362] {processor.py:163} INFO - Started process (PID=1478) to work on /home/airflow/.local/lib/python3.7/site-packages/airflow/example_dags/example_sla_dag.py
[2023-03-12 14:39:51,370] {processor.py:642} INFO - Processing file /home/airflow/.local/lib/python3.7/site-packages/airflow/example_dags/example_sla_dag.py for tasks to queue
[2023-03-12 14:39:51,385] {logging_mixin.py:109} INFO - [2023-03-12 14:39:51,384] {dagbag.py:500} INFO - Filling up the DagBag from /home/airflow/.local/lib/python3.7/site-packages/airflow/example_dags/example_sla_dag.py
[2023-03-12 14:39:51,833] {processor.py:654} INFO - DAG(s) dict_keys(['example_sla_dag']) retrieved from /home/airflow/.local/lib/python3.7/site-packages/airflow/example_dags/example_sla_dag.py
[2023-03-12 14:39:52,014] {logging_mixin.py:109} INFO - [2023-03-12 14:39:52,013] {dag.py:2396} INFO - Sync 1 DAGs
[2023-03-12 14:39:52,429] {logging_mixin.py:109} INFO - [2023-03-12 14:39:52,428] {dag.py:2935} INFO - Setting next_dagrun for example_sla_dag to 2023-03-12T14:36:00+00:00
[2023-03-12 14:39:52,520] {processor.py:171} INFO - Processing /home/airflow/.local/lib/python3.7/site-packages/airflow/example_dags/example_sla_dag.py took 1.213 seconds
[2023-03-12 14:40:23,187] {processor.py:163} INFO - Started process (PID=1690) to work on /home/airflow/.local/lib/python3.7/site-packages/airflow/example_dags/example_sla_dag.py
[2023-03-12 14:40:23,211] {processor.py:642} INFO - Processing file /home/airflow/.local/lib/python3.7/site-packages/airflow/example_dags/example_sla_dag.py for tasks to queue
[2023-03-12 14:40:23,220] {logging_mixin.py:109} INFO - [2023-03-12 14:40:23,219] {dagbag.py:500} INFO - Filling up the DagBag from /home/airflow/.local/lib/python3.7/site-packages/airflow/example_dags/example_sla_dag.py
[2023-03-12 14:40:23,579] {processor.py:654} INFO - DAG(s) dict_keys(['example_sla_dag']) retrieved from /home/airflow/.local/lib/python3.7/site-packages/airflow/example_dags/example_sla_dag.py
[2023-03-12 14:40:24,458] {logging_mixin.py:109} INFO - [2023-03-12 14:40:24,452] {dag.py:2396} INFO - Sync 1 DAGs
[2023-03-12 14:40:24,624] {logging_mixin.py:109} INFO - [2023-03-12 14:40:24,623] {dag.py:2935} INFO - Setting next_dagrun for example_sla_dag to 2023-03-12T14:38:00+00:00
[2023-03-12 14:40:24,689] {processor.py:171} INFO - Processing /home/airflow/.local/lib/python3.7/site-packages/airflow/example_dags/example_sla_dag.py took 1.520 seconds
[2023-03-12 14:41:01,495] {processor.py:163} INFO - Started process (PID=1913) to work on /home/airflow/.local/lib/python3.7/site-packages/airflow/example_dags/example_sla_dag.py
[2023-03-12 14:41:01,502] {processor.py:642} INFO - Processing file /home/airflow/.local/lib/python3.7/site-packages/airflow/example_dags/example_sla_dag.py for tasks to queue
[2023-03-12 14:41:01,507] {logging_mixin.py:109} INFO - [2023-03-12 14:41:01,506] {dagbag.py:500} INFO - Filling up the DagBag from /home/airflow/.local/lib/python3.7/site-packages/airflow/example_dags/example_sla_dag.py
[2023-03-12 14:41:01,800] {processor.py:654} INFO - DAG(s) dict_keys(['example_sla_dag']) retrieved from /home/airflow/.local/lib/python3.7/site-packages/airflow/example_dags/example_sla_dag.py
[2023-03-12 14:41:01,912] {logging_mixin.py:109} INFO - [2023-03-12 14:41:01,911] {dag.py:2396} INFO - Sync 1 DAGs
[2023-03-12 14:41:02,199] {logging_mixin.py:109} INFO - [2023-03-12 14:41:02,198] {dag.py:2935} INFO - Setting next_dagrun for example_sla_dag to 2023-03-12T14:38:00+00:00
[2023-03-12 14:41:02,284] {processor.py:171} INFO - Processing /home/airflow/.local/lib/python3.7/site-packages/airflow/example_dags/example_sla_dag.py took 0.827 seconds
[2023-03-12 14:41:41,098] {processor.py:163} INFO - Started process (PID=2165) to work on /home/airflow/.local/lib/python3.7/site-packages/airflow/example_dags/example_sla_dag.py
[2023-03-12 14:41:41,116] {processor.py:642} INFO - Processing file /home/airflow/.local/lib/python3.7/site-packages/airflow/example_dags/example_sla_dag.py for tasks to queue
[2023-03-12 14:41:41,130] {logging_mixin.py:109} INFO - [2023-03-12 14:41:41,129] {dagbag.py:500} INFO - Filling up the DagBag from /home/airflow/.local/lib/python3.7/site-packages/airflow/example_dags/example_sla_dag.py
[2023-03-12 14:41:42,549] {processor.py:654} INFO - DAG(s) dict_keys(['example_sla_dag']) retrieved from /home/airflow/.local/lib/python3.7/site-packages/airflow/example_dags/example_sla_dag.py
[2023-03-12 14:41:43,500] {logging_mixin.py:109} INFO - [2023-03-12 14:41:43,499] {dag.py:2396} INFO - Sync 1 DAGs
[2023-03-12 14:41:45,039] {logging_mixin.py:109} INFO - [2023-03-12 14:41:45,038] {dag.py:2935} INFO - Setting next_dagrun for example_sla_dag to 2023-03-12T14:38:00+00:00
[2023-03-12 14:41:45,408] {processor.py:171} INFO - Processing /home/airflow/.local/lib/python3.7/site-packages/airflow/example_dags/example_sla_dag.py took 4.388 seconds
[2023-03-12 14:42:16,158] {processor.py:163} INFO - Started process (PID=2445) to work on /home/airflow/.local/lib/python3.7/site-packages/airflow/example_dags/example_sla_dag.py
[2023-03-12 14:42:16,171] {processor.py:642} INFO - Processing file /home/airflow/.local/lib/python3.7/site-packages/airflow/example_dags/example_sla_dag.py for tasks to queue
[2023-03-12 14:42:16,176] {logging_mixin.py:109} INFO - [2023-03-12 14:42:16,175] {dagbag.py:500} INFO - Filling up the DagBag from /home/airflow/.local/lib/python3.7/site-packages/airflow/example_dags/example_sla_dag.py
[2023-03-12 14:42:16,414] {processor.py:654} INFO - DAG(s) dict_keys(['example_sla_dag']) retrieved from /home/airflow/.local/lib/python3.7/site-packages/airflow/example_dags/example_sla_dag.py
[2023-03-12 14:42:16,524] {logging_mixin.py:109} INFO - [2023-03-12 14:42:16,523] {dag.py:2396} INFO - Sync 1 DAGs
[2023-03-12 14:42:16,696] {logging_mixin.py:109} INFO - [2023-03-12 14:42:16,696] {dag.py:2935} INFO - Setting next_dagrun for example_sla_dag to 2023-03-12T14:40:00+00:00
[2023-03-12 14:42:16,765] {processor.py:171} INFO - Processing /home/airflow/.local/lib/python3.7/site-packages/airflow/example_dags/example_sla_dag.py took 0.614 seconds
[2023-03-12 14:42:48,214] {processor.py:163} INFO - Started process (PID=2659) to work on /home/airflow/.local/lib/python3.7/site-packages/airflow/example_dags/example_sla_dag.py
[2023-03-12 14:42:48,222] {processor.py:642} INFO - Processing file /home/airflow/.local/lib/python3.7/site-packages/airflow/example_dags/example_sla_dag.py for tasks to queue
[2023-03-12 14:42:48,227] {logging_mixin.py:109} INFO - [2023-03-12 14:42:48,226] {dagbag.py:500} INFO - Filling up the DagBag from /home/airflow/.local/lib/python3.7/site-packages/airflow/example_dags/example_sla_dag.py
[2023-03-12 14:42:48,339] {processor.py:654} INFO - DAG(s) dict_keys(['example_sla_dag']) retrieved from /home/airflow/.local/lib/python3.7/site-packages/airflow/example_dags/example_sla_dag.py
[2023-03-12 14:42:48,421] {logging_mixin.py:109} INFO - [2023-03-12 14:42:48,420] {dag.py:2396} INFO - Sync 1 DAGs
[2023-03-12 14:42:48,518] {logging_mixin.py:109} INFO - [2023-03-12 14:42:48,517] {dag.py:2935} INFO - Setting next_dagrun for example_sla_dag to 2023-03-12T14:40:00+00:00
[2023-03-12 14:42:48,565] {processor.py:171} INFO - Processing /home/airflow/.local/lib/python3.7/site-packages/airflow/example_dags/example_sla_dag.py took 0.358 seconds
[2023-03-12 14:43:19,808] {processor.py:163} INFO - Started process (PID=2883) to work on /home/airflow/.local/lib/python3.7/site-packages/airflow/example_dags/example_sla_dag.py
[2023-03-12 14:43:19,818] {processor.py:642} INFO - Processing file /home/airflow/.local/lib/python3.7/site-packages/airflow/example_dags/example_sla_dag.py for tasks to queue
[2023-03-12 14:43:19,825] {logging_mixin.py:109} INFO - [2023-03-12 14:43:19,824] {dagbag.py:500} INFO - Filling up the DagBag from /home/airflow/.local/lib/python3.7/site-packages/airflow/example_dags/example_sla_dag.py
[2023-03-12 14:43:20,002] {processor.py:654} INFO - DAG(s) dict_keys(['example_sla_dag']) retrieved from /home/airflow/.local/lib/python3.7/site-packages/airflow/example_dags/example_sla_dag.py
[2023-03-12 14:43:20,065] {logging_mixin.py:109} INFO - [2023-03-12 14:43:20,064] {dag.py:2396} INFO - Sync 1 DAGs
[2023-03-12 14:43:20,155] {logging_mixin.py:109} INFO - [2023-03-12 14:43:20,155] {dag.py:2935} INFO - Setting next_dagrun for example_sla_dag to 2023-03-12T14:40:00+00:00
[2023-03-12 14:43:20,192] {processor.py:171} INFO - Processing /home/airflow/.local/lib/python3.7/site-packages/airflow/example_dags/example_sla_dag.py took 0.393 seconds
[2023-03-12 14:43:50,950] {processor.py:163} INFO - Started process (PID=3091) to work on /home/airflow/.local/lib/python3.7/site-packages/airflow/example_dags/example_sla_dag.py
[2023-03-12 14:43:50,987] {processor.py:642} INFO - Processing file /home/airflow/.local/lib/python3.7/site-packages/airflow/example_dags/example_sla_dag.py for tasks to queue
[2023-03-12 14:43:50,990] {logging_mixin.py:109} INFO - [2023-03-12 14:43:50,990] {dagbag.py:500} INFO - Filling up the DagBag from /home/airflow/.local/lib/python3.7/site-packages/airflow/example_dags/example_sla_dag.py
[2023-03-12 14:43:51,077] {processor.py:654} INFO - DAG(s) dict_keys(['example_sla_dag']) retrieved from /home/airflow/.local/lib/python3.7/site-packages/airflow/example_dags/example_sla_dag.py
[2023-03-12 14:43:51,110] {logging_mixin.py:109} INFO - [2023-03-12 14:43:51,109] {dag.py:2396} INFO - Sync 1 DAGs
[2023-03-12 14:43:51,177] {logging_mixin.py:109} INFO - [2023-03-12 14:43:51,176] {dag.py:2935} INFO - Setting next_dagrun for example_sla_dag to 2023-03-12T14:40:00+00:00
[2023-03-12 14:43:51,199] {processor.py:171} INFO - Processing /home/airflow/.local/lib/python3.7/site-packages/airflow/example_dags/example_sla_dag.py took 0.256 seconds
[2023-03-12 14:44:22,097] {processor.py:163} INFO - Started process (PID=3315) to work on /home/airflow/.local/lib/python3.7/site-packages/airflow/example_dags/example_sla_dag.py
[2023-03-12 14:44:22,108] {processor.py:642} INFO - Processing file /home/airflow/.local/lib/python3.7/site-packages/airflow/example_dags/example_sla_dag.py for tasks to queue
[2023-03-12 14:44:22,112] {logging_mixin.py:109} INFO - [2023-03-12 14:44:22,112] {dagbag.py:500} INFO - Filling up the DagBag from /home/airflow/.local/lib/python3.7/site-packages/airflow/example_dags/example_sla_dag.py
[2023-03-12 14:44:22,211] {processor.py:654} INFO - DAG(s) dict_keys(['example_sla_dag']) retrieved from /home/airflow/.local/lib/python3.7/site-packages/airflow/example_dags/example_sla_dag.py
[2023-03-12 14:44:22,253] {logging_mixin.py:109} INFO - [2023-03-12 14:44:22,253] {dag.py:2396} INFO - Sync 1 DAGs
[2023-03-12 14:44:22,335] {logging_mixin.py:109} INFO - [2023-03-12 14:44:22,335] {dag.py:2935} INFO - Setting next_dagrun for example_sla_dag to 2023-03-12T14:42:00+00:00
[2023-03-12 14:44:22,363] {processor.py:171} INFO - Processing /home/airflow/.local/lib/python3.7/site-packages/airflow/example_dags/example_sla_dag.py took 0.277 seconds
[2023-03-12 14:44:53,257] {processor.py:163} INFO - Started process (PID=3519) to work on /home/airflow/.local/lib/python3.7/site-packages/airflow/example_dags/example_sla_dag.py
[2023-03-12 14:44:53,262] {processor.py:642} INFO - Processing file /home/airflow/.local/lib/python3.7/site-packages/airflow/example_dags/example_sla_dag.py for tasks to queue
[2023-03-12 14:44:53,266] {logging_mixin.py:109} INFO - [2023-03-12 14:44:53,265] {dagbag.py:500} INFO - Filling up the DagBag from /home/airflow/.local/lib/python3.7/site-packages/airflow/example_dags/example_sla_dag.py
[2023-03-12 14:44:53,342] {processor.py:654} INFO - DAG(s) dict_keys(['example_sla_dag']) retrieved from /home/airflow/.local/lib/python3.7/site-packages/airflow/example_dags/example_sla_dag.py
[2023-03-12 14:44:53,374] {logging_mixin.py:109} INFO - [2023-03-12 14:44:53,373] {dag.py:2396} INFO - Sync 1 DAGs
[2023-03-12 14:44:53,449] {logging_mixin.py:109} INFO - [2023-03-12 14:44:53,449] {dag.py:2935} INFO - Setting next_dagrun for example_sla_dag to 2023-03-12T14:42:00+00:00
[2023-03-12 14:44:53,473] {processor.py:171} INFO - Processing /home/airflow/.local/lib/python3.7/site-packages/airflow/example_dags/example_sla_dag.py took 0.224 seconds
[2023-03-12 14:45:23,637] {processor.py:163} INFO - Started process (PID=3743) to work on /home/airflow/.local/lib/python3.7/site-packages/airflow/example_dags/example_sla_dag.py
[2023-03-12 14:45:23,664] {processor.py:642} INFO - Processing file /home/airflow/.local/lib/python3.7/site-packages/airflow/example_dags/example_sla_dag.py for tasks to queue
[2023-03-12 14:45:23,673] {logging_mixin.py:109} INFO - [2023-03-12 14:45:23,671] {dagbag.py:500} INFO - Filling up the DagBag from /home/airflow/.local/lib/python3.7/site-packages/airflow/example_dags/example_sla_dag.py
[2023-03-12 14:45:23,812] {processor.py:654} INFO - DAG(s) dict_keys(['example_sla_dag']) retrieved from /home/airflow/.local/lib/python3.7/site-packages/airflow/example_dags/example_sla_dag.py
[2023-03-12 14:45:23,846] {logging_mixin.py:109} INFO - [2023-03-12 14:45:23,846] {dag.py:2396} INFO - Sync 1 DAGs
[2023-03-12 14:45:24,066] {logging_mixin.py:109} INFO - [2023-03-12 14:45:24,065] {dag.py:2935} INFO - Setting next_dagrun for example_sla_dag to 2023-03-12T14:42:00+00:00
[2023-03-12 14:45:24,363] {processor.py:171} INFO - Processing /home/airflow/.local/lib/python3.7/site-packages/airflow/example_dags/example_sla_dag.py took 0.767 seconds
[2023-03-12 14:45:55,411] {processor.py:163} INFO - Started process (PID=3960) to work on /home/airflow/.local/lib/python3.7/site-packages/airflow/example_dags/example_sla_dag.py
[2023-03-12 14:45:55,417] {processor.py:642} INFO - Processing file /home/airflow/.local/lib/python3.7/site-packages/airflow/example_dags/example_sla_dag.py for tasks to queue
[2023-03-12 14:45:55,420] {logging_mixin.py:109} INFO - [2023-03-12 14:45:55,420] {dagbag.py:500} INFO - Filling up the DagBag from /home/airflow/.local/lib/python3.7/site-packages/airflow/example_dags/example_sla_dag.py
[2023-03-12 14:45:55,612] {processor.py:654} INFO - DAG(s) dict_keys(['example_sla_dag']) retrieved from /home/airflow/.local/lib/python3.7/site-packages/airflow/example_dags/example_sla_dag.py
[2023-03-12 14:45:55,723] {logging_mixin.py:109} INFO - [2023-03-12 14:45:55,722] {dag.py:2396} INFO - Sync 1 DAGs
[2023-03-12 14:45:55,833] {logging_mixin.py:109} INFO - [2023-03-12 14:45:55,832] {dag.py:2935} INFO - Setting next_dagrun for example_sla_dag to 2023-03-12T14:42:00+00:00
[2023-03-12 14:45:55,885] {processor.py:171} INFO - Processing /home/airflow/.local/lib/python3.7/site-packages/airflow/example_dags/example_sla_dag.py took 0.485 seconds
[2023-03-12 14:46:25,997] {processor.py:163} INFO - Started process (PID=4174) to work on /home/airflow/.local/lib/python3.7/site-packages/airflow/example_dags/example_sla_dag.py
[2023-03-12 14:46:26,003] {processor.py:642} INFO - Processing file /home/airflow/.local/lib/python3.7/site-packages/airflow/example_dags/example_sla_dag.py for tasks to queue
[2023-03-12 14:46:26,007] {logging_mixin.py:109} INFO - [2023-03-12 14:46:26,006] {dagbag.py:500} INFO - Filling up the DagBag from /home/airflow/.local/lib/python3.7/site-packages/airflow/example_dags/example_sla_dag.py
[2023-03-12 14:46:26,118] {processor.py:654} INFO - DAG(s) dict_keys(['example_sla_dag']) retrieved from /home/airflow/.local/lib/python3.7/site-packages/airflow/example_dags/example_sla_dag.py
[2023-03-12 14:46:26,159] {logging_mixin.py:109} INFO - [2023-03-12 14:46:26,158] {dag.py:2396} INFO - Sync 1 DAGs
[2023-03-12 14:46:26,268] {logging_mixin.py:109} INFO - [2023-03-12 14:46:26,267] {dag.py:2935} INFO - Setting next_dagrun for example_sla_dag to 2023-03-12T14:44:00+00:00
[2023-03-12 14:46:26,312] {processor.py:171} INFO - Processing /home/airflow/.local/lib/python3.7/site-packages/airflow/example_dags/example_sla_dag.py took 0.323 seconds
[2023-03-12 14:46:56,704] {processor.py:163} INFO - Started process (PID=4396) to work on /home/airflow/.local/lib/python3.7/site-packages/airflow/example_dags/example_sla_dag.py
[2023-03-12 14:46:56,715] {processor.py:642} INFO - Processing file /home/airflow/.local/lib/python3.7/site-packages/airflow/example_dags/example_sla_dag.py for tasks to queue
[2023-03-12 14:46:56,727] {logging_mixin.py:109} INFO - [2023-03-12 14:46:56,727] {dagbag.py:500} INFO - Filling up the DagBag from /home/airflow/.local/lib/python3.7/site-packages/airflow/example_dags/example_sla_dag.py
[2023-03-12 14:46:57,004] {processor.py:654} INFO - DAG(s) dict_keys(['example_sla_dag']) retrieved from /home/airflow/.local/lib/python3.7/site-packages/airflow/example_dags/example_sla_dag.py
[2023-03-12 14:46:57,278] {logging_mixin.py:109} INFO - [2023-03-12 14:46:57,276] {dag.py:2396} INFO - Sync 1 DAGs
[2023-03-12 14:46:57,406] {logging_mixin.py:109} INFO - [2023-03-12 14:46:57,405] {dag.py:2935} INFO - Setting next_dagrun for example_sla_dag to 2023-03-12T14:44:00+00:00
[2023-03-12 14:46:57,446] {processor.py:171} INFO - Processing /home/airflow/.local/lib/python3.7/site-packages/airflow/example_dags/example_sla_dag.py took 0.790 seconds
[2023-03-12 14:47:28,172] {processor.py:163} INFO - Started process (PID=4599) to work on /home/airflow/.local/lib/python3.7/site-packages/airflow/example_dags/example_sla_dag.py
[2023-03-12 14:47:28,221] {processor.py:642} INFO - Processing file /home/airflow/.local/lib/python3.7/site-packages/airflow/example_dags/example_sla_dag.py for tasks to queue
[2023-03-12 14:47:28,232] {logging_mixin.py:109} INFO - [2023-03-12 14:47:28,230] {dagbag.py:500} INFO - Filling up the DagBag from /home/airflow/.local/lib/python3.7/site-packages/airflow/example_dags/example_sla_dag.py
[2023-03-12 14:47:28,595] {processor.py:654} INFO - DAG(s) dict_keys(['example_sla_dag']) retrieved from /home/airflow/.local/lib/python3.7/site-packages/airflow/example_dags/example_sla_dag.py
[2023-03-12 14:47:28,685] {logging_mixin.py:109} INFO - [2023-03-12 14:47:28,684] {dag.py:2396} INFO - Sync 1 DAGs
[2023-03-12 14:47:28,834] {logging_mixin.py:109} INFO - [2023-03-12 14:47:28,833] {dag.py:2935} INFO - Setting next_dagrun for example_sla_dag to 2023-03-12T14:44:00+00:00
[2023-03-12 14:47:28,884] {processor.py:171} INFO - Processing /home/airflow/.local/lib/python3.7/site-packages/airflow/example_dags/example_sla_dag.py took 0.780 seconds
[2023-03-12 14:47:59,372] {processor.py:163} INFO - Started process (PID=4824) to work on /home/airflow/.local/lib/python3.7/site-packages/airflow/example_dags/example_sla_dag.py
[2023-03-12 14:47:59,377] {processor.py:642} INFO - Processing file /home/airflow/.local/lib/python3.7/site-packages/airflow/example_dags/example_sla_dag.py for tasks to queue
[2023-03-12 14:47:59,380] {logging_mixin.py:109} INFO - [2023-03-12 14:47:59,380] {dagbag.py:500} INFO - Filling up the DagBag from /home/airflow/.local/lib/python3.7/site-packages/airflow/example_dags/example_sla_dag.py
[2023-03-12 14:47:59,505] {processor.py:654} INFO - DAG(s) dict_keys(['example_sla_dag']) retrieved from /home/airflow/.local/lib/python3.7/site-packages/airflow/example_dags/example_sla_dag.py
[2023-03-12 14:47:59,545] {logging_mixin.py:109} INFO - [2023-03-12 14:47:59,544] {dag.py:2396} INFO - Sync 1 DAGs
[2023-03-12 14:47:59,624] {logging_mixin.py:109} INFO - [2023-03-12 14:47:59,624] {dag.py:2935} INFO - Setting next_dagrun for example_sla_dag to 2023-03-12T14:44:00+00:00
[2023-03-12 14:47:59,653] {processor.py:171} INFO - Processing /home/airflow/.local/lib/python3.7/site-packages/airflow/example_dags/example_sla_dag.py took 0.288 seconds
[2023-03-12 14:48:30,527] {processor.py:163} INFO - Started process (PID=5031) to work on /home/airflow/.local/lib/python3.7/site-packages/airflow/example_dags/example_sla_dag.py
[2023-03-12 14:48:30,533] {processor.py:642} INFO - Processing file /home/airflow/.local/lib/python3.7/site-packages/airflow/example_dags/example_sla_dag.py for tasks to queue
[2023-03-12 14:48:30,539] {logging_mixin.py:109} INFO - [2023-03-12 14:48:30,539] {dagbag.py:500} INFO - Filling up the DagBag from /home/airflow/.local/lib/python3.7/site-packages/airflow/example_dags/example_sla_dag.py
[2023-03-12 14:48:30,629] {processor.py:654} INFO - DAG(s) dict_keys(['example_sla_dag']) retrieved from /home/airflow/.local/lib/python3.7/site-packages/airflow/example_dags/example_sla_dag.py
[2023-03-12 14:48:30,660] {logging_mixin.py:109} INFO - [2023-03-12 14:48:30,660] {dag.py:2396} INFO - Sync 1 DAGs
[2023-03-12 14:48:30,725] {logging_mixin.py:109} INFO - [2023-03-12 14:48:30,725] {dag.py:2935} INFO - Setting next_dagrun for example_sla_dag to 2023-03-12T14:46:00+00:00
[2023-03-12 14:48:30,747] {processor.py:171} INFO - Processing /home/airflow/.local/lib/python3.7/site-packages/airflow/example_dags/example_sla_dag.py took 0.227 seconds
[2023-03-12 14:49:01,695] {processor.py:163} INFO - Started process (PID=5253) to work on /home/airflow/.local/lib/python3.7/site-packages/airflow/example_dags/example_sla_dag.py
[2023-03-12 14:49:01,703] {processor.py:642} INFO - Processing file /home/airflow/.local/lib/python3.7/site-packages/airflow/example_dags/example_sla_dag.py for tasks to queue
[2023-03-12 14:49:01,724] {logging_mixin.py:109} INFO - [2023-03-12 14:49:01,723] {dagbag.py:500} INFO - Filling up the DagBag from /home/airflow/.local/lib/python3.7/site-packages/airflow/example_dags/example_sla_dag.py
[2023-03-12 14:49:01,825] {processor.py:654} INFO - DAG(s) dict_keys(['example_sla_dag']) retrieved from /home/airflow/.local/lib/python3.7/site-packages/airflow/example_dags/example_sla_dag.py
[2023-03-12 14:49:01,860] {logging_mixin.py:109} INFO - [2023-03-12 14:49:01,859] {dag.py:2396} INFO - Sync 1 DAGs
[2023-03-12 14:49:01,942] {logging_mixin.py:109} INFO - [2023-03-12 14:49:01,942] {dag.py:2935} INFO - Setting next_dagrun for example_sla_dag to 2023-03-12T14:46:00+00:00
[2023-03-12 14:49:01,966] {processor.py:171} INFO - Processing /home/airflow/.local/lib/python3.7/site-packages/airflow/example_dags/example_sla_dag.py took 0.281 seconds
[2023-03-12 14:49:32,308] {processor.py:163} INFO - Started process (PID=5432) to work on /home/airflow/.local/lib/python3.7/site-packages/airflow/example_dags/example_sla_dag.py
[2023-03-12 14:49:32,313] {processor.py:642} INFO - Processing file /home/airflow/.local/lib/python3.7/site-packages/airflow/example_dags/example_sla_dag.py for tasks to queue
[2023-03-12 14:49:32,316] {logging_mixin.py:109} INFO - [2023-03-12 14:49:32,316] {dagbag.py:500} INFO - Filling up the DagBag from /home/airflow/.local/lib/python3.7/site-packages/airflow/example_dags/example_sla_dag.py
[2023-03-12 14:49:32,407] {processor.py:654} INFO - DAG(s) dict_keys(['example_sla_dag']) retrieved from /home/airflow/.local/lib/python3.7/site-packages/airflow/example_dags/example_sla_dag.py
[2023-03-12 14:49:32,461] {logging_mixin.py:109} INFO - [2023-03-12 14:49:32,460] {dag.py:2396} INFO - Sync 1 DAGs
[2023-03-12 14:49:32,541] {logging_mixin.py:109} INFO - [2023-03-12 14:49:32,540] {dag.py:2935} INFO - Setting next_dagrun for example_sla_dag to 2023-03-12T14:46:00+00:00
[2023-03-12 14:49:32,566] {processor.py:171} INFO - Processing /home/airflow/.local/lib/python3.7/site-packages/airflow/example_dags/example_sla_dag.py took 0.265 seconds
[2023-03-12 14:50:04,511] {processor.py:163} INFO - Started process (PID=5656) to work on /home/airflow/.local/lib/python3.7/site-packages/airflow/example_dags/example_sla_dag.py
[2023-03-12 14:50:04,524] {processor.py:642} INFO - Processing file /home/airflow/.local/lib/python3.7/site-packages/airflow/example_dags/example_sla_dag.py for tasks to queue
[2023-03-12 14:50:04,532] {logging_mixin.py:109} INFO - [2023-03-12 14:50:04,531] {dagbag.py:500} INFO - Filling up the DagBag from /home/airflow/.local/lib/python3.7/site-packages/airflow/example_dags/example_sla_dag.py
[2023-03-12 14:50:04,653] {processor.py:654} INFO - DAG(s) dict_keys(['example_sla_dag']) retrieved from /home/airflow/.local/lib/python3.7/site-packages/airflow/example_dags/example_sla_dag.py
[2023-03-12 14:50:04,692] {logging_mixin.py:109} INFO - [2023-03-12 14:50:04,692] {dag.py:2396} INFO - Sync 1 DAGs
[2023-03-12 14:50:04,777] {logging_mixin.py:109} INFO - [2023-03-12 14:50:04,777] {dag.py:2935} INFO - Setting next_dagrun for example_sla_dag to 2023-03-12T14:48:00+00:00
[2023-03-12 14:50:04,811] {processor.py:171} INFO - Processing /home/airflow/.local/lib/python3.7/site-packages/airflow/example_dags/example_sla_dag.py took 0.319 seconds
[2023-03-12 14:50:35,305] {processor.py:163} INFO - Started process (PID=5869) to work on /home/airflow/.local/lib/python3.7/site-packages/airflow/example_dags/example_sla_dag.py
[2023-03-12 14:50:35,315] {processor.py:642} INFO - Processing file /home/airflow/.local/lib/python3.7/site-packages/airflow/example_dags/example_sla_dag.py for tasks to queue
[2023-03-12 14:50:35,322] {logging_mixin.py:109} INFO - [2023-03-12 14:50:35,320] {dagbag.py:500} INFO - Filling up the DagBag from /home/airflow/.local/lib/python3.7/site-packages/airflow/example_dags/example_sla_dag.py
[2023-03-12 14:50:35,466] {processor.py:654} INFO - DAG(s) dict_keys(['example_sla_dag']) retrieved from /home/airflow/.local/lib/python3.7/site-packages/airflow/example_dags/example_sla_dag.py
[2023-03-12 14:50:35,519] {logging_mixin.py:109} INFO - [2023-03-12 14:50:35,518] {dag.py:2396} INFO - Sync 1 DAGs
[2023-03-12 14:50:35,633] {logging_mixin.py:109} INFO - [2023-03-12 14:50:35,633] {dag.py:2935} INFO - Setting next_dagrun for example_sla_dag to 2023-03-12T14:48:00+00:00
[2023-03-12 14:50:35,669] {processor.py:171} INFO - Processing /home/airflow/.local/lib/python3.7/site-packages/airflow/example_dags/example_sla_dag.py took 0.372 seconds
[2023-03-12 14:51:06,339] {processor.py:163} INFO - Started process (PID=6076) to work on /home/airflow/.local/lib/python3.7/site-packages/airflow/example_dags/example_sla_dag.py
[2023-03-12 14:51:06,351] {processor.py:642} INFO - Processing file /home/airflow/.local/lib/python3.7/site-packages/airflow/example_dags/example_sla_dag.py for tasks to queue
[2023-03-12 14:51:06,368] {logging_mixin.py:109} INFO - [2023-03-12 14:51:06,367] {dagbag.py:500} INFO - Filling up the DagBag from /home/airflow/.local/lib/python3.7/site-packages/airflow/example_dags/example_sla_dag.py
[2023-03-12 14:51:06,521] {processor.py:654} INFO - DAG(s) dict_keys(['example_sla_dag']) retrieved from /home/airflow/.local/lib/python3.7/site-packages/airflow/example_dags/example_sla_dag.py
[2023-03-12 14:51:06,601] {logging_mixin.py:109} INFO - [2023-03-12 14:51:06,601] {dag.py:2396} INFO - Sync 1 DAGs
[2023-03-12 14:51:06,704] {logging_mixin.py:109} INFO - [2023-03-12 14:51:06,704] {dag.py:2935} INFO - Setting next_dagrun for example_sla_dag to 2023-03-12T14:48:00+00:00
[2023-03-12 14:51:06,735] {processor.py:171} INFO - Processing /home/airflow/.local/lib/python3.7/site-packages/airflow/example_dags/example_sla_dag.py took 0.408 seconds
[2023-03-12 14:51:36,944] {processor.py:163} INFO - Started process (PID=6295) to work on /home/airflow/.local/lib/python3.7/site-packages/airflow/example_dags/example_sla_dag.py
[2023-03-12 14:51:36,949] {processor.py:642} INFO - Processing file /home/airflow/.local/lib/python3.7/site-packages/airflow/example_dags/example_sla_dag.py for tasks to queue
[2023-03-12 14:51:36,952] {logging_mixin.py:109} INFO - [2023-03-12 14:51:36,952] {dagbag.py:500} INFO - Filling up the DagBag from /home/airflow/.local/lib/python3.7/site-packages/airflow/example_dags/example_sla_dag.py
[2023-03-12 14:51:37,061] {processor.py:654} INFO - DAG(s) dict_keys(['example_sla_dag']) retrieved from /home/airflow/.local/lib/python3.7/site-packages/airflow/example_dags/example_sla_dag.py
[2023-03-12 14:51:37,105] {logging_mixin.py:109} INFO - [2023-03-12 14:51:37,105] {dag.py:2396} INFO - Sync 1 DAGs
[2023-03-12 14:51:37,183] {logging_mixin.py:109} INFO - [2023-03-12 14:51:37,183] {dag.py:2935} INFO - Setting next_dagrun for example_sla_dag to 2023-03-12T14:48:00+00:00
[2023-03-12 14:51:37,208] {processor.py:171} INFO - Processing /home/airflow/.local/lib/python3.7/site-packages/airflow/example_dags/example_sla_dag.py took 0.272 seconds
[2023-03-12 14:52:07,932] {processor.py:163} INFO - Started process (PID=6503) to work on /home/airflow/.local/lib/python3.7/site-packages/airflow/example_dags/example_sla_dag.py
[2023-03-12 14:52:07,949] {processor.py:642} INFO - Processing file /home/airflow/.local/lib/python3.7/site-packages/airflow/example_dags/example_sla_dag.py for tasks to queue
[2023-03-12 14:52:07,954] {logging_mixin.py:109} INFO - [2023-03-12 14:52:07,953] {dagbag.py:500} INFO - Filling up the DagBag from /home/airflow/.local/lib/python3.7/site-packages/airflow/example_dags/example_sla_dag.py
[2023-03-12 14:52:08,072] {processor.py:654} INFO - DAG(s) dict_keys(['example_sla_dag']) retrieved from /home/airflow/.local/lib/python3.7/site-packages/airflow/example_dags/example_sla_dag.py
[2023-03-12 14:52:08,120] {logging_mixin.py:109} INFO - [2023-03-12 14:52:08,119] {dag.py:2396} INFO - Sync 1 DAGs
[2023-03-12 14:52:08,209] {logging_mixin.py:109} INFO - [2023-03-12 14:52:08,208] {dag.py:2935} INFO - Setting next_dagrun for example_sla_dag to 2023-03-12T14:50:00+00:00
[2023-03-12 14:52:08,235] {processor.py:171} INFO - Processing /home/airflow/.local/lib/python3.7/site-packages/airflow/example_dags/example_sla_dag.py took 0.314 seconds
[2023-03-12 14:52:38,519] {processor.py:163} INFO - Started process (PID=6727) to work on /home/airflow/.local/lib/python3.7/site-packages/airflow/example_dags/example_sla_dag.py
[2023-03-12 14:52:38,531] {processor.py:642} INFO - Processing file /home/airflow/.local/lib/python3.7/site-packages/airflow/example_dags/example_sla_dag.py for tasks to queue
[2023-03-12 14:52:38,535] {logging_mixin.py:109} INFO - [2023-03-12 14:52:38,535] {dagbag.py:500} INFO - Filling up the DagBag from /home/airflow/.local/lib/python3.7/site-packages/airflow/example_dags/example_sla_dag.py
[2023-03-12 14:52:38,657] {processor.py:654} INFO - DAG(s) dict_keys(['example_sla_dag']) retrieved from /home/airflow/.local/lib/python3.7/site-packages/airflow/example_dags/example_sla_dag.py
[2023-03-12 14:52:38,696] {logging_mixin.py:109} INFO - [2023-03-12 14:52:38,696] {dag.py:2396} INFO - Sync 1 DAGs
[2023-03-12 14:52:38,777] {logging_mixin.py:109} INFO - [2023-03-12 14:52:38,776] {dag.py:2935} INFO - Setting next_dagrun for example_sla_dag to 2023-03-12T14:50:00+00:00
[2023-03-12 14:52:38,810] {processor.py:171} INFO - Processing /home/airflow/.local/lib/python3.7/site-packages/airflow/example_dags/example_sla_dag.py took 0.303 seconds
[2023-03-12 14:53:09,158] {processor.py:163} INFO - Started process (PID=6936) to work on /home/airflow/.local/lib/python3.7/site-packages/airflow/example_dags/example_sla_dag.py
[2023-03-12 14:53:09,165] {processor.py:642} INFO - Processing file /home/airflow/.local/lib/python3.7/site-packages/airflow/example_dags/example_sla_dag.py for tasks to queue
[2023-03-12 14:53:09,171] {logging_mixin.py:109} INFO - [2023-03-12 14:53:09,170] {dagbag.py:500} INFO - Filling up the DagBag from /home/airflow/.local/lib/python3.7/site-packages/airflow/example_dags/example_sla_dag.py
[2023-03-12 14:53:09,307] {processor.py:654} INFO - DAG(s) dict_keys(['example_sla_dag']) retrieved from /home/airflow/.local/lib/python3.7/site-packages/airflow/example_dags/example_sla_dag.py
[2023-03-12 14:53:09,357] {logging_mixin.py:109} INFO - [2023-03-12 14:53:09,356] {dag.py:2396} INFO - Sync 1 DAGs
[2023-03-12 14:53:09,498] {logging_mixin.py:109} INFO - [2023-03-12 14:53:09,498] {dag.py:2935} INFO - Setting next_dagrun for example_sla_dag to 2023-03-12T14:50:00+00:00
[2023-03-12 14:53:09,532] {processor.py:171} INFO - Processing /home/airflow/.local/lib/python3.7/site-packages/airflow/example_dags/example_sla_dag.py took 0.392 seconds
[2023-03-12 14:53:39,750] {processor.py:163} INFO - Started process (PID=7160) to work on /home/airflow/.local/lib/python3.7/site-packages/airflow/example_dags/example_sla_dag.py
[2023-03-12 14:53:39,762] {processor.py:642} INFO - Processing file /home/airflow/.local/lib/python3.7/site-packages/airflow/example_dags/example_sla_dag.py for tasks to queue
[2023-03-12 14:53:39,767] {logging_mixin.py:109} INFO - [2023-03-12 14:53:39,767] {dagbag.py:500} INFO - Filling up the DagBag from /home/airflow/.local/lib/python3.7/site-packages/airflow/example_dags/example_sla_dag.py
[2023-03-12 14:53:39,899] {processor.py:654} INFO - DAG(s) dict_keys(['example_sla_dag']) retrieved from /home/airflow/.local/lib/python3.7/site-packages/airflow/example_dags/example_sla_dag.py
[2023-03-12 14:53:39,939] {logging_mixin.py:109} INFO - [2023-03-12 14:53:39,939] {dag.py:2396} INFO - Sync 1 DAGs
[2023-03-12 14:53:40,018] {logging_mixin.py:109} INFO - [2023-03-12 14:53:40,018] {dag.py:2935} INFO - Setting next_dagrun for example_sla_dag to 2023-03-12T14:50:00+00:00
[2023-03-12 14:53:40,045] {processor.py:171} INFO - Processing /home/airflow/.local/lib/python3.7/site-packages/airflow/example_dags/example_sla_dag.py took 0.308 seconds
[2023-03-12 14:54:10,124] {processor.py:163} INFO - Started process (PID=7368) to work on /home/airflow/.local/lib/python3.7/site-packages/airflow/example_dags/example_sla_dag.py
[2023-03-12 14:54:10,128] {processor.py:642} INFO - Processing file /home/airflow/.local/lib/python3.7/site-packages/airflow/example_dags/example_sla_dag.py for tasks to queue
[2023-03-12 14:54:10,131] {logging_mixin.py:109} INFO - [2023-03-12 14:54:10,131] {dagbag.py:500} INFO - Filling up the DagBag from /home/airflow/.local/lib/python3.7/site-packages/airflow/example_dags/example_sla_dag.py
[2023-03-12 14:54:10,215] {processor.py:654} INFO - DAG(s) dict_keys(['example_sla_dag']) retrieved from /home/airflow/.local/lib/python3.7/site-packages/airflow/example_dags/example_sla_dag.py
[2023-03-12 14:54:10,248] {logging_mixin.py:109} INFO - [2023-03-12 14:54:10,247] {dag.py:2396} INFO - Sync 1 DAGs
[2023-03-12 14:54:10,317] {logging_mixin.py:109} INFO - [2023-03-12 14:54:10,317] {dag.py:2935} INFO - Setting next_dagrun for example_sla_dag to 2023-03-12T14:52:00+00:00
[2023-03-12 14:54:10,348] {processor.py:171} INFO - Processing /home/airflow/.local/lib/python3.7/site-packages/airflow/example_dags/example_sla_dag.py took 0.231 seconds
[2023-03-12 14:54:40,642] {processor.py:163} INFO - Started process (PID=7593) to work on /home/airflow/.local/lib/python3.7/site-packages/airflow/example_dags/example_sla_dag.py
[2023-03-12 14:54:40,649] {processor.py:642} INFO - Processing file /home/airflow/.local/lib/python3.7/site-packages/airflow/example_dags/example_sla_dag.py for tasks to queue
[2023-03-12 14:54:40,654] {logging_mixin.py:109} INFO - [2023-03-12 14:54:40,654] {dagbag.py:500} INFO - Filling up the DagBag from /home/airflow/.local/lib/python3.7/site-packages/airflow/example_dags/example_sla_dag.py
[2023-03-12 14:54:40,779] {processor.py:654} INFO - DAG(s) dict_keys(['example_sla_dag']) retrieved from /home/airflow/.local/lib/python3.7/site-packages/airflow/example_dags/example_sla_dag.py
[2023-03-12 14:54:40,823] {logging_mixin.py:109} INFO - [2023-03-12 14:54:40,823] {dag.py:2396} INFO - Sync 1 DAGs
[2023-03-12 14:54:41,020] {logging_mixin.py:109} INFO - [2023-03-12 14:54:41,019] {dag.py:2935} INFO - Setting next_dagrun for example_sla_dag to 2023-03-12T14:52:00+00:00
[2023-03-12 14:54:41,094] {processor.py:171} INFO - Processing /home/airflow/.local/lib/python3.7/site-packages/airflow/example_dags/example_sla_dag.py took 0.460 seconds
[2023-03-12 14:55:11,251] {processor.py:163} INFO - Started process (PID=7801) to work on /home/airflow/.local/lib/python3.7/site-packages/airflow/example_dags/example_sla_dag.py
[2023-03-12 14:55:11,257] {processor.py:642} INFO - Processing file /home/airflow/.local/lib/python3.7/site-packages/airflow/example_dags/example_sla_dag.py for tasks to queue
[2023-03-12 14:55:11,262] {logging_mixin.py:109} INFO - [2023-03-12 14:55:11,261] {dagbag.py:500} INFO - Filling up the DagBag from /home/airflow/.local/lib/python3.7/site-packages/airflow/example_dags/example_sla_dag.py
[2023-03-12 14:55:11,341] {processor.py:654} INFO - DAG(s) dict_keys(['example_sla_dag']) retrieved from /home/airflow/.local/lib/python3.7/site-packages/airflow/example_dags/example_sla_dag.py
[2023-03-12 14:55:11,378] {logging_mixin.py:109} INFO - [2023-03-12 14:55:11,377] {dag.py:2396} INFO - Sync 1 DAGs
[2023-03-12 14:55:11,444] {logging_mixin.py:109} INFO - [2023-03-12 14:55:11,443] {dag.py:2935} INFO - Setting next_dagrun for example_sla_dag to 2023-03-12T14:52:00+00:00
[2023-03-12 14:55:11,465] {processor.py:171} INFO - Processing /home/airflow/.local/lib/python3.7/site-packages/airflow/example_dags/example_sla_dag.py took 0.222 seconds
[2023-03-12 14:55:41,839] {processor.py:163} INFO - Started process (PID=8025) to work on /home/airflow/.local/lib/python3.7/site-packages/airflow/example_dags/example_sla_dag.py
[2023-03-12 14:55:41,849] {processor.py:642} INFO - Processing file /home/airflow/.local/lib/python3.7/site-packages/airflow/example_dags/example_sla_dag.py for tasks to queue
[2023-03-12 14:55:41,857] {logging_mixin.py:109} INFO - [2023-03-12 14:55:41,856] {dagbag.py:500} INFO - Filling up the DagBag from /home/airflow/.local/lib/python3.7/site-packages/airflow/example_dags/example_sla_dag.py
[2023-03-12 14:55:41,989] {processor.py:654} INFO - DAG(s) dict_keys(['example_sla_dag']) retrieved from /home/airflow/.local/lib/python3.7/site-packages/airflow/example_dags/example_sla_dag.py
[2023-03-12 14:55:42,024] {logging_mixin.py:109} INFO - [2023-03-12 14:55:42,024] {dag.py:2396} INFO - Sync 1 DAGs
[2023-03-12 14:55:42,103] {logging_mixin.py:109} INFO - [2023-03-12 14:55:42,103] {dag.py:2935} INFO - Setting next_dagrun for example_sla_dag to 2023-03-12T14:52:00+00:00
[2023-03-12 14:55:42,136] {processor.py:171} INFO - Processing /home/airflow/.local/lib/python3.7/site-packages/airflow/example_dags/example_sla_dag.py took 0.305 seconds
[2023-03-12 14:56:12,639] {processor.py:163} INFO - Started process (PID=8231) to work on /home/airflow/.local/lib/python3.7/site-packages/airflow/example_dags/example_sla_dag.py
[2023-03-12 14:56:12,643] {processor.py:642} INFO - Processing file /home/airflow/.local/lib/python3.7/site-packages/airflow/example_dags/example_sla_dag.py for tasks to queue
[2023-03-12 14:56:12,646] {logging_mixin.py:109} INFO - [2023-03-12 14:56:12,646] {dagbag.py:500} INFO - Filling up the DagBag from /home/airflow/.local/lib/python3.7/site-packages/airflow/example_dags/example_sla_dag.py
[2023-03-12 14:56:12,739] {processor.py:654} INFO - DAG(s) dict_keys(['example_sla_dag']) retrieved from /home/airflow/.local/lib/python3.7/site-packages/airflow/example_dags/example_sla_dag.py
[2023-03-12 14:56:12,774] {logging_mixin.py:109} INFO - [2023-03-12 14:56:12,773] {dag.py:2396} INFO - Sync 1 DAGs
[2023-03-12 14:56:12,927] {logging_mixin.py:109} INFO - [2023-03-12 14:56:12,927] {dag.py:2935} INFO - Setting next_dagrun for example_sla_dag to 2023-03-12T14:54:00+00:00
[2023-03-12 14:56:12,951] {processor.py:171} INFO - Processing /home/airflow/.local/lib/python3.7/site-packages/airflow/example_dags/example_sla_dag.py took 0.319 seconds
[2023-03-12 14:56:43,291] {processor.py:163} INFO - Started process (PID=8452) to work on /home/airflow/.local/lib/python3.7/site-packages/airflow/example_dags/example_sla_dag.py
[2023-03-12 14:56:43,298] {processor.py:642} INFO - Processing file /home/airflow/.local/lib/python3.7/site-packages/airflow/example_dags/example_sla_dag.py for tasks to queue
[2023-03-12 14:56:43,303] {logging_mixin.py:109} INFO - [2023-03-12 14:56:43,302] {dagbag.py:500} INFO - Filling up the DagBag from /home/airflow/.local/lib/python3.7/site-packages/airflow/example_dags/example_sla_dag.py
[2023-03-12 14:56:43,438] {processor.py:654} INFO - DAG(s) dict_keys(['example_sla_dag']) retrieved from /home/airflow/.local/lib/python3.7/site-packages/airflow/example_dags/example_sla_dag.py
[2023-03-12 14:56:43,505] {logging_mixin.py:109} INFO - [2023-03-12 14:56:43,505] {dag.py:2396} INFO - Sync 1 DAGs
[2023-03-12 14:56:43,593] {logging_mixin.py:109} INFO - [2023-03-12 14:56:43,593] {dag.py:2935} INFO - Setting next_dagrun for example_sla_dag to 2023-03-12T14:54:00+00:00
[2023-03-12 14:56:43,621] {processor.py:171} INFO - Processing /home/airflow/.local/lib/python3.7/site-packages/airflow/example_dags/example_sla_dag.py took 0.342 seconds
[2023-03-12 14:57:14,316] {processor.py:163} INFO - Started process (PID=8667) to work on /home/airflow/.local/lib/python3.7/site-packages/airflow/example_dags/example_sla_dag.py
[2023-03-12 14:57:14,321] {processor.py:642} INFO - Processing file /home/airflow/.local/lib/python3.7/site-packages/airflow/example_dags/example_sla_dag.py for tasks to queue
[2023-03-12 14:57:14,324] {logging_mixin.py:109} INFO - [2023-03-12 14:57:14,323] {dagbag.py:500} INFO - Filling up the DagBag from /home/airflow/.local/lib/python3.7/site-packages/airflow/example_dags/example_sla_dag.py
[2023-03-12 14:57:14,471] {processor.py:654} INFO - DAG(s) dict_keys(['example_sla_dag']) retrieved from /home/airflow/.local/lib/python3.7/site-packages/airflow/example_dags/example_sla_dag.py
[2023-03-12 14:57:14,519] {logging_mixin.py:109} INFO - [2023-03-12 14:57:14,519] {dag.py:2396} INFO - Sync 1 DAGs
[2023-03-12 14:57:14,599] {logging_mixin.py:109} INFO - [2023-03-12 14:57:14,599] {dag.py:2935} INFO - Setting next_dagrun for example_sla_dag to 2023-03-12T14:54:00+00:00
[2023-03-12 14:57:14,627] {processor.py:171} INFO - Processing /home/airflow/.local/lib/python3.7/site-packages/airflow/example_dags/example_sla_dag.py took 0.318 seconds
[2023-03-12 14:57:44,787] {processor.py:163} INFO - Started process (PID=8881) to work on /home/airflow/.local/lib/python3.7/site-packages/airflow/example_dags/example_sla_dag.py
[2023-03-12 14:57:44,792] {processor.py:642} INFO - Processing file /home/airflow/.local/lib/python3.7/site-packages/airflow/example_dags/example_sla_dag.py for tasks to queue
[2023-03-12 14:57:44,796] {logging_mixin.py:109} INFO - [2023-03-12 14:57:44,795] {dagbag.py:500} INFO - Filling up the DagBag from /home/airflow/.local/lib/python3.7/site-packages/airflow/example_dags/example_sla_dag.py
[2023-03-12 14:57:44,886] {processor.py:654} INFO - DAG(s) dict_keys(['example_sla_dag']) retrieved from /home/airflow/.local/lib/python3.7/site-packages/airflow/example_dags/example_sla_dag.py
[2023-03-12 14:57:44,923] {logging_mixin.py:109} INFO - [2023-03-12 14:57:44,922] {dag.py:2396} INFO - Sync 1 DAGs
[2023-03-12 14:57:44,996] {logging_mixin.py:109} INFO - [2023-03-12 14:57:44,996] {dag.py:2935} INFO - Setting next_dagrun for example_sla_dag to 2023-03-12T14:54:00+00:00
[2023-03-12 14:57:45,023] {processor.py:171} INFO - Processing /home/airflow/.local/lib/python3.7/site-packages/airflow/example_dags/example_sla_dag.py took 0.243 seconds
[2023-03-12 14:58:15,660] {processor.py:163} INFO - Started process (PID=9073) to work on /home/airflow/.local/lib/python3.7/site-packages/airflow/example_dags/example_sla_dag.py
[2023-03-12 14:58:15,665] {processor.py:642} INFO - Processing file /home/airflow/.local/lib/python3.7/site-packages/airflow/example_dags/example_sla_dag.py for tasks to queue
[2023-03-12 14:58:15,668] {logging_mixin.py:109} INFO - [2023-03-12 14:58:15,668] {dagbag.py:500} INFO - Filling up the DagBag from /home/airflow/.local/lib/python3.7/site-packages/airflow/example_dags/example_sla_dag.py
[2023-03-12 14:58:15,758] {processor.py:654} INFO - DAG(s) dict_keys(['example_sla_dag']) retrieved from /home/airflow/.local/lib/python3.7/site-packages/airflow/example_dags/example_sla_dag.py
[2023-03-12 14:58:15,798] {logging_mixin.py:109} INFO - [2023-03-12 14:58:15,798] {dag.py:2396} INFO - Sync 1 DAGs
[2023-03-12 14:58:15,897] {logging_mixin.py:109} INFO - [2023-03-12 14:58:15,896] {dag.py:2935} INFO - Setting next_dagrun for example_sla_dag to 2023-03-12T14:56:00+00:00
[2023-03-12 14:58:15,937] {processor.py:171} INFO - Processing /home/airflow/.local/lib/python3.7/site-packages/airflow/example_dags/example_sla_dag.py took 0.285 seconds
