[2023-03-12 14:41:44,317] {taskinstance.py:1032} INFO - Dependencies all met for <TaskInstance: example_bash_operator.runme_2 manual__2023-03-12T14:41:25.415500+00:00 [queued]>
[2023-03-12 14:41:45,308] {taskinstance.py:1032} INFO - Dependencies all met for <TaskInstance: example_bash_operator.runme_2 manual__2023-03-12T14:41:25.415500+00:00 [queued]>
[2023-03-12 14:41:45,327] {taskinstance.py:1238} INFO - 
--------------------------------------------------------------------------------
[2023-03-12 14:41:45,335] {taskinstance.py:1239} INFO - Starting attempt 1 of 1
[2023-03-12 14:41:45,354] {taskinstance.py:1240} INFO - 
--------------------------------------------------------------------------------
[2023-03-12 14:41:46,019] {taskinstance.py:1259} INFO - Executing <Task(BashOperator): runme_2> on 2023-03-12 14:41:25.415500+00:00
[2023-03-12 14:41:46,190] {standard_task_runner.py:52} INFO - Started process 2189 to run task
[2023-03-12 14:41:46,309] {standard_task_runner.py:76} INFO - Running: ['***', 'tasks', 'run', 'example_bash_operator', 'runme_2', 'manual__2023-03-12T14:41:25.415500+00:00', '--job-id', '11', '--raw', '--subdir', '/home/***/.local/lib/python3.7/site-packages/***/example_dags/example_bash_operator.py', '--cfg-path', '/tmp/tmpq8m61y4v', '--error-file', '/tmp/tmpt46fntwe']
[2023-03-12 14:41:46,332] {standard_task_runner.py:77} INFO - Job 11: Subtask runme_2
[2023-03-12 14:41:47,957] {logging_mixin.py:109} INFO - Running <TaskInstance: example_bash_operator.runme_2 manual__2023-03-12T14:41:25.415500+00:00 [running]> on host dc2eb824520f
[2023-03-12 14:41:50,696] {taskinstance.py:1426} INFO - Exporting the following env vars:
AIRFLOW_CTX_DAG_OWNER=***
AIRFLOW_CTX_DAG_ID=example_bash_operator
AIRFLOW_CTX_TASK_ID=runme_2
AIRFLOW_CTX_EXECUTION_DATE=2023-03-12T14:41:25.415500+00:00
AIRFLOW_CTX_DAG_RUN_ID=manual__2023-03-12T14:41:25.415500+00:00
[2023-03-12 14:41:50,712] {subprocess.py:62} INFO - Tmp dir root location: 
 /tmp
[2023-03-12 14:41:50,722] {subprocess.py:74} INFO - Running command: ['bash', '-c', 'echo "example_bash_operator__runme_2__20230312" && sleep 1']
[2023-03-12 14:41:50,799] {subprocess.py:85} INFO - Output:
[2023-03-12 14:41:50,927] {subprocess.py:89} INFO - example_bash_operator__runme_2__20230312
[2023-03-12 14:41:52,038] {subprocess.py:93} INFO - Command exited with return code 0
[2023-03-12 14:41:54,058] {taskinstance.py:1277} INFO - Marking task as SUCCESS. dag_id=example_bash_operator, task_id=runme_2, execution_date=20230312T144125, start_date=20230312T144144, end_date=20230312T144154
[2023-03-12 14:41:55,391] {local_task_job.py:154} INFO - Task exited with return code 0
[2023-03-12 14:41:56,826] {local_task_job.py:264} INFO - 0 downstream tasks scheduled from follow-on schedule check
