[2023-03-17 16:54:20,763] {taskinstance.py:1032} INFO - Dependencies all met for <TaskInstance: data_ingestion_gcs_dag_v2.0.format_to_parquet_task manual__2023-03-17T16:54:02.837800+00:00 [queued]>
[2023-03-17 16:54:20,803] {taskinstance.py:1032} INFO - Dependencies all met for <TaskInstance: data_ingestion_gcs_dag_v2.0.format_to_parquet_task manual__2023-03-17T16:54:02.837800+00:00 [queued]>
[2023-03-17 16:54:20,805] {taskinstance.py:1238} INFO - 
--------------------------------------------------------------------------------
[2023-03-17 16:54:20,807] {taskinstance.py:1239} INFO - Starting attempt 1 of 2
[2023-03-17 16:54:20,808] {taskinstance.py:1240} INFO - 
--------------------------------------------------------------------------------
[2023-03-17 16:54:20,854] {taskinstance.py:1259} INFO - Executing <Task(PythonOperator): format_to_parquet_task> on 2023-03-17 16:54:02.837800+00:00
[2023-03-17 16:54:20,873] {standard_task_runner.py:52} INFO - Started process 2092 to run task
[2023-03-17 16:54:20,883] {standard_task_runner.py:76} INFO - Running: ['***', 'tasks', 'run', 'data_ingestion_gcs_dag_v2.0', 'format_to_parquet_task', 'manual__2023-03-17T16:54:02.837800+00:00', '--job-id', '135', '--raw', '--subdir', 'DAGS_FOLDER/dag.py', '--cfg-path', '/tmp/tmph_hiurgk', '--error-file', '/tmp/tmp42n5j12_']
[2023-03-17 16:54:20,886] {standard_task_runner.py:77} INFO - Job 135: Subtask format_to_parquet_task
[2023-03-17 16:54:21,059] {logging_mixin.py:109} INFO - Running <TaskInstance: data_ingestion_gcs_dag_v2.0.format_to_parquet_task manual__2023-03-17T16:54:02.837800+00:00 [running]> on host dcfbc31317ca
[2023-03-17 16:54:21,412] {logging_mixin.py:109} WARNING - /home/***/.local/lib/python3.7/site-packages/***/utils/context.py:152 AirflowContextDeprecationWarning: Accessing 'execution_date' from the template is deprecated and will be removed in a future version. Please use 'data_interval_start' or 'logical_date' instead.
[2023-03-17 16:54:21,464] {taskinstance.py:1426} INFO - Exporting the following env vars:
AIRFLOW_CTX_DAG_OWNER=***
AIRFLOW_CTX_DAG_ID=data_ingestion_gcs_dag_v2.0
AIRFLOW_CTX_TASK_ID=format_to_parquet_task
AIRFLOW_CTX_EXECUTION_DATE=2023-03-17T16:54:02.837800+00:00
AIRFLOW_CTX_DAG_RUN_ID=manual__2023-03-17T16:54:02.837800+00:00
[2023-03-17 16:54:21,807] {python.py:175} INFO - Done. Returned value was: None
[2023-03-17 16:54:21,853] {taskinstance.py:1277} INFO - Marking task as SUCCESS. dag_id=data_ingestion_gcs_dag_v2.0, task_id=format_to_parquet_task, execution_date=20230317T165402, start_date=20230317T165420, end_date=20230317T165421
[2023-03-17 16:54:21,968] {local_task_job.py:154} INFO - Task exited with return code 0
[2023-03-17 16:54:22,079] {local_task_job.py:264} INFO - 1 downstream tasks scheduled from follow-on schedule check
