[2023-03-17 16:28:39,832] {taskinstance.py:1032} INFO - Dependencies all met for <TaskInstance: data_ingestion_gcs_dag_v1.0.download_dataset_task scheduled__2023-03-12T00:00:00+00:00 [queued]>
[2023-03-17 16:28:39,890] {taskinstance.py:1032} INFO - Dependencies all met for <TaskInstance: data_ingestion_gcs_dag_v1.0.download_dataset_task scheduled__2023-03-12T00:00:00+00:00 [queued]>
[2023-03-17 16:28:39,893] {taskinstance.py:1238} INFO -
--------------------------------------------------------------------------------
[2023-03-17 16:28:39,897] {taskinstance.py:1239} INFO - Starting attempt 2 of 2
[2023-03-17 16:28:39,900] {taskinstance.py:1240} INFO -
--------------------------------------------------------------------------------
[2023-03-17 16:28:39,970] {taskinstance.py:1259} INFO - Executing <Task(BashOperator): download_dataset_task> on 2023-03-12 00:00:00+00:00
[2023-03-17 16:28:39,994] {standard_task_runner.py:52} INFO - Started process 334 to run task
[2023-03-17 16:28:40,020] {standard_task_runner.py:76} INFO - Running: ['***', 'tasks', 'run', 'data_ingestion_gcs_dag_v1.0', 'download_dataset_task', 'scheduled__2023-03-12T00:00:00+00:00', '--job-id', '127', '--raw', '--subdir', 'DAGS_FOLDER/dag.py', '--cfg-path', '/tmp/tmpibp767v1', '--error-file', '/tmp/tmpwqr9td6f']
[2023-03-17 16:28:40,027] {standard_task_runner.py:77} INFO - Job 127: Subtask download_dataset_task
[2023-03-17 16:28:40,347] {logging_mixin.py:109} INFO - Running <TaskInstance: data_ingestion_gcs_dag_v1.0.download_dataset_task scheduled__2023-03-12T00:00:00+00:00 [running]> on host dcfbc31317ca
[2023-03-17 16:28:40,823] {taskinstance.py:1426} INFO - Exporting the following env vars:
AIRFLOW_CTX_DAG_OWNER=***
AIRFLOW_CTX_DAG_ID=data_ingestion_gcs_dag_v1.0
AIRFLOW_CTX_TASK_ID=download_dataset_task
AIRFLOW_CTX_EXECUTION_DATE=2023-03-12T00:00:00+00:00
AIRFLOW_CTX_DAG_RUN_ID=scheduled__2023-03-12T00:00:00+00:00
[2023-03-17 16:28:40,830] {subprocess.py:62} INFO - Tmp dir root location:
 /tmp
[2023-03-17 16:28:40,835] {subprocess.py:74} INFO - Running command: ['bash', '-c', 'curl -sS https://archive.ics.uci.edu/ml/machine-learning-databases/wine-quality/winequality-red.csv > /opt/***//winequality-red.csv']
[2023-03-17 16:28:40,908] {subprocess.py:85} INFO - Output:
[2023-03-17 16:28:43,161] {subprocess.py:93} INFO - Command exited with return code 0
[2023-03-17 16:28:43,321] {taskinstance.py:1277} INFO - Marking task as SUCCESS. dag_id=data_ingestion_gcs_dag_v1.0, task_id=download_dataset_task, execution_date=20230312T000000, start_date=20230317T162839, end_date=20230317T162843
[2023-03-17 16:28:43,431] {local_task_job.py:154} INFO - Task exited with return code 0
[2023-03-17 16:28:43,557] {dagrun.py:628} WARNING - Failed to get task '<TaskInstance: data_ingestion_gcs_dag_v1.0.print_hello_world scheduled__2023-03-12T00:00:00+00:00 [removed]>' for dag 'data_ingestion_gcs_dag_v1.0'. Marking it as removed.
[2023-03-17 16:28:43,604] {local_task_job.py:264} INFO - 1 downstream tasks scheduled from follow-on schedule check
