[2023-03-12 14:41:39,817] {taskinstance.py:1032} INFO - Dependencies all met for <TaskInstance: example_bash_operator.runme_1 scheduled__2023-03-11T00:00:00+00:00 [queued]>
[2023-03-12 14:41:40,083] {taskinstance.py:1032} INFO - Dependencies all met for <TaskInstance: example_bash_operator.runme_1 scheduled__2023-03-11T00:00:00+00:00 [queued]>
[2023-03-12 14:41:40,089] {taskinstance.py:1238} INFO -
--------------------------------------------------------------------------------
[2023-03-12 14:41:40,096] {taskinstance.py:1239} INFO - Starting attempt 1 of 1
[2023-03-12 14:41:40,103] {taskinstance.py:1240} INFO -
--------------------------------------------------------------------------------
[2023-03-12 14:41:40,472] {taskinstance.py:1259} INFO - Executing <Task(BashOperator): runme_1> on 2023-03-11 00:00:00+00:00
[2023-03-12 14:41:40,512] {standard_task_runner.py:52} INFO - Started process 2161 to run task
[2023-03-12 14:41:40,678] {standard_task_runner.py:76} INFO - Running: ['***', 'tasks', 'run', 'example_bash_operator', 'runme_1', 'scheduled__2023-03-11T00:00:00+00:00', '--job-id', '6', '--raw', '--subdir', '/home/***/.local/lib/python3.7/site-packages/***/example_dags/example_bash_operator.py', '--cfg-path', '/tmp/tmp8n6qwr1s', '--error-file', '/tmp/tmpszb1apqi']
[2023-03-12 14:41:40,710] {standard_task_runner.py:77} INFO - Job 6: Subtask runme_1
[2023-03-12 14:41:42,494] {logging_mixin.py:109} INFO - Running <TaskInstance: example_bash_operator.runme_1 scheduled__2023-03-11T00:00:00+00:00 [running]> on host dc2eb824520f
[2023-03-12 14:41:47,350] {taskinstance.py:1426} INFO - Exporting the following env vars:
AIRFLOW_CTX_DAG_OWNER=***
AIRFLOW_CTX_DAG_ID=example_bash_operator
AIRFLOW_CTX_TASK_ID=runme_1
AIRFLOW_CTX_EXECUTION_DATE=2023-03-11T00:00:00+00:00
AIRFLOW_CTX_DAG_RUN_ID=scheduled__2023-03-11T00:00:00+00:00
[2023-03-12 14:41:47,360] {subprocess.py:62} INFO - Tmp dir root location:
 /tmp
[2023-03-12 14:41:47,367] {subprocess.py:74} INFO - Running command: ['bash', '-c', 'echo "example_bash_operator__runme_1__20230311" && sleep 1']
[2023-03-12 14:41:47,469] {subprocess.py:85} INFO - Output:
[2023-03-12 14:41:48,216] {subprocess.py:89} INFO - example_bash_operator__runme_1__20230311
[2023-03-12 14:41:49,513] {subprocess.py:93} INFO - Command exited with return code 0
[2023-03-12 14:41:50,216] {taskinstance.py:1277} INFO - Marking task as SUCCESS. dag_id=example_bash_operator, task_id=runme_1, execution_date=20230311T000000, start_date=20230312T144139, end_date=20230312T144150
[2023-03-12 14:41:50,733] {local_task_job.py:154} INFO - Task exited with return code 0
[2023-03-12 14:41:52,218] {local_task_job.py:264} INFO - 0 downstream tasks scheduled from follow-on schedule check
