[2023-03-18 14:37:40,499] {taskinstance.py:1032} INFO - Dependencies all met for <TaskInstance: data_ingestion_gcs_dag_v3.0.local_to_gcs_task backfill__2021-05-02T06:00:00+00:00 [queued]>
[2023-03-18 14:37:40,750] {taskinstance.py:1032} INFO - Dependencies all met for <TaskInstance: data_ingestion_gcs_dag_v3.0.local_to_gcs_task backfill__2021-05-02T06:00:00+00:00 [queued]>
[2023-03-18 14:37:40,764] {taskinstance.py:1238} INFO -
--------------------------------------------------------------------------------
[2023-03-18 14:37:40,771] {taskinstance.py:1239} INFO - Starting attempt 1 of 2
[2023-03-18 14:37:40,776] {taskinstance.py:1240} INFO -
--------------------------------------------------------------------------------
[2023-03-18 14:37:41,039] {taskinstance.py:1259} INFO - Executing <Task(PythonOperator): local_to_gcs_task> on 2021-05-02 06:00:00+00:00
[2023-03-18 14:37:41,075] {standard_task_runner.py:52} INFO - Started process 3223 to run task
[2023-03-18 14:37:41,128] {standard_task_runner.py:76} INFO - Running: ['***', 'tasks', 'run', 'data_ingestion_gcs_dag_v3.0', 'local_to_gcs_task', 'backfill__2021-05-02T06:00:00+00:00', '--job-id', '218', '--pool', 'default_pool', '--raw', '--subdir', 'DAGS_FOLDER/dag.py', '--cfg-path', '/tmp/tmp2ff2_cki', '--error-file', '/tmp/tmps1w2h7dn']
[2023-03-18 14:37:41,145] {standard_task_runner.py:77} INFO - Job 218: Subtask local_to_gcs_task
[2023-03-18 14:37:41,841] {logging_mixin.py:109} INFO - Running <TaskInstance: data_ingestion_gcs_dag_v3.0.local_to_gcs_task backfill__2021-05-02T06:00:00+00:00 [running]> on host 8cface6de844
[2023-03-18 14:37:42,597] {logging_mixin.py:109} WARNING - /home/***/.local/lib/python3.7/site-packages/***/utils/context.py:152 AirflowContextDeprecationWarning: Accessing 'execution_date' from the template is deprecated and will be removed in a future version. Please use 'data_interval_start' or 'logical_date' instead.
[2023-03-18 14:37:42,812] {taskinstance.py:1426} INFO - Exporting the following env vars:
AIRFLOW_CTX_DAG_OWNER=***
AIRFLOW_CTX_DAG_ID=data_ingestion_gcs_dag_v3.0
AIRFLOW_CTX_TASK_ID=local_to_gcs_task
AIRFLOW_CTX_EXECUTION_DATE=2021-05-02T06:00:00+00:00
AIRFLOW_CTX_DAG_RUN_ID=backfill__2021-05-02T06:00:00+00:00
[2023-03-18 14:37:56,554] {logging_mixin.py:109} INFO - File /opt/***/yellow_tripdata_2021-05.parquet uploaded to <Bucket: dtc_data_lake_dtc-de-378314>.
[2023-03-18 14:37:56,561] {python.py:175} INFO - Done. Returned value was: None
[2023-03-18 14:37:56,955] {taskinstance.py:1277} INFO - Marking task as SUCCESS. dag_id=data_ingestion_gcs_dag_v3.0, task_id=local_to_gcs_task, execution_date=20210502T060000, start_date=20230318T143740, end_date=20230318T143756
[2023-03-18 14:37:57,537] {local_task_job.py:154} INFO - Task exited with return code 0
[2023-03-18 14:37:58,113] {local_task_job.py:264} INFO - 0 downstream tasks scheduled from follow-on schedule check
[2023-03-18 14:37:58,304] {dagrun.py:545} INFO - Marking run <DagRun data_ingestion_gcs_dag_v3.0 @ 2021-05-02 06:00:00+00:00: backfill__2021-05-02T06:00:00+00:00, externally triggered: False> successful
[2023-03-18 14:37:58,318] {dagrun.py:605} INFO - DagRun Finished: dag_id=data_ingestion_gcs_dag_v3.0, execution_date=2021-05-02 06:00:00+00:00, run_id=backfill__2021-05-02T06:00:00+00:00, run_start_date=None, run_end_date=2023-03-18 14:37:58.318012+00:00, run_duration=None, state=success, external_trigger=False, run_type=backfill, data_interval_start=2021-05-02 06:00:00+00:00, data_interval_end=2021-06-02 06:00:00+00:00, dag_hash=None
[2023-03-18 14:37:58,333] {dagrun.py:749} WARNING - Failed to record duration of <DagRun data_ingestion_gcs_dag_v3.0 @ 2021-05-02 06:00:00+00:00: backfill__2021-05-02T06:00:00+00:00, externally triggered: False>: start_date is not set.
