[2023-03-12 17:01:30,958] {taskinstance.py:1032} INFO - Dependencies all met for <TaskInstance: data_ingestion_gcs_dag_v1.0.format_to_parquet_task manual__2023-03-12T17:01:17.831173+00:00 [queued]>
[2023-03-12 17:01:31,010] {taskinstance.py:1032} INFO - Dependencies all met for <TaskInstance: data_ingestion_gcs_dag_v1.0.format_to_parquet_task manual__2023-03-12T17:01:17.831173+00:00 [queued]>
[2023-03-12 17:01:31,012] {taskinstance.py:1238} INFO -
--------------------------------------------------------------------------------
[2023-03-12 17:01:31,023] {taskinstance.py:1239} INFO - Starting attempt 1 of 2
[2023-03-12 17:01:31,025] {taskinstance.py:1240} INFO -
--------------------------------------------------------------------------------
[2023-03-12 17:01:31,092] {taskinstance.py:1259} INFO - Executing <Task(PythonOperator): format_to_parquet_task> on 2023-03-12 17:01:17.831173+00:00
[2023-03-12 17:01:31,113] {standard_task_runner.py:52} INFO - Started process 3349 to run task
[2023-03-12 17:01:31,126] {standard_task_runner.py:76} INFO - Running: ['***', 'tasks', 'run', 'data_ingestion_gcs_dag_v1.0', 'format_to_parquet_task', 'manual__2023-03-12T17:01:17.831173+00:00', '--job-id', '29', '--raw', '--subdir', 'DAGS_FOLDER/dag.py', '--cfg-path', '/tmp/tmpd50uuscm', '--error-file', '/tmp/tmpq7owwdv6']
[2023-03-12 17:01:31,129] {standard_task_runner.py:77} INFO - Job 29: Subtask format_to_parquet_task
[2023-03-12 17:01:31,317] {logging_mixin.py:109} INFO - Running <TaskInstance: data_ingestion_gcs_dag_v1.0.format_to_parquet_task manual__2023-03-12T17:01:17.831173+00:00 [running]> on host 680529fc1021
[2023-03-12 17:01:31,515] {taskinstance.py:1426} INFO - Exporting the following env vars:
AIRFLOW_CTX_DAG_OWNER=***
AIRFLOW_CTX_DAG_ID=data_ingestion_gcs_dag_v1.0
AIRFLOW_CTX_TASK_ID=format_to_parquet_task
AIRFLOW_CTX_EXECUTION_DATE=2023-03-12T17:01:17.831173+00:00
AIRFLOW_CTX_DAG_RUN_ID=manual__2023-03-12T17:01:17.831173+00:00
[2023-03-12 17:01:31,854] {python.py:175} INFO - Done. Returned value was: None
[2023-03-12 17:01:31,899] {taskinstance.py:1277} INFO - Marking task as SUCCESS. dag_id=data_ingestion_gcs_dag_v1.0, task_id=format_to_parquet_task, execution_date=20230312T170117, start_date=20230312T170130, end_date=20230312T170131
[2023-03-12 17:01:32,029] {local_task_job.py:154} INFO - Task exited with return code 0
[2023-03-12 17:01:32,201] {local_task_job.py:264} INFO - 0 downstream tasks scheduled from follow-on schedule check
