[2023-03-17 16:54:27,517] {taskinstance.py:1032} INFO - Dependencies all met for <TaskInstance: data_ingestion_gcs_dag_v2.0.local_to_gcs_task manual__2023-03-17T16:54:02.837800+00:00 [queued]>
[2023-03-17 16:54:27,589] {taskinstance.py:1032} INFO - Dependencies all met for <TaskInstance: data_ingestion_gcs_dag_v2.0.local_to_gcs_task manual__2023-03-17T16:54:02.837800+00:00 [queued]>
[2023-03-17 16:54:27,591] {taskinstance.py:1238} INFO - 
--------------------------------------------------------------------------------
[2023-03-17 16:54:27,594] {taskinstance.py:1239} INFO - Starting attempt 1 of 2
[2023-03-17 16:54:27,596] {taskinstance.py:1240} INFO - 
--------------------------------------------------------------------------------
[2023-03-17 16:54:27,677] {taskinstance.py:1259} INFO - Executing <Task(PythonOperator): local_to_gcs_task> on 2023-03-17 16:54:02.837800+00:00
[2023-03-17 16:54:27,705] {standard_task_runner.py:52} INFO - Started process 2121 to run task
[2023-03-17 16:54:27,724] {standard_task_runner.py:76} INFO - Running: ['***', 'tasks', 'run', 'data_ingestion_gcs_dag_v2.0', 'local_to_gcs_task', 'manual__2023-03-17T16:54:02.837800+00:00', '--job-id', '136', '--raw', '--subdir', 'DAGS_FOLDER/dag.py', '--cfg-path', '/tmp/tmplj3cn8tx', '--error-file', '/tmp/tmp_ba2kkhm']
[2023-03-17 16:54:27,728] {standard_task_runner.py:77} INFO - Job 136: Subtask local_to_gcs_task
[2023-03-17 16:54:27,997] {logging_mixin.py:109} INFO - Running <TaskInstance: data_ingestion_gcs_dag_v2.0.local_to_gcs_task manual__2023-03-17T16:54:02.837800+00:00 [running]> on host dcfbc31317ca
[2023-03-17 16:54:28,412] {logging_mixin.py:109} WARNING - /home/***/.local/lib/python3.7/site-packages/***/utils/context.py:152 AirflowContextDeprecationWarning: Accessing 'execution_date' from the template is deprecated and will be removed in a future version. Please use 'data_interval_start' or 'logical_date' instead.
[2023-03-17 16:54:28,490] {taskinstance.py:1426} INFO - Exporting the following env vars:
AIRFLOW_CTX_DAG_OWNER=***
AIRFLOW_CTX_DAG_ID=data_ingestion_gcs_dag_v2.0
AIRFLOW_CTX_TASK_ID=local_to_gcs_task
AIRFLOW_CTX_EXECUTION_DATE=2023-03-17T16:54:02.837800+00:00
AIRFLOW_CTX_DAG_RUN_ID=manual__2023-03-17T16:54:02.837800+00:00
[2023-03-17 16:54:29,608] {logging_mixin.py:109} INFO - File /opt/***//yellow_tripdata_2023-03.parquet uploaded to <Bucket: dtc_data_lake_dtc-de-378314>.
[2023-03-17 16:54:29,610] {python.py:175} INFO - Done. Returned value was: None
[2023-03-17 16:54:29,653] {taskinstance.py:1277} INFO - Marking task as SUCCESS. dag_id=data_ingestion_gcs_dag_v2.0, task_id=local_to_gcs_task, execution_date=20230317T165402, start_date=20230317T165427, end_date=20230317T165429
[2023-03-17 16:54:29,762] {local_task_job.py:154} INFO - Task exited with return code 0
[2023-03-17 16:54:29,882] {local_task_job.py:264} INFO - 0 downstream tasks scheduled from follow-on schedule check
