[2023-03-18 14:32:29,723] {taskinstance.py:1032} INFO - Dependencies all met for <TaskInstance: data_ingestion_gcs_dag_v3.0.download_dataset_task backfill__2021-05-02T06:00:00+00:00 [queued]>
[2023-03-18 14:32:29,835] {taskinstance.py:1032} INFO - Dependencies all met for <TaskInstance: data_ingestion_gcs_dag_v3.0.download_dataset_task backfill__2021-05-02T06:00:00+00:00 [queued]>
[2023-03-18 14:32:29,843] {taskinstance.py:1238} INFO -
--------------------------------------------------------------------------------
[2023-03-18 14:32:29,848] {taskinstance.py:1239} INFO - Starting attempt 5 of 6
[2023-03-18 14:32:29,852] {taskinstance.py:1240} INFO -
--------------------------------------------------------------------------------
[2023-03-18 14:32:29,987] {taskinstance.py:1259} INFO - Executing <Task(PythonOperator): download_dataset_task> on 2021-05-02 06:00:00+00:00
[2023-03-18 14:32:29,998] {standard_task_runner.py:52} INFO - Started process 2903 to run task
[2023-03-18 14:32:30,044] {standard_task_runner.py:76} INFO - Running: ['***', 'tasks', 'run', 'data_ingestion_gcs_dag_v3.0', 'download_dataset_task', 'backfill__2021-05-02T06:00:00+00:00', '--job-id', '214', '--pool', 'default_pool', '--raw', '--subdir', 'DAGS_FOLDER/dag.py', '--cfg-path', '/tmp/tmpfwpgk4ir', '--error-file', '/tmp/tmprk_abyli']
[2023-03-18 14:32:30,056] {standard_task_runner.py:77} INFO - Job 214: Subtask download_dataset_task
[2023-03-18 14:32:30,403] {logging_mixin.py:109} INFO - Running <TaskInstance: data_ingestion_gcs_dag_v3.0.download_dataset_task backfill__2021-05-02T06:00:00+00:00 [running]> on host 8cface6de844
[2023-03-18 14:32:31,794] {logging_mixin.py:109} WARNING - /home/***/.local/lib/python3.7/site-packages/***/utils/context.py:152 AirflowContextDeprecationWarning: Accessing 'execution_date' from the template is deprecated and will be removed in a future version. Please use 'data_interval_start' or 'logical_date' instead.
[2023-03-18 14:32:32,094] {taskinstance.py:1426} INFO - Exporting the following env vars:
AIRFLOW_CTX_DAG_OWNER=***
AIRFLOW_CTX_DAG_ID=data_ingestion_gcs_dag_v3.0
AIRFLOW_CTX_TASK_ID=download_dataset_task
AIRFLOW_CTX_EXECUTION_DATE=2021-05-02T06:00:00+00:00
AIRFLOW_CTX_DAG_RUN_ID=backfill__2021-05-02T06:00:00+00:00
[2023-03-18 14:34:27,219] {logging_mixin.py:109} WARNING - /home/***/.local/lib/python3.7/site-packages/***/operators/python.py:185 DtypeWarning: Columns (6) have mixed types.Specify dtype option on import or set low_memory=False.
[2023-03-18 14:37:31,191] {python.py:175} INFO - Done. Returned value was: None
[2023-03-18 14:37:31,539] {taskinstance.py:1277} INFO - Marking task as SUCCESS. dag_id=data_ingestion_gcs_dag_v3.0, task_id=download_dataset_task, execution_date=20210502T060000, start_date=20230318T143229, end_date=20230318T143731
[2023-03-18 14:37:32,672] {local_task_job.py:212} WARNING - State of this instance has been externally set to success. Terminating instance.
[2023-03-18 14:37:32,761] {process_utils.py:124} INFO - Sending Signals.SIGTERM to group 2903. PIDs of all processes in the group: [2903]
[2023-03-18 14:37:32,775] {process_utils.py:75} INFO - Sending the signal Signals.SIGTERM to group 2903
[2023-03-18 14:37:37,534] {process_utils.py:70} INFO - Process psutil.Process(pid=2903, status='terminated', exitcode=0, started='14:32:29') (2903) terminated with exit code 0
