[2023-03-12 14:42:03,185] {taskinstance.py:1032} INFO - Dependencies all met for <TaskInstance: example_bash_operator.run_after_loop scheduled__2023-03-11T00:00:00+00:00 [queued]>
[2023-03-12 14:42:03,346] {taskinstance.py:1032} INFO - Dependencies all met for <TaskInstance: example_bash_operator.run_after_loop scheduled__2023-03-11T00:00:00+00:00 [queued]>
[2023-03-12 14:42:03,350] {taskinstance.py:1238} INFO - 
--------------------------------------------------------------------------------
[2023-03-12 14:42:03,352] {taskinstance.py:1239} INFO - Starting attempt 1 of 1
[2023-03-12 14:42:03,367] {taskinstance.py:1240} INFO - 
--------------------------------------------------------------------------------
[2023-03-12 14:42:03,606] {taskinstance.py:1259} INFO - Executing <Task(BashOperator): run_after_loop> on 2023-03-11 00:00:00+00:00
[2023-03-12 14:42:03,614] {standard_task_runner.py:52} INFO - Started process 2296 to run task
[2023-03-12 14:42:03,639] {standard_task_runner.py:76} INFO - Running: ['***', 'tasks', 'run', 'example_bash_operator', 'run_after_loop', 'scheduled__2023-03-11T00:00:00+00:00', '--job-id', '13', '--raw', '--subdir', '/home/***/.local/lib/python3.7/site-packages/***/example_dags/example_bash_operator.py', '--cfg-path', '/tmp/tmp9rvxvhqs', '--error-file', '/tmp/tmpv0u5bpdf']
[2023-03-12 14:42:03,660] {standard_task_runner.py:77} INFO - Job 13: Subtask run_after_loop
[2023-03-12 14:42:04,165] {logging_mixin.py:109} INFO - Running <TaskInstance: example_bash_operator.run_after_loop scheduled__2023-03-11T00:00:00+00:00 [running]> on host dc2eb824520f
[2023-03-12 14:42:04,563] {taskinstance.py:1426} INFO - Exporting the following env vars:
AIRFLOW_CTX_DAG_OWNER=***
AIRFLOW_CTX_DAG_ID=example_bash_operator
AIRFLOW_CTX_TASK_ID=run_after_loop
AIRFLOW_CTX_EXECUTION_DATE=2023-03-11T00:00:00+00:00
AIRFLOW_CTX_DAG_RUN_ID=scheduled__2023-03-11T00:00:00+00:00
[2023-03-12 14:42:04,569] {subprocess.py:62} INFO - Tmp dir root location: 
 /tmp
[2023-03-12 14:42:04,590] {subprocess.py:74} INFO - Running command: ['bash', '-c', 'echo 1']
[2023-03-12 14:42:04,642] {subprocess.py:85} INFO - Output:
[2023-03-12 14:42:04,828] {subprocess.py:89} INFO - 1
[2023-03-12 14:42:04,862] {subprocess.py:93} INFO - Command exited with return code 0
[2023-03-12 14:42:05,433] {taskinstance.py:1277} INFO - Marking task as SUCCESS. dag_id=example_bash_operator, task_id=run_after_loop, execution_date=20230311T000000, start_date=20230312T144203, end_date=20230312T144205
[2023-03-12 14:42:05,651] {local_task_job.py:154} INFO - Task exited with return code 0
[2023-03-12 14:42:05,872] {local_task_job.py:264} INFO - 0 downstream tasks scheduled from follow-on schedule check
