[2023-03-17 16:30:21,724] {taskinstance.py:1032} INFO - Dependencies all met for <TaskInstance: data_ingestion_gcs_dag_v1.0.local_to_gcs_task scheduled__2023-03-16T00:00:00+00:00 [queued]>
[2023-03-17 16:30:21,769] {taskinstance.py:1032} INFO - Dependencies all met for <TaskInstance: data_ingestion_gcs_dag_v1.0.local_to_gcs_task scheduled__2023-03-16T00:00:00+00:00 [queued]>
[2023-03-17 16:30:21,771] {taskinstance.py:1238} INFO -
--------------------------------------------------------------------------------
[2023-03-17 16:30:21,780] {taskinstance.py:1239} INFO - Starting attempt 1 of 2
[2023-03-17 16:30:21,782] {taskinstance.py:1240} INFO -
--------------------------------------------------------------------------------
[2023-03-17 16:30:21,827] {taskinstance.py:1259} INFO - Executing <Task(PythonOperator): local_to_gcs_task> on 2023-03-16 00:00:00+00:00
[2023-03-17 16:30:21,848] {standard_task_runner.py:52} INFO - Started process 496 to run task
[2023-03-17 16:30:21,860] {standard_task_runner.py:76} INFO - Running: ['***', 'tasks', 'run', 'data_ingestion_gcs_dag_v1.0', 'local_to_gcs_task', 'scheduled__2023-03-16T00:00:00+00:00', '--job-id', '132', '--raw', '--subdir', 'DAGS_FOLDER/dag.py', '--cfg-path', '/tmp/tmpsmmje5iy', '--error-file', '/tmp/tmpjlxv_3ui']
[2023-03-17 16:30:21,865] {standard_task_runner.py:77} INFO - Job 132: Subtask local_to_gcs_task
[2023-03-17 16:30:22,091] {logging_mixin.py:109} INFO - Running <TaskInstance: data_ingestion_gcs_dag_v1.0.local_to_gcs_task scheduled__2023-03-16T00:00:00+00:00 [running]> on host dcfbc31317ca
[2023-03-17 16:30:22,545] {taskinstance.py:1426} INFO - Exporting the following env vars:
AIRFLOW_CTX_DAG_OWNER=***
AIRFLOW_CTX_DAG_ID=data_ingestion_gcs_dag_v1.0
AIRFLOW_CTX_TASK_ID=local_to_gcs_task
AIRFLOW_CTX_EXECUTION_DATE=2023-03-16T00:00:00+00:00
AIRFLOW_CTX_DAG_RUN_ID=scheduled__2023-03-16T00:00:00+00:00
[2023-03-17 16:30:23,532] {logging_mixin.py:109} INFO - File /opt/***//winequality-red.parquet uploaded to <Bucket: dtc_data_lake_dtc-de-378314>.
[2023-03-17 16:30:23,535] {python.py:175} INFO - Done. Returned value was: None
[2023-03-17 16:30:23,578] {taskinstance.py:1277} INFO - Marking task as SUCCESS. dag_id=data_ingestion_gcs_dag_v1.0, task_id=local_to_gcs_task, execution_date=20230316T000000, start_date=20230317T163021, end_date=20230317T163023
[2023-03-17 16:30:23,699] {local_task_job.py:154} INFO - Task exited with return code 0
[2023-03-17 16:30:23,833] {local_task_job.py:264} INFO - 1 downstream tasks scheduled from follow-on schedule check
