[2023-03-18 10:22:52,403] {taskinstance.py:1032} INFO - Dependencies all met for <TaskInstance: data_ingestion_gcs_dag_v3.0.download_dataset_task backfill__2021-01-02T06:00:00+00:00 [queued]>
[2023-03-18 10:22:52,473] {taskinstance.py:1032} INFO - Dependencies all met for <TaskInstance: data_ingestion_gcs_dag_v3.0.download_dataset_task backfill__2021-01-02T06:00:00+00:00 [queued]>
[2023-03-18 10:22:52,476] {taskinstance.py:1238} INFO - 
--------------------------------------------------------------------------------
[2023-03-18 10:22:52,479] {taskinstance.py:1239} INFO - Starting attempt 3 of 3
[2023-03-18 10:22:52,492] {taskinstance.py:1240} INFO - 
--------------------------------------------------------------------------------
[2023-03-18 10:22:52,627] {taskinstance.py:1259} INFO - Executing <Task(BashOperator): download_dataset_task> on 2021-01-02 06:00:00+00:00
[2023-03-18 10:22:52,668] {standard_task_runner.py:52} INFO - Started process 2264 to run task
[2023-03-18 10:22:52,723] {standard_task_runner.py:76} INFO - Running: ['***', 'tasks', 'run', 'data_ingestion_gcs_dag_v3.0', 'download_dataset_task', 'backfill__2021-01-02T06:00:00+00:00', '--job-id', '159', '--pool', 'default_pool', '--raw', '--subdir', 'DAGS_FOLDER/dag.py', '--cfg-path', '/tmp/tmpg3d_hibr', '--error-file', '/tmp/tmp3va2b66w']
[2023-03-18 10:22:52,737] {standard_task_runner.py:77} INFO - Job 159: Subtask download_dataset_task
[2023-03-18 10:22:53,122] {logging_mixin.py:109} INFO - Running <TaskInstance: data_ingestion_gcs_dag_v3.0.download_dataset_task backfill__2021-01-02T06:00:00+00:00 [running]> on host 8cface6de844
[2023-03-18 10:22:53,462] {logging_mixin.py:109} WARNING - /home/***/.local/lib/python3.7/site-packages/***/utils/context.py:152 AirflowContextDeprecationWarning: Accessing 'execution_date' from the template is deprecated and will be removed in a future version. Please use 'data_interval_start' or 'logical_date' instead.
[2023-03-18 10:22:53,638] {taskinstance.py:1426} INFO - Exporting the following env vars:
AIRFLOW_CTX_DAG_OWNER=***
AIRFLOW_CTX_DAG_ID=data_ingestion_gcs_dag_v3.0
AIRFLOW_CTX_TASK_ID=download_dataset_task
AIRFLOW_CTX_EXECUTION_DATE=2021-01-02T06:00:00+00:00
AIRFLOW_CTX_DAG_RUN_ID=backfill__2021-01-02T06:00:00+00:00
[2023-03-18 10:22:53,646] {subprocess.py:62} INFO - Tmp dir root location: 
 /tmp
[2023-03-18 10:22:53,652] {subprocess.py:74} INFO - Running command: ['bash', '-c', 'curl -sSLf https://github.com/DataTalksClub/nyc-tlc-data/releases/download/yellow/yellow_tripdata_2021-01.csv.gz > /opt/***/yellow_tripdata_2021-01.csv.gz']
[2023-03-18 10:22:53,686] {subprocess.py:85} INFO - Output:
[2023-03-18 10:23:39,189] {subprocess.py:93} INFO - Command exited with return code 0
[2023-03-18 10:23:39,462] {taskinstance.py:1277} INFO - Marking task as SUCCESS. dag_id=data_ingestion_gcs_dag_v3.0, task_id=download_dataset_task, execution_date=20210102T060000, start_date=20230318T102252, end_date=20230318T102339
[2023-03-18 10:23:39,870] {local_task_job.py:154} INFO - Task exited with return code 0
[2023-03-18 10:23:40,154] {local_task_job.py:264} INFO - 0 downstream tasks scheduled from follow-on schedule check
