[2023-03-18 10:58:32,749] {taskinstance.py:1032} INFO - Dependencies all met for <TaskInstance: data_ingestion_gcs_dag_v3.0.download_dataset_task backfill__2021-01-02T06:00:00+00:00 [queued]>
[2023-03-18 10:58:32,855] {taskinstance.py:1032} INFO - Dependencies all met for <TaskInstance: data_ingestion_gcs_dag_v3.0.download_dataset_task backfill__2021-01-02T06:00:00+00:00 [queued]>
[2023-03-18 10:58:32,860] {taskinstance.py:1238} INFO - 
--------------------------------------------------------------------------------
[2023-03-18 10:58:32,880] {taskinstance.py:1239} INFO - Starting attempt 7 of 8
[2023-03-18 10:58:32,884] {taskinstance.py:1240} INFO - 
--------------------------------------------------------------------------------
[2023-03-18 10:58:32,949] {taskinstance.py:1259} INFO - Executing <Task(PythonOperator): download_dataset_task> on 2021-01-02 06:00:00+00:00
[2023-03-18 10:58:32,963] {standard_task_runner.py:52} INFO - Started process 5534 to run task
[2023-03-18 10:58:32,978] {standard_task_runner.py:76} INFO - Running: ['***', 'tasks', 'run', 'data_ingestion_gcs_dag_v3.0', 'download_dataset_task', 'backfill__2021-01-02T06:00:00+00:00', '--job-id', '180', '--pool', 'default_pool', '--raw', '--subdir', 'DAGS_FOLDER/dag.py', '--cfg-path', '/tmp/tmpyy27ffo4', '--error-file', '/tmp/tmpe7ac0u80']
[2023-03-18 10:58:32,983] {standard_task_runner.py:77} INFO - Job 180: Subtask download_dataset_task
[2023-03-18 10:58:33,233] {logging_mixin.py:109} INFO - Running <TaskInstance: data_ingestion_gcs_dag_v3.0.download_dataset_task backfill__2021-01-02T06:00:00+00:00 [running]> on host 8cface6de844
[2023-03-18 10:58:33,416] {logging_mixin.py:109} WARNING - /home/***/.local/lib/python3.7/site-packages/***/utils/context.py:152 AirflowContextDeprecationWarning: Accessing 'execution_date' from the template is deprecated and will be removed in a future version. Please use 'data_interval_start' or 'logical_date' instead.
[2023-03-18 10:58:33,483] {taskinstance.py:1426} INFO - Exporting the following env vars:
AIRFLOW_CTX_DAG_OWNER=***
AIRFLOW_CTX_DAG_ID=data_ingestion_gcs_dag_v3.0
AIRFLOW_CTX_TASK_ID=download_dataset_task
AIRFLOW_CTX_EXECUTION_DATE=2021-01-02T06:00:00+00:00
AIRFLOW_CTX_DAG_RUN_ID=backfill__2021-01-02T06:00:00+00:00
[2023-03-18 10:58:51,065] {logging_mixin.py:109} WARNING - /home/***/.local/lib/python3.7/site-packages/***/operators/python.py:185 DtypeWarning: Columns (6) have mixed types.Specify dtype option on import or set low_memory=False.
[2023-03-18 10:58:52,738] {logging_mixin.py:109} INFO - done 1
[2023-03-18 10:58:57,835] {logging_mixin.py:109} INFO -    VendorID tpep_pickup_datetime tpep_dropoff_datetime  passenger_count  trip_distance  RatecodeID  ... mta_tax  tip_amount  tolls_amount  improvement_surcharge  total_amount  congestion_surcharge
0       1.0  2021-01-01 00:30:10   2021-01-01 00:36:12              1.0            2.1         1.0  ...     0.5         0.0           0.0                    0.3          11.8                   2.5
1       1.0  2021-01-01 00:51:20   2021-01-01 00:52:19              1.0            0.2         1.0  ...     0.5         0.0           0.0                    0.3           4.3                   0.0

[2 rows x 18 columns]
[2023-03-18 10:58:57,838] {logging_mixin.py:109} INFO - done 2
[2023-03-18 10:59:09,914] {logging_mixin.py:109} INFO - done 3
[2023-03-18 10:59:10,069] {python.py:175} INFO - Done. Returned value was: None
[2023-03-18 10:59:10,195] {taskinstance.py:1277} INFO - Marking task as SUCCESS. dag_id=data_ingestion_gcs_dag_v3.0, task_id=download_dataset_task, execution_date=20210102T060000, start_date=20230318T105832, end_date=20230318T105910
[2023-03-18 10:59:11,116] {local_task_job.py:154} INFO - Task exited with return code 0
[2023-03-18 10:59:11,304] {dagrun.py:628} WARNING - Failed to get task '<TaskInstance: data_ingestion_gcs_dag_v3.0.format_to_parquet_task backfill__2021-01-02T06:00:00+00:00 [removed]>' for dag 'data_ingestion_gcs_dag_v3.0'. Marking it as removed.
[2023-03-18 10:59:11,330] {local_task_job.py:264} INFO - 0 downstream tasks scheduled from follow-on schedule check
[2023-03-18 10:59:11,427] {dagrun.py:628} WARNING - Failed to get task '<TaskInstance: data_ingestion_gcs_dag_v3.0.format_to_parquet_task backfill__2021-01-02T06:00:00+00:00 [removed]>' for dag 'data_ingestion_gcs_dag_v3.0'. Marking it as removed.
