[2023-03-12 16:23:42,978] {taskinstance.py:1032} INFO - Dependencies all met for <TaskInstance: data_ingestion_gcs_dag_v1.0.local_to_gcs_task scheduled__2023-03-11T00:00:00+00:00 [queued]>
[2023-03-12 16:23:43,032] {taskinstance.py:1032} INFO - Dependencies all met for <TaskInstance: data_ingestion_gcs_dag_v1.0.local_to_gcs_task scheduled__2023-03-11T00:00:00+00:00 [queued]>
[2023-03-12 16:23:43,038] {taskinstance.py:1238} INFO -
--------------------------------------------------------------------------------
[2023-03-12 16:23:43,043] {taskinstance.py:1239} INFO - Starting attempt 1 of 2
[2023-03-12 16:23:43,046] {taskinstance.py:1240} INFO -
--------------------------------------------------------------------------------
[2023-03-12 16:23:43,108] {taskinstance.py:1259} INFO - Executing <Task(PythonOperator): local_to_gcs_task> on 2023-03-11 00:00:00+00:00
[2023-03-12 16:23:43,123] {standard_task_runner.py:52} INFO - Started process 638 to run task
[2023-03-12 16:23:43,139] {standard_task_runner.py:76} INFO - Running: ['***', 'tasks', 'run', 'data_ingestion_gcs_dag_v1.0', 'local_to_gcs_task', 'scheduled__2023-03-11T00:00:00+00:00', '--job-id', '8', '--raw', '--subdir', 'DAGS_FOLDER/dag.py', '--cfg-path', '/tmp/tmpzlr8h3tv', '--error-file', '/tmp/tmpswhudj62']
[2023-03-12 16:23:43,144] {standard_task_runner.py:77} INFO - Job 8: Subtask local_to_gcs_task
[2023-03-12 16:23:43,292] {logging_mixin.py:109} INFO - Running <TaskInstance: data_ingestion_gcs_dag_v1.0.local_to_gcs_task scheduled__2023-03-11T00:00:00+00:00 [running]> on host 680529fc1021
[2023-03-12 16:23:43,453] {taskinstance.py:1426} INFO - Exporting the following env vars:
AIRFLOW_CTX_DAG_OWNER=***
AIRFLOW_CTX_DAG_ID=data_ingestion_gcs_dag_v1.0
AIRFLOW_CTX_TASK_ID=local_to_gcs_task
AIRFLOW_CTX_EXECUTION_DATE=2023-03-11T00:00:00+00:00
AIRFLOW_CTX_DAG_RUN_ID=scheduled__2023-03-11T00:00:00+00:00
[2023-03-12 16:23:44,142] {logging_mixin.py:109} INFO - File /opt/***/winequality-red.parquet uploaded to <Bucket: dtc_data_lake_dtc-de-378314>.
[2023-03-12 16:23:44,145] {python.py:175} INFO - Done. Returned value was: None
[2023-03-12 16:23:44,186] {taskinstance.py:1277} INFO - Marking task as SUCCESS. dag_id=data_ingestion_gcs_dag_v1.0, task_id=local_to_gcs_task, execution_date=20230311T000000, start_date=20230312T162342, end_date=20230312T162344
[2023-03-12 16:23:44,263] {local_task_job.py:154} INFO - Task exited with return code 0
[2023-03-12 16:23:44,353] {local_task_job.py:264} INFO - 0 downstream tasks scheduled from follow-on schedule check
