[2023-03-12 17:01:36,817] {taskinstance.py:1032} INFO - Dependencies all met for <TaskInstance: data_ingestion_gcs_dag_v1.0.local_to_gcs_task manual__2023-03-12T17:01:17.831173+00:00 [queued]>
[2023-03-12 17:01:36,865] {taskinstance.py:1032} INFO - Dependencies all met for <TaskInstance: data_ingestion_gcs_dag_v1.0.local_to_gcs_task manual__2023-03-12T17:01:17.831173+00:00 [queued]>
[2023-03-12 17:01:36,867] {taskinstance.py:1238} INFO -
--------------------------------------------------------------------------------
[2023-03-12 17:01:36,869] {taskinstance.py:1239} INFO - Starting attempt 1 of 2
[2023-03-12 17:01:36,870] {taskinstance.py:1240} INFO -
--------------------------------------------------------------------------------
[2023-03-12 17:01:36,918] {taskinstance.py:1259} INFO - Executing <Task(PythonOperator): local_to_gcs_task> on 2023-03-12 17:01:17.831173+00:00
[2023-03-12 17:01:36,946] {standard_task_runner.py:52} INFO - Started process 3378 to run task
[2023-03-12 17:01:36,972] {standard_task_runner.py:76} INFO - Running: ['***', 'tasks', 'run', 'data_ingestion_gcs_dag_v1.0', 'local_to_gcs_task', 'manual__2023-03-12T17:01:17.831173+00:00', '--job-id', '30', '--raw', '--subdir', 'DAGS_FOLDER/dag.py', '--cfg-path', '/tmp/tmp_9nhsqpd', '--error-file', '/tmp/tmpfxk8x0mr']
[2023-03-12 17:01:36,981] {standard_task_runner.py:77} INFO - Job 30: Subtask local_to_gcs_task
[2023-03-12 17:01:37,201] {logging_mixin.py:109} INFO - Running <TaskInstance: data_ingestion_gcs_dag_v1.0.local_to_gcs_task manual__2023-03-12T17:01:17.831173+00:00 [running]> on host 680529fc1021
[2023-03-12 17:01:37,657] {taskinstance.py:1426} INFO - Exporting the following env vars:
AIRFLOW_CTX_DAG_OWNER=***
AIRFLOW_CTX_DAG_ID=data_ingestion_gcs_dag_v1.0
AIRFLOW_CTX_TASK_ID=local_to_gcs_task
AIRFLOW_CTX_EXECUTION_DATE=2023-03-12T17:01:17.831173+00:00
AIRFLOW_CTX_DAG_RUN_ID=manual__2023-03-12T17:01:17.831173+00:00
[2023-03-12 17:01:38,492] {logging_mixin.py:109} INFO - File /opt/***/winequality-red.parquet uploaded to <Bucket: dtc_data_lake_dtc-de-378314>.
[2023-03-12 17:01:38,494] {python.py:175} INFO - Done. Returned value was: None
[2023-03-12 17:01:38,541] {taskinstance.py:1277} INFO - Marking task as SUCCESS. dag_id=data_ingestion_gcs_dag_v1.0, task_id=local_to_gcs_task, execution_date=20230312T170117, start_date=20230312T170136, end_date=20230312T170138
[2023-03-12 17:01:38,682] {local_task_job.py:154} INFO - Task exited with return code 0
[2023-03-12 17:01:38,950] {local_task_job.py:264} INFO - 0 downstream tasks scheduled from follow-on schedule check
