[2023-03-12 14:41:42,247] {taskinstance.py:1032} INFO - Dependencies all met for <TaskInstance: example_bash_operator.also_run_this manual__2023-03-12T14:41:25.415500+00:00 [queued]>
[2023-03-12 14:41:43,085] {taskinstance.py:1032} INFO - Dependencies all met for <TaskInstance: example_bash_operator.also_run_this manual__2023-03-12T14:41:25.415500+00:00 [queued]>
[2023-03-12 14:41:43,093] {taskinstance.py:1238} INFO -
--------------------------------------------------------------------------------
[2023-03-12 14:41:43,104] {taskinstance.py:1239} INFO - Starting attempt 1 of 1
[2023-03-12 14:41:43,110] {taskinstance.py:1240} INFO -
--------------------------------------------------------------------------------
[2023-03-12 14:41:43,795] {taskinstance.py:1259} INFO - Executing <Task(BashOperator): also_run_this> on 2023-03-12 14:41:25.415500+00:00
[2023-03-12 14:41:43,887] {standard_task_runner.py:52} INFO - Started process 2179 to run task
[2023-03-12 14:41:44,189] {standard_task_runner.py:76} INFO - Running: ['***', 'tasks', 'run', 'example_bash_operator', 'also_run_this', 'manual__2023-03-12T14:41:25.415500+00:00', '--job-id', '8', '--raw', '--subdir', '/home/***/.local/lib/python3.7/site-packages/***/example_dags/example_bash_operator.py', '--cfg-path', '/tmp/tmp5sbb6ovz', '--error-file', '/tmp/tmph1e1ey4w']
[2023-03-12 14:41:44,278] {standard_task_runner.py:77} INFO - Job 8: Subtask also_run_this
[2023-03-12 14:41:46,322] {logging_mixin.py:109} INFO - Running <TaskInstance: example_bash_operator.also_run_this manual__2023-03-12T14:41:25.415500+00:00 [running]> on host dc2eb824520f
[2023-03-12 14:41:47,823] {taskinstance.py:1426} INFO - Exporting the following env vars:
AIRFLOW_CTX_DAG_OWNER=***
AIRFLOW_CTX_DAG_ID=example_bash_operator
AIRFLOW_CTX_TASK_ID=also_run_this
AIRFLOW_CTX_EXECUTION_DATE=2023-03-12T14:41:25.415500+00:00
AIRFLOW_CTX_DAG_RUN_ID=manual__2023-03-12T14:41:25.415500+00:00
[2023-03-12 14:41:47,977] {subprocess.py:62} INFO - Tmp dir root location:
 /tmp
[2023-03-12 14:41:47,990] {subprocess.py:74} INFO - Running command: ['bash', '-c', 'echo "run_id=manual__2023-03-12T14:41:25.415500+00:00 | dag_run=<DagRun example_bash_operator @ 2023-03-12 14:41:25.415500+00:00: manual__2023-03-12T14:41:25.415500+00:00, externally triggered: True>"']
[2023-03-12 14:41:48,319] {subprocess.py:85} INFO - Output:
[2023-03-12 14:41:49,113] {subprocess.py:89} INFO - run_id=manual__2023-03-12T14:41:25.415500+00:00 | dag_run=<DagRun example_bash_operator @ 2023-03-12 14:41:25.415500+00:00: manual__2023-03-12T14:41:25.415500+00:00, externally triggered: True>
[2023-03-12 14:41:49,142] {subprocess.py:93} INFO - Command exited with return code 0
[2023-03-12 14:41:52,178] {taskinstance.py:1277} INFO - Marking task as SUCCESS. dag_id=example_bash_operator, task_id=also_run_this, execution_date=20230312T144125, start_date=20230312T144142, end_date=20230312T144152
[2023-03-12 14:41:52,503] {local_task_job.py:154} INFO - Task exited with return code 0
[2023-03-12 14:41:55,895] {local_task_job.py:264} INFO - 0 downstream tasks scheduled from follow-on schedule check
