[2023-03-12 14:27:34,207] {processor.py:163} INFO - Started process (PID=668) to work on /home/airflow/.local/lib/python3.7/site-packages/airflow/example_dags/example_branch_labels.py
[2023-03-12 14:27:34,213] {processor.py:642} INFO - Processing file /home/airflow/.local/lib/python3.7/site-packages/airflow/example_dags/example_branch_labels.py for tasks to queue
[2023-03-12 14:27:34,217] {logging_mixin.py:109} INFO - [2023-03-12 14:27:34,216] {dagbag.py:500} INFO - Filling up the DagBag from /home/airflow/.local/lib/python3.7/site-packages/airflow/example_dags/example_branch_labels.py
[2023-03-12 14:27:34,327] {processor.py:654} INFO - DAG(s) dict_keys(['example_branch_labels']) retrieved from /home/airflow/.local/lib/python3.7/site-packages/airflow/example_dags/example_branch_labels.py
[2023-03-12 14:27:43,657] {logging_mixin.py:109} INFO - [2023-03-12 14:27:43,656] {manager.py:496} INFO - Created Permission View: can edit on DAG:example_branch_labels
[2023-03-12 14:27:43,692] {logging_mixin.py:109} INFO - [2023-03-12 14:27:43,691] {manager.py:496} INFO - Created Permission View: can read on DAG:example_branch_labels
[2023-03-12 14:27:43,698] {logging_mixin.py:109} INFO - [2023-03-12 14:27:43,697] {dag.py:2396} INFO - Sync 1 DAGs
[2023-03-12 14:27:43,732] {logging_mixin.py:109} INFO - [2023-03-12 14:27:43,731] {dag.py:2415} INFO - Creating ORM DAG for example_branch_labels
[2023-03-12 14:27:43,773] {logging_mixin.py:109} INFO - [2023-03-12 14:27:43,773] {dag.py:2935} INFO - Setting next_dagrun for example_branch_labels to 2023-03-11 00:00:00+00:00
[2023-03-12 14:27:43,814] {processor.py:171} INFO - Processing /home/airflow/.local/lib/python3.7/site-packages/airflow/example_dags/example_branch_labels.py took 9.615 seconds
[2023-03-12 14:38:44,779] {processor.py:163} INFO - Started process (PID=1094) to work on /home/airflow/.local/lib/python3.7/site-packages/airflow/example_dags/example_branch_labels.py
[2023-03-12 14:38:44,788] {processor.py:642} INFO - Processing file /home/airflow/.local/lib/python3.7/site-packages/airflow/example_dags/example_branch_labels.py for tasks to queue
[2023-03-12 14:38:44,797] {logging_mixin.py:109} INFO - [2023-03-12 14:38:44,794] {dagbag.py:500} INFO - Filling up the DagBag from /home/airflow/.local/lib/python3.7/site-packages/airflow/example_dags/example_branch_labels.py
[2023-03-12 14:38:45,089] {processor.py:654} INFO - DAG(s) dict_keys(['example_branch_labels']) retrieved from /home/airflow/.local/lib/python3.7/site-packages/airflow/example_dags/example_branch_labels.py
[2023-03-12 14:38:45,208] {logging_mixin.py:109} INFO - [2023-03-12 14:38:45,207] {dag.py:2396} INFO - Sync 1 DAGs
[2023-03-12 14:38:45,452] {logging_mixin.py:109} INFO - [2023-03-12 14:38:45,451] {dag.py:2935} INFO - Setting next_dagrun for example_branch_labels to 2023-03-11 00:00:00+00:00
[2023-03-12 14:38:45,568] {processor.py:171} INFO - Processing /home/airflow/.local/lib/python3.7/site-packages/airflow/example_dags/example_branch_labels.py took 0.808 seconds
[2023-03-12 14:39:25,652] {processor.py:163} INFO - Started process (PID=1318) to work on /home/airflow/.local/lib/python3.7/site-packages/airflow/example_dags/example_branch_labels.py
[2023-03-12 14:39:25,673] {processor.py:642} INFO - Processing file /home/airflow/.local/lib/python3.7/site-packages/airflow/example_dags/example_branch_labels.py for tasks to queue
[2023-03-12 14:39:25,701] {logging_mixin.py:109} INFO - [2023-03-12 14:39:25,700] {dagbag.py:500} INFO - Filling up the DagBag from /home/airflow/.local/lib/python3.7/site-packages/airflow/example_dags/example_branch_labels.py
[2023-03-12 14:39:25,953] {processor.py:654} INFO - DAG(s) dict_keys(['example_branch_labels']) retrieved from /home/airflow/.local/lib/python3.7/site-packages/airflow/example_dags/example_branch_labels.py
[2023-03-12 14:39:26,081] {logging_mixin.py:109} INFO - [2023-03-12 14:39:26,081] {dag.py:2396} INFO - Sync 1 DAGs
[2023-03-12 14:39:26,313] {logging_mixin.py:109} INFO - [2023-03-12 14:39:26,313] {dag.py:2935} INFO - Setting next_dagrun for example_branch_labels to 2023-03-11 00:00:00+00:00
[2023-03-12 14:39:26,380] {processor.py:171} INFO - Processing /home/airflow/.local/lib/python3.7/site-packages/airflow/example_dags/example_branch_labels.py took 0.780 seconds
[2023-03-12 14:40:04,491] {processor.py:163} INFO - Started process (PID=1542) to work on /home/airflow/.local/lib/python3.7/site-packages/airflow/example_dags/example_branch_labels.py
[2023-03-12 14:40:04,500] {processor.py:642} INFO - Processing file /home/airflow/.local/lib/python3.7/site-packages/airflow/example_dags/example_branch_labels.py for tasks to queue
[2023-03-12 14:40:04,504] {logging_mixin.py:109} INFO - [2023-03-12 14:40:04,504] {dagbag.py:500} INFO - Filling up the DagBag from /home/airflow/.local/lib/python3.7/site-packages/airflow/example_dags/example_branch_labels.py
[2023-03-12 14:40:04,642] {processor.py:654} INFO - DAG(s) dict_keys(['example_branch_labels']) retrieved from /home/airflow/.local/lib/python3.7/site-packages/airflow/example_dags/example_branch_labels.py
[2023-03-12 14:40:04,807] {logging_mixin.py:109} INFO - [2023-03-12 14:40:04,806] {dag.py:2396} INFO - Sync 1 DAGs
[2023-03-12 14:40:04,989] {logging_mixin.py:109} INFO - [2023-03-12 14:40:04,988] {dag.py:2935} INFO - Setting next_dagrun for example_branch_labels to 2023-03-11 00:00:00+00:00
[2023-03-12 14:40:05,069] {processor.py:171} INFO - Processing /home/airflow/.local/lib/python3.7/site-packages/airflow/example_dags/example_branch_labels.py took 0.588 seconds
[2023-03-12 14:40:40,180] {processor.py:163} INFO - Started process (PID=1772) to work on /home/airflow/.local/lib/python3.7/site-packages/airflow/example_dags/example_branch_labels.py
[2023-03-12 14:40:40,192] {processor.py:642} INFO - Processing file /home/airflow/.local/lib/python3.7/site-packages/airflow/example_dags/example_branch_labels.py for tasks to queue
[2023-03-12 14:40:40,208] {logging_mixin.py:109} INFO - [2023-03-12 14:40:40,208] {dagbag.py:500} INFO - Filling up the DagBag from /home/airflow/.local/lib/python3.7/site-packages/airflow/example_dags/example_branch_labels.py
[2023-03-12 14:40:40,367] {processor.py:654} INFO - DAG(s) dict_keys(['example_branch_labels']) retrieved from /home/airflow/.local/lib/python3.7/site-packages/airflow/example_dags/example_branch_labels.py
[2023-03-12 14:40:40,429] {logging_mixin.py:109} INFO - [2023-03-12 14:40:40,428] {dag.py:2396} INFO - Sync 1 DAGs
[2023-03-12 14:40:40,551] {logging_mixin.py:109} INFO - [2023-03-12 14:40:40,550] {dag.py:2935} INFO - Setting next_dagrun for example_branch_labels to 2023-03-11 00:00:00+00:00
[2023-03-12 14:40:40,605] {processor.py:171} INFO - Processing /home/airflow/.local/lib/python3.7/site-packages/airflow/example_dags/example_branch_labels.py took 0.443 seconds
[2023-03-12 14:41:14,150] {processor.py:163} INFO - Started process (PID=1989) to work on /home/airflow/.local/lib/python3.7/site-packages/airflow/example_dags/example_branch_labels.py
[2023-03-12 14:41:14,174] {processor.py:642} INFO - Processing file /home/airflow/.local/lib/python3.7/site-packages/airflow/example_dags/example_branch_labels.py for tasks to queue
[2023-03-12 14:41:14,178] {logging_mixin.py:109} INFO - [2023-03-12 14:41:14,178] {dagbag.py:500} INFO - Filling up the DagBag from /home/airflow/.local/lib/python3.7/site-packages/airflow/example_dags/example_branch_labels.py
[2023-03-12 14:41:14,745] {processor.py:654} INFO - DAG(s) dict_keys(['example_branch_labels']) retrieved from /home/airflow/.local/lib/python3.7/site-packages/airflow/example_dags/example_branch_labels.py
[2023-03-12 14:41:14,984] {logging_mixin.py:109} INFO - [2023-03-12 14:41:14,983] {dag.py:2396} INFO - Sync 1 DAGs
[2023-03-12 14:41:15,319] {logging_mixin.py:109} INFO - [2023-03-12 14:41:15,316] {dag.py:2935} INFO - Setting next_dagrun for example_branch_labels to 2023-03-11 00:00:00+00:00
[2023-03-12 14:41:15,400] {processor.py:171} INFO - Processing /home/airflow/.local/lib/python3.7/site-packages/airflow/example_dags/example_branch_labels.py took 1.262 seconds
[2023-03-12 14:42:05,499] {processor.py:163} INFO - Started process (PID=2327) to work on /home/airflow/.local/lib/python3.7/site-packages/airflow/example_dags/example_branch_labels.py
[2023-03-12 14:42:05,508] {processor.py:642} INFO - Processing file /home/airflow/.local/lib/python3.7/site-packages/airflow/example_dags/example_branch_labels.py for tasks to queue
[2023-03-12 14:42:05,512] {logging_mixin.py:109} INFO - [2023-03-12 14:42:05,511] {dagbag.py:500} INFO - Filling up the DagBag from /home/airflow/.local/lib/python3.7/site-packages/airflow/example_dags/example_branch_labels.py
[2023-03-12 14:42:05,741] {processor.py:654} INFO - DAG(s) dict_keys(['example_branch_labels']) retrieved from /home/airflow/.local/lib/python3.7/site-packages/airflow/example_dags/example_branch_labels.py
[2023-03-12 14:42:05,892] {logging_mixin.py:109} INFO - [2023-03-12 14:42:05,892] {dag.py:2396} INFO - Sync 1 DAGs
[2023-03-12 14:42:06,097] {logging_mixin.py:109} INFO - [2023-03-12 14:42:06,096] {dag.py:2935} INFO - Setting next_dagrun for example_branch_labels to 2023-03-11 00:00:00+00:00
[2023-03-12 14:42:06,171] {processor.py:171} INFO - Processing /home/airflow/.local/lib/python3.7/site-packages/airflow/example_dags/example_branch_labels.py took 0.680 seconds
[2023-03-12 14:42:36,715] {processor.py:163} INFO - Started process (PID=2551) to work on /home/airflow/.local/lib/python3.7/site-packages/airflow/example_dags/example_branch_labels.py
[2023-03-12 14:42:36,732] {processor.py:642} INFO - Processing file /home/airflow/.local/lib/python3.7/site-packages/airflow/example_dags/example_branch_labels.py for tasks to queue
[2023-03-12 14:42:36,736] {logging_mixin.py:109} INFO - [2023-03-12 14:42:36,736] {dagbag.py:500} INFO - Filling up the DagBag from /home/airflow/.local/lib/python3.7/site-packages/airflow/example_dags/example_branch_labels.py
[2023-03-12 14:42:36,826] {processor.py:654} INFO - DAG(s) dict_keys(['example_branch_labels']) retrieved from /home/airflow/.local/lib/python3.7/site-packages/airflow/example_dags/example_branch_labels.py
[2023-03-12 14:42:36,869] {logging_mixin.py:109} INFO - [2023-03-12 14:42:36,869] {dag.py:2396} INFO - Sync 1 DAGs
[2023-03-12 14:42:36,942] {logging_mixin.py:109} INFO - [2023-03-12 14:42:36,942] {dag.py:2935} INFO - Setting next_dagrun for example_branch_labels to 2023-03-11 00:00:00+00:00
[2023-03-12 14:42:36,969] {processor.py:171} INFO - Processing /home/airflow/.local/lib/python3.7/site-packages/airflow/example_dags/example_branch_labels.py took 0.265 seconds
[2023-03-12 14:43:08,064] {processor.py:163} INFO - Started process (PID=2761) to work on /home/airflow/.local/lib/python3.7/site-packages/airflow/example_dags/example_branch_labels.py
[2023-03-12 14:43:08,080] {processor.py:642} INFO - Processing file /home/airflow/.local/lib/python3.7/site-packages/airflow/example_dags/example_branch_labels.py for tasks to queue
[2023-03-12 14:43:08,084] {logging_mixin.py:109} INFO - [2023-03-12 14:43:08,083] {dagbag.py:500} INFO - Filling up the DagBag from /home/airflow/.local/lib/python3.7/site-packages/airflow/example_dags/example_branch_labels.py
[2023-03-12 14:43:08,183] {processor.py:654} INFO - DAG(s) dict_keys(['example_branch_labels']) retrieved from /home/airflow/.local/lib/python3.7/site-packages/airflow/example_dags/example_branch_labels.py
[2023-03-12 14:43:08,254] {logging_mixin.py:109} INFO - [2023-03-12 14:43:08,253] {dag.py:2396} INFO - Sync 1 DAGs
[2023-03-12 14:43:08,339] {logging_mixin.py:109} INFO - [2023-03-12 14:43:08,339] {dag.py:2935} INFO - Setting next_dagrun for example_branch_labels to 2023-03-11 00:00:00+00:00
[2023-03-12 14:43:08,372] {processor.py:171} INFO - Processing /home/airflow/.local/lib/python3.7/site-packages/airflow/example_dags/example_branch_labels.py took 0.319 seconds
[2023-03-12 14:43:38,768] {processor.py:163} INFO - Started process (PID=2983) to work on /home/airflow/.local/lib/python3.7/site-packages/airflow/example_dags/example_branch_labels.py
[2023-03-12 14:43:38,772] {processor.py:642} INFO - Processing file /home/airflow/.local/lib/python3.7/site-packages/airflow/example_dags/example_branch_labels.py for tasks to queue
[2023-03-12 14:43:38,820] {logging_mixin.py:109} INFO - [2023-03-12 14:43:38,820] {dagbag.py:500} INFO - Filling up the DagBag from /home/airflow/.local/lib/python3.7/site-packages/airflow/example_dags/example_branch_labels.py
[2023-03-12 14:43:38,926] {processor.py:654} INFO - DAG(s) dict_keys(['example_branch_labels']) retrieved from /home/airflow/.local/lib/python3.7/site-packages/airflow/example_dags/example_branch_labels.py
[2023-03-12 14:43:38,969] {logging_mixin.py:109} INFO - [2023-03-12 14:43:38,968] {dag.py:2396} INFO - Sync 1 DAGs
[2023-03-12 14:43:39,060] {logging_mixin.py:109} INFO - [2023-03-12 14:43:39,059] {dag.py:2935} INFO - Setting next_dagrun for example_branch_labels to 2023-03-11 00:00:00+00:00
[2023-03-12 14:43:39,090] {processor.py:171} INFO - Processing /home/airflow/.local/lib/python3.7/site-packages/airflow/example_dags/example_branch_labels.py took 0.330 seconds
[2023-03-12 14:44:09,583] {processor.py:163} INFO - Started process (PID=3191) to work on /home/airflow/.local/lib/python3.7/site-packages/airflow/example_dags/example_branch_labels.py
[2023-03-12 14:44:09,587] {processor.py:642} INFO - Processing file /home/airflow/.local/lib/python3.7/site-packages/airflow/example_dags/example_branch_labels.py for tasks to queue
[2023-03-12 14:44:09,590] {logging_mixin.py:109} INFO - [2023-03-12 14:44:09,590] {dagbag.py:500} INFO - Filling up the DagBag from /home/airflow/.local/lib/python3.7/site-packages/airflow/example_dags/example_branch_labels.py
[2023-03-12 14:44:09,655] {processor.py:654} INFO - DAG(s) dict_keys(['example_branch_labels']) retrieved from /home/airflow/.local/lib/python3.7/site-packages/airflow/example_dags/example_branch_labels.py
[2023-03-12 14:44:09,697] {logging_mixin.py:109} INFO - [2023-03-12 14:44:09,696] {dag.py:2396} INFO - Sync 1 DAGs
[2023-03-12 14:44:09,764] {logging_mixin.py:109} INFO - [2023-03-12 14:44:09,763] {dag.py:2935} INFO - Setting next_dagrun for example_branch_labels to 2023-03-11 00:00:00+00:00
[2023-03-12 14:44:09,789] {processor.py:171} INFO - Processing /home/airflow/.local/lib/python3.7/site-packages/airflow/example_dags/example_branch_labels.py took 0.212 seconds
[2023-03-12 14:44:41,577] {processor.py:163} INFO - Started process (PID=3415) to work on /home/airflow/.local/lib/python3.7/site-packages/airflow/example_dags/example_branch_labels.py
[2023-03-12 14:44:41,583] {processor.py:642} INFO - Processing file /home/airflow/.local/lib/python3.7/site-packages/airflow/example_dags/example_branch_labels.py for tasks to queue
[2023-03-12 14:44:41,587] {logging_mixin.py:109} INFO - [2023-03-12 14:44:41,586] {dagbag.py:500} INFO - Filling up the DagBag from /home/airflow/.local/lib/python3.7/site-packages/airflow/example_dags/example_branch_labels.py
[2023-03-12 14:44:41,664] {processor.py:654} INFO - DAG(s) dict_keys(['example_branch_labels']) retrieved from /home/airflow/.local/lib/python3.7/site-packages/airflow/example_dags/example_branch_labels.py
[2023-03-12 14:44:41,706] {logging_mixin.py:109} INFO - [2023-03-12 14:44:41,706] {dag.py:2396} INFO - Sync 1 DAGs
[2023-03-12 14:44:41,871] {logging_mixin.py:109} INFO - [2023-03-12 14:44:41,869] {dag.py:2935} INFO - Setting next_dagrun for example_branch_labels to 2023-03-11 00:00:00+00:00
[2023-03-12 14:44:41,999] {processor.py:171} INFO - Processing /home/airflow/.local/lib/python3.7/site-packages/airflow/example_dags/example_branch_labels.py took 0.429 seconds
[2023-03-12 14:45:13,839] {processor.py:163} INFO - Started process (PID=3633) to work on /home/airflow/.local/lib/python3.7/site-packages/airflow/example_dags/example_branch_labels.py
[2023-03-12 14:45:13,845] {processor.py:642} INFO - Processing file /home/airflow/.local/lib/python3.7/site-packages/airflow/example_dags/example_branch_labels.py for tasks to queue
[2023-03-12 14:45:13,851] {logging_mixin.py:109} INFO - [2023-03-12 14:45:13,851] {dagbag.py:500} INFO - Filling up the DagBag from /home/airflow/.local/lib/python3.7/site-packages/airflow/example_dags/example_branch_labels.py
[2023-03-12 14:45:13,960] {processor.py:654} INFO - DAG(s) dict_keys(['example_branch_labels']) retrieved from /home/airflow/.local/lib/python3.7/site-packages/airflow/example_dags/example_branch_labels.py
[2023-03-12 14:45:14,020] {logging_mixin.py:109} INFO - [2023-03-12 14:45:14,019] {dag.py:2396} INFO - Sync 1 DAGs
[2023-03-12 14:45:14,158] {logging_mixin.py:109} INFO - [2023-03-12 14:45:14,157] {dag.py:2935} INFO - Setting next_dagrun for example_branch_labels to 2023-03-11 00:00:00+00:00
[2023-03-12 14:45:14,236] {processor.py:171} INFO - Processing /home/airflow/.local/lib/python3.7/site-packages/airflow/example_dags/example_branch_labels.py took 0.406 seconds
[2023-03-12 14:45:46,084] {processor.py:163} INFO - Started process (PID=3847) to work on /home/airflow/.local/lib/python3.7/site-packages/airflow/example_dags/example_branch_labels.py
[2023-03-12 14:45:46,096] {processor.py:642} INFO - Processing file /home/airflow/.local/lib/python3.7/site-packages/airflow/example_dags/example_branch_labels.py for tasks to queue
[2023-03-12 14:45:46,105] {logging_mixin.py:109} INFO - [2023-03-12 14:45:46,104] {dagbag.py:500} INFO - Filling up the DagBag from /home/airflow/.local/lib/python3.7/site-packages/airflow/example_dags/example_branch_labels.py
[2023-03-12 14:45:46,219] {processor.py:654} INFO - DAG(s) dict_keys(['example_branch_labels']) retrieved from /home/airflow/.local/lib/python3.7/site-packages/airflow/example_dags/example_branch_labels.py
[2023-03-12 14:45:46,266] {logging_mixin.py:109} INFO - [2023-03-12 14:45:46,265] {dag.py:2396} INFO - Sync 1 DAGs
[2023-03-12 14:45:46,339] {logging_mixin.py:109} INFO - [2023-03-12 14:45:46,339] {dag.py:2935} INFO - Setting next_dagrun for example_branch_labels to 2023-03-11 00:00:00+00:00
[2023-03-12 14:45:46,371] {processor.py:171} INFO - Processing /home/airflow/.local/lib/python3.7/site-packages/airflow/example_dags/example_branch_labels.py took 0.299 seconds
[2023-03-12 14:46:18,598] {processor.py:163} INFO - Started process (PID=4070) to work on /home/airflow/.local/lib/python3.7/site-packages/airflow/example_dags/example_branch_labels.py
[2023-03-12 14:46:18,605] {processor.py:642} INFO - Processing file /home/airflow/.local/lib/python3.7/site-packages/airflow/example_dags/example_branch_labels.py for tasks to queue
[2023-03-12 14:46:18,610] {logging_mixin.py:109} INFO - [2023-03-12 14:46:18,610] {dagbag.py:500} INFO - Filling up the DagBag from /home/airflow/.local/lib/python3.7/site-packages/airflow/example_dags/example_branch_labels.py
[2023-03-12 14:46:18,734] {processor.py:654} INFO - DAG(s) dict_keys(['example_branch_labels']) retrieved from /home/airflow/.local/lib/python3.7/site-packages/airflow/example_dags/example_branch_labels.py
[2023-03-12 14:46:18,841] {logging_mixin.py:109} INFO - [2023-03-12 14:46:18,841] {dag.py:2396} INFO - Sync 1 DAGs
[2023-03-12 14:46:18,934] {logging_mixin.py:109} INFO - [2023-03-12 14:46:18,933] {dag.py:2935} INFO - Setting next_dagrun for example_branch_labels to 2023-03-11 00:00:00+00:00
[2023-03-12 14:46:18,997] {processor.py:171} INFO - Processing /home/airflow/.local/lib/python3.7/site-packages/airflow/example_dags/example_branch_labels.py took 0.411 seconds
[2023-03-12 14:46:49,334] {processor.py:163} INFO - Started process (PID=4270) to work on /home/airflow/.local/lib/python3.7/site-packages/airflow/example_dags/example_branch_labels.py
[2023-03-12 14:46:49,340] {processor.py:642} INFO - Processing file /home/airflow/.local/lib/python3.7/site-packages/airflow/example_dags/example_branch_labels.py for tasks to queue
[2023-03-12 14:46:49,356] {logging_mixin.py:109} INFO - [2023-03-12 14:46:49,356] {dagbag.py:500} INFO - Filling up the DagBag from /home/airflow/.local/lib/python3.7/site-packages/airflow/example_dags/example_branch_labels.py
[2023-03-12 14:46:49,431] {processor.py:654} INFO - DAG(s) dict_keys(['example_branch_labels']) retrieved from /home/airflow/.local/lib/python3.7/site-packages/airflow/example_dags/example_branch_labels.py
[2023-03-12 14:46:49,468] {logging_mixin.py:109} INFO - [2023-03-12 14:46:49,468] {dag.py:2396} INFO - Sync 1 DAGs
[2023-03-12 14:46:49,529] {logging_mixin.py:109} INFO - [2023-03-12 14:46:49,529] {dag.py:2935} INFO - Setting next_dagrun for example_branch_labels to 2023-03-11 00:00:00+00:00
[2023-03-12 14:46:49,556] {processor.py:171} INFO - Processing /home/airflow/.local/lib/python3.7/site-packages/airflow/example_dags/example_branch_labels.py took 0.232 seconds
[2023-03-12 14:47:20,060] {processor.py:163} INFO - Started process (PID=4491) to work on /home/airflow/.local/lib/python3.7/site-packages/airflow/example_dags/example_branch_labels.py
[2023-03-12 14:47:20,066] {processor.py:642} INFO - Processing file /home/airflow/.local/lib/python3.7/site-packages/airflow/example_dags/example_branch_labels.py for tasks to queue
[2023-03-12 14:47:20,074] {logging_mixin.py:109} INFO - [2023-03-12 14:47:20,073] {dagbag.py:500} INFO - Filling up the DagBag from /home/airflow/.local/lib/python3.7/site-packages/airflow/example_dags/example_branch_labels.py
[2023-03-12 14:47:20,214] {processor.py:654} INFO - DAG(s) dict_keys(['example_branch_labels']) retrieved from /home/airflow/.local/lib/python3.7/site-packages/airflow/example_dags/example_branch_labels.py
[2023-03-12 14:47:20,290] {logging_mixin.py:109} INFO - [2023-03-12 14:47:20,289] {dag.py:2396} INFO - Sync 1 DAGs
[2023-03-12 14:47:20,357] {logging_mixin.py:109} INFO - [2023-03-12 14:47:20,356] {dag.py:2935} INFO - Setting next_dagrun for example_branch_labels to 2023-03-11 00:00:00+00:00
[2023-03-12 14:47:20,382] {processor.py:171} INFO - Processing /home/airflow/.local/lib/python3.7/site-packages/airflow/example_dags/example_branch_labels.py took 0.348 seconds
[2023-03-12 14:47:50,973] {processor.py:163} INFO - Started process (PID=4699) to work on /home/airflow/.local/lib/python3.7/site-packages/airflow/example_dags/example_branch_labels.py
[2023-03-12 14:47:50,978] {processor.py:642} INFO - Processing file /home/airflow/.local/lib/python3.7/site-packages/airflow/example_dags/example_branch_labels.py for tasks to queue
[2023-03-12 14:47:50,983] {logging_mixin.py:109} INFO - [2023-03-12 14:47:50,983] {dagbag.py:500} INFO - Filling up the DagBag from /home/airflow/.local/lib/python3.7/site-packages/airflow/example_dags/example_branch_labels.py
[2023-03-12 14:47:51,117] {processor.py:654} INFO - DAG(s) dict_keys(['example_branch_labels']) retrieved from /home/airflow/.local/lib/python3.7/site-packages/airflow/example_dags/example_branch_labels.py
[2023-03-12 14:47:51,175] {logging_mixin.py:109} INFO - [2023-03-12 14:47:51,174] {dag.py:2396} INFO - Sync 1 DAGs
[2023-03-12 14:47:51,261] {logging_mixin.py:109} INFO - [2023-03-12 14:47:51,260] {dag.py:2935} INFO - Setting next_dagrun for example_branch_labels to 2023-03-11 00:00:00+00:00
[2023-03-12 14:47:51,295] {processor.py:171} INFO - Processing /home/airflow/.local/lib/python3.7/site-packages/airflow/example_dags/example_branch_labels.py took 0.332 seconds
[2023-03-12 14:48:22,013] {processor.py:163} INFO - Started process (PID=4923) to work on /home/airflow/.local/lib/python3.7/site-packages/airflow/example_dags/example_branch_labels.py
[2023-03-12 14:48:22,021] {processor.py:642} INFO - Processing file /home/airflow/.local/lib/python3.7/site-packages/airflow/example_dags/example_branch_labels.py for tasks to queue
[2023-03-12 14:48:22,025] {logging_mixin.py:109} INFO - [2023-03-12 14:48:22,024] {dagbag.py:500} INFO - Filling up the DagBag from /home/airflow/.local/lib/python3.7/site-packages/airflow/example_dags/example_branch_labels.py
[2023-03-12 14:48:22,113] {processor.py:654} INFO - DAG(s) dict_keys(['example_branch_labels']) retrieved from /home/airflow/.local/lib/python3.7/site-packages/airflow/example_dags/example_branch_labels.py
[2023-03-12 14:48:22,156] {logging_mixin.py:109} INFO - [2023-03-12 14:48:22,156] {dag.py:2396} INFO - Sync 1 DAGs
[2023-03-12 14:48:22,216] {logging_mixin.py:109} INFO - [2023-03-12 14:48:22,215] {dag.py:2935} INFO - Setting next_dagrun for example_branch_labels to 2023-03-11 00:00:00+00:00
[2023-03-12 14:48:22,244] {processor.py:171} INFO - Processing /home/airflow/.local/lib/python3.7/site-packages/airflow/example_dags/example_branch_labels.py took 0.246 seconds
[2023-03-12 14:48:53,163] {processor.py:163} INFO - Started process (PID=5131) to work on /home/airflow/.local/lib/python3.7/site-packages/airflow/example_dags/example_branch_labels.py
[2023-03-12 14:48:53,169] {processor.py:642} INFO - Processing file /home/airflow/.local/lib/python3.7/site-packages/airflow/example_dags/example_branch_labels.py for tasks to queue
[2023-03-12 14:48:53,172] {logging_mixin.py:109} INFO - [2023-03-12 14:48:53,172] {dagbag.py:500} INFO - Filling up the DagBag from /home/airflow/.local/lib/python3.7/site-packages/airflow/example_dags/example_branch_labels.py
[2023-03-12 14:48:53,236] {processor.py:654} INFO - DAG(s) dict_keys(['example_branch_labels']) retrieved from /home/airflow/.local/lib/python3.7/site-packages/airflow/example_dags/example_branch_labels.py
[2023-03-12 14:48:53,277] {logging_mixin.py:109} INFO - [2023-03-12 14:48:53,276] {dag.py:2396} INFO - Sync 1 DAGs
[2023-03-12 14:48:53,345] {logging_mixin.py:109} INFO - [2023-03-12 14:48:53,344] {dag.py:2935} INFO - Setting next_dagrun for example_branch_labels to 2023-03-11 00:00:00+00:00
[2023-03-12 14:48:53,369] {processor.py:171} INFO - Processing /home/airflow/.local/lib/python3.7/site-packages/airflow/example_dags/example_branch_labels.py took 0.214 seconds
[2023-03-12 14:49:23,538] {processor.py:163} INFO - Started process (PID=5356) to work on /home/airflow/.local/lib/python3.7/site-packages/airflow/example_dags/example_branch_labels.py
[2023-03-12 14:49:23,544] {processor.py:642} INFO - Processing file /home/airflow/.local/lib/python3.7/site-packages/airflow/example_dags/example_branch_labels.py for tasks to queue
[2023-03-12 14:49:23,559] {logging_mixin.py:109} INFO - [2023-03-12 14:49:23,559] {dagbag.py:500} INFO - Filling up the DagBag from /home/airflow/.local/lib/python3.7/site-packages/airflow/example_dags/example_branch_labels.py
[2023-03-12 14:49:23,788] {processor.py:654} INFO - DAG(s) dict_keys(['example_branch_labels']) retrieved from /home/airflow/.local/lib/python3.7/site-packages/airflow/example_dags/example_branch_labels.py
[2023-03-12 14:49:23,889] {logging_mixin.py:109} INFO - [2023-03-12 14:49:23,888] {dag.py:2396} INFO - Sync 1 DAGs
[2023-03-12 14:49:23,975] {logging_mixin.py:109} INFO - [2023-03-12 14:49:23,974] {dag.py:2935} INFO - Setting next_dagrun for example_branch_labels to 2023-03-11 00:00:00+00:00
[2023-03-12 14:49:24,004] {processor.py:171} INFO - Processing /home/airflow/.local/lib/python3.7/site-packages/airflow/example_dags/example_branch_labels.py took 0.473 seconds
[2023-03-12 14:49:54,321] {processor.py:163} INFO - Started process (PID=5574) to work on /home/airflow/.local/lib/python3.7/site-packages/airflow/example_dags/example_branch_labels.py
[2023-03-12 14:49:54,339] {processor.py:642} INFO - Processing file /home/airflow/.local/lib/python3.7/site-packages/airflow/example_dags/example_branch_labels.py for tasks to queue
[2023-03-12 14:49:54,350] {logging_mixin.py:109} INFO - [2023-03-12 14:49:54,350] {dagbag.py:500} INFO - Filling up the DagBag from /home/airflow/.local/lib/python3.7/site-packages/airflow/example_dags/example_branch_labels.py
[2023-03-12 14:49:54,456] {processor.py:654} INFO - DAG(s) dict_keys(['example_branch_labels']) retrieved from /home/airflow/.local/lib/python3.7/site-packages/airflow/example_dags/example_branch_labels.py
[2023-03-12 14:49:54,513] {logging_mixin.py:109} INFO - [2023-03-12 14:49:54,513] {dag.py:2396} INFO - Sync 1 DAGs
[2023-03-12 14:49:54,588] {logging_mixin.py:109} INFO - [2023-03-12 14:49:54,587] {dag.py:2935} INFO - Setting next_dagrun for example_branch_labels to 2023-03-11 00:00:00+00:00
[2023-03-12 14:49:54,618] {processor.py:171} INFO - Processing /home/airflow/.local/lib/python3.7/site-packages/airflow/example_dags/example_branch_labels.py took 0.331 seconds
[2023-03-12 14:50:25,007] {processor.py:163} INFO - Started process (PID=5788) to work on /home/airflow/.local/lib/python3.7/site-packages/airflow/example_dags/example_branch_labels.py
[2023-03-12 14:50:25,019] {processor.py:642} INFO - Processing file /home/airflow/.local/lib/python3.7/site-packages/airflow/example_dags/example_branch_labels.py for tasks to queue
[2023-03-12 14:50:25,051] {logging_mixin.py:109} INFO - [2023-03-12 14:50:25,050] {dagbag.py:500} INFO - Filling up the DagBag from /home/airflow/.local/lib/python3.7/site-packages/airflow/example_dags/example_branch_labels.py
[2023-03-12 14:50:25,391] {processor.py:654} INFO - DAG(s) dict_keys(['example_branch_labels']) retrieved from /home/airflow/.local/lib/python3.7/site-packages/airflow/example_dags/example_branch_labels.py
[2023-03-12 14:50:25,452] {logging_mixin.py:109} INFO - [2023-03-12 14:50:25,451] {dag.py:2396} INFO - Sync 1 DAGs
[2023-03-12 14:50:25,539] {logging_mixin.py:109} INFO - [2023-03-12 14:50:25,538] {dag.py:2935} INFO - Setting next_dagrun for example_branch_labels to 2023-03-11 00:00:00+00:00
[2023-03-12 14:50:25,586] {processor.py:171} INFO - Processing /home/airflow/.local/lib/python3.7/site-packages/airflow/example_dags/example_branch_labels.py took 0.599 seconds
[2023-03-12 14:50:56,074] {processor.py:163} INFO - Started process (PID=6012) to work on /home/airflow/.local/lib/python3.7/site-packages/airflow/example_dags/example_branch_labels.py
[2023-03-12 14:50:56,078] {processor.py:642} INFO - Processing file /home/airflow/.local/lib/python3.7/site-packages/airflow/example_dags/example_branch_labels.py for tasks to queue
[2023-03-12 14:50:56,082] {logging_mixin.py:109} INFO - [2023-03-12 14:50:56,082] {dagbag.py:500} INFO - Filling up the DagBag from /home/airflow/.local/lib/python3.7/site-packages/airflow/example_dags/example_branch_labels.py
[2023-03-12 14:50:56,162] {processor.py:654} INFO - DAG(s) dict_keys(['example_branch_labels']) retrieved from /home/airflow/.local/lib/python3.7/site-packages/airflow/example_dags/example_branch_labels.py
[2023-03-12 14:50:56,208] {logging_mixin.py:109} INFO - [2023-03-12 14:50:56,208] {dag.py:2396} INFO - Sync 1 DAGs
[2023-03-12 14:50:56,276] {logging_mixin.py:109} INFO - [2023-03-12 14:50:56,275] {dag.py:2935} INFO - Setting next_dagrun for example_branch_labels to 2023-03-11 00:00:00+00:00
[2023-03-12 14:50:56,304] {processor.py:171} INFO - Processing /home/airflow/.local/lib/python3.7/site-packages/airflow/example_dags/example_branch_labels.py took 0.238 seconds
[2023-03-12 14:51:26,547] {processor.py:163} INFO - Started process (PID=6219) to work on /home/airflow/.local/lib/python3.7/site-packages/airflow/example_dags/example_branch_labels.py
[2023-03-12 14:51:26,553] {processor.py:642} INFO - Processing file /home/airflow/.local/lib/python3.7/site-packages/airflow/example_dags/example_branch_labels.py for tasks to queue
[2023-03-12 14:51:26,556] {logging_mixin.py:109} INFO - [2023-03-12 14:51:26,556] {dagbag.py:500} INFO - Filling up the DagBag from /home/airflow/.local/lib/python3.7/site-packages/airflow/example_dags/example_branch_labels.py
[2023-03-12 14:51:26,724] {processor.py:654} INFO - DAG(s) dict_keys(['example_branch_labels']) retrieved from /home/airflow/.local/lib/python3.7/site-packages/airflow/example_dags/example_branch_labels.py
[2023-03-12 14:51:26,787] {logging_mixin.py:109} INFO - [2023-03-12 14:51:26,787] {dag.py:2396} INFO - Sync 1 DAGs
[2023-03-12 14:51:26,877] {logging_mixin.py:109} INFO - [2023-03-12 14:51:26,877] {dag.py:2935} INFO - Setting next_dagrun for example_branch_labels to 2023-03-11 00:00:00+00:00
[2023-03-12 14:51:26,906] {processor.py:171} INFO - Processing /home/airflow/.local/lib/python3.7/site-packages/airflow/example_dags/example_branch_labels.py took 0.368 seconds
[2023-03-12 14:51:57,553] {processor.py:163} INFO - Started process (PID=6441) to work on /home/airflow/.local/lib/python3.7/site-packages/airflow/example_dags/example_branch_labels.py
[2023-03-12 14:51:57,570] {processor.py:642} INFO - Processing file /home/airflow/.local/lib/python3.7/site-packages/airflow/example_dags/example_branch_labels.py for tasks to queue
[2023-03-12 14:51:57,577] {logging_mixin.py:109} INFO - [2023-03-12 14:51:57,576] {dagbag.py:500} INFO - Filling up the DagBag from /home/airflow/.local/lib/python3.7/site-packages/airflow/example_dags/example_branch_labels.py
[2023-03-12 14:51:57,670] {processor.py:654} INFO - DAG(s) dict_keys(['example_branch_labels']) retrieved from /home/airflow/.local/lib/python3.7/site-packages/airflow/example_dags/example_branch_labels.py
[2023-03-12 14:51:57,761] {logging_mixin.py:109} INFO - [2023-03-12 14:51:57,761] {dag.py:2396} INFO - Sync 1 DAGs
[2023-03-12 14:51:57,922] {logging_mixin.py:109} INFO - [2023-03-12 14:51:57,921] {dag.py:2935} INFO - Setting next_dagrun for example_branch_labels to 2023-03-11 00:00:00+00:00
[2023-03-12 14:51:57,952] {processor.py:171} INFO - Processing /home/airflow/.local/lib/python3.7/site-packages/airflow/example_dags/example_branch_labels.py took 0.407 seconds
[2023-03-12 14:52:28,371] {processor.py:163} INFO - Started process (PID=6646) to work on /home/airflow/.local/lib/python3.7/site-packages/airflow/example_dags/example_branch_labels.py
[2023-03-12 14:52:28,379] {processor.py:642} INFO - Processing file /home/airflow/.local/lib/python3.7/site-packages/airflow/example_dags/example_branch_labels.py for tasks to queue
[2023-03-12 14:52:28,383] {logging_mixin.py:109} INFO - [2023-03-12 14:52:28,383] {dagbag.py:500} INFO - Filling up the DagBag from /home/airflow/.local/lib/python3.7/site-packages/airflow/example_dags/example_branch_labels.py
[2023-03-12 14:52:28,510] {processor.py:654} INFO - DAG(s) dict_keys(['example_branch_labels']) retrieved from /home/airflow/.local/lib/python3.7/site-packages/airflow/example_dags/example_branch_labels.py
[2023-03-12 14:52:28,568] {logging_mixin.py:109} INFO - [2023-03-12 14:52:28,567] {dag.py:2396} INFO - Sync 1 DAGs
[2023-03-12 14:52:28,644] {logging_mixin.py:109} INFO - [2023-03-12 14:52:28,644] {dag.py:2935} INFO - Setting next_dagrun for example_branch_labels to 2023-03-11 00:00:00+00:00
[2023-03-12 14:52:28,674] {processor.py:171} INFO - Processing /home/airflow/.local/lib/python3.7/site-packages/airflow/example_dags/example_branch_labels.py took 0.314 seconds
[2023-03-12 14:52:58,830] {processor.py:163} INFO - Started process (PID=6870) to work on /home/airflow/.local/lib/python3.7/site-packages/airflow/example_dags/example_branch_labels.py
[2023-03-12 14:52:58,835] {processor.py:642} INFO - Processing file /home/airflow/.local/lib/python3.7/site-packages/airflow/example_dags/example_branch_labels.py for tasks to queue
[2023-03-12 14:52:58,838] {logging_mixin.py:109} INFO - [2023-03-12 14:52:58,837] {dagbag.py:500} INFO - Filling up the DagBag from /home/airflow/.local/lib/python3.7/site-packages/airflow/example_dags/example_branch_labels.py
[2023-03-12 14:52:58,922] {processor.py:654} INFO - DAG(s) dict_keys(['example_branch_labels']) retrieved from /home/airflow/.local/lib/python3.7/site-packages/airflow/example_dags/example_branch_labels.py
[2023-03-12 14:52:58,964] {logging_mixin.py:109} INFO - [2023-03-12 14:52:58,964] {dag.py:2396} INFO - Sync 1 DAGs
[2023-03-12 14:52:59,031] {logging_mixin.py:109} INFO - [2023-03-12 14:52:59,031] {dag.py:2935} INFO - Setting next_dagrun for example_branch_labels to 2023-03-11 00:00:00+00:00
[2023-03-12 14:52:59,060] {processor.py:171} INFO - Processing /home/airflow/.local/lib/python3.7/site-packages/airflow/example_dags/example_branch_labels.py took 0.240 seconds
[2023-03-12 14:53:29,506] {processor.py:163} INFO - Started process (PID=7078) to work on /home/airflow/.local/lib/python3.7/site-packages/airflow/example_dags/example_branch_labels.py
[2023-03-12 14:53:29,511] {processor.py:642} INFO - Processing file /home/airflow/.local/lib/python3.7/site-packages/airflow/example_dags/example_branch_labels.py for tasks to queue
[2023-03-12 14:53:29,551] {logging_mixin.py:109} INFO - [2023-03-12 14:53:29,551] {dagbag.py:500} INFO - Filling up the DagBag from /home/airflow/.local/lib/python3.7/site-packages/airflow/example_dags/example_branch_labels.py
[2023-03-12 14:53:29,614] {processor.py:654} INFO - DAG(s) dict_keys(['example_branch_labels']) retrieved from /home/airflow/.local/lib/python3.7/site-packages/airflow/example_dags/example_branch_labels.py
[2023-03-12 14:53:29,648] {logging_mixin.py:109} INFO - [2023-03-12 14:53:29,647] {dag.py:2396} INFO - Sync 1 DAGs
[2023-03-12 14:53:29,699] {logging_mixin.py:109} INFO - [2023-03-12 14:53:29,698] {dag.py:2935} INFO - Setting next_dagrun for example_branch_labels to 2023-03-11 00:00:00+00:00
[2023-03-12 14:53:29,720] {processor.py:171} INFO - Processing /home/airflow/.local/lib/python3.7/site-packages/airflow/example_dags/example_branch_labels.py took 0.223 seconds
[2023-03-12 14:54:00,089] {processor.py:163} INFO - Started process (PID=7300) to work on /home/airflow/.local/lib/python3.7/site-packages/airflow/example_dags/example_branch_labels.py
[2023-03-12 14:54:00,095] {processor.py:642} INFO - Processing file /home/airflow/.local/lib/python3.7/site-packages/airflow/example_dags/example_branch_labels.py for tasks to queue
[2023-03-12 14:54:00,100] {logging_mixin.py:109} INFO - [2023-03-12 14:54:00,100] {dagbag.py:500} INFO - Filling up the DagBag from /home/airflow/.local/lib/python3.7/site-packages/airflow/example_dags/example_branch_labels.py
[2023-03-12 14:54:00,199] {processor.py:654} INFO - DAG(s) dict_keys(['example_branch_labels']) retrieved from /home/airflow/.local/lib/python3.7/site-packages/airflow/example_dags/example_branch_labels.py
[2023-03-12 14:54:00,286] {logging_mixin.py:109} INFO - [2023-03-12 14:54:00,285] {dag.py:2396} INFO - Sync 1 DAGs
[2023-03-12 14:54:00,355] {logging_mixin.py:109} INFO - [2023-03-12 14:54:00,354] {dag.py:2935} INFO - Setting next_dagrun for example_branch_labels to 2023-03-11 00:00:00+00:00
[2023-03-12 14:54:00,383] {processor.py:171} INFO - Processing /home/airflow/.local/lib/python3.7/site-packages/airflow/example_dags/example_branch_labels.py took 0.302 seconds
[2023-03-12 14:54:31,025] {processor.py:163} INFO - Started process (PID=7508) to work on /home/airflow/.local/lib/python3.7/site-packages/airflow/example_dags/example_branch_labels.py
[2023-03-12 14:54:31,031] {processor.py:642} INFO - Processing file /home/airflow/.local/lib/python3.7/site-packages/airflow/example_dags/example_branch_labels.py for tasks to queue
[2023-03-12 14:54:31,035] {logging_mixin.py:109} INFO - [2023-03-12 14:54:31,035] {dagbag.py:500} INFO - Filling up the DagBag from /home/airflow/.local/lib/python3.7/site-packages/airflow/example_dags/example_branch_labels.py
[2023-03-12 14:54:31,112] {processor.py:654} INFO - DAG(s) dict_keys(['example_branch_labels']) retrieved from /home/airflow/.local/lib/python3.7/site-packages/airflow/example_dags/example_branch_labels.py
[2023-03-12 14:54:31,150] {logging_mixin.py:109} INFO - [2023-03-12 14:54:31,149] {dag.py:2396} INFO - Sync 1 DAGs
[2023-03-12 14:54:31,205] {logging_mixin.py:109} INFO - [2023-03-12 14:54:31,205] {dag.py:2935} INFO - Setting next_dagrun for example_branch_labels to 2023-03-11 00:00:00+00:00
[2023-03-12 14:54:31,228] {processor.py:171} INFO - Processing /home/airflow/.local/lib/python3.7/site-packages/airflow/example_dags/example_branch_labels.py took 0.211 seconds
[2023-03-12 14:55:01,502] {processor.py:163} INFO - Started process (PID=7727) to work on /home/airflow/.local/lib/python3.7/site-packages/airflow/example_dags/example_branch_labels.py
[2023-03-12 14:55:01,508] {processor.py:642} INFO - Processing file /home/airflow/.local/lib/python3.7/site-packages/airflow/example_dags/example_branch_labels.py for tasks to queue
[2023-03-12 14:55:01,512] {logging_mixin.py:109} INFO - [2023-03-12 14:55:01,512] {dagbag.py:500} INFO - Filling up the DagBag from /home/airflow/.local/lib/python3.7/site-packages/airflow/example_dags/example_branch_labels.py
[2023-03-12 14:55:01,648] {processor.py:654} INFO - DAG(s) dict_keys(['example_branch_labels']) retrieved from /home/airflow/.local/lib/python3.7/site-packages/airflow/example_dags/example_branch_labels.py
[2023-03-12 14:55:01,703] {logging_mixin.py:109} INFO - [2023-03-12 14:55:01,703] {dag.py:2396} INFO - Sync 1 DAGs
[2023-03-12 14:55:01,772] {logging_mixin.py:109} INFO - [2023-03-12 14:55:01,771] {dag.py:2935} INFO - Setting next_dagrun for example_branch_labels to 2023-03-11 00:00:00+00:00
[2023-03-12 14:55:01,814] {processor.py:171} INFO - Processing /home/airflow/.local/lib/python3.7/site-packages/airflow/example_dags/example_branch_labels.py took 0.321 seconds
[2023-03-12 14:55:32,110] {processor.py:163} INFO - Started process (PID=7931) to work on /home/airflow/.local/lib/python3.7/site-packages/airflow/example_dags/example_branch_labels.py
[2023-03-12 14:55:32,117] {processor.py:642} INFO - Processing file /home/airflow/.local/lib/python3.7/site-packages/airflow/example_dags/example_branch_labels.py for tasks to queue
[2023-03-12 14:55:32,121] {logging_mixin.py:109} INFO - [2023-03-12 14:55:32,120] {dagbag.py:500} INFO - Filling up the DagBag from /home/airflow/.local/lib/python3.7/site-packages/airflow/example_dags/example_branch_labels.py
[2023-03-12 14:55:32,197] {processor.py:654} INFO - DAG(s) dict_keys(['example_branch_labels']) retrieved from /home/airflow/.local/lib/python3.7/site-packages/airflow/example_dags/example_branch_labels.py
[2023-03-12 14:55:32,234] {logging_mixin.py:109} INFO - [2023-03-12 14:55:32,233] {dag.py:2396} INFO - Sync 1 DAGs
[2023-03-12 14:55:32,288] {logging_mixin.py:109} INFO - [2023-03-12 14:55:32,287] {dag.py:2935} INFO - Setting next_dagrun for example_branch_labels to 2023-03-11 00:00:00+00:00
[2023-03-12 14:55:32,310] {processor.py:171} INFO - Processing /home/airflow/.local/lib/python3.7/site-packages/airflow/example_dags/example_branch_labels.py took 0.212 seconds
[2023-03-12 14:56:02,409] {processor.py:163} INFO - Started process (PID=8155) to work on /home/airflow/.local/lib/python3.7/site-packages/airflow/example_dags/example_branch_labels.py
[2023-03-12 14:56:02,415] {processor.py:642} INFO - Processing file /home/airflow/.local/lib/python3.7/site-packages/airflow/example_dags/example_branch_labels.py for tasks to queue
[2023-03-12 14:56:02,418] {logging_mixin.py:109} INFO - [2023-03-12 14:56:02,418] {dagbag.py:500} INFO - Filling up the DagBag from /home/airflow/.local/lib/python3.7/site-packages/airflow/example_dags/example_branch_labels.py
[2023-03-12 14:56:02,488] {processor.py:654} INFO - DAG(s) dict_keys(['example_branch_labels']) retrieved from /home/airflow/.local/lib/python3.7/site-packages/airflow/example_dags/example_branch_labels.py
[2023-03-12 14:56:02,526] {logging_mixin.py:109} INFO - [2023-03-12 14:56:02,526] {dag.py:2396} INFO - Sync 1 DAGs
[2023-03-12 14:56:02,585] {logging_mixin.py:109} INFO - [2023-03-12 14:56:02,584] {dag.py:2935} INFO - Setting next_dagrun for example_branch_labels to 2023-03-11 00:00:00+00:00
[2023-03-12 14:56:02,609] {processor.py:171} INFO - Processing /home/airflow/.local/lib/python3.7/site-packages/airflow/example_dags/example_branch_labels.py took 0.208 seconds
[2023-03-12 14:56:33,428] {processor.py:163} INFO - Started process (PID=8362) to work on /home/airflow/.local/lib/python3.7/site-packages/airflow/example_dags/example_branch_labels.py
[2023-03-12 14:56:33,434] {processor.py:642} INFO - Processing file /home/airflow/.local/lib/python3.7/site-packages/airflow/example_dags/example_branch_labels.py for tasks to queue
[2023-03-12 14:56:33,437] {logging_mixin.py:109} INFO - [2023-03-12 14:56:33,437] {dagbag.py:500} INFO - Filling up the DagBag from /home/airflow/.local/lib/python3.7/site-packages/airflow/example_dags/example_branch_labels.py
[2023-03-12 14:56:33,499] {processor.py:654} INFO - DAG(s) dict_keys(['example_branch_labels']) retrieved from /home/airflow/.local/lib/python3.7/site-packages/airflow/example_dags/example_branch_labels.py
[2023-03-12 14:56:33,532] {logging_mixin.py:109} INFO - [2023-03-12 14:56:33,532] {dag.py:2396} INFO - Sync 1 DAGs
[2023-03-12 14:56:33,584] {logging_mixin.py:109} INFO - [2023-03-12 14:56:33,583] {dag.py:2935} INFO - Setting next_dagrun for example_branch_labels to 2023-03-11 00:00:00+00:00
[2023-03-12 14:56:33,606] {processor.py:171} INFO - Processing /home/airflow/.local/lib/python3.7/site-packages/airflow/example_dags/example_branch_labels.py took 0.186 seconds
[2023-03-12 14:57:04,072] {processor.py:163} INFO - Started process (PID=8585) to work on /home/airflow/.local/lib/python3.7/site-packages/airflow/example_dags/example_branch_labels.py
[2023-03-12 14:57:04,079] {processor.py:642} INFO - Processing file /home/airflow/.local/lib/python3.7/site-packages/airflow/example_dags/example_branch_labels.py for tasks to queue
[2023-03-12 14:57:04,082] {logging_mixin.py:109} INFO - [2023-03-12 14:57:04,081] {dagbag.py:500} INFO - Filling up the DagBag from /home/airflow/.local/lib/python3.7/site-packages/airflow/example_dags/example_branch_labels.py
[2023-03-12 14:57:04,232] {processor.py:654} INFO - DAG(s) dict_keys(['example_branch_labels']) retrieved from /home/airflow/.local/lib/python3.7/site-packages/airflow/example_dags/example_branch_labels.py
[2023-03-12 14:57:04,285] {logging_mixin.py:109} INFO - [2023-03-12 14:57:04,284] {dag.py:2396} INFO - Sync 1 DAGs
[2023-03-12 14:57:04,351] {logging_mixin.py:109} INFO - [2023-03-12 14:57:04,350] {dag.py:2935} INFO - Setting next_dagrun for example_branch_labels to 2023-03-11 00:00:00+00:00
[2023-03-12 14:57:04,384] {processor.py:171} INFO - Processing /home/airflow/.local/lib/python3.7/site-packages/airflow/example_dags/example_branch_labels.py took 0.320 seconds
[2023-03-12 14:57:34,499] {processor.py:163} INFO - Started process (PID=8803) to work on /home/airflow/.local/lib/python3.7/site-packages/airflow/example_dags/example_branch_labels.py
[2023-03-12 14:57:34,507] {processor.py:642} INFO - Processing file /home/airflow/.local/lib/python3.7/site-packages/airflow/example_dags/example_branch_labels.py for tasks to queue
[2023-03-12 14:57:34,513] {logging_mixin.py:109} INFO - [2023-03-12 14:57:34,512] {dagbag.py:500} INFO - Filling up the DagBag from /home/airflow/.local/lib/python3.7/site-packages/airflow/example_dags/example_branch_labels.py
[2023-03-12 14:57:34,661] {processor.py:654} INFO - DAG(s) dict_keys(['example_branch_labels']) retrieved from /home/airflow/.local/lib/python3.7/site-packages/airflow/example_dags/example_branch_labels.py
[2023-03-12 14:57:34,748] {logging_mixin.py:109} INFO - [2023-03-12 14:57:34,747] {dag.py:2396} INFO - Sync 1 DAGs
[2023-03-12 14:57:34,858] {logging_mixin.py:109} INFO - [2023-03-12 14:57:34,857] {dag.py:2935} INFO - Setting next_dagrun for example_branch_labels to 2023-03-11 00:00:00+00:00
[2023-03-12 14:57:34,912] {processor.py:171} INFO - Processing /home/airflow/.local/lib/python3.7/site-packages/airflow/example_dags/example_branch_labels.py took 0.424 seconds
[2023-03-12 14:58:05,159] {processor.py:163} INFO - Started process (PID=9017) to work on /home/airflow/.local/lib/python3.7/site-packages/airflow/example_dags/example_branch_labels.py
[2023-03-12 14:58:05,170] {processor.py:642} INFO - Processing file /home/airflow/.local/lib/python3.7/site-packages/airflow/example_dags/example_branch_labels.py for tasks to queue
[2023-03-12 14:58:05,174] {logging_mixin.py:109} INFO - [2023-03-12 14:58:05,174] {dagbag.py:500} INFO - Filling up the DagBag from /home/airflow/.local/lib/python3.7/site-packages/airflow/example_dags/example_branch_labels.py
[2023-03-12 14:58:05,247] {processor.py:654} INFO - DAG(s) dict_keys(['example_branch_labels']) retrieved from /home/airflow/.local/lib/python3.7/site-packages/airflow/example_dags/example_branch_labels.py
[2023-03-12 14:58:05,417] {logging_mixin.py:109} INFO - [2023-03-12 14:58:05,416] {dag.py:2396} INFO - Sync 1 DAGs
[2023-03-12 14:58:05,495] {logging_mixin.py:109} INFO - [2023-03-12 14:58:05,494] {dag.py:2935} INFO - Setting next_dagrun for example_branch_labels to 2023-03-11 00:00:00+00:00
[2023-03-12 14:58:05,540] {processor.py:171} INFO - Processing /home/airflow/.local/lib/python3.7/site-packages/airflow/example_dags/example_branch_labels.py took 0.394 seconds
[2023-03-12 14:58:35,863] {processor.py:163} INFO - Started process (PID=9229) to work on /home/airflow/.local/lib/python3.7/site-packages/airflow/example_dags/example_branch_labels.py
[2023-03-12 14:58:35,869] {processor.py:642} INFO - Processing file /home/airflow/.local/lib/python3.7/site-packages/airflow/example_dags/example_branch_labels.py for tasks to queue
[2023-03-12 14:58:35,873] {logging_mixin.py:109} INFO - [2023-03-12 14:58:35,873] {dagbag.py:500} INFO - Filling up the DagBag from /home/airflow/.local/lib/python3.7/site-packages/airflow/example_dags/example_branch_labels.py
[2023-03-12 14:58:35,970] {processor.py:654} INFO - DAG(s) dict_keys(['example_branch_labels']) retrieved from /home/airflow/.local/lib/python3.7/site-packages/airflow/example_dags/example_branch_labels.py
[2023-03-12 14:58:36,023] {logging_mixin.py:109} INFO - [2023-03-12 14:58:36,022] {dag.py:2396} INFO - Sync 1 DAGs
[2023-03-12 14:58:36,173] {logging_mixin.py:109} INFO - [2023-03-12 14:58:36,172] {dag.py:2935} INFO - Setting next_dagrun for example_branch_labels to 2023-03-11 00:00:00+00:00
[2023-03-12 14:58:36,202] {processor.py:171} INFO - Processing /home/airflow/.local/lib/python3.7/site-packages/airflow/example_dags/example_branch_labels.py took 0.346 seconds
