[2023-03-12 14:26:28,402] {processor.py:163} INFO - Started process (PID=499) to work on /home/airflow/.local/lib/python3.7/site-packages/airflow/example_dags/example_kubernetes_executor.py
[2023-03-12 14:26:28,407] {processor.py:642} INFO - Processing file /home/airflow/.local/lib/python3.7/site-packages/airflow/example_dags/example_kubernetes_executor.py for tasks to queue
[2023-03-12 14:26:28,412] {logging_mixin.py:109} INFO - [2023-03-12 14:26:28,411] {dagbag.py:500} INFO - Filling up the DagBag from /home/airflow/.local/lib/python3.7/site-packages/airflow/example_dags/example_kubernetes_executor.py
[2023-03-12 14:26:28,566] {processor.py:654} INFO - DAG(s) dict_keys(['example_kubernetes_executor']) retrieved from /home/airflow/.local/lib/python3.7/site-packages/airflow/example_dags/example_kubernetes_executor.py
[2023-03-12 14:26:39,781] {logging_mixin.py:109} INFO - [2023-03-12 14:26:39,780] {manager.py:496} INFO - Created Permission View: can edit on DAG:example_kubernetes_executor
[2023-03-12 14:26:39,880] {logging_mixin.py:109} INFO - [2023-03-12 14:26:39,879] {manager.py:496} INFO - Created Permission View: can read on DAG:example_kubernetes_executor
[2023-03-12 14:26:39,884] {logging_mixin.py:109} INFO - [2023-03-12 14:26:39,883] {dag.py:2396} INFO - Sync 1 DAGs
[2023-03-12 14:26:39,920] {logging_mixin.py:109} INFO - [2023-03-12 14:26:39,919] {dag.py:2415} INFO - Creating ORM DAG for example_kubernetes_executor
[2023-03-12 14:26:39,951] {logging_mixin.py:109} INFO - [2023-03-12 14:26:39,951] {dag.py:2935} INFO - Setting next_dagrun for example_kubernetes_executor to None
[2023-03-12 14:26:40,001] {processor.py:171} INFO - Processing /home/airflow/.local/lib/python3.7/site-packages/airflow/example_dags/example_kubernetes_executor.py took 11.608 seconds
[2023-03-12 14:29:02,091] {processor.py:163} INFO - Started process (PID=916) to work on /home/airflow/.local/lib/python3.7/site-packages/airflow/example_dags/example_kubernetes_executor.py
[2023-03-12 14:29:02,097] {processor.py:642} INFO - Processing file /home/airflow/.local/lib/python3.7/site-packages/airflow/example_dags/example_kubernetes_executor.py for tasks to queue
[2023-03-12 14:29:02,101] {logging_mixin.py:109} INFO - [2023-03-12 14:29:02,101] {dagbag.py:500} INFO - Filling up the DagBag from /home/airflow/.local/lib/python3.7/site-packages/airflow/example_dags/example_kubernetes_executor.py
[2023-03-12 14:29:02,213] {processor.py:654} INFO - DAG(s) dict_keys(['example_kubernetes_executor']) retrieved from /home/airflow/.local/lib/python3.7/site-packages/airflow/example_dags/example_kubernetes_executor.py
[2023-03-12 14:29:02,271] {logging_mixin.py:109} INFO - [2023-03-12 14:29:02,270] {dag.py:2396} INFO - Sync 1 DAGs
[2023-03-12 14:29:02,442] {logging_mixin.py:109} INFO - [2023-03-12 14:29:02,442] {dag.py:2935} INFO - Setting next_dagrun for example_kubernetes_executor to None
[2023-03-12 14:29:02,509] {processor.py:171} INFO - Processing /home/airflow/.local/lib/python3.7/site-packages/airflow/example_dags/example_kubernetes_executor.py took 0.428 seconds
[2023-03-12 14:38:32,039] {processor.py:163} INFO - Started process (PID=1016) to work on /home/airflow/.local/lib/python3.7/site-packages/airflow/example_dags/example_kubernetes_executor.py
[2023-03-12 14:38:32,067] {processor.py:642} INFO - Processing file /home/airflow/.local/lib/python3.7/site-packages/airflow/example_dags/example_kubernetes_executor.py for tasks to queue
[2023-03-12 14:38:32,079] {logging_mixin.py:109} INFO - [2023-03-12 14:38:32,078] {dagbag.py:500} INFO - Filling up the DagBag from /home/airflow/.local/lib/python3.7/site-packages/airflow/example_dags/example_kubernetes_executor.py
[2023-03-12 14:38:32,476] {processor.py:654} INFO - DAG(s) dict_keys(['example_kubernetes_executor']) retrieved from /home/airflow/.local/lib/python3.7/site-packages/airflow/example_dags/example_kubernetes_executor.py
[2023-03-12 14:38:32,611] {logging_mixin.py:109} INFO - [2023-03-12 14:38:32,608] {dag.py:2396} INFO - Sync 1 DAGs
[2023-03-12 14:38:32,756] {logging_mixin.py:109} INFO - [2023-03-12 14:38:32,755] {dag.py:2935} INFO - Setting next_dagrun for example_kubernetes_executor to None
[2023-03-12 14:38:32,851] {processor.py:171} INFO - Processing /home/airflow/.local/lib/python3.7/site-packages/airflow/example_dags/example_kubernetes_executor.py took 0.879 seconds
[2023-03-12 14:39:03,131] {processor.py:163} INFO - Started process (PID=1224) to work on /home/airflow/.local/lib/python3.7/site-packages/airflow/example_dags/example_kubernetes_executor.py
[2023-03-12 14:39:03,150] {processor.py:642} INFO - Processing file /home/airflow/.local/lib/python3.7/site-packages/airflow/example_dags/example_kubernetes_executor.py for tasks to queue
[2023-03-12 14:39:03,154] {logging_mixin.py:109} INFO - [2023-03-12 14:39:03,154] {dagbag.py:500} INFO - Filling up the DagBag from /home/airflow/.local/lib/python3.7/site-packages/airflow/example_dags/example_kubernetes_executor.py
[2023-03-12 14:39:03,688] {processor.py:654} INFO - DAG(s) dict_keys(['example_kubernetes_executor']) retrieved from /home/airflow/.local/lib/python3.7/site-packages/airflow/example_dags/example_kubernetes_executor.py
[2023-03-12 14:39:04,017] {logging_mixin.py:109} INFO - [2023-03-12 14:39:04,016] {dag.py:2396} INFO - Sync 1 DAGs
[2023-03-12 14:39:04,300] {logging_mixin.py:109} INFO - [2023-03-12 14:39:04,300] {dag.py:2935} INFO - Setting next_dagrun for example_kubernetes_executor to None
[2023-03-12 14:39:04,413] {processor.py:171} INFO - Processing /home/airflow/.local/lib/python3.7/site-packages/airflow/example_dags/example_kubernetes_executor.py took 1.296 seconds
[2023-03-12 14:39:41,631] {processor.py:163} INFO - Started process (PID=1436) to work on /home/airflow/.local/lib/python3.7/site-packages/airflow/example_dags/example_kubernetes_executor.py
[2023-03-12 14:39:41,650] {processor.py:642} INFO - Processing file /home/airflow/.local/lib/python3.7/site-packages/airflow/example_dags/example_kubernetes_executor.py for tasks to queue
[2023-03-12 14:39:41,664] {logging_mixin.py:109} INFO - [2023-03-12 14:39:41,663] {dagbag.py:500} INFO - Filling up the DagBag from /home/airflow/.local/lib/python3.7/site-packages/airflow/example_dags/example_kubernetes_executor.py
[2023-03-12 14:39:42,180] {processor.py:654} INFO - DAG(s) dict_keys(['example_kubernetes_executor']) retrieved from /home/airflow/.local/lib/python3.7/site-packages/airflow/example_dags/example_kubernetes_executor.py
[2023-03-12 14:39:42,376] {logging_mixin.py:109} INFO - [2023-03-12 14:39:42,375] {dag.py:2396} INFO - Sync 1 DAGs
[2023-03-12 14:39:42,629] {logging_mixin.py:109} INFO - [2023-03-12 14:39:42,628] {dag.py:2935} INFO - Setting next_dagrun for example_kubernetes_executor to None
[2023-03-12 14:39:42,836] {processor.py:171} INFO - Processing /home/airflow/.local/lib/python3.7/site-packages/airflow/example_dags/example_kubernetes_executor.py took 1.236 seconds
[2023-03-12 14:40:13,403] {processor.py:163} INFO - Started process (PID=1656) to work on /home/airflow/.local/lib/python3.7/site-packages/airflow/example_dags/example_kubernetes_executor.py
[2023-03-12 14:40:13,408] {processor.py:642} INFO - Processing file /home/airflow/.local/lib/python3.7/site-packages/airflow/example_dags/example_kubernetes_executor.py for tasks to queue
[2023-03-12 14:40:13,412] {logging_mixin.py:109} INFO - [2023-03-12 14:40:13,412] {dagbag.py:500} INFO - Filling up the DagBag from /home/airflow/.local/lib/python3.7/site-packages/airflow/example_dags/example_kubernetes_executor.py
[2023-03-12 14:40:13,673] {processor.py:654} INFO - DAG(s) dict_keys(['example_kubernetes_executor']) retrieved from /home/airflow/.local/lib/python3.7/site-packages/airflow/example_dags/example_kubernetes_executor.py
[2023-03-12 14:40:13,807] {logging_mixin.py:109} INFO - [2023-03-12 14:40:13,806] {dag.py:2396} INFO - Sync 1 DAGs
[2023-03-12 14:40:13,975] {logging_mixin.py:109} INFO - [2023-03-12 14:40:13,974] {dag.py:2935} INFO - Setting next_dagrun for example_kubernetes_executor to None
[2023-03-12 14:40:14,053] {processor.py:171} INFO - Processing /home/airflow/.local/lib/python3.7/site-packages/airflow/example_dags/example_kubernetes_executor.py took 0.669 seconds
[2023-03-12 14:40:46,632] {processor.py:163} INFO - Started process (PID=1868) to work on /home/airflow/.local/lib/python3.7/site-packages/airflow/example_dags/example_kubernetes_executor.py
[2023-03-12 14:40:46,665] {processor.py:642} INFO - Processing file /home/airflow/.local/lib/python3.7/site-packages/airflow/example_dags/example_kubernetes_executor.py for tasks to queue
[2023-03-12 14:40:46,672] {logging_mixin.py:109} INFO - [2023-03-12 14:40:46,672] {dagbag.py:500} INFO - Filling up the DagBag from /home/airflow/.local/lib/python3.7/site-packages/airflow/example_dags/example_kubernetes_executor.py
[2023-03-12 14:40:46,878] {processor.py:654} INFO - DAG(s) dict_keys(['example_kubernetes_executor']) retrieved from /home/airflow/.local/lib/python3.7/site-packages/airflow/example_dags/example_kubernetes_executor.py
[2023-03-12 14:40:46,953] {logging_mixin.py:109} INFO - [2023-03-12 14:40:46,952] {dag.py:2396} INFO - Sync 1 DAGs
[2023-03-12 14:40:47,032] {logging_mixin.py:109} INFO - [2023-03-12 14:40:47,031] {dag.py:2935} INFO - Setting next_dagrun for example_kubernetes_executor to None
[2023-03-12 14:40:47,079] {processor.py:171} INFO - Processing /home/airflow/.local/lib/python3.7/site-packages/airflow/example_dags/example_kubernetes_executor.py took 0.455 seconds
[2023-03-12 14:41:17,763] {processor.py:163} INFO - Started process (PID=2025) to work on /home/airflow/.local/lib/python3.7/site-packages/airflow/example_dags/example_kubernetes_executor.py
[2023-03-12 14:41:17,783] {processor.py:642} INFO - Processing file /home/airflow/.local/lib/python3.7/site-packages/airflow/example_dags/example_kubernetes_executor.py for tasks to queue
[2023-03-12 14:41:17,822] {logging_mixin.py:109} INFO - [2023-03-12 14:41:17,821] {dagbag.py:500} INFO - Filling up the DagBag from /home/airflow/.local/lib/python3.7/site-packages/airflow/example_dags/example_kubernetes_executor.py
[2023-03-12 14:41:18,204] {processor.py:654} INFO - DAG(s) dict_keys(['example_kubernetes_executor']) retrieved from /home/airflow/.local/lib/python3.7/site-packages/airflow/example_dags/example_kubernetes_executor.py
[2023-03-12 14:41:18,298] {logging_mixin.py:109} INFO - [2023-03-12 14:41:18,297] {dag.py:2396} INFO - Sync 1 DAGs
[2023-03-12 14:41:18,452] {logging_mixin.py:109} INFO - [2023-03-12 14:41:18,451] {dag.py:2935} INFO - Setting next_dagrun for example_kubernetes_executor to None
[2023-03-12 14:41:18,508] {processor.py:171} INFO - Processing /home/airflow/.local/lib/python3.7/site-packages/airflow/example_dags/example_kubernetes_executor.py took 0.761 seconds
[2023-03-12 14:42:01,675] {processor.py:163} INFO - Started process (PID=2263) to work on /home/airflow/.local/lib/python3.7/site-packages/airflow/example_dags/example_kubernetes_executor.py
[2023-03-12 14:42:01,696] {processor.py:642} INFO - Processing file /home/airflow/.local/lib/python3.7/site-packages/airflow/example_dags/example_kubernetes_executor.py for tasks to queue
[2023-03-12 14:42:01,710] {logging_mixin.py:109} INFO - [2023-03-12 14:42:01,706] {dagbag.py:500} INFO - Filling up the DagBag from /home/airflow/.local/lib/python3.7/site-packages/airflow/example_dags/example_kubernetes_executor.py
[2023-03-12 14:42:02,017] {processor.py:654} INFO - DAG(s) dict_keys(['example_kubernetes_executor']) retrieved from /home/airflow/.local/lib/python3.7/site-packages/airflow/example_dags/example_kubernetes_executor.py
[2023-03-12 14:42:02,246] {logging_mixin.py:109} INFO - [2023-03-12 14:42:02,246] {dag.py:2396} INFO - Sync 1 DAGs
[2023-03-12 14:42:02,431] {logging_mixin.py:109} INFO - [2023-03-12 14:42:02,431] {dag.py:2935} INFO - Setting next_dagrun for example_kubernetes_executor to None
[2023-03-12 14:42:02,552] {processor.py:171} INFO - Processing /home/airflow/.local/lib/python3.7/site-packages/airflow/example_dags/example_kubernetes_executor.py took 0.885 seconds
[2023-03-12 14:42:33,164] {processor.py:163} INFO - Started process (PID=2493) to work on /home/airflow/.local/lib/python3.7/site-packages/airflow/example_dags/example_kubernetes_executor.py
[2023-03-12 14:42:33,171] {processor.py:642} INFO - Processing file /home/airflow/.local/lib/python3.7/site-packages/airflow/example_dags/example_kubernetes_executor.py for tasks to queue
[2023-03-12 14:42:33,185] {logging_mixin.py:109} INFO - [2023-03-12 14:42:33,185] {dagbag.py:500} INFO - Filling up the DagBag from /home/airflow/.local/lib/python3.7/site-packages/airflow/example_dags/example_kubernetes_executor.py
[2023-03-12 14:42:33,274] {processor.py:654} INFO - DAG(s) dict_keys(['example_kubernetes_executor']) retrieved from /home/airflow/.local/lib/python3.7/site-packages/airflow/example_dags/example_kubernetes_executor.py
[2023-03-12 14:42:33,319] {logging_mixin.py:109} INFO - [2023-03-12 14:42:33,318] {dag.py:2396} INFO - Sync 1 DAGs
[2023-03-12 14:42:33,374] {logging_mixin.py:109} INFO - [2023-03-12 14:42:33,373] {dag.py:2935} INFO - Setting next_dagrun for example_kubernetes_executor to None
[2023-03-12 14:42:33,401] {processor.py:171} INFO - Processing /home/airflow/.local/lib/python3.7/site-packages/airflow/example_dags/example_kubernetes_executor.py took 0.243 seconds
[2023-03-12 14:43:03,796] {processor.py:163} INFO - Started process (PID=2705) to work on /home/airflow/.local/lib/python3.7/site-packages/airflow/example_dags/example_kubernetes_executor.py
[2023-03-12 14:43:03,802] {processor.py:642} INFO - Processing file /home/airflow/.local/lib/python3.7/site-packages/airflow/example_dags/example_kubernetes_executor.py for tasks to queue
[2023-03-12 14:43:03,810] {logging_mixin.py:109} INFO - [2023-03-12 14:43:03,809] {dagbag.py:500} INFO - Filling up the DagBag from /home/airflow/.local/lib/python3.7/site-packages/airflow/example_dags/example_kubernetes_executor.py
[2023-03-12 14:43:03,931] {processor.py:654} INFO - DAG(s) dict_keys(['example_kubernetes_executor']) retrieved from /home/airflow/.local/lib/python3.7/site-packages/airflow/example_dags/example_kubernetes_executor.py
[2023-03-12 14:43:03,998] {logging_mixin.py:109} INFO - [2023-03-12 14:43:03,998] {dag.py:2396} INFO - Sync 1 DAGs
[2023-03-12 14:43:04,130] {logging_mixin.py:109} INFO - [2023-03-12 14:43:04,130] {dag.py:2935} INFO - Setting next_dagrun for example_kubernetes_executor to None
[2023-03-12 14:43:04,355] {processor.py:171} INFO - Processing /home/airflow/.local/lib/python3.7/site-packages/airflow/example_dags/example_kubernetes_executor.py took 0.579 seconds
[2023-03-12 14:43:34,526] {processor.py:163} INFO - Started process (PID=2917) to work on /home/airflow/.local/lib/python3.7/site-packages/airflow/example_dags/example_kubernetes_executor.py
[2023-03-12 14:43:34,534] {processor.py:642} INFO - Processing file /home/airflow/.local/lib/python3.7/site-packages/airflow/example_dags/example_kubernetes_executor.py for tasks to queue
[2023-03-12 14:43:34,539] {logging_mixin.py:109} INFO - [2023-03-12 14:43:34,539] {dagbag.py:500} INFO - Filling up the DagBag from /home/airflow/.local/lib/python3.7/site-packages/airflow/example_dags/example_kubernetes_executor.py
[2023-03-12 14:43:34,742] {processor.py:654} INFO - DAG(s) dict_keys(['example_kubernetes_executor']) retrieved from /home/airflow/.local/lib/python3.7/site-packages/airflow/example_dags/example_kubernetes_executor.py
[2023-03-12 14:43:34,804] {logging_mixin.py:109} INFO - [2023-03-12 14:43:34,803] {dag.py:2396} INFO - Sync 1 DAGs
[2023-03-12 14:43:34,884] {logging_mixin.py:109} INFO - [2023-03-12 14:43:34,882] {dag.py:2935} INFO - Setting next_dagrun for example_kubernetes_executor to None
[2023-03-12 14:43:34,925] {processor.py:171} INFO - Processing /home/airflow/.local/lib/python3.7/site-packages/airflow/example_dags/example_kubernetes_executor.py took 0.410 seconds
[2023-03-12 14:44:05,056] {processor.py:163} INFO - Started process (PID=3127) to work on /home/airflow/.local/lib/python3.7/site-packages/airflow/example_dags/example_kubernetes_executor.py
[2023-03-12 14:44:05,067] {processor.py:642} INFO - Processing file /home/airflow/.local/lib/python3.7/site-packages/airflow/example_dags/example_kubernetes_executor.py for tasks to queue
[2023-03-12 14:44:05,074] {logging_mixin.py:109} INFO - [2023-03-12 14:44:05,074] {dagbag.py:500} INFO - Filling up the DagBag from /home/airflow/.local/lib/python3.7/site-packages/airflow/example_dags/example_kubernetes_executor.py
[2023-03-12 14:44:05,381] {processor.py:654} INFO - DAG(s) dict_keys(['example_kubernetes_executor']) retrieved from /home/airflow/.local/lib/python3.7/site-packages/airflow/example_dags/example_kubernetes_executor.py
[2023-03-12 14:44:05,463] {logging_mixin.py:109} INFO - [2023-03-12 14:44:05,462] {dag.py:2396} INFO - Sync 1 DAGs
[2023-03-12 14:44:05,531] {logging_mixin.py:109} INFO - [2023-03-12 14:44:05,530] {dag.py:2935} INFO - Setting next_dagrun for example_kubernetes_executor to None
[2023-03-12 14:44:05,565] {processor.py:171} INFO - Processing /home/airflow/.local/lib/python3.7/site-packages/airflow/example_dags/example_kubernetes_executor.py took 0.539 seconds
[2023-03-12 14:44:36,591] {processor.py:163} INFO - Started process (PID=3351) to work on /home/airflow/.local/lib/python3.7/site-packages/airflow/example_dags/example_kubernetes_executor.py
[2023-03-12 14:44:36,596] {processor.py:642} INFO - Processing file /home/airflow/.local/lib/python3.7/site-packages/airflow/example_dags/example_kubernetes_executor.py for tasks to queue
[2023-03-12 14:44:36,599] {logging_mixin.py:109} INFO - [2023-03-12 14:44:36,599] {dagbag.py:500} INFO - Filling up the DagBag from /home/airflow/.local/lib/python3.7/site-packages/airflow/example_dags/example_kubernetes_executor.py
[2023-03-12 14:44:36,720] {processor.py:654} INFO - DAG(s) dict_keys(['example_kubernetes_executor']) retrieved from /home/airflow/.local/lib/python3.7/site-packages/airflow/example_dags/example_kubernetes_executor.py
[2023-03-12 14:44:36,844] {logging_mixin.py:109} INFO - [2023-03-12 14:44:36,844] {dag.py:2396} INFO - Sync 1 DAGs
[2023-03-12 14:44:36,954] {logging_mixin.py:109} INFO - [2023-03-12 14:44:36,954] {dag.py:2935} INFO - Setting next_dagrun for example_kubernetes_executor to None
[2023-03-12 14:44:36,993] {processor.py:171} INFO - Processing /home/airflow/.local/lib/python3.7/site-packages/airflow/example_dags/example_kubernetes_executor.py took 0.411 seconds
[2023-03-12 14:45:07,326] {processor.py:163} INFO - Started process (PID=3559) to work on /home/airflow/.local/lib/python3.7/site-packages/airflow/example_dags/example_kubernetes_executor.py
[2023-03-12 14:45:07,332] {processor.py:642} INFO - Processing file /home/airflow/.local/lib/python3.7/site-packages/airflow/example_dags/example_kubernetes_executor.py for tasks to queue
[2023-03-12 14:45:07,336] {logging_mixin.py:109} INFO - [2023-03-12 14:45:07,336] {dagbag.py:500} INFO - Filling up the DagBag from /home/airflow/.local/lib/python3.7/site-packages/airflow/example_dags/example_kubernetes_executor.py
[2023-03-12 14:45:07,472] {processor.py:654} INFO - DAG(s) dict_keys(['example_kubernetes_executor']) retrieved from /home/airflow/.local/lib/python3.7/site-packages/airflow/example_dags/example_kubernetes_executor.py
[2023-03-12 14:45:07,657] {logging_mixin.py:109} INFO - [2023-03-12 14:45:07,656] {dag.py:2396} INFO - Sync 1 DAGs
[2023-03-12 14:45:07,766] {logging_mixin.py:109} INFO - [2023-03-12 14:45:07,764] {dag.py:2935} INFO - Setting next_dagrun for example_kubernetes_executor to None
[2023-03-12 14:45:07,833] {processor.py:171} INFO - Processing /home/airflow/.local/lib/python3.7/site-packages/airflow/example_dags/example_kubernetes_executor.py took 0.521 seconds
[2023-03-12 14:45:38,324] {processor.py:163} INFO - Started process (PID=3783) to work on /home/airflow/.local/lib/python3.7/site-packages/airflow/example_dags/example_kubernetes_executor.py
[2023-03-12 14:45:38,331] {processor.py:642} INFO - Processing file /home/airflow/.local/lib/python3.7/site-packages/airflow/example_dags/example_kubernetes_executor.py for tasks to queue
[2023-03-12 14:45:38,346] {logging_mixin.py:109} INFO - [2023-03-12 14:45:38,344] {dagbag.py:500} INFO - Filling up the DagBag from /home/airflow/.local/lib/python3.7/site-packages/airflow/example_dags/example_kubernetes_executor.py
[2023-03-12 14:45:38,677] {processor.py:654} INFO - DAG(s) dict_keys(['example_kubernetes_executor']) retrieved from /home/airflow/.local/lib/python3.7/site-packages/airflow/example_dags/example_kubernetes_executor.py
[2023-03-12 14:45:38,867] {logging_mixin.py:109} INFO - [2023-03-12 14:45:38,867] {dag.py:2396} INFO - Sync 1 DAGs
[2023-03-12 14:45:39,051] {logging_mixin.py:109} INFO - [2023-03-12 14:45:39,048] {dag.py:2935} INFO - Setting next_dagrun for example_kubernetes_executor to None
[2023-03-12 14:45:39,121] {processor.py:171} INFO - Processing /home/airflow/.local/lib/python3.7/site-packages/airflow/example_dags/example_kubernetes_executor.py took 0.814 seconds
[2023-03-12 14:46:09,421] {processor.py:163} INFO - Started process (PID=3990) to work on /home/airflow/.local/lib/python3.7/site-packages/airflow/example_dags/example_kubernetes_executor.py
[2023-03-12 14:46:09,449] {processor.py:642} INFO - Processing file /home/airflow/.local/lib/python3.7/site-packages/airflow/example_dags/example_kubernetes_executor.py for tasks to queue
[2023-03-12 14:46:09,454] {logging_mixin.py:109} INFO - [2023-03-12 14:46:09,453] {dagbag.py:500} INFO - Filling up the DagBag from /home/airflow/.local/lib/python3.7/site-packages/airflow/example_dags/example_kubernetes_executor.py
[2023-03-12 14:46:09,624] {processor.py:654} INFO - DAG(s) dict_keys(['example_kubernetes_executor']) retrieved from /home/airflow/.local/lib/python3.7/site-packages/airflow/example_dags/example_kubernetes_executor.py
[2023-03-12 14:46:09,752] {logging_mixin.py:109} INFO - [2023-03-12 14:46:09,751] {dag.py:2396} INFO - Sync 1 DAGs
[2023-03-12 14:46:09,829] {logging_mixin.py:109} INFO - [2023-03-12 14:46:09,828] {dag.py:2935} INFO - Setting next_dagrun for example_kubernetes_executor to None
[2023-03-12 14:46:09,868] {processor.py:171} INFO - Processing /home/airflow/.local/lib/python3.7/site-packages/airflow/example_dags/example_kubernetes_executor.py took 0.465 seconds
[2023-03-12 14:46:40,433] {processor.py:163} INFO - Started process (PID=4214) to work on /home/airflow/.local/lib/python3.7/site-packages/airflow/example_dags/example_kubernetes_executor.py
[2023-03-12 14:46:40,440] {processor.py:642} INFO - Processing file /home/airflow/.local/lib/python3.7/site-packages/airflow/example_dags/example_kubernetes_executor.py for tasks to queue
[2023-03-12 14:46:40,455] {logging_mixin.py:109} INFO - [2023-03-12 14:46:40,454] {dagbag.py:500} INFO - Filling up the DagBag from /home/airflow/.local/lib/python3.7/site-packages/airflow/example_dags/example_kubernetes_executor.py
[2023-03-12 14:46:40,689] {processor.py:654} INFO - DAG(s) dict_keys(['example_kubernetes_executor']) retrieved from /home/airflow/.local/lib/python3.7/site-packages/airflow/example_dags/example_kubernetes_executor.py
[2023-03-12 14:46:40,777] {logging_mixin.py:109} INFO - [2023-03-12 14:46:40,776] {dag.py:2396} INFO - Sync 1 DAGs
[2023-03-12 14:46:40,848] {logging_mixin.py:109} INFO - [2023-03-12 14:46:40,847] {dag.py:2935} INFO - Setting next_dagrun for example_kubernetes_executor to None
[2023-03-12 14:46:40,883] {processor.py:171} INFO - Processing /home/airflow/.local/lib/python3.7/site-packages/airflow/example_dags/example_kubernetes_executor.py took 0.461 seconds
[2023-03-12 14:47:11,198] {processor.py:163} INFO - Started process (PID=4420) to work on /home/airflow/.local/lib/python3.7/site-packages/airflow/example_dags/example_kubernetes_executor.py
[2023-03-12 14:47:11,203] {processor.py:642} INFO - Processing file /home/airflow/.local/lib/python3.7/site-packages/airflow/example_dags/example_kubernetes_executor.py for tasks to queue
[2023-03-12 14:47:11,206] {logging_mixin.py:109} INFO - [2023-03-12 14:47:11,206] {dagbag.py:500} INFO - Filling up the DagBag from /home/airflow/.local/lib/python3.7/site-packages/airflow/example_dags/example_kubernetes_executor.py
[2023-03-12 14:47:11,328] {processor.py:654} INFO - DAG(s) dict_keys(['example_kubernetes_executor']) retrieved from /home/airflow/.local/lib/python3.7/site-packages/airflow/example_dags/example_kubernetes_executor.py
[2023-03-12 14:47:11,380] {logging_mixin.py:109} INFO - [2023-03-12 14:47:11,379] {dag.py:2396} INFO - Sync 1 DAGs
[2023-03-12 14:47:11,432] {logging_mixin.py:109} INFO - [2023-03-12 14:47:11,431] {dag.py:2935} INFO - Setting next_dagrun for example_kubernetes_executor to None
[2023-03-12 14:47:11,477] {processor.py:171} INFO - Processing /home/airflow/.local/lib/python3.7/site-packages/airflow/example_dags/example_kubernetes_executor.py took 0.286 seconds
[2023-03-12 14:47:42,163] {processor.py:163} INFO - Started process (PID=4641) to work on /home/airflow/.local/lib/python3.7/site-packages/airflow/example_dags/example_kubernetes_executor.py
[2023-03-12 14:47:42,170] {processor.py:642} INFO - Processing file /home/airflow/.local/lib/python3.7/site-packages/airflow/example_dags/example_kubernetes_executor.py for tasks to queue
[2023-03-12 14:47:42,175] {logging_mixin.py:109} INFO - [2023-03-12 14:47:42,175] {dagbag.py:500} INFO - Filling up the DagBag from /home/airflow/.local/lib/python3.7/site-packages/airflow/example_dags/example_kubernetes_executor.py
[2023-03-12 14:47:42,405] {processor.py:654} INFO - DAG(s) dict_keys(['example_kubernetes_executor']) retrieved from /home/airflow/.local/lib/python3.7/site-packages/airflow/example_dags/example_kubernetes_executor.py
[2023-03-12 14:47:42,466] {logging_mixin.py:109} INFO - [2023-03-12 14:47:42,466] {dag.py:2396} INFO - Sync 1 DAGs
[2023-03-12 14:47:42,525] {logging_mixin.py:109} INFO - [2023-03-12 14:47:42,525] {dag.py:2935} INFO - Setting next_dagrun for example_kubernetes_executor to None
[2023-03-12 14:47:42,556] {processor.py:171} INFO - Processing /home/airflow/.local/lib/python3.7/site-packages/airflow/example_dags/example_kubernetes_executor.py took 0.407 seconds
[2023-03-12 14:48:13,282] {processor.py:163} INFO - Started process (PID=4848) to work on /home/airflow/.local/lib/python3.7/site-packages/airflow/example_dags/example_kubernetes_executor.py
[2023-03-12 14:48:13,288] {processor.py:642} INFO - Processing file /home/airflow/.local/lib/python3.7/site-packages/airflow/example_dags/example_kubernetes_executor.py for tasks to queue
[2023-03-12 14:48:13,291] {logging_mixin.py:109} INFO - [2023-03-12 14:48:13,290] {dagbag.py:500} INFO - Filling up the DagBag from /home/airflow/.local/lib/python3.7/site-packages/airflow/example_dags/example_kubernetes_executor.py
[2023-03-12 14:48:13,393] {processor.py:654} INFO - DAG(s) dict_keys(['example_kubernetes_executor']) retrieved from /home/airflow/.local/lib/python3.7/site-packages/airflow/example_dags/example_kubernetes_executor.py
[2023-03-12 14:48:13,441] {logging_mixin.py:109} INFO - [2023-03-12 14:48:13,440] {dag.py:2396} INFO - Sync 1 DAGs
[2023-03-12 14:48:13,491] {logging_mixin.py:109} INFO - [2023-03-12 14:48:13,491] {dag.py:2935} INFO - Setting next_dagrun for example_kubernetes_executor to None
[2023-03-12 14:48:13,519] {processor.py:171} INFO - Processing /home/airflow/.local/lib/python3.7/site-packages/airflow/example_dags/example_kubernetes_executor.py took 0.246 seconds
[2023-03-12 14:48:44,134] {processor.py:163} INFO - Started process (PID=5071) to work on /home/airflow/.local/lib/python3.7/site-packages/airflow/example_dags/example_kubernetes_executor.py
[2023-03-12 14:48:44,139] {processor.py:642} INFO - Processing file /home/airflow/.local/lib/python3.7/site-packages/airflow/example_dags/example_kubernetes_executor.py for tasks to queue
[2023-03-12 14:48:44,178] {logging_mixin.py:109} INFO - [2023-03-12 14:48:44,177] {dagbag.py:500} INFO - Filling up the DagBag from /home/airflow/.local/lib/python3.7/site-packages/airflow/example_dags/example_kubernetes_executor.py
[2023-03-12 14:48:44,398] {processor.py:654} INFO - DAG(s) dict_keys(['example_kubernetes_executor']) retrieved from /home/airflow/.local/lib/python3.7/site-packages/airflow/example_dags/example_kubernetes_executor.py
[2023-03-12 14:48:44,466] {logging_mixin.py:109} INFO - [2023-03-12 14:48:44,465] {dag.py:2396} INFO - Sync 1 DAGs
[2023-03-12 14:48:44,529] {logging_mixin.py:109} INFO - [2023-03-12 14:48:44,529] {dag.py:2935} INFO - Setting next_dagrun for example_kubernetes_executor to None
[2023-03-12 14:48:44,561] {processor.py:171} INFO - Processing /home/airflow/.local/lib/python3.7/site-packages/airflow/example_dags/example_kubernetes_executor.py took 0.437 seconds
[2023-03-12 14:49:15,060] {processor.py:163} INFO - Started process (PID=5290) to work on /home/airflow/.local/lib/python3.7/site-packages/airflow/example_dags/example_kubernetes_executor.py
[2023-03-12 14:49:15,066] {processor.py:642} INFO - Processing file /home/airflow/.local/lib/python3.7/site-packages/airflow/example_dags/example_kubernetes_executor.py for tasks to queue
[2023-03-12 14:49:15,078] {logging_mixin.py:109} INFO - [2023-03-12 14:49:15,077] {dagbag.py:500} INFO - Filling up the DagBag from /home/airflow/.local/lib/python3.7/site-packages/airflow/example_dags/example_kubernetes_executor.py
[2023-03-12 14:49:15,280] {processor.py:654} INFO - DAG(s) dict_keys(['example_kubernetes_executor']) retrieved from /home/airflow/.local/lib/python3.7/site-packages/airflow/example_dags/example_kubernetes_executor.py
[2023-03-12 14:49:15,350] {logging_mixin.py:109} INFO - [2023-03-12 14:49:15,350] {dag.py:2396} INFO - Sync 1 DAGs
[2023-03-12 14:49:15,423] {logging_mixin.py:109} INFO - [2023-03-12 14:49:15,423] {dag.py:2935} INFO - Setting next_dagrun for example_kubernetes_executor to None
[2023-03-12 14:49:15,514] {processor.py:171} INFO - Processing /home/airflow/.local/lib/python3.7/site-packages/airflow/example_dags/example_kubernetes_executor.py took 0.465 seconds
[2023-03-12 14:49:45,683] {processor.py:163} INFO - Started process (PID=5504) to work on /home/airflow/.local/lib/python3.7/site-packages/airflow/example_dags/example_kubernetes_executor.py
[2023-03-12 14:49:45,697] {processor.py:642} INFO - Processing file /home/airflow/.local/lib/python3.7/site-packages/airflow/example_dags/example_kubernetes_executor.py for tasks to queue
[2023-03-12 14:49:45,710] {logging_mixin.py:109} INFO - [2023-03-12 14:49:45,710] {dagbag.py:500} INFO - Filling up the DagBag from /home/airflow/.local/lib/python3.7/site-packages/airflow/example_dags/example_kubernetes_executor.py
[2023-03-12 14:49:45,875] {processor.py:654} INFO - DAG(s) dict_keys(['example_kubernetes_executor']) retrieved from /home/airflow/.local/lib/python3.7/site-packages/airflow/example_dags/example_kubernetes_executor.py
[2023-03-12 14:49:45,981] {logging_mixin.py:109} INFO - [2023-03-12 14:49:45,980] {dag.py:2396} INFO - Sync 1 DAGs
[2023-03-12 14:49:46,059] {logging_mixin.py:109} INFO - [2023-03-12 14:49:46,059] {dag.py:2935} INFO - Setting next_dagrun for example_kubernetes_executor to None
[2023-03-12 14:49:46,119] {processor.py:171} INFO - Processing /home/airflow/.local/lib/python3.7/site-packages/airflow/example_dags/example_kubernetes_executor.py took 0.446 seconds
[2023-03-12 14:50:16,399] {processor.py:163} INFO - Started process (PID=5726) to work on /home/airflow/.local/lib/python3.7/site-packages/airflow/example_dags/example_kubernetes_executor.py
[2023-03-12 14:50:16,410] {processor.py:642} INFO - Processing file /home/airflow/.local/lib/python3.7/site-packages/airflow/example_dags/example_kubernetes_executor.py for tasks to queue
[2023-03-12 14:50:16,419] {logging_mixin.py:109} INFO - [2023-03-12 14:50:16,418] {dagbag.py:500} INFO - Filling up the DagBag from /home/airflow/.local/lib/python3.7/site-packages/airflow/example_dags/example_kubernetes_executor.py
[2023-03-12 14:50:16,539] {processor.py:654} INFO - DAG(s) dict_keys(['example_kubernetes_executor']) retrieved from /home/airflow/.local/lib/python3.7/site-packages/airflow/example_dags/example_kubernetes_executor.py
[2023-03-12 14:50:16,594] {logging_mixin.py:109} INFO - [2023-03-12 14:50:16,594] {dag.py:2396} INFO - Sync 1 DAGs
[2023-03-12 14:50:16,653] {logging_mixin.py:109} INFO - [2023-03-12 14:50:16,653] {dag.py:2935} INFO - Setting next_dagrun for example_kubernetes_executor to None
[2023-03-12 14:50:16,692] {processor.py:171} INFO - Processing /home/airflow/.local/lib/python3.7/site-packages/airflow/example_dags/example_kubernetes_executor.py took 0.307 seconds
[2023-03-12 14:50:47,265] {processor.py:163} INFO - Started process (PID=5935) to work on /home/airflow/.local/lib/python3.7/site-packages/airflow/example_dags/example_kubernetes_executor.py
[2023-03-12 14:50:47,275] {processor.py:642} INFO - Processing file /home/airflow/.local/lib/python3.7/site-packages/airflow/example_dags/example_kubernetes_executor.py for tasks to queue
[2023-03-12 14:50:47,290] {logging_mixin.py:109} INFO - [2023-03-12 14:50:47,290] {dagbag.py:500} INFO - Filling up the DagBag from /home/airflow/.local/lib/python3.7/site-packages/airflow/example_dags/example_kubernetes_executor.py
[2023-03-12 14:50:47,536] {processor.py:654} INFO - DAG(s) dict_keys(['example_kubernetes_executor']) retrieved from /home/airflow/.local/lib/python3.7/site-packages/airflow/example_dags/example_kubernetes_executor.py
[2023-03-12 14:50:47,804] {logging_mixin.py:109} INFO - [2023-03-12 14:50:47,803] {dag.py:2396} INFO - Sync 1 DAGs
[2023-03-12 14:50:47,938] {logging_mixin.py:109} INFO - [2023-03-12 14:50:47,937] {dag.py:2935} INFO - Setting next_dagrun for example_kubernetes_executor to None
[2023-03-12 14:50:47,982] {processor.py:171} INFO - Processing /home/airflow/.local/lib/python3.7/site-packages/airflow/example_dags/example_kubernetes_executor.py took 0.728 seconds
[2023-03-12 14:51:18,370] {processor.py:163} INFO - Started process (PID=6151) to work on /home/airflow/.local/lib/python3.7/site-packages/airflow/example_dags/example_kubernetes_executor.py
[2023-03-12 14:51:18,376] {processor.py:642} INFO - Processing file /home/airflow/.local/lib/python3.7/site-packages/airflow/example_dags/example_kubernetes_executor.py for tasks to queue
[2023-03-12 14:51:18,380] {logging_mixin.py:109} INFO - [2023-03-12 14:51:18,379] {dagbag.py:500} INFO - Filling up the DagBag from /home/airflow/.local/lib/python3.7/site-packages/airflow/example_dags/example_kubernetes_executor.py
[2023-03-12 14:51:18,494] {processor.py:654} INFO - DAG(s) dict_keys(['example_kubernetes_executor']) retrieved from /home/airflow/.local/lib/python3.7/site-packages/airflow/example_dags/example_kubernetes_executor.py
[2023-03-12 14:51:18,573] {logging_mixin.py:109} INFO - [2023-03-12 14:51:18,572] {dag.py:2396} INFO - Sync 1 DAGs
[2023-03-12 14:51:18,697] {logging_mixin.py:109} INFO - [2023-03-12 14:51:18,697] {dag.py:2935} INFO - Setting next_dagrun for example_kubernetes_executor to None
[2023-03-12 14:51:18,791] {processor.py:171} INFO - Processing /home/airflow/.local/lib/python3.7/site-packages/airflow/example_dags/example_kubernetes_executor.py took 0.431 seconds
[2023-03-12 14:51:49,084] {processor.py:163} INFO - Started process (PID=6355) to work on /home/airflow/.local/lib/python3.7/site-packages/airflow/example_dags/example_kubernetes_executor.py
[2023-03-12 14:51:49,090] {processor.py:642} INFO - Processing file /home/airflow/.local/lib/python3.7/site-packages/airflow/example_dags/example_kubernetes_executor.py for tasks to queue
[2023-03-12 14:51:49,099] {logging_mixin.py:109} INFO - [2023-03-12 14:51:49,098] {dagbag.py:500} INFO - Filling up the DagBag from /home/airflow/.local/lib/python3.7/site-packages/airflow/example_dags/example_kubernetes_executor.py
[2023-03-12 14:51:49,252] {processor.py:654} INFO - DAG(s) dict_keys(['example_kubernetes_executor']) retrieved from /home/airflow/.local/lib/python3.7/site-packages/airflow/example_dags/example_kubernetes_executor.py
[2023-03-12 14:51:49,301] {logging_mixin.py:109} INFO - [2023-03-12 14:51:49,301] {dag.py:2396} INFO - Sync 1 DAGs
[2023-03-12 14:51:49,346] {logging_mixin.py:109} INFO - [2023-03-12 14:51:49,346] {dag.py:2935} INFO - Setting next_dagrun for example_kubernetes_executor to None
[2023-03-12 14:51:49,381] {processor.py:171} INFO - Processing /home/airflow/.local/lib/python3.7/site-packages/airflow/example_dags/example_kubernetes_executor.py took 0.310 seconds
[2023-03-12 14:52:19,633] {processor.py:163} INFO - Started process (PID=6579) to work on /home/airflow/.local/lib/python3.7/site-packages/airflow/example_dags/example_kubernetes_executor.py
[2023-03-12 14:52:19,639] {processor.py:642} INFO - Processing file /home/airflow/.local/lib/python3.7/site-packages/airflow/example_dags/example_kubernetes_executor.py for tasks to queue
[2023-03-12 14:52:19,644] {logging_mixin.py:109} INFO - [2023-03-12 14:52:19,644] {dagbag.py:500} INFO - Filling up the DagBag from /home/airflow/.local/lib/python3.7/site-packages/airflow/example_dags/example_kubernetes_executor.py
[2023-03-12 14:52:19,777] {processor.py:654} INFO - DAG(s) dict_keys(['example_kubernetes_executor']) retrieved from /home/airflow/.local/lib/python3.7/site-packages/airflow/example_dags/example_kubernetes_executor.py
[2023-03-12 14:52:19,842] {logging_mixin.py:109} INFO - [2023-03-12 14:52:19,841] {dag.py:2396} INFO - Sync 1 DAGs
[2023-03-12 14:52:19,896] {logging_mixin.py:109} INFO - [2023-03-12 14:52:19,896] {dag.py:2935} INFO - Setting next_dagrun for example_kubernetes_executor to None
[2023-03-12 14:52:19,933] {processor.py:171} INFO - Processing /home/airflow/.local/lib/python3.7/site-packages/airflow/example_dags/example_kubernetes_executor.py took 0.317 seconds
[2023-03-12 14:52:50,624] {processor.py:163} INFO - Started process (PID=6787) to work on /home/airflow/.local/lib/python3.7/site-packages/airflow/example_dags/example_kubernetes_executor.py
[2023-03-12 14:52:50,631] {processor.py:642} INFO - Processing file /home/airflow/.local/lib/python3.7/site-packages/airflow/example_dags/example_kubernetes_executor.py for tasks to queue
[2023-03-12 14:52:50,635] {logging_mixin.py:109} INFO - [2023-03-12 14:52:50,634] {dagbag.py:500} INFO - Filling up the DagBag from /home/airflow/.local/lib/python3.7/site-packages/airflow/example_dags/example_kubernetes_executor.py
[2023-03-12 14:52:50,752] {processor.py:654} INFO - DAG(s) dict_keys(['example_kubernetes_executor']) retrieved from /home/airflow/.local/lib/python3.7/site-packages/airflow/example_dags/example_kubernetes_executor.py
[2023-03-12 14:52:50,811] {logging_mixin.py:109} INFO - [2023-03-12 14:52:50,810] {dag.py:2396} INFO - Sync 1 DAGs
[2023-03-12 14:52:50,889] {logging_mixin.py:109} INFO - [2023-03-12 14:52:50,889] {dag.py:2935} INFO - Setting next_dagrun for example_kubernetes_executor to None
[2023-03-12 14:52:50,950] {processor.py:171} INFO - Processing /home/airflow/.local/lib/python3.7/site-packages/airflow/example_dags/example_kubernetes_executor.py took 0.335 seconds
[2023-03-12 14:53:21,607] {processor.py:163} INFO - Started process (PID=7012) to work on /home/airflow/.local/lib/python3.7/site-packages/airflow/example_dags/example_kubernetes_executor.py
[2023-03-12 14:53:21,612] {processor.py:642} INFO - Processing file /home/airflow/.local/lib/python3.7/site-packages/airflow/example_dags/example_kubernetes_executor.py for tasks to queue
[2023-03-12 14:53:21,618] {logging_mixin.py:109} INFO - [2023-03-12 14:53:21,618] {dagbag.py:500} INFO - Filling up the DagBag from /home/airflow/.local/lib/python3.7/site-packages/airflow/example_dags/example_kubernetes_executor.py
[2023-03-12 14:53:21,728] {processor.py:654} INFO - DAG(s) dict_keys(['example_kubernetes_executor']) retrieved from /home/airflow/.local/lib/python3.7/site-packages/airflow/example_dags/example_kubernetes_executor.py
[2023-03-12 14:53:21,784] {logging_mixin.py:109} INFO - [2023-03-12 14:53:21,783] {dag.py:2396} INFO - Sync 1 DAGs
[2023-03-12 14:53:21,872] {logging_mixin.py:109} INFO - [2023-03-12 14:53:21,871] {dag.py:2935} INFO - Setting next_dagrun for example_kubernetes_executor to None
[2023-03-12 14:53:21,913] {processor.py:171} INFO - Processing /home/airflow/.local/lib/python3.7/site-packages/airflow/example_dags/example_kubernetes_executor.py took 0.314 seconds
[2023-03-12 14:53:52,457] {processor.py:163} INFO - Started process (PID=7220) to work on /home/airflow/.local/lib/python3.7/site-packages/airflow/example_dags/example_kubernetes_executor.py
[2023-03-12 14:53:52,462] {processor.py:642} INFO - Processing file /home/airflow/.local/lib/python3.7/site-packages/airflow/example_dags/example_kubernetes_executor.py for tasks to queue
[2023-03-12 14:53:52,465] {logging_mixin.py:109} INFO - [2023-03-12 14:53:52,465] {dagbag.py:500} INFO - Filling up the DagBag from /home/airflow/.local/lib/python3.7/site-packages/airflow/example_dags/example_kubernetes_executor.py
[2023-03-12 14:53:52,559] {processor.py:654} INFO - DAG(s) dict_keys(['example_kubernetes_executor']) retrieved from /home/airflow/.local/lib/python3.7/site-packages/airflow/example_dags/example_kubernetes_executor.py
[2023-03-12 14:53:52,606] {logging_mixin.py:109} INFO - [2023-03-12 14:53:52,605] {dag.py:2396} INFO - Sync 1 DAGs
[2023-03-12 14:53:52,651] {logging_mixin.py:109} INFO - [2023-03-12 14:53:52,651] {dag.py:2935} INFO - Setting next_dagrun for example_kubernetes_executor to None
[2023-03-12 14:53:52,681] {processor.py:171} INFO - Processing /home/airflow/.local/lib/python3.7/site-packages/airflow/example_dags/example_kubernetes_executor.py took 0.233 seconds
[2023-03-12 14:54:22,939] {processor.py:163} INFO - Started process (PID=7442) to work on /home/airflow/.local/lib/python3.7/site-packages/airflow/example_dags/example_kubernetes_executor.py
[2023-03-12 14:54:22,955] {processor.py:642} INFO - Processing file /home/airflow/.local/lib/python3.7/site-packages/airflow/example_dags/example_kubernetes_executor.py for tasks to queue
[2023-03-12 14:54:22,971] {logging_mixin.py:109} INFO - [2023-03-12 14:54:22,970] {dagbag.py:500} INFO - Filling up the DagBag from /home/airflow/.local/lib/python3.7/site-packages/airflow/example_dags/example_kubernetes_executor.py
[2023-03-12 14:54:23,099] {processor.py:654} INFO - DAG(s) dict_keys(['example_kubernetes_executor']) retrieved from /home/airflow/.local/lib/python3.7/site-packages/airflow/example_dags/example_kubernetes_executor.py
[2023-03-12 14:54:23,154] {logging_mixin.py:109} INFO - [2023-03-12 14:54:23,154] {dag.py:2396} INFO - Sync 1 DAGs
[2023-03-12 14:54:23,222] {logging_mixin.py:109} INFO - [2023-03-12 14:54:23,221] {dag.py:2935} INFO - Setting next_dagrun for example_kubernetes_executor to None
[2023-03-12 14:54:23,318] {processor.py:171} INFO - Processing /home/airflow/.local/lib/python3.7/site-packages/airflow/example_dags/example_kubernetes_executor.py took 0.386 seconds
[2023-03-12 14:54:53,579] {processor.py:163} INFO - Started process (PID=7647) to work on /home/airflow/.local/lib/python3.7/site-packages/airflow/example_dags/example_kubernetes_executor.py
[2023-03-12 14:54:53,583] {processor.py:642} INFO - Processing file /home/airflow/.local/lib/python3.7/site-packages/airflow/example_dags/example_kubernetes_executor.py for tasks to queue
[2023-03-12 14:54:53,586] {logging_mixin.py:109} INFO - [2023-03-12 14:54:53,586] {dagbag.py:500} INFO - Filling up the DagBag from /home/airflow/.local/lib/python3.7/site-packages/airflow/example_dags/example_kubernetes_executor.py
[2023-03-12 14:54:53,674] {processor.py:654} INFO - DAG(s) dict_keys(['example_kubernetes_executor']) retrieved from /home/airflow/.local/lib/python3.7/site-packages/airflow/example_dags/example_kubernetes_executor.py
[2023-03-12 14:54:53,726] {logging_mixin.py:109} INFO - [2023-03-12 14:54:53,726] {dag.py:2396} INFO - Sync 1 DAGs
[2023-03-12 14:54:53,779] {logging_mixin.py:109} INFO - [2023-03-12 14:54:53,779] {dag.py:2935} INFO - Setting next_dagrun for example_kubernetes_executor to None
[2023-03-12 14:54:53,805] {processor.py:171} INFO - Processing /home/airflow/.local/lib/python3.7/site-packages/airflow/example_dags/example_kubernetes_executor.py took 0.234 seconds
[2023-03-12 14:55:24,327] {processor.py:163} INFO - Started process (PID=7871) to work on /home/airflow/.local/lib/python3.7/site-packages/airflow/example_dags/example_kubernetes_executor.py
[2023-03-12 14:55:24,332] {processor.py:642} INFO - Processing file /home/airflow/.local/lib/python3.7/site-packages/airflow/example_dags/example_kubernetes_executor.py for tasks to queue
[2023-03-12 14:55:24,335] {logging_mixin.py:109} INFO - [2023-03-12 14:55:24,335] {dagbag.py:500} INFO - Filling up the DagBag from /home/airflow/.local/lib/python3.7/site-packages/airflow/example_dags/example_kubernetes_executor.py
[2023-03-12 14:55:24,472] {processor.py:654} INFO - DAG(s) dict_keys(['example_kubernetes_executor']) retrieved from /home/airflow/.local/lib/python3.7/site-packages/airflow/example_dags/example_kubernetes_executor.py
[2023-03-12 14:55:24,531] {logging_mixin.py:109} INFO - [2023-03-12 14:55:24,530] {dag.py:2396} INFO - Sync 1 DAGs
[2023-03-12 14:55:24,590] {logging_mixin.py:109} INFO - [2023-03-12 14:55:24,590] {dag.py:2935} INFO - Setting next_dagrun for example_kubernetes_executor to None
[2023-03-12 14:55:24,625] {processor.py:171} INFO - Processing /home/airflow/.local/lib/python3.7/site-packages/airflow/example_dags/example_kubernetes_executor.py took 0.307 seconds
[2023-03-12 14:55:54,891] {processor.py:163} INFO - Started process (PID=8087) to work on /home/airflow/.local/lib/python3.7/site-packages/airflow/example_dags/example_kubernetes_executor.py
[2023-03-12 14:55:54,945] {processor.py:642} INFO - Processing file /home/airflow/.local/lib/python3.7/site-packages/airflow/example_dags/example_kubernetes_executor.py for tasks to queue
[2023-03-12 14:55:54,950] {logging_mixin.py:109} INFO - [2023-03-12 14:55:54,950] {dagbag.py:500} INFO - Filling up the DagBag from /home/airflow/.local/lib/python3.7/site-packages/airflow/example_dags/example_kubernetes_executor.py
[2023-03-12 14:55:55,074] {processor.py:654} INFO - DAG(s) dict_keys(['example_kubernetes_executor']) retrieved from /home/airflow/.local/lib/python3.7/site-packages/airflow/example_dags/example_kubernetes_executor.py
[2023-03-12 14:55:55,129] {logging_mixin.py:109} INFO - [2023-03-12 14:55:55,128] {dag.py:2396} INFO - Sync 1 DAGs
[2023-03-12 14:55:55,187] {logging_mixin.py:109} INFO - [2023-03-12 14:55:55,187] {dag.py:2935} INFO - Setting next_dagrun for example_kubernetes_executor to None
[2023-03-12 14:55:55,220] {processor.py:171} INFO - Processing /home/airflow/.local/lib/python3.7/site-packages/airflow/example_dags/example_kubernetes_executor.py took 0.340 seconds
[2023-03-12 14:56:25,670] {processor.py:163} INFO - Started process (PID=8296) to work on /home/airflow/.local/lib/python3.7/site-packages/airflow/example_dags/example_kubernetes_executor.py
[2023-03-12 14:56:25,679] {processor.py:642} INFO - Processing file /home/airflow/.local/lib/python3.7/site-packages/airflow/example_dags/example_kubernetes_executor.py for tasks to queue
[2023-03-12 14:56:25,684] {logging_mixin.py:109} INFO - [2023-03-12 14:56:25,684] {dagbag.py:500} INFO - Filling up the DagBag from /home/airflow/.local/lib/python3.7/site-packages/airflow/example_dags/example_kubernetes_executor.py
[2023-03-12 14:56:25,824] {processor.py:654} INFO - DAG(s) dict_keys(['example_kubernetes_executor']) retrieved from /home/airflow/.local/lib/python3.7/site-packages/airflow/example_dags/example_kubernetes_executor.py
[2023-03-12 14:56:25,891] {logging_mixin.py:109} INFO - [2023-03-12 14:56:25,890] {dag.py:2396} INFO - Sync 1 DAGs
[2023-03-12 14:56:25,977] {logging_mixin.py:109} INFO - [2023-03-12 14:56:25,976] {dag.py:2935} INFO - Setting next_dagrun for example_kubernetes_executor to None
[2023-03-12 14:56:26,008] {processor.py:171} INFO - Processing /home/airflow/.local/lib/python3.7/site-packages/airflow/example_dags/example_kubernetes_executor.py took 0.351 seconds
[2023-03-12 14:56:56,110] {processor.py:163} INFO - Started process (PID=8519) to work on /home/airflow/.local/lib/python3.7/site-packages/airflow/example_dags/example_kubernetes_executor.py
[2023-03-12 14:56:56,115] {processor.py:642} INFO - Processing file /home/airflow/.local/lib/python3.7/site-packages/airflow/example_dags/example_kubernetes_executor.py for tasks to queue
[2023-03-12 14:56:56,118] {logging_mixin.py:109} INFO - [2023-03-12 14:56:56,117] {dagbag.py:500} INFO - Filling up the DagBag from /home/airflow/.local/lib/python3.7/site-packages/airflow/example_dags/example_kubernetes_executor.py
[2023-03-12 14:56:56,219] {processor.py:654} INFO - DAG(s) dict_keys(['example_kubernetes_executor']) retrieved from /home/airflow/.local/lib/python3.7/site-packages/airflow/example_dags/example_kubernetes_executor.py
[2023-03-12 14:56:56,276] {logging_mixin.py:109} INFO - [2023-03-12 14:56:56,276] {dag.py:2396} INFO - Sync 1 DAGs
[2023-03-12 14:56:56,351] {logging_mixin.py:109} INFO - [2023-03-12 14:56:56,350] {dag.py:2935} INFO - Setting next_dagrun for example_kubernetes_executor to None
[2023-03-12 14:56:56,382] {processor.py:171} INFO - Processing /home/airflow/.local/lib/python3.7/site-packages/airflow/example_dags/example_kubernetes_executor.py took 0.279 seconds
[2023-03-12 14:57:26,724] {processor.py:163} INFO - Started process (PID=8721) to work on /home/airflow/.local/lib/python3.7/site-packages/airflow/example_dags/example_kubernetes_executor.py
[2023-03-12 14:57:26,729] {processor.py:642} INFO - Processing file /home/airflow/.local/lib/python3.7/site-packages/airflow/example_dags/example_kubernetes_executor.py for tasks to queue
[2023-03-12 14:57:26,736] {logging_mixin.py:109} INFO - [2023-03-12 14:57:26,735] {dagbag.py:500} INFO - Filling up the DagBag from /home/airflow/.local/lib/python3.7/site-packages/airflow/example_dags/example_kubernetes_executor.py
[2023-03-12 14:57:26,886] {processor.py:654} INFO - DAG(s) dict_keys(['example_kubernetes_executor']) retrieved from /home/airflow/.local/lib/python3.7/site-packages/airflow/example_dags/example_kubernetes_executor.py
[2023-03-12 14:57:26,960] {logging_mixin.py:109} INFO - [2023-03-12 14:57:26,959] {dag.py:2396} INFO - Sync 1 DAGs
[2023-03-12 14:57:27,026] {logging_mixin.py:109} INFO - [2023-03-12 14:57:27,025] {dag.py:2935} INFO - Setting next_dagrun for example_kubernetes_executor to None
[2023-03-12 14:57:27,058] {processor.py:171} INFO - Processing /home/airflow/.local/lib/python3.7/site-packages/airflow/example_dags/example_kubernetes_executor.py took 0.354 seconds
[2023-03-12 14:57:57,926] {processor.py:163} INFO - Started process (PID=8945) to work on /home/airflow/.local/lib/python3.7/site-packages/airflow/example_dags/example_kubernetes_executor.py
[2023-03-12 14:57:57,934] {processor.py:642} INFO - Processing file /home/airflow/.local/lib/python3.7/site-packages/airflow/example_dags/example_kubernetes_executor.py for tasks to queue
[2023-03-12 14:57:57,939] {logging_mixin.py:109} INFO - [2023-03-12 14:57:57,938] {dagbag.py:500} INFO - Filling up the DagBag from /home/airflow/.local/lib/python3.7/site-packages/airflow/example_dags/example_kubernetes_executor.py
[2023-03-12 14:57:58,059] {processor.py:654} INFO - DAG(s) dict_keys(['example_kubernetes_executor']) retrieved from /home/airflow/.local/lib/python3.7/site-packages/airflow/example_dags/example_kubernetes_executor.py
[2023-03-12 14:57:58,123] {logging_mixin.py:109} INFO - [2023-03-12 14:57:58,122] {dag.py:2396} INFO - Sync 1 DAGs
[2023-03-12 14:57:58,173] {logging_mixin.py:109} INFO - [2023-03-12 14:57:58,173] {dag.py:2935} INFO - Setting next_dagrun for example_kubernetes_executor to None
[2023-03-12 14:57:58,205] {processor.py:171} INFO - Processing /home/airflow/.local/lib/python3.7/site-packages/airflow/example_dags/example_kubernetes_executor.py took 0.295 seconds
[2023-03-12 14:58:28,833] {processor.py:163} INFO - Started process (PID=9153) to work on /home/airflow/.local/lib/python3.7/site-packages/airflow/example_dags/example_kubernetes_executor.py
[2023-03-12 14:58:28,838] {processor.py:642} INFO - Processing file /home/airflow/.local/lib/python3.7/site-packages/airflow/example_dags/example_kubernetes_executor.py for tasks to queue
[2023-03-12 14:58:28,841] {logging_mixin.py:109} INFO - [2023-03-12 14:58:28,841] {dagbag.py:500} INFO - Filling up the DagBag from /home/airflow/.local/lib/python3.7/site-packages/airflow/example_dags/example_kubernetes_executor.py
[2023-03-12 14:58:28,961] {processor.py:654} INFO - DAG(s) dict_keys(['example_kubernetes_executor']) retrieved from /home/airflow/.local/lib/python3.7/site-packages/airflow/example_dags/example_kubernetes_executor.py
[2023-03-12 14:58:29,008] {logging_mixin.py:109} INFO - [2023-03-12 14:58:29,007] {dag.py:2396} INFO - Sync 1 DAGs
[2023-03-12 14:58:29,061] {logging_mixin.py:109} INFO - [2023-03-12 14:58:29,061] {dag.py:2935} INFO - Setting next_dagrun for example_kubernetes_executor to None
[2023-03-12 14:58:29,091] {processor.py:171} INFO - Processing /home/airflow/.local/lib/python3.7/site-packages/airflow/example_dags/example_kubernetes_executor.py took 0.266 seconds
