[2023-03-12 14:28:04,917] {processor.py:163} INFO - Started process (PID=761) to work on /home/airflow/.local/lib/python3.7/site-packages/airflow/example_dags/example_complex.py
[2023-03-12 14:28:04,922] {processor.py:642} INFO - Processing file /home/airflow/.local/lib/python3.7/site-packages/airflow/example_dags/example_complex.py for tasks to queue
[2023-03-12 14:28:04,926] {logging_mixin.py:109} INFO - [2023-03-12 14:28:04,925] {dagbag.py:500} INFO - Filling up the DagBag from /home/airflow/.local/lib/python3.7/site-packages/airflow/example_dags/example_complex.py
[2023-03-12 14:28:05,062] {processor.py:654} INFO - DAG(s) dict_keys(['example_complex']) retrieved from /home/airflow/.local/lib/python3.7/site-packages/airflow/example_dags/example_complex.py
[2023-03-12 14:28:14,739] {logging_mixin.py:109} INFO - [2023-03-12 14:28:14,738] {manager.py:496} INFO - Created Permission View: can edit on DAG:example_complex
[2023-03-12 14:28:14,771] {logging_mixin.py:109} INFO - [2023-03-12 14:28:14,771] {manager.py:496} INFO - Created Permission View: can read on DAG:example_complex
[2023-03-12 14:28:14,776] {logging_mixin.py:109} INFO - [2023-03-12 14:28:14,775] {dag.py:2396} INFO - Sync 1 DAGs
[2023-03-12 14:28:14,813] {logging_mixin.py:109} INFO - [2023-03-12 14:28:14,811] {dag.py:2415} INFO - Creating ORM DAG for example_complex
[2023-03-12 14:28:14,846] {logging_mixin.py:109} INFO - [2023-03-12 14:28:14,846] {dag.py:2935} INFO - Setting next_dagrun for example_complex to None
[2023-03-12 14:28:14,940] {processor.py:171} INFO - Processing /home/airflow/.local/lib/python3.7/site-packages/airflow/example_dags/example_complex.py took 10.031 seconds
[2023-03-12 14:38:48,691] {processor.py:163} INFO - Started process (PID=1130) to work on /home/airflow/.local/lib/python3.7/site-packages/airflow/example_dags/example_complex.py
[2023-03-12 14:38:48,705] {processor.py:642} INFO - Processing file /home/airflow/.local/lib/python3.7/site-packages/airflow/example_dags/example_complex.py for tasks to queue
[2023-03-12 14:38:48,728] {logging_mixin.py:109} INFO - [2023-03-12 14:38:48,714] {dagbag.py:500} INFO - Filling up the DagBag from /home/airflow/.local/lib/python3.7/site-packages/airflow/example_dags/example_complex.py
[2023-03-12 14:38:49,115] {processor.py:654} INFO - DAG(s) dict_keys(['example_complex']) retrieved from /home/airflow/.local/lib/python3.7/site-packages/airflow/example_dags/example_complex.py
[2023-03-12 14:38:49,427] {logging_mixin.py:109} INFO - [2023-03-12 14:38:49,426] {dag.py:2396} INFO - Sync 1 DAGs
[2023-03-12 14:38:49,565] {logging_mixin.py:109} INFO - [2023-03-12 14:38:49,564] {dag.py:2935} INFO - Setting next_dagrun for example_complex to None
[2023-03-12 14:38:49,660] {processor.py:171} INFO - Processing /home/airflow/.local/lib/python3.7/site-packages/airflow/example_dags/example_complex.py took 0.982 seconds
[2023-03-12 14:39:29,324] {processor.py:163} INFO - Started process (PID=1348) to work on /home/airflow/.local/lib/python3.7/site-packages/airflow/example_dags/example_complex.py
[2023-03-12 14:39:29,345] {processor.py:642} INFO - Processing file /home/airflow/.local/lib/python3.7/site-packages/airflow/example_dags/example_complex.py for tasks to queue
[2023-03-12 14:39:29,363] {logging_mixin.py:109} INFO - [2023-03-12 14:39:29,362] {dagbag.py:500} INFO - Filling up the DagBag from /home/airflow/.local/lib/python3.7/site-packages/airflow/example_dags/example_complex.py
[2023-03-12 14:39:29,978] {processor.py:654} INFO - DAG(s) dict_keys(['example_complex']) retrieved from /home/airflow/.local/lib/python3.7/site-packages/airflow/example_dags/example_complex.py
[2023-03-12 14:39:30,342] {logging_mixin.py:109} INFO - [2023-03-12 14:39:30,342] {dag.py:2396} INFO - Sync 1 DAGs
[2023-03-12 14:39:30,786] {logging_mixin.py:109} INFO - [2023-03-12 14:39:30,785] {dag.py:2935} INFO - Setting next_dagrun for example_complex to None
[2023-03-12 14:39:30,943] {processor.py:171} INFO - Processing /home/airflow/.local/lib/python3.7/site-packages/airflow/example_dags/example_complex.py took 1.653 seconds
[2023-03-12 14:40:07,003] {processor.py:163} INFO - Started process (PID=1584) to work on /home/airflow/.local/lib/python3.7/site-packages/airflow/example_dags/example_complex.py
[2023-03-12 14:40:07,011] {processor.py:642} INFO - Processing file /home/airflow/.local/lib/python3.7/site-packages/airflow/example_dags/example_complex.py for tasks to queue
[2023-03-12 14:40:07,025] {logging_mixin.py:109} INFO - [2023-03-12 14:40:07,024] {dagbag.py:500} INFO - Filling up the DagBag from /home/airflow/.local/lib/python3.7/site-packages/airflow/example_dags/example_complex.py
[2023-03-12 14:40:07,314] {processor.py:654} INFO - DAG(s) dict_keys(['example_complex']) retrieved from /home/airflow/.local/lib/python3.7/site-packages/airflow/example_dags/example_complex.py
[2023-03-12 14:40:07,545] {logging_mixin.py:109} INFO - [2023-03-12 14:40:07,544] {dag.py:2396} INFO - Sync 1 DAGs
[2023-03-12 14:40:07,644] {logging_mixin.py:109} INFO - [2023-03-12 14:40:07,644] {dag.py:2935} INFO - Setting next_dagrun for example_complex to None
[2023-03-12 14:40:07,692] {processor.py:171} INFO - Processing /home/airflow/.local/lib/python3.7/site-packages/airflow/example_dags/example_complex.py took 0.698 seconds
[2023-03-12 14:40:41,863] {processor.py:163} INFO - Started process (PID=1802) to work on /home/airflow/.local/lib/python3.7/site-packages/airflow/example_dags/example_complex.py
[2023-03-12 14:40:41,888] {processor.py:642} INFO - Processing file /home/airflow/.local/lib/python3.7/site-packages/airflow/example_dags/example_complex.py for tasks to queue
[2023-03-12 14:40:41,894] {logging_mixin.py:109} INFO - [2023-03-12 14:40:41,893] {dagbag.py:500} INFO - Filling up the DagBag from /home/airflow/.local/lib/python3.7/site-packages/airflow/example_dags/example_complex.py
[2023-03-12 14:40:42,122] {processor.py:654} INFO - DAG(s) dict_keys(['example_complex']) retrieved from /home/airflow/.local/lib/python3.7/site-packages/airflow/example_dags/example_complex.py
[2023-03-12 14:40:42,254] {logging_mixin.py:109} INFO - [2023-03-12 14:40:42,253] {dag.py:2396} INFO - Sync 1 DAGs
[2023-03-12 14:40:42,332] {logging_mixin.py:109} INFO - [2023-03-12 14:40:42,332] {dag.py:2935} INFO - Setting next_dagrun for example_complex to None
[2023-03-12 14:40:42,389] {processor.py:171} INFO - Processing /home/airflow/.local/lib/python3.7/site-packages/airflow/example_dags/example_complex.py took 0.540 seconds
[2023-03-12 14:41:17,050] {processor.py:163} INFO - Started process (PID=2019) to work on /home/airflow/.local/lib/python3.7/site-packages/airflow/example_dags/example_complex.py
[2023-03-12 14:41:17,062] {processor.py:642} INFO - Processing file /home/airflow/.local/lib/python3.7/site-packages/airflow/example_dags/example_complex.py for tasks to queue
[2023-03-12 14:41:17,085] {logging_mixin.py:109} INFO - [2023-03-12 14:41:17,074] {dagbag.py:500} INFO - Filling up the DagBag from /home/airflow/.local/lib/python3.7/site-packages/airflow/example_dags/example_complex.py
[2023-03-12 14:41:17,396] {processor.py:654} INFO - DAG(s) dict_keys(['example_complex']) retrieved from /home/airflow/.local/lib/python3.7/site-packages/airflow/example_dags/example_complex.py
[2023-03-12 14:41:17,501] {logging_mixin.py:109} INFO - [2023-03-12 14:41:17,501] {dag.py:2396} INFO - Sync 1 DAGs
[2023-03-12 14:41:17,659] {logging_mixin.py:109} INFO - [2023-03-12 14:41:17,658] {dag.py:2935} INFO - Setting next_dagrun for example_complex to None
[2023-03-12 14:41:17,735] {processor.py:171} INFO - Processing /home/airflow/.local/lib/python3.7/site-packages/airflow/example_dags/example_complex.py took 0.696 seconds
[2023-03-12 14:42:08,216] {processor.py:163} INFO - Started process (PID=2363) to work on /home/airflow/.local/lib/python3.7/site-packages/airflow/example_dags/example_complex.py
[2023-03-12 14:42:08,230] {processor.py:642} INFO - Processing file /home/airflow/.local/lib/python3.7/site-packages/airflow/example_dags/example_complex.py for tasks to queue
[2023-03-12 14:42:08,234] {logging_mixin.py:109} INFO - [2023-03-12 14:42:08,234] {dagbag.py:500} INFO - Filling up the DagBag from /home/airflow/.local/lib/python3.7/site-packages/airflow/example_dags/example_complex.py
[2023-03-12 14:42:08,507] {processor.py:654} INFO - DAG(s) dict_keys(['example_complex']) retrieved from /home/airflow/.local/lib/python3.7/site-packages/airflow/example_dags/example_complex.py
[2023-03-12 14:42:08,711] {logging_mixin.py:109} INFO - [2023-03-12 14:42:08,711] {dag.py:2396} INFO - Sync 1 DAGs
[2023-03-12 14:42:08,770] {logging_mixin.py:109} INFO - [2023-03-12 14:42:08,769] {dag.py:2935} INFO - Setting next_dagrun for example_complex to None
[2023-03-12 14:42:08,829] {processor.py:171} INFO - Processing /home/airflow/.local/lib/python3.7/site-packages/airflow/example_dags/example_complex.py took 0.632 seconds
[2023-03-12 14:42:39,505] {processor.py:163} INFO - Started process (PID=2583) to work on /home/airflow/.local/lib/python3.7/site-packages/airflow/example_dags/example_complex.py
[2023-03-12 14:42:39,510] {processor.py:642} INFO - Processing file /home/airflow/.local/lib/python3.7/site-packages/airflow/example_dags/example_complex.py for tasks to queue
[2023-03-12 14:42:39,513] {logging_mixin.py:109} INFO - [2023-03-12 14:42:39,513] {dagbag.py:500} INFO - Filling up the DagBag from /home/airflow/.local/lib/python3.7/site-packages/airflow/example_dags/example_complex.py
[2023-03-12 14:42:39,668] {processor.py:654} INFO - DAG(s) dict_keys(['example_complex']) retrieved from /home/airflow/.local/lib/python3.7/site-packages/airflow/example_dags/example_complex.py
[2023-03-12 14:42:39,779] {logging_mixin.py:109} INFO - [2023-03-12 14:42:39,779] {dag.py:2396} INFO - Sync 1 DAGs
[2023-03-12 14:42:39,838] {logging_mixin.py:109} INFO - [2023-03-12 14:42:39,838] {dag.py:2935} INFO - Setting next_dagrun for example_complex to None
[2023-03-12 14:42:39,867] {processor.py:171} INFO - Processing /home/airflow/.local/lib/python3.7/site-packages/airflow/example_dags/example_complex.py took 0.370 seconds
[2023-03-12 14:43:10,012] {processor.py:163} INFO - Started process (PID=2791) to work on /home/airflow/.local/lib/python3.7/site-packages/airflow/example_dags/example_complex.py
[2023-03-12 14:43:10,018] {processor.py:642} INFO - Processing file /home/airflow/.local/lib/python3.7/site-packages/airflow/example_dags/example_complex.py for tasks to queue
[2023-03-12 14:43:10,022] {logging_mixin.py:109} INFO - [2023-03-12 14:43:10,021] {dagbag.py:500} INFO - Filling up the DagBag from /home/airflow/.local/lib/python3.7/site-packages/airflow/example_dags/example_complex.py
[2023-03-12 14:43:10,159] {processor.py:654} INFO - DAG(s) dict_keys(['example_complex']) retrieved from /home/airflow/.local/lib/python3.7/site-packages/airflow/example_dags/example_complex.py
[2023-03-12 14:43:10,301] {logging_mixin.py:109} INFO - [2023-03-12 14:43:10,300] {dag.py:2396} INFO - Sync 1 DAGs
[2023-03-12 14:43:10,386] {logging_mixin.py:109} INFO - [2023-03-12 14:43:10,386] {dag.py:2935} INFO - Setting next_dagrun for example_complex to None
[2023-03-12 14:43:10,428] {processor.py:171} INFO - Processing /home/airflow/.local/lib/python3.7/site-packages/airflow/example_dags/example_complex.py took 0.423 seconds
[2023-03-12 14:43:40,724] {processor.py:163} INFO - Started process (PID=3015) to work on /home/airflow/.local/lib/python3.7/site-packages/airflow/example_dags/example_complex.py
[2023-03-12 14:43:40,730] {processor.py:642} INFO - Processing file /home/airflow/.local/lib/python3.7/site-packages/airflow/example_dags/example_complex.py for tasks to queue
[2023-03-12 14:43:40,734] {logging_mixin.py:109} INFO - [2023-03-12 14:43:40,733] {dagbag.py:500} INFO - Filling up the DagBag from /home/airflow/.local/lib/python3.7/site-packages/airflow/example_dags/example_complex.py
[2023-03-12 14:43:40,861] {processor.py:654} INFO - DAG(s) dict_keys(['example_complex']) retrieved from /home/airflow/.local/lib/python3.7/site-packages/airflow/example_dags/example_complex.py
[2023-03-12 14:43:40,946] {logging_mixin.py:109} INFO - [2023-03-12 14:43:40,946] {dag.py:2396} INFO - Sync 1 DAGs
[2023-03-12 14:43:41,010] {logging_mixin.py:109} INFO - [2023-03-12 14:43:41,010] {dag.py:2935} INFO - Setting next_dagrun for example_complex to None
[2023-03-12 14:43:41,049] {processor.py:171} INFO - Processing /home/airflow/.local/lib/python3.7/site-packages/airflow/example_dags/example_complex.py took 0.333 seconds
[2023-03-12 14:44:11,492] {processor.py:163} INFO - Started process (PID=3223) to work on /home/airflow/.local/lib/python3.7/site-packages/airflow/example_dags/example_complex.py
[2023-03-12 14:44:11,497] {processor.py:642} INFO - Processing file /home/airflow/.local/lib/python3.7/site-packages/airflow/example_dags/example_complex.py for tasks to queue
[2023-03-12 14:44:11,500] {logging_mixin.py:109} INFO - [2023-03-12 14:44:11,499] {dagbag.py:500} INFO - Filling up the DagBag from /home/airflow/.local/lib/python3.7/site-packages/airflow/example_dags/example_complex.py
[2023-03-12 14:44:11,622] {processor.py:654} INFO - DAG(s) dict_keys(['example_complex']) retrieved from /home/airflow/.local/lib/python3.7/site-packages/airflow/example_dags/example_complex.py
[2023-03-12 14:44:11,695] {logging_mixin.py:109} INFO - [2023-03-12 14:44:11,694] {dag.py:2396} INFO - Sync 1 DAGs
[2023-03-12 14:44:11,743] {logging_mixin.py:109} INFO - [2023-03-12 14:44:11,743] {dag.py:2935} INFO - Setting next_dagrun for example_complex to None
[2023-03-12 14:44:11,774] {processor.py:171} INFO - Processing /home/airflow/.local/lib/python3.7/site-packages/airflow/example_dags/example_complex.py took 0.291 seconds
[2023-03-12 14:44:42,782] {processor.py:163} INFO - Started process (PID=3445) to work on /home/airflow/.local/lib/python3.7/site-packages/airflow/example_dags/example_complex.py
[2023-03-12 14:44:42,792] {processor.py:642} INFO - Processing file /home/airflow/.local/lib/python3.7/site-packages/airflow/example_dags/example_complex.py for tasks to queue
[2023-03-12 14:44:42,797] {logging_mixin.py:109} INFO - [2023-03-12 14:44:42,797] {dagbag.py:500} INFO - Filling up the DagBag from /home/airflow/.local/lib/python3.7/site-packages/airflow/example_dags/example_complex.py
[2023-03-12 14:44:42,963] {processor.py:654} INFO - DAG(s) dict_keys(['example_complex']) retrieved from /home/airflow/.local/lib/python3.7/site-packages/airflow/example_dags/example_complex.py
[2023-03-12 14:44:43,044] {logging_mixin.py:109} INFO - [2023-03-12 14:44:43,044] {dag.py:2396} INFO - Sync 1 DAGs
[2023-03-12 14:44:43,097] {logging_mixin.py:109} INFO - [2023-03-12 14:44:43,097] {dag.py:2935} INFO - Setting next_dagrun for example_complex to None
[2023-03-12 14:44:43,125] {processor.py:171} INFO - Processing /home/airflow/.local/lib/python3.7/site-packages/airflow/example_dags/example_complex.py took 0.352 seconds
[2023-03-12 14:45:15,187] {processor.py:163} INFO - Started process (PID=3663) to work on /home/airflow/.local/lib/python3.7/site-packages/airflow/example_dags/example_complex.py
[2023-03-12 14:45:15,192] {processor.py:642} INFO - Processing file /home/airflow/.local/lib/python3.7/site-packages/airflow/example_dags/example_complex.py for tasks to queue
[2023-03-12 14:45:15,199] {logging_mixin.py:109} INFO - [2023-03-12 14:45:15,199] {dagbag.py:500} INFO - Filling up the DagBag from /home/airflow/.local/lib/python3.7/site-packages/airflow/example_dags/example_complex.py
[2023-03-12 14:45:15,502] {processor.py:654} INFO - DAG(s) dict_keys(['example_complex']) retrieved from /home/airflow/.local/lib/python3.7/site-packages/airflow/example_dags/example_complex.py
[2023-03-12 14:45:15,850] {logging_mixin.py:109} INFO - [2023-03-12 14:45:15,849] {dag.py:2396} INFO - Sync 1 DAGs
[2023-03-12 14:45:15,967] {logging_mixin.py:109} INFO - [2023-03-12 14:45:15,966] {dag.py:2935} INFO - Setting next_dagrun for example_complex to None
[2023-03-12 14:45:16,015] {processor.py:171} INFO - Processing /home/airflow/.local/lib/python3.7/site-packages/airflow/example_dags/example_complex.py took 0.837 seconds
[2023-03-12 14:45:47,635] {processor.py:163} INFO - Started process (PID=3877) to work on /home/airflow/.local/lib/python3.7/site-packages/airflow/example_dags/example_complex.py
[2023-03-12 14:45:47,640] {processor.py:642} INFO - Processing file /home/airflow/.local/lib/python3.7/site-packages/airflow/example_dags/example_complex.py for tasks to queue
[2023-03-12 14:45:47,645] {logging_mixin.py:109} INFO - [2023-03-12 14:45:47,644] {dagbag.py:500} INFO - Filling up the DagBag from /home/airflow/.local/lib/python3.7/site-packages/airflow/example_dags/example_complex.py
[2023-03-12 14:45:47,993] {processor.py:654} INFO - DAG(s) dict_keys(['example_complex']) retrieved from /home/airflow/.local/lib/python3.7/site-packages/airflow/example_dags/example_complex.py
[2023-03-12 14:45:48,096] {logging_mixin.py:109} INFO - [2023-03-12 14:45:48,096] {dag.py:2396} INFO - Sync 1 DAGs
[2023-03-12 14:45:48,176] {logging_mixin.py:109} INFO - [2023-03-12 14:45:48,175] {dag.py:2935} INFO - Setting next_dagrun for example_complex to None
[2023-03-12 14:45:48,231] {processor.py:171} INFO - Processing /home/airflow/.local/lib/python3.7/site-packages/airflow/example_dags/example_complex.py took 0.605 seconds
[2023-03-12 14:46:20,384] {processor.py:163} INFO - Started process (PID=4100) to work on /home/airflow/.local/lib/python3.7/site-packages/airflow/example_dags/example_complex.py
[2023-03-12 14:46:20,394] {processor.py:642} INFO - Processing file /home/airflow/.local/lib/python3.7/site-packages/airflow/example_dags/example_complex.py for tasks to queue
[2023-03-12 14:46:20,399] {logging_mixin.py:109} INFO - [2023-03-12 14:46:20,398] {dagbag.py:500} INFO - Filling up the DagBag from /home/airflow/.local/lib/python3.7/site-packages/airflow/example_dags/example_complex.py
[2023-03-12 14:46:20,538] {processor.py:654} INFO - DAG(s) dict_keys(['example_complex']) retrieved from /home/airflow/.local/lib/python3.7/site-packages/airflow/example_dags/example_complex.py
[2023-03-12 14:46:20,645] {logging_mixin.py:109} INFO - [2023-03-12 14:46:20,644] {dag.py:2396} INFO - Sync 1 DAGs
[2023-03-12 14:46:20,757] {logging_mixin.py:109} INFO - [2023-03-12 14:46:20,757] {dag.py:2935} INFO - Setting next_dagrun for example_complex to None
[2023-03-12 14:46:20,826] {processor.py:171} INFO - Processing /home/airflow/.local/lib/python3.7/site-packages/airflow/example_dags/example_complex.py took 0.453 seconds
[2023-03-12 14:46:51,576] {processor.py:163} INFO - Started process (PID=4308) to work on /home/airflow/.local/lib/python3.7/site-packages/airflow/example_dags/example_complex.py
[2023-03-12 14:46:51,582] {processor.py:642} INFO - Processing file /home/airflow/.local/lib/python3.7/site-packages/airflow/example_dags/example_complex.py for tasks to queue
[2023-03-12 14:46:51,586] {logging_mixin.py:109} INFO - [2023-03-12 14:46:51,585] {dagbag.py:500} INFO - Filling up the DagBag from /home/airflow/.local/lib/python3.7/site-packages/airflow/example_dags/example_complex.py
[2023-03-12 14:46:51,707] {processor.py:654} INFO - DAG(s) dict_keys(['example_complex']) retrieved from /home/airflow/.local/lib/python3.7/site-packages/airflow/example_dags/example_complex.py
[2023-03-12 14:46:51,777] {logging_mixin.py:109} INFO - [2023-03-12 14:46:51,776] {dag.py:2396} INFO - Sync 1 DAGs
[2023-03-12 14:46:51,826] {logging_mixin.py:109} INFO - [2023-03-12 14:46:51,826] {dag.py:2935} INFO - Setting next_dagrun for example_complex to None
[2023-03-12 14:46:51,856] {processor.py:171} INFO - Processing /home/airflow/.local/lib/python3.7/site-packages/airflow/example_dags/example_complex.py took 0.288 seconds
[2023-03-12 14:47:23,526] {processor.py:163} INFO - Started process (PID=4531) to work on /home/airflow/.local/lib/python3.7/site-packages/airflow/example_dags/example_complex.py
[2023-03-12 14:47:23,538] {processor.py:642} INFO - Processing file /home/airflow/.local/lib/python3.7/site-packages/airflow/example_dags/example_complex.py for tasks to queue
[2023-03-12 14:47:23,541] {logging_mixin.py:109} INFO - [2023-03-12 14:47:23,541] {dagbag.py:500} INFO - Filling up the DagBag from /home/airflow/.local/lib/python3.7/site-packages/airflow/example_dags/example_complex.py
[2023-03-12 14:47:23,716] {processor.py:654} INFO - DAG(s) dict_keys(['example_complex']) retrieved from /home/airflow/.local/lib/python3.7/site-packages/airflow/example_dags/example_complex.py
[2023-03-12 14:47:23,815] {logging_mixin.py:109} INFO - [2023-03-12 14:47:23,814] {dag.py:2396} INFO - Sync 1 DAGs
[2023-03-12 14:47:23,873] {logging_mixin.py:109} INFO - [2023-03-12 14:47:23,872] {dag.py:2935} INFO - Setting next_dagrun for example_complex to None
[2023-03-12 14:47:23,905] {processor.py:171} INFO - Processing /home/airflow/.local/lib/python3.7/site-packages/airflow/example_dags/example_complex.py took 0.386 seconds
[2023-03-12 14:47:54,449] {processor.py:163} INFO - Started process (PID=4744) to work on /home/airflow/.local/lib/python3.7/site-packages/airflow/example_dags/example_complex.py
[2023-03-12 14:47:54,464] {processor.py:642} INFO - Processing file /home/airflow/.local/lib/python3.7/site-packages/airflow/example_dags/example_complex.py for tasks to queue
[2023-03-12 14:47:54,469] {logging_mixin.py:109} INFO - [2023-03-12 14:47:54,469] {dagbag.py:500} INFO - Filling up the DagBag from /home/airflow/.local/lib/python3.7/site-packages/airflow/example_dags/example_complex.py
[2023-03-12 14:47:54,622] {processor.py:654} INFO - DAG(s) dict_keys(['example_complex']) retrieved from /home/airflow/.local/lib/python3.7/site-packages/airflow/example_dags/example_complex.py
[2023-03-12 14:47:54,738] {logging_mixin.py:109} INFO - [2023-03-12 14:47:54,737] {dag.py:2396} INFO - Sync 1 DAGs
[2023-03-12 14:47:54,827] {logging_mixin.py:109} INFO - [2023-03-12 14:47:54,827] {dag.py:2935} INFO - Setting next_dagrun for example_complex to None
[2023-03-12 14:47:54,928] {processor.py:171} INFO - Processing /home/airflow/.local/lib/python3.7/site-packages/airflow/example_dags/example_complex.py took 0.489 seconds
[2023-03-12 14:48:25,761] {processor.py:163} INFO - Started process (PID=4953) to work on /home/airflow/.local/lib/python3.7/site-packages/airflow/example_dags/example_complex.py
[2023-03-12 14:48:25,767] {processor.py:642} INFO - Processing file /home/airflow/.local/lib/python3.7/site-packages/airflow/example_dags/example_complex.py for tasks to queue
[2023-03-12 14:48:25,771] {logging_mixin.py:109} INFO - [2023-03-12 14:48:25,770] {dagbag.py:500} INFO - Filling up the DagBag from /home/airflow/.local/lib/python3.7/site-packages/airflow/example_dags/example_complex.py
[2023-03-12 14:48:25,944] {processor.py:654} INFO - DAG(s) dict_keys(['example_complex']) retrieved from /home/airflow/.local/lib/python3.7/site-packages/airflow/example_dags/example_complex.py
[2023-03-12 14:48:26,075] {logging_mixin.py:109} INFO - [2023-03-12 14:48:26,075] {dag.py:2396} INFO - Sync 1 DAGs
[2023-03-12 14:48:26,210] {logging_mixin.py:109} INFO - [2023-03-12 14:48:26,209] {dag.py:2935} INFO - Setting next_dagrun for example_complex to None
[2023-03-12 14:48:26,260] {processor.py:171} INFO - Processing /home/airflow/.local/lib/python3.7/site-packages/airflow/example_dags/example_complex.py took 0.508 seconds
[2023-03-12 14:48:56,987] {processor.py:163} INFO - Started process (PID=5177) to work on /home/airflow/.local/lib/python3.7/site-packages/airflow/example_dags/example_complex.py
[2023-03-12 14:48:56,995] {processor.py:642} INFO - Processing file /home/airflow/.local/lib/python3.7/site-packages/airflow/example_dags/example_complex.py for tasks to queue
[2023-03-12 14:48:57,000] {logging_mixin.py:109} INFO - [2023-03-12 14:48:56,999] {dagbag.py:500} INFO - Filling up the DagBag from /home/airflow/.local/lib/python3.7/site-packages/airflow/example_dags/example_complex.py
[2023-03-12 14:48:57,182] {processor.py:654} INFO - DAG(s) dict_keys(['example_complex']) retrieved from /home/airflow/.local/lib/python3.7/site-packages/airflow/example_dags/example_complex.py
[2023-03-12 14:48:57,277] {logging_mixin.py:109} INFO - [2023-03-12 14:48:57,277] {dag.py:2396} INFO - Sync 1 DAGs
[2023-03-12 14:48:57,340] {logging_mixin.py:109} INFO - [2023-03-12 14:48:57,340] {dag.py:2935} INFO - Setting next_dagrun for example_complex to None
[2023-03-12 14:48:57,367] {processor.py:171} INFO - Processing /home/airflow/.local/lib/python3.7/site-packages/airflow/example_dags/example_complex.py took 0.398 seconds
[2023-03-12 14:49:27,633] {processor.py:163} INFO - Started process (PID=5386) to work on /home/airflow/.local/lib/python3.7/site-packages/airflow/example_dags/example_complex.py
[2023-03-12 14:49:27,641] {processor.py:642} INFO - Processing file /home/airflow/.local/lib/python3.7/site-packages/airflow/example_dags/example_complex.py for tasks to queue
[2023-03-12 14:49:27,648] {logging_mixin.py:109} INFO - [2023-03-12 14:49:27,648] {dagbag.py:500} INFO - Filling up the DagBag from /home/airflow/.local/lib/python3.7/site-packages/airflow/example_dags/example_complex.py
[2023-03-12 14:49:27,936] {processor.py:654} INFO - DAG(s) dict_keys(['example_complex']) retrieved from /home/airflow/.local/lib/python3.7/site-packages/airflow/example_dags/example_complex.py
[2023-03-12 14:49:28,042] {logging_mixin.py:109} INFO - [2023-03-12 14:49:28,041] {dag.py:2396} INFO - Sync 1 DAGs
[2023-03-12 14:49:28,139] {logging_mixin.py:109} INFO - [2023-03-12 14:49:28,137] {dag.py:2935} INFO - Setting next_dagrun for example_complex to None
[2023-03-12 14:49:28,207] {processor.py:171} INFO - Processing /home/airflow/.local/lib/python3.7/site-packages/airflow/example_dags/example_complex.py took 0.609 seconds
[2023-03-12 14:49:58,474] {processor.py:163} INFO - Started process (PID=5610) to work on /home/airflow/.local/lib/python3.7/site-packages/airflow/example_dags/example_complex.py
[2023-03-12 14:49:58,484] {processor.py:642} INFO - Processing file /home/airflow/.local/lib/python3.7/site-packages/airflow/example_dags/example_complex.py for tasks to queue
[2023-03-12 14:49:58,490] {logging_mixin.py:109} INFO - [2023-03-12 14:49:58,489] {dagbag.py:500} INFO - Filling up the DagBag from /home/airflow/.local/lib/python3.7/site-packages/airflow/example_dags/example_complex.py
[2023-03-12 14:49:58,696] {processor.py:654} INFO - DAG(s) dict_keys(['example_complex']) retrieved from /home/airflow/.local/lib/python3.7/site-packages/airflow/example_dags/example_complex.py
[2023-03-12 14:49:58,846] {logging_mixin.py:109} INFO - [2023-03-12 14:49:58,845] {dag.py:2396} INFO - Sync 1 DAGs
[2023-03-12 14:49:58,937] {logging_mixin.py:109} INFO - [2023-03-12 14:49:58,937] {dag.py:2935} INFO - Setting next_dagrun for example_complex to None
[2023-03-12 14:49:59,009] {processor.py:171} INFO - Processing /home/airflow/.local/lib/python3.7/site-packages/airflow/example_dags/example_complex.py took 0.548 seconds
[2023-03-12 14:50:29,537] {processor.py:163} INFO - Started process (PID=5818) to work on /home/airflow/.local/lib/python3.7/site-packages/airflow/example_dags/example_complex.py
[2023-03-12 14:50:29,549] {processor.py:642} INFO - Processing file /home/airflow/.local/lib/python3.7/site-packages/airflow/example_dags/example_complex.py for tasks to queue
[2023-03-12 14:50:29,562] {logging_mixin.py:109} INFO - [2023-03-12 14:50:29,561] {dagbag.py:500} INFO - Filling up the DagBag from /home/airflow/.local/lib/python3.7/site-packages/airflow/example_dags/example_complex.py
[2023-03-12 14:50:29,762] {processor.py:654} INFO - DAG(s) dict_keys(['example_complex']) retrieved from /home/airflow/.local/lib/python3.7/site-packages/airflow/example_dags/example_complex.py
[2023-03-12 14:50:29,898] {logging_mixin.py:109} INFO - [2023-03-12 14:50:29,898] {dag.py:2396} INFO - Sync 1 DAGs
[2023-03-12 14:50:29,957] {logging_mixin.py:109} INFO - [2023-03-12 14:50:29,956] {dag.py:2935} INFO - Setting next_dagrun for example_complex to None
[2023-03-12 14:50:29,987] {processor.py:171} INFO - Processing /home/airflow/.local/lib/python3.7/site-packages/airflow/example_dags/example_complex.py took 0.462 seconds
[2023-03-12 14:51:00,357] {processor.py:163} INFO - Started process (PID=6042) to work on /home/airflow/.local/lib/python3.7/site-packages/airflow/example_dags/example_complex.py
[2023-03-12 14:51:00,364] {processor.py:642} INFO - Processing file /home/airflow/.local/lib/python3.7/site-packages/airflow/example_dags/example_complex.py for tasks to queue
[2023-03-12 14:51:00,367] {logging_mixin.py:109} INFO - [2023-03-12 14:51:00,367] {dagbag.py:500} INFO - Filling up the DagBag from /home/airflow/.local/lib/python3.7/site-packages/airflow/example_dags/example_complex.py
[2023-03-12 14:51:00,579] {processor.py:654} INFO - DAG(s) dict_keys(['example_complex']) retrieved from /home/airflow/.local/lib/python3.7/site-packages/airflow/example_dags/example_complex.py
[2023-03-12 14:51:00,667] {logging_mixin.py:109} INFO - [2023-03-12 14:51:00,667] {dag.py:2396} INFO - Sync 1 DAGs
[2023-03-12 14:51:00,731] {logging_mixin.py:109} INFO - [2023-03-12 14:51:00,731] {dag.py:2935} INFO - Setting next_dagrun for example_complex to None
[2023-03-12 14:51:00,763] {processor.py:171} INFO - Processing /home/airflow/.local/lib/python3.7/site-packages/airflow/example_dags/example_complex.py took 0.415 seconds
[2023-03-12 14:51:31,069] {processor.py:163} INFO - Started process (PID=6249) to work on /home/airflow/.local/lib/python3.7/site-packages/airflow/example_dags/example_complex.py
[2023-03-12 14:51:31,074] {processor.py:642} INFO - Processing file /home/airflow/.local/lib/python3.7/site-packages/airflow/example_dags/example_complex.py for tasks to queue
[2023-03-12 14:51:31,077] {logging_mixin.py:109} INFO - [2023-03-12 14:51:31,076] {dagbag.py:500} INFO - Filling up the DagBag from /home/airflow/.local/lib/python3.7/site-packages/airflow/example_dags/example_complex.py
[2023-03-12 14:51:31,202] {processor.py:654} INFO - DAG(s) dict_keys(['example_complex']) retrieved from /home/airflow/.local/lib/python3.7/site-packages/airflow/example_dags/example_complex.py
[2023-03-12 14:51:31,272] {logging_mixin.py:109} INFO - [2023-03-12 14:51:31,272] {dag.py:2396} INFO - Sync 1 DAGs
[2023-03-12 14:51:31,322] {logging_mixin.py:109} INFO - [2023-03-12 14:51:31,321] {dag.py:2935} INFO - Setting next_dagrun for example_complex to None
[2023-03-12 14:51:31,345] {processor.py:171} INFO - Processing /home/airflow/.local/lib/python3.7/site-packages/airflow/example_dags/example_complex.py took 0.285 seconds
[2023-03-12 14:52:02,124] {processor.py:163} INFO - Started process (PID=6473) to work on /home/airflow/.local/lib/python3.7/site-packages/airflow/example_dags/example_complex.py
[2023-03-12 14:52:02,137] {processor.py:642} INFO - Processing file /home/airflow/.local/lib/python3.7/site-packages/airflow/example_dags/example_complex.py for tasks to queue
[2023-03-12 14:52:02,141] {logging_mixin.py:109} INFO - [2023-03-12 14:52:02,140] {dagbag.py:500} INFO - Filling up the DagBag from /home/airflow/.local/lib/python3.7/site-packages/airflow/example_dags/example_complex.py
[2023-03-12 14:52:02,285] {processor.py:654} INFO - DAG(s) dict_keys(['example_complex']) retrieved from /home/airflow/.local/lib/python3.7/site-packages/airflow/example_dags/example_complex.py
[2023-03-12 14:52:02,405] {logging_mixin.py:109} INFO - [2023-03-12 14:52:02,405] {dag.py:2396} INFO - Sync 1 DAGs
[2023-03-12 14:52:02,459] {logging_mixin.py:109} INFO - [2023-03-12 14:52:02,458] {dag.py:2935} INFO - Setting next_dagrun for example_complex to None
[2023-03-12 14:52:02,485] {processor.py:171} INFO - Processing /home/airflow/.local/lib/python3.7/site-packages/airflow/example_dags/example_complex.py took 0.368 seconds
[2023-03-12 14:52:32,693] {processor.py:163} INFO - Started process (PID=6681) to work on /home/airflow/.local/lib/python3.7/site-packages/airflow/example_dags/example_complex.py
[2023-03-12 14:52:32,699] {processor.py:642} INFO - Processing file /home/airflow/.local/lib/python3.7/site-packages/airflow/example_dags/example_complex.py for tasks to queue
[2023-03-12 14:52:32,704] {logging_mixin.py:109} INFO - [2023-03-12 14:52:32,704] {dagbag.py:500} INFO - Filling up the DagBag from /home/airflow/.local/lib/python3.7/site-packages/airflow/example_dags/example_complex.py
[2023-03-12 14:52:32,903] {processor.py:654} INFO - DAG(s) dict_keys(['example_complex']) retrieved from /home/airflow/.local/lib/python3.7/site-packages/airflow/example_dags/example_complex.py
[2023-03-12 14:52:32,980] {logging_mixin.py:109} INFO - [2023-03-12 14:52:32,980] {dag.py:2396} INFO - Sync 1 DAGs
[2023-03-12 14:52:33,029] {logging_mixin.py:109} INFO - [2023-03-12 14:52:33,028] {dag.py:2935} INFO - Setting next_dagrun for example_complex to None
[2023-03-12 14:52:33,054] {processor.py:171} INFO - Processing /home/airflow/.local/lib/python3.7/site-packages/airflow/example_dags/example_complex.py took 0.371 seconds
[2023-03-12 14:53:03,130] {processor.py:163} INFO - Started process (PID=6906) to work on /home/airflow/.local/lib/python3.7/site-packages/airflow/example_dags/example_complex.py
[2023-03-12 14:53:03,136] {processor.py:642} INFO - Processing file /home/airflow/.local/lib/python3.7/site-packages/airflow/example_dags/example_complex.py for tasks to queue
[2023-03-12 14:53:03,140] {logging_mixin.py:109} INFO - [2023-03-12 14:53:03,139] {dagbag.py:500} INFO - Filling up the DagBag from /home/airflow/.local/lib/python3.7/site-packages/airflow/example_dags/example_complex.py
[2023-03-12 14:53:03,270] {processor.py:654} INFO - DAG(s) dict_keys(['example_complex']) retrieved from /home/airflow/.local/lib/python3.7/site-packages/airflow/example_dags/example_complex.py
[2023-03-12 14:53:03,365] {logging_mixin.py:109} INFO - [2023-03-12 14:53:03,364] {dag.py:2396} INFO - Sync 1 DAGs
[2023-03-12 14:53:03,562] {logging_mixin.py:109} INFO - [2023-03-12 14:53:03,561] {dag.py:2935} INFO - Setting next_dagrun for example_complex to None
[2023-03-12 14:53:03,638] {processor.py:171} INFO - Processing /home/airflow/.local/lib/python3.7/site-packages/airflow/example_dags/example_complex.py took 0.521 seconds
[2023-03-12 14:53:33,947] {processor.py:163} INFO - Started process (PID=7120) to work on /home/airflow/.local/lib/python3.7/site-packages/airflow/example_dags/example_complex.py
[2023-03-12 14:53:33,952] {processor.py:642} INFO - Processing file /home/airflow/.local/lib/python3.7/site-packages/airflow/example_dags/example_complex.py for tasks to queue
[2023-03-12 14:53:33,955] {logging_mixin.py:109} INFO - [2023-03-12 14:53:33,955] {dagbag.py:500} INFO - Filling up the DagBag from /home/airflow/.local/lib/python3.7/site-packages/airflow/example_dags/example_complex.py
[2023-03-12 14:53:34,108] {processor.py:654} INFO - DAG(s) dict_keys(['example_complex']) retrieved from /home/airflow/.local/lib/python3.7/site-packages/airflow/example_dags/example_complex.py
[2023-03-12 14:53:34,194] {logging_mixin.py:109} INFO - [2023-03-12 14:53:34,194] {dag.py:2396} INFO - Sync 1 DAGs
[2023-03-12 14:53:34,250] {logging_mixin.py:109} INFO - [2023-03-12 14:53:34,249] {dag.py:2935} INFO - Setting next_dagrun for example_complex to None
[2023-03-12 14:53:34,280] {processor.py:171} INFO - Processing /home/airflow/.local/lib/python3.7/site-packages/airflow/example_dags/example_complex.py took 0.339 seconds
[2023-03-12 14:54:05,233] {processor.py:163} INFO - Started process (PID=7342) to work on /home/airflow/.local/lib/python3.7/site-packages/airflow/example_dags/example_complex.py
[2023-03-12 14:54:05,239] {processor.py:642} INFO - Processing file /home/airflow/.local/lib/python3.7/site-packages/airflow/example_dags/example_complex.py for tasks to queue
[2023-03-12 14:54:05,243] {logging_mixin.py:109} INFO - [2023-03-12 14:54:05,242] {dagbag.py:500} INFO - Filling up the DagBag from /home/airflow/.local/lib/python3.7/site-packages/airflow/example_dags/example_complex.py
[2023-03-12 14:54:05,390] {processor.py:654} INFO - DAG(s) dict_keys(['example_complex']) retrieved from /home/airflow/.local/lib/python3.7/site-packages/airflow/example_dags/example_complex.py
[2023-03-12 14:54:05,487] {logging_mixin.py:109} INFO - [2023-03-12 14:54:05,486] {dag.py:2396} INFO - Sync 1 DAGs
[2023-03-12 14:54:05,560] {logging_mixin.py:109} INFO - [2023-03-12 14:54:05,560] {dag.py:2935} INFO - Setting next_dagrun for example_complex to None
[2023-03-12 14:54:05,593] {processor.py:171} INFO - Processing /home/airflow/.local/lib/python3.7/site-packages/airflow/example_dags/example_complex.py took 0.369 seconds
[2023-03-12 14:54:36,654] {processor.py:163} INFO - Started process (PID=7573) to work on /home/airflow/.local/lib/python3.7/site-packages/airflow/example_dags/example_complex.py
[2023-03-12 14:54:36,660] {processor.py:642} INFO - Processing file /home/airflow/.local/lib/python3.7/site-packages/airflow/example_dags/example_complex.py for tasks to queue
[2023-03-12 14:54:36,668] {logging_mixin.py:109} INFO - [2023-03-12 14:54:36,668] {dagbag.py:500} INFO - Filling up the DagBag from /home/airflow/.local/lib/python3.7/site-packages/airflow/example_dags/example_complex.py
[2023-03-12 14:54:36,810] {processor.py:654} INFO - DAG(s) dict_keys(['example_complex']) retrieved from /home/airflow/.local/lib/python3.7/site-packages/airflow/example_dags/example_complex.py
[2023-03-12 14:54:36,903] {logging_mixin.py:109} INFO - [2023-03-12 14:54:36,902] {dag.py:2396} INFO - Sync 1 DAGs
[2023-03-12 14:54:36,969] {logging_mixin.py:109} INFO - [2023-03-12 14:54:36,969] {dag.py:2935} INFO - Setting next_dagrun for example_complex to None
[2023-03-12 14:54:37,038] {processor.py:171} INFO - Processing /home/airflow/.local/lib/python3.7/site-packages/airflow/example_dags/example_complex.py took 0.396 seconds
[2023-03-12 14:55:07,784] {processor.py:163} INFO - Started process (PID=7781) to work on /home/airflow/.local/lib/python3.7/site-packages/airflow/example_dags/example_complex.py
[2023-03-12 14:55:07,817] {processor.py:642} INFO - Processing file /home/airflow/.local/lib/python3.7/site-packages/airflow/example_dags/example_complex.py for tasks to queue
[2023-03-12 14:55:07,836] {logging_mixin.py:109} INFO - [2023-03-12 14:55:07,834] {dagbag.py:500} INFO - Filling up the DagBag from /home/airflow/.local/lib/python3.7/site-packages/airflow/example_dags/example_complex.py
[2023-03-12 14:55:08,102] {processor.py:654} INFO - DAG(s) dict_keys(['example_complex']) retrieved from /home/airflow/.local/lib/python3.7/site-packages/airflow/example_dags/example_complex.py
[2023-03-12 14:55:08,215] {logging_mixin.py:109} INFO - [2023-03-12 14:55:08,214] {dag.py:2396} INFO - Sync 1 DAGs
[2023-03-12 14:55:08,300] {logging_mixin.py:109} INFO - [2023-03-12 14:55:08,300] {dag.py:2935} INFO - Setting next_dagrun for example_complex to None
[2023-03-12 14:55:08,337] {processor.py:171} INFO - Processing /home/airflow/.local/lib/python3.7/site-packages/airflow/example_dags/example_complex.py took 0.568 seconds
[2023-03-12 14:55:39,032] {processor.py:163} INFO - Started process (PID=8001) to work on /home/airflow/.local/lib/python3.7/site-packages/airflow/example_dags/example_complex.py
[2023-03-12 14:55:39,039] {processor.py:642} INFO - Processing file /home/airflow/.local/lib/python3.7/site-packages/airflow/example_dags/example_complex.py for tasks to queue
[2023-03-12 14:55:39,049] {logging_mixin.py:109} INFO - [2023-03-12 14:55:39,049] {dagbag.py:500} INFO - Filling up the DagBag from /home/airflow/.local/lib/python3.7/site-packages/airflow/example_dags/example_complex.py
[2023-03-12 14:55:39,194] {processor.py:654} INFO - DAG(s) dict_keys(['example_complex']) retrieved from /home/airflow/.local/lib/python3.7/site-packages/airflow/example_dags/example_complex.py
[2023-03-12 14:55:39,381] {logging_mixin.py:109} INFO - [2023-03-12 14:55:39,380] {dag.py:2396} INFO - Sync 1 DAGs
[2023-03-12 14:55:39,473] {logging_mixin.py:109} INFO - [2023-03-12 14:55:39,472] {dag.py:2935} INFO - Setting next_dagrun for example_complex to None
[2023-03-12 14:55:39,506] {processor.py:171} INFO - Processing /home/airflow/.local/lib/python3.7/site-packages/airflow/example_dags/example_complex.py took 0.486 seconds
[2023-03-12 14:56:10,022] {processor.py:163} INFO - Started process (PID=8209) to work on /home/airflow/.local/lib/python3.7/site-packages/airflow/example_dags/example_complex.py
[2023-03-12 14:56:10,029] {processor.py:642} INFO - Processing file /home/airflow/.local/lib/python3.7/site-packages/airflow/example_dags/example_complex.py for tasks to queue
[2023-03-12 14:56:10,038] {logging_mixin.py:109} INFO - [2023-03-12 14:56:10,036] {dagbag.py:500} INFO - Filling up the DagBag from /home/airflow/.local/lib/python3.7/site-packages/airflow/example_dags/example_complex.py
[2023-03-12 14:56:10,233] {processor.py:654} INFO - DAG(s) dict_keys(['example_complex']) retrieved from /home/airflow/.local/lib/python3.7/site-packages/airflow/example_dags/example_complex.py
[2023-03-12 14:56:10,349] {logging_mixin.py:109} INFO - [2023-03-12 14:56:10,349] {dag.py:2396} INFO - Sync 1 DAGs
[2023-03-12 14:56:10,429] {logging_mixin.py:109} INFO - [2023-03-12 14:56:10,428] {dag.py:2935} INFO - Setting next_dagrun for example_complex to None
[2023-03-12 14:56:10,485] {processor.py:171} INFO - Processing /home/airflow/.local/lib/python3.7/site-packages/airflow/example_dags/example_complex.py took 0.472 seconds
[2023-03-12 14:56:40,732] {processor.py:163} INFO - Started process (PID=8436) to work on /home/airflow/.local/lib/python3.7/site-packages/airflow/example_dags/example_complex.py
[2023-03-12 14:56:40,738] {processor.py:642} INFO - Processing file /home/airflow/.local/lib/python3.7/site-packages/airflow/example_dags/example_complex.py for tasks to queue
[2023-03-12 14:56:40,744] {logging_mixin.py:109} INFO - [2023-03-12 14:56:40,743] {dagbag.py:500} INFO - Filling up the DagBag from /home/airflow/.local/lib/python3.7/site-packages/airflow/example_dags/example_complex.py
[2023-03-12 14:56:40,916] {processor.py:654} INFO - DAG(s) dict_keys(['example_complex']) retrieved from /home/airflow/.local/lib/python3.7/site-packages/airflow/example_dags/example_complex.py
[2023-03-12 14:56:41,001] {logging_mixin.py:109} INFO - [2023-03-12 14:56:41,001] {dag.py:2396} INFO - Sync 1 DAGs
[2023-03-12 14:56:41,064] {logging_mixin.py:109} INFO - [2023-03-12 14:56:41,063] {dag.py:2935} INFO - Setting next_dagrun for example_complex to None
[2023-03-12 14:56:41,094] {processor.py:171} INFO - Processing /home/airflow/.local/lib/python3.7/site-packages/airflow/example_dags/example_complex.py took 0.369 seconds
[2023-03-12 14:57:11,935] {processor.py:163} INFO - Started process (PID=8643) to work on /home/airflow/.local/lib/python3.7/site-packages/airflow/example_dags/example_complex.py
[2023-03-12 14:57:11,939] {processor.py:642} INFO - Processing file /home/airflow/.local/lib/python3.7/site-packages/airflow/example_dags/example_complex.py for tasks to queue
[2023-03-12 14:57:11,942] {logging_mixin.py:109} INFO - [2023-03-12 14:57:11,942] {dagbag.py:500} INFO - Filling up the DagBag from /home/airflow/.local/lib/python3.7/site-packages/airflow/example_dags/example_complex.py
[2023-03-12 14:57:12,055] {processor.py:654} INFO - DAG(s) dict_keys(['example_complex']) retrieved from /home/airflow/.local/lib/python3.7/site-packages/airflow/example_dags/example_complex.py
[2023-03-12 14:57:12,124] {logging_mixin.py:109} INFO - [2023-03-12 14:57:12,124] {dag.py:2396} INFO - Sync 1 DAGs
[2023-03-12 14:57:12,187] {logging_mixin.py:109} INFO - [2023-03-12 14:57:12,186] {dag.py:2935} INFO - Setting next_dagrun for example_complex to None
[2023-03-12 14:57:12,214] {processor.py:171} INFO - Processing /home/airflow/.local/lib/python3.7/site-packages/airflow/example_dags/example_complex.py took 0.286 seconds
[2023-03-12 14:57:43,818] {processor.py:163} INFO - Started process (PID=8855) to work on /home/airflow/.local/lib/python3.7/site-packages/airflow/example_dags/example_complex.py
[2023-03-12 14:57:43,824] {processor.py:642} INFO - Processing file /home/airflow/.local/lib/python3.7/site-packages/airflow/example_dags/example_complex.py for tasks to queue
[2023-03-12 14:57:43,828] {logging_mixin.py:109} INFO - [2023-03-12 14:57:43,827] {dagbag.py:500} INFO - Filling up the DagBag from /home/airflow/.local/lib/python3.7/site-packages/airflow/example_dags/example_complex.py
[2023-03-12 14:57:43,969] {processor.py:654} INFO - DAG(s) dict_keys(['example_complex']) retrieved from /home/airflow/.local/lib/python3.7/site-packages/airflow/example_dags/example_complex.py
[2023-03-12 14:57:44,048] {logging_mixin.py:109} INFO - [2023-03-12 14:57:44,048] {dag.py:2396} INFO - Sync 1 DAGs
[2023-03-12 14:57:44,163] {logging_mixin.py:109} INFO - [2023-03-12 14:57:44,162] {dag.py:2935} INFO - Setting next_dagrun for example_complex to None
[2023-03-12 14:57:44,250] {processor.py:171} INFO - Processing /home/airflow/.local/lib/python3.7/site-packages/airflow/example_dags/example_complex.py took 0.439 seconds
[2023-03-12 14:58:16,014] {processor.py:163} INFO - Started process (PID=9079) to work on /home/airflow/.local/lib/python3.7/site-packages/airflow/example_dags/example_complex.py
[2023-03-12 14:58:16,021] {processor.py:642} INFO - Processing file /home/airflow/.local/lib/python3.7/site-packages/airflow/example_dags/example_complex.py for tasks to queue
[2023-03-12 14:58:16,026] {logging_mixin.py:109} INFO - [2023-03-12 14:58:16,025] {dagbag.py:500} INFO - Filling up the DagBag from /home/airflow/.local/lib/python3.7/site-packages/airflow/example_dags/example_complex.py
[2023-03-12 14:58:16,245] {processor.py:654} INFO - DAG(s) dict_keys(['example_complex']) retrieved from /home/airflow/.local/lib/python3.7/site-packages/airflow/example_dags/example_complex.py
[2023-03-12 14:58:16,332] {logging_mixin.py:109} INFO - [2023-03-12 14:58:16,331] {dag.py:2396} INFO - Sync 1 DAGs
[2023-03-12 14:58:16,409] {logging_mixin.py:109} INFO - [2023-03-12 14:58:16,408] {dag.py:2935} INFO - Setting next_dagrun for example_complex to None
[2023-03-12 14:58:16,439] {processor.py:171} INFO - Processing /home/airflow/.local/lib/python3.7/site-packages/airflow/example_dags/example_complex.py took 0.434 seconds
