[2023-03-12 14:26:40,142] {processor.py:163} INFO - Started process (PID=519) to work on /home/airflow/.local/lib/python3.7/site-packages/airflow/example_dags/example_external_task_marker_dag.py
[2023-03-12 14:26:40,147] {processor.py:642} INFO - Processing file /home/airflow/.local/lib/python3.7/site-packages/airflow/example_dags/example_external_task_marker_dag.py for tasks to queue
[2023-03-12 14:26:40,152] {logging_mixin.py:109} INFO - [2023-03-12 14:26:40,152] {dagbag.py:500} INFO - Filling up the DagBag from /home/airflow/.local/lib/python3.7/site-packages/airflow/example_dags/example_external_task_marker_dag.py
[2023-03-12 14:26:40,247] {processor.py:654} INFO - DAG(s) dict_keys(['example_external_task_marker_parent', 'example_external_task_marker_child']) retrieved from /home/airflow/.local/lib/python3.7/site-packages/airflow/example_dags/example_external_task_marker_dag.py
[2023-03-12 14:26:50,810] {logging_mixin.py:109} INFO - [2023-03-12 14:26:50,809] {manager.py:496} INFO - Created Permission View: can edit on DAG:example_external_task_marker_parent
[2023-03-12 14:26:50,838] {logging_mixin.py:109} INFO - [2023-03-12 14:26:50,838] {manager.py:496} INFO - Created Permission View: can read on DAG:example_external_task_marker_parent
[2023-03-12 14:26:50,906] {logging_mixin.py:109} INFO - [2023-03-12 14:26:50,906] {manager.py:496} INFO - Created Permission View: can edit on DAG:example_external_task_marker_child
[2023-03-12 14:26:50,938] {logging_mixin.py:109} INFO - [2023-03-12 14:26:50,937] {manager.py:496} INFO - Created Permission View: can read on DAG:example_external_task_marker_child
[2023-03-12 14:26:50,942] {logging_mixin.py:109} INFO - [2023-03-12 14:26:50,940] {dag.py:2396} INFO - Sync 2 DAGs
[2023-03-12 14:26:50,980] {logging_mixin.py:109} INFO - [2023-03-12 14:26:50,979] {dag.py:2415} INFO - Creating ORM DAG for example_external_task_marker_parent
[2023-03-12 14:26:50,990] {logging_mixin.py:109} INFO - [2023-03-12 14:26:50,989] {dag.py:2415} INFO - Creating ORM DAG for example_external_task_marker_child
[2023-03-12 14:26:51,032] {logging_mixin.py:109} INFO - [2023-03-12 14:26:51,032] {dag.py:2935} INFO - Setting next_dagrun for example_external_task_marker_child to None
[2023-03-12 14:26:51,043] {logging_mixin.py:109} INFO - [2023-03-12 14:26:51,042] {dag.py:2935} INFO - Setting next_dagrun for example_external_task_marker_parent to None
[2023-03-12 14:26:51,130] {processor.py:171} INFO - Processing /home/airflow/.local/lib/python3.7/site-packages/airflow/example_dags/example_external_task_marker_dag.py took 10.999 seconds
[2023-03-12 14:29:02,642] {processor.py:163} INFO - Started process (PID=937) to work on /home/airflow/.local/lib/python3.7/site-packages/airflow/example_dags/example_external_task_marker_dag.py
[2023-03-12 14:29:02,649] {processor.py:642} INFO - Processing file /home/airflow/.local/lib/python3.7/site-packages/airflow/example_dags/example_external_task_marker_dag.py for tasks to queue
[2023-03-12 14:29:02,654] {logging_mixin.py:109} INFO - [2023-03-12 14:29:02,653] {dagbag.py:500} INFO - Filling up the DagBag from /home/airflow/.local/lib/python3.7/site-packages/airflow/example_dags/example_external_task_marker_dag.py
[2023-03-12 14:29:02,849] {processor.py:654} INFO - DAG(s) dict_keys(['example_external_task_marker_parent', 'example_external_task_marker_child']) retrieved from /home/airflow/.local/lib/python3.7/site-packages/airflow/example_dags/example_external_task_marker_dag.py
[2023-03-12 14:29:03,016] {logging_mixin.py:109} INFO - [2023-03-12 14:29:03,016] {dag.py:2396} INFO - Sync 2 DAGs
[2023-03-12 14:29:03,197] {logging_mixin.py:109} INFO - [2023-03-12 14:29:03,196] {dag.py:2935} INFO - Setting next_dagrun for example_external_task_marker_child to None
[2023-03-12 14:29:03,200] {logging_mixin.py:109} INFO - [2023-03-12 14:29:03,200] {dag.py:2935} INFO - Setting next_dagrun for example_external_task_marker_parent to None
[2023-03-12 14:29:03,263] {processor.py:171} INFO - Processing /home/airflow/.local/lib/python3.7/site-packages/airflow/example_dags/example_external_task_marker_dag.py took 0.627 seconds
[2023-03-12 14:38:33,557] {processor.py:163} INFO - Started process (PID=1028) to work on /home/airflow/.local/lib/python3.7/site-packages/airflow/example_dags/example_external_task_marker_dag.py
[2023-03-12 14:38:33,572] {processor.py:642} INFO - Processing file /home/airflow/.local/lib/python3.7/site-packages/airflow/example_dags/example_external_task_marker_dag.py for tasks to queue
[2023-03-12 14:38:33,577] {logging_mixin.py:109} INFO - [2023-03-12 14:38:33,576] {dagbag.py:500} INFO - Filling up the DagBag from /home/airflow/.local/lib/python3.7/site-packages/airflow/example_dags/example_external_task_marker_dag.py
[2023-03-12 14:38:33,884] {processor.py:654} INFO - DAG(s) dict_keys(['example_external_task_marker_parent', 'example_external_task_marker_child']) retrieved from /home/airflow/.local/lib/python3.7/site-packages/airflow/example_dags/example_external_task_marker_dag.py
[2023-03-12 14:38:34,074] {logging_mixin.py:109} INFO - [2023-03-12 14:38:34,073] {dag.py:2396} INFO - Sync 2 DAGs
[2023-03-12 14:38:34,343] {logging_mixin.py:109} INFO - [2023-03-12 14:38:34,343] {dag.py:2935} INFO - Setting next_dagrun for example_external_task_marker_child to None
[2023-03-12 14:38:34,347] {logging_mixin.py:109} INFO - [2023-03-12 14:38:34,347] {dag.py:2935} INFO - Setting next_dagrun for example_external_task_marker_parent to None
[2023-03-12 14:38:34,463] {processor.py:171} INFO - Processing /home/airflow/.local/lib/python3.7/site-packages/airflow/example_dags/example_external_task_marker_dag.py took 0.939 seconds
[2023-03-12 14:39:11,110] {processor.py:163} INFO - Started process (PID=1242) to work on /home/airflow/.local/lib/python3.7/site-packages/airflow/example_dags/example_external_task_marker_dag.py
[2023-03-12 14:39:11,138] {processor.py:642} INFO - Processing file /home/airflow/.local/lib/python3.7/site-packages/airflow/example_dags/example_external_task_marker_dag.py for tasks to queue
[2023-03-12 14:39:11,168] {logging_mixin.py:109} INFO - [2023-03-12 14:39:11,166] {dagbag.py:500} INFO - Filling up the DagBag from /home/airflow/.local/lib/python3.7/site-packages/airflow/example_dags/example_external_task_marker_dag.py
[2023-03-12 14:39:11,479] {processor.py:654} INFO - DAG(s) dict_keys(['example_external_task_marker_parent', 'example_external_task_marker_child']) retrieved from /home/airflow/.local/lib/python3.7/site-packages/airflow/example_dags/example_external_task_marker_dag.py
[2023-03-12 14:39:11,825] {logging_mixin.py:109} INFO - [2023-03-12 14:39:11,824] {dag.py:2396} INFO - Sync 2 DAGs
[2023-03-12 14:39:12,230] {logging_mixin.py:109} INFO - [2023-03-12 14:39:12,230] {dag.py:2935} INFO - Setting next_dagrun for example_external_task_marker_child to None
[2023-03-12 14:39:12,244] {logging_mixin.py:109} INFO - [2023-03-12 14:39:12,243] {dag.py:2935} INFO - Setting next_dagrun for example_external_task_marker_parent to None
[2023-03-12 14:39:12,446] {processor.py:171} INFO - Processing /home/airflow/.local/lib/python3.7/site-packages/airflow/example_dags/example_external_task_marker_dag.py took 1.381 seconds
[2023-03-12 14:39:50,072] {processor.py:163} INFO - Started process (PID=1466) to work on /home/airflow/.local/lib/python3.7/site-packages/airflow/example_dags/example_external_task_marker_dag.py
[2023-03-12 14:39:50,086] {processor.py:642} INFO - Processing file /home/airflow/.local/lib/python3.7/site-packages/airflow/example_dags/example_external_task_marker_dag.py for tasks to queue
[2023-03-12 14:39:50,097] {logging_mixin.py:109} INFO - [2023-03-12 14:39:50,095] {dagbag.py:500} INFO - Filling up the DagBag from /home/airflow/.local/lib/python3.7/site-packages/airflow/example_dags/example_external_task_marker_dag.py
[2023-03-12 14:39:50,261] {processor.py:654} INFO - DAG(s) dict_keys(['example_external_task_marker_parent', 'example_external_task_marker_child']) retrieved from /home/airflow/.local/lib/python3.7/site-packages/airflow/example_dags/example_external_task_marker_dag.py
[2023-03-12 14:39:50,461] {logging_mixin.py:109} INFO - [2023-03-12 14:39:50,461] {dag.py:2396} INFO - Sync 2 DAGs
[2023-03-12 14:39:50,701] {logging_mixin.py:109} INFO - [2023-03-12 14:39:50,701] {dag.py:2935} INFO - Setting next_dagrun for example_external_task_marker_child to None
[2023-03-12 14:39:50,705] {logging_mixin.py:109} INFO - [2023-03-12 14:39:50,704] {dag.py:2935} INFO - Setting next_dagrun for example_external_task_marker_parent to None
[2023-03-12 14:39:50,801] {processor.py:171} INFO - Processing /home/airflow/.local/lib/python3.7/site-packages/airflow/example_dags/example_external_task_marker_dag.py took 0.749 seconds
[2023-03-12 14:40:21,225] {processor.py:163} INFO - Started process (PID=1680) to work on /home/airflow/.local/lib/python3.7/site-packages/airflow/example_dags/example_external_task_marker_dag.py
[2023-03-12 14:40:21,243] {processor.py:642} INFO - Processing file /home/airflow/.local/lib/python3.7/site-packages/airflow/example_dags/example_external_task_marker_dag.py for tasks to queue
[2023-03-12 14:40:21,250] {logging_mixin.py:109} INFO - [2023-03-12 14:40:21,247] {dagbag.py:500} INFO - Filling up the DagBag from /home/airflow/.local/lib/python3.7/site-packages/airflow/example_dags/example_external_task_marker_dag.py
[2023-03-12 14:40:21,595] {processor.py:654} INFO - DAG(s) dict_keys(['example_external_task_marker_parent', 'example_external_task_marker_child']) retrieved from /home/airflow/.local/lib/python3.7/site-packages/airflow/example_dags/example_external_task_marker_dag.py
[2023-03-12 14:40:21,709] {logging_mixin.py:109} INFO - [2023-03-12 14:40:21,708] {dag.py:2396} INFO - Sync 2 DAGs
[2023-03-12 14:40:21,790] {logging_mixin.py:109} INFO - [2023-03-12 14:40:21,789] {dag.py:2935} INFO - Setting next_dagrun for example_external_task_marker_child to None
[2023-03-12 14:40:21,801] {logging_mixin.py:109} INFO - [2023-03-12 14:40:21,800] {dag.py:2935} INFO - Setting next_dagrun for example_external_task_marker_parent to None
[2023-03-12 14:40:21,886] {processor.py:171} INFO - Processing /home/airflow/.local/lib/python3.7/site-packages/airflow/example_dags/example_external_task_marker_dag.py took 0.663 seconds
[2023-03-12 14:40:54,362] {processor.py:163} INFO - Started process (PID=1895) to work on /home/airflow/.local/lib/python3.7/site-packages/airflow/example_dags/example_external_task_marker_dag.py
[2023-03-12 14:40:54,378] {processor.py:642} INFO - Processing file /home/airflow/.local/lib/python3.7/site-packages/airflow/example_dags/example_external_task_marker_dag.py for tasks to queue
[2023-03-12 14:40:54,387] {logging_mixin.py:109} INFO - [2023-03-12 14:40:54,386] {dagbag.py:500} INFO - Filling up the DagBag from /home/airflow/.local/lib/python3.7/site-packages/airflow/example_dags/example_external_task_marker_dag.py
[2023-03-12 14:40:54,667] {processor.py:654} INFO - DAG(s) dict_keys(['example_external_task_marker_parent', 'example_external_task_marker_child']) retrieved from /home/airflow/.local/lib/python3.7/site-packages/airflow/example_dags/example_external_task_marker_dag.py
[2023-03-12 14:40:54,864] {logging_mixin.py:109} INFO - [2023-03-12 14:40:54,863] {dag.py:2396} INFO - Sync 2 DAGs
[2023-03-12 14:40:55,041] {logging_mixin.py:109} INFO - [2023-03-12 14:40:55,041] {dag.py:2935} INFO - Setting next_dagrun for example_external_task_marker_child to None
[2023-03-12 14:40:55,062] {logging_mixin.py:109} INFO - [2023-03-12 14:40:55,061] {dag.py:2935} INFO - Setting next_dagrun for example_external_task_marker_parent to None
[2023-03-12 14:40:55,423] {processor.py:171} INFO - Processing /home/airflow/.local/lib/python3.7/site-packages/airflow/example_dags/example_external_task_marker_dag.py took 1.086 seconds
[2023-03-12 14:41:26,177] {processor.py:163} INFO - Started process (PID=2105) to work on /home/airflow/.local/lib/python3.7/site-packages/airflow/example_dags/example_external_task_marker_dag.py
[2023-03-12 14:41:26,190] {processor.py:642} INFO - Processing file /home/airflow/.local/lib/python3.7/site-packages/airflow/example_dags/example_external_task_marker_dag.py for tasks to queue
[2023-03-12 14:41:26,194] {logging_mixin.py:109} INFO - [2023-03-12 14:41:26,194] {dagbag.py:500} INFO - Filling up the DagBag from /home/airflow/.local/lib/python3.7/site-packages/airflow/example_dags/example_external_task_marker_dag.py
[2023-03-12 14:41:26,395] {processor.py:654} INFO - DAG(s) dict_keys(['example_external_task_marker_parent', 'example_external_task_marker_child']) retrieved from /home/airflow/.local/lib/python3.7/site-packages/airflow/example_dags/example_external_task_marker_dag.py
[2023-03-12 14:41:26,544] {logging_mixin.py:109} INFO - [2023-03-12 14:41:26,543] {dag.py:2396} INFO - Sync 2 DAGs
[2023-03-12 14:41:26,743] {logging_mixin.py:109} INFO - [2023-03-12 14:41:26,739] {dag.py:2935} INFO - Setting next_dagrun for example_external_task_marker_child to None
[2023-03-12 14:41:26,766] {logging_mixin.py:109} INFO - [2023-03-12 14:41:26,766] {dag.py:2935} INFO - Setting next_dagrun for example_external_task_marker_parent to None
[2023-03-12 14:41:26,923] {processor.py:171} INFO - Processing /home/airflow/.local/lib/python3.7/site-packages/airflow/example_dags/example_external_task_marker_dag.py took 0.757 seconds
[2023-03-12 14:42:02,621] {processor.py:163} INFO - Started process (PID=2281) to work on /home/airflow/.local/lib/python3.7/site-packages/airflow/example_dags/example_external_task_marker_dag.py
[2023-03-12 14:42:02,633] {processor.py:642} INFO - Processing file /home/airflow/.local/lib/python3.7/site-packages/airflow/example_dags/example_external_task_marker_dag.py for tasks to queue
[2023-03-12 14:42:02,639] {logging_mixin.py:109} INFO - [2023-03-12 14:42:02,638] {dagbag.py:500} INFO - Filling up the DagBag from /home/airflow/.local/lib/python3.7/site-packages/airflow/example_dags/example_external_task_marker_dag.py
[2023-03-12 14:42:03,007] {processor.py:654} INFO - DAG(s) dict_keys(['example_external_task_marker_parent', 'example_external_task_marker_child']) retrieved from /home/airflow/.local/lib/python3.7/site-packages/airflow/example_dags/example_external_task_marker_dag.py
[2023-03-12 14:42:03,157] {logging_mixin.py:109} INFO - [2023-03-12 14:42:03,157] {dag.py:2396} INFO - Sync 2 DAGs
[2023-03-12 14:42:03,360] {logging_mixin.py:109} INFO - [2023-03-12 14:42:03,359] {dag.py:2935} INFO - Setting next_dagrun for example_external_task_marker_child to None
[2023-03-12 14:42:03,369] {logging_mixin.py:109} INFO - [2023-03-12 14:42:03,368] {dag.py:2935} INFO - Setting next_dagrun for example_external_task_marker_parent to None
[2023-03-12 14:42:03,533] {processor.py:171} INFO - Processing /home/airflow/.local/lib/python3.7/site-packages/airflow/example_dags/example_external_task_marker_dag.py took 0.937 seconds
[2023-03-12 14:42:34,484] {processor.py:163} INFO - Started process (PID=2511) to work on /home/airflow/.local/lib/python3.7/site-packages/airflow/example_dags/example_external_task_marker_dag.py
[2023-03-12 14:42:34,491] {processor.py:642} INFO - Processing file /home/airflow/.local/lib/python3.7/site-packages/airflow/example_dags/example_external_task_marker_dag.py for tasks to queue
[2023-03-12 14:42:34,498] {logging_mixin.py:109} INFO - [2023-03-12 14:42:34,497] {dagbag.py:500} INFO - Filling up the DagBag from /home/airflow/.local/lib/python3.7/site-packages/airflow/example_dags/example_external_task_marker_dag.py
[2023-03-12 14:42:34,584] {processor.py:654} INFO - DAG(s) dict_keys(['example_external_task_marker_parent', 'example_external_task_marker_child']) retrieved from /home/airflow/.local/lib/python3.7/site-packages/airflow/example_dags/example_external_task_marker_dag.py
[2023-03-12 14:42:34,641] {logging_mixin.py:109} INFO - [2023-03-12 14:42:34,640] {dag.py:2396} INFO - Sync 2 DAGs
[2023-03-12 14:42:34,702] {logging_mixin.py:109} INFO - [2023-03-12 14:42:34,701] {dag.py:2935} INFO - Setting next_dagrun for example_external_task_marker_child to None
[2023-03-12 14:42:34,705] {logging_mixin.py:109} INFO - [2023-03-12 14:42:34,705] {dag.py:2935} INFO - Setting next_dagrun for example_external_task_marker_parent to None
[2023-03-12 14:42:34,740] {processor.py:171} INFO - Processing /home/airflow/.local/lib/python3.7/site-packages/airflow/example_dags/example_external_task_marker_dag.py took 0.264 seconds
[2023-03-12 14:43:05,229] {processor.py:163} INFO - Started process (PID=2723) to work on /home/airflow/.local/lib/python3.7/site-packages/airflow/example_dags/example_external_task_marker_dag.py
[2023-03-12 14:43:05,234] {processor.py:642} INFO - Processing file /home/airflow/.local/lib/python3.7/site-packages/airflow/example_dags/example_external_task_marker_dag.py for tasks to queue
[2023-03-12 14:43:05,238] {logging_mixin.py:109} INFO - [2023-03-12 14:43:05,238] {dagbag.py:500} INFO - Filling up the DagBag from /home/airflow/.local/lib/python3.7/site-packages/airflow/example_dags/example_external_task_marker_dag.py
[2023-03-12 14:43:05,308] {processor.py:654} INFO - DAG(s) dict_keys(['example_external_task_marker_parent', 'example_external_task_marker_child']) retrieved from /home/airflow/.local/lib/python3.7/site-packages/airflow/example_dags/example_external_task_marker_dag.py
[2023-03-12 14:43:05,364] {logging_mixin.py:109} INFO - [2023-03-12 14:43:05,364] {dag.py:2396} INFO - Sync 2 DAGs
[2023-03-12 14:43:05,422] {logging_mixin.py:109} INFO - [2023-03-12 14:43:05,422] {dag.py:2935} INFO - Setting next_dagrun for example_external_task_marker_child to None
[2023-03-12 14:43:05,426] {logging_mixin.py:109} INFO - [2023-03-12 14:43:05,425] {dag.py:2935} INFO - Setting next_dagrun for example_external_task_marker_parent to None
[2023-03-12 14:43:05,454] {processor.py:171} INFO - Processing /home/airflow/.local/lib/python3.7/site-packages/airflow/example_dags/example_external_task_marker_dag.py took 0.233 seconds
[2023-03-12 14:43:36,059] {processor.py:163} INFO - Started process (PID=2941) to work on /home/airflow/.local/lib/python3.7/site-packages/airflow/example_dags/example_external_task_marker_dag.py
[2023-03-12 14:43:36,066] {processor.py:642} INFO - Processing file /home/airflow/.local/lib/python3.7/site-packages/airflow/example_dags/example_external_task_marker_dag.py for tasks to queue
[2023-03-12 14:43:36,071] {logging_mixin.py:109} INFO - [2023-03-12 14:43:36,070] {dagbag.py:500} INFO - Filling up the DagBag from /home/airflow/.local/lib/python3.7/site-packages/airflow/example_dags/example_external_task_marker_dag.py
[2023-03-12 14:43:36,164] {processor.py:654} INFO - DAG(s) dict_keys(['example_external_task_marker_parent', 'example_external_task_marker_child']) retrieved from /home/airflow/.local/lib/python3.7/site-packages/airflow/example_dags/example_external_task_marker_dag.py
[2023-03-12 14:43:36,221] {logging_mixin.py:109} INFO - [2023-03-12 14:43:36,220] {dag.py:2396} INFO - Sync 2 DAGs
[2023-03-12 14:43:36,280] {logging_mixin.py:109} INFO - [2023-03-12 14:43:36,279] {dag.py:2935} INFO - Setting next_dagrun for example_external_task_marker_child to None
[2023-03-12 14:43:36,283] {logging_mixin.py:109} INFO - [2023-03-12 14:43:36,282] {dag.py:2935} INFO - Setting next_dagrun for example_external_task_marker_parent to None
[2023-03-12 14:43:36,314] {processor.py:171} INFO - Processing /home/airflow/.local/lib/python3.7/site-packages/airflow/example_dags/example_external_task_marker_dag.py took 0.266 seconds
[2023-03-12 14:44:06,722] {processor.py:163} INFO - Started process (PID=3145) to work on /home/airflow/.local/lib/python3.7/site-packages/airflow/example_dags/example_external_task_marker_dag.py
[2023-03-12 14:44:06,729] {processor.py:642} INFO - Processing file /home/airflow/.local/lib/python3.7/site-packages/airflow/example_dags/example_external_task_marker_dag.py for tasks to queue
[2023-03-12 14:44:06,735] {logging_mixin.py:109} INFO - [2023-03-12 14:44:06,735] {dagbag.py:500} INFO - Filling up the DagBag from /home/airflow/.local/lib/python3.7/site-packages/airflow/example_dags/example_external_task_marker_dag.py
[2023-03-12 14:44:06,844] {processor.py:654} INFO - DAG(s) dict_keys(['example_external_task_marker_parent', 'example_external_task_marker_child']) retrieved from /home/airflow/.local/lib/python3.7/site-packages/airflow/example_dags/example_external_task_marker_dag.py
[2023-03-12 14:44:06,911] {logging_mixin.py:109} INFO - [2023-03-12 14:44:06,911] {dag.py:2396} INFO - Sync 2 DAGs
[2023-03-12 14:44:06,970] {logging_mixin.py:109} INFO - [2023-03-12 14:44:06,970] {dag.py:2935} INFO - Setting next_dagrun for example_external_task_marker_child to None
[2023-03-12 14:44:06,973] {logging_mixin.py:109} INFO - [2023-03-12 14:44:06,973] {dag.py:2935} INFO - Setting next_dagrun for example_external_task_marker_parent to None
[2023-03-12 14:44:07,004] {processor.py:171} INFO - Processing /home/airflow/.local/lib/python3.7/site-packages/airflow/example_dags/example_external_task_marker_dag.py took 0.293 seconds
[2023-03-12 14:44:37,390] {processor.py:163} INFO - Started process (PID=3369) to work on /home/airflow/.local/lib/python3.7/site-packages/airflow/example_dags/example_external_task_marker_dag.py
[2023-03-12 14:44:37,426] {processor.py:642} INFO - Processing file /home/airflow/.local/lib/python3.7/site-packages/airflow/example_dags/example_external_task_marker_dag.py for tasks to queue
[2023-03-12 14:44:37,431] {logging_mixin.py:109} INFO - [2023-03-12 14:44:37,430] {dagbag.py:500} INFO - Filling up the DagBag from /home/airflow/.local/lib/python3.7/site-packages/airflow/example_dags/example_external_task_marker_dag.py
[2023-03-12 14:44:37,544] {processor.py:654} INFO - DAG(s) dict_keys(['example_external_task_marker_parent', 'example_external_task_marker_child']) retrieved from /home/airflow/.local/lib/python3.7/site-packages/airflow/example_dags/example_external_task_marker_dag.py
[2023-03-12 14:44:37,597] {logging_mixin.py:109} INFO - [2023-03-12 14:44:37,597] {dag.py:2396} INFO - Sync 2 DAGs
[2023-03-12 14:44:37,650] {logging_mixin.py:109} INFO - [2023-03-12 14:44:37,649] {dag.py:2935} INFO - Setting next_dagrun for example_external_task_marker_child to None
[2023-03-12 14:44:37,653] {logging_mixin.py:109} INFO - [2023-03-12 14:44:37,652] {dag.py:2935} INFO - Setting next_dagrun for example_external_task_marker_parent to None
[2023-03-12 14:44:37,680] {processor.py:171} INFO - Processing /home/airflow/.local/lib/python3.7/site-packages/airflow/example_dags/example_external_task_marker_dag.py took 0.302 seconds
[2023-03-12 14:45:07,949] {processor.py:163} INFO - Started process (PID=3575) to work on /home/airflow/.local/lib/python3.7/site-packages/airflow/example_dags/example_external_task_marker_dag.py
[2023-03-12 14:45:07,957] {processor.py:642} INFO - Processing file /home/airflow/.local/lib/python3.7/site-packages/airflow/example_dags/example_external_task_marker_dag.py for tasks to queue
[2023-03-12 14:45:07,961] {logging_mixin.py:109} INFO - [2023-03-12 14:45:07,961] {dagbag.py:500} INFO - Filling up the DagBag from /home/airflow/.local/lib/python3.7/site-packages/airflow/example_dags/example_external_task_marker_dag.py
[2023-03-12 14:45:08,124] {processor.py:654} INFO - DAG(s) dict_keys(['example_external_task_marker_parent', 'example_external_task_marker_child']) retrieved from /home/airflow/.local/lib/python3.7/site-packages/airflow/example_dags/example_external_task_marker_dag.py
[2023-03-12 14:45:08,191] {logging_mixin.py:109} INFO - [2023-03-12 14:45:08,191] {dag.py:2396} INFO - Sync 2 DAGs
[2023-03-12 14:45:08,254] {logging_mixin.py:109} INFO - [2023-03-12 14:45:08,253] {dag.py:2935} INFO - Setting next_dagrun for example_external_task_marker_child to None
[2023-03-12 14:45:08,258] {logging_mixin.py:109} INFO - [2023-03-12 14:45:08,257] {dag.py:2935} INFO - Setting next_dagrun for example_external_task_marker_parent to None
[2023-03-12 14:45:08,293] {processor.py:171} INFO - Processing /home/airflow/.local/lib/python3.7/site-packages/airflow/example_dags/example_external_task_marker_dag.py took 0.350 seconds
[2023-03-12 14:45:39,188] {processor.py:163} INFO - Started process (PID=3793) to work on /home/airflow/.local/lib/python3.7/site-packages/airflow/example_dags/example_external_task_marker_dag.py
[2023-03-12 14:45:39,199] {processor.py:642} INFO - Processing file /home/airflow/.local/lib/python3.7/site-packages/airflow/example_dags/example_external_task_marker_dag.py for tasks to queue
[2023-03-12 14:45:39,210] {logging_mixin.py:109} INFO - [2023-03-12 14:45:39,210] {dagbag.py:500} INFO - Filling up the DagBag from /home/airflow/.local/lib/python3.7/site-packages/airflow/example_dags/example_external_task_marker_dag.py
[2023-03-12 14:45:39,409] {processor.py:654} INFO - DAG(s) dict_keys(['example_external_task_marker_parent', 'example_external_task_marker_child']) retrieved from /home/airflow/.local/lib/python3.7/site-packages/airflow/example_dags/example_external_task_marker_dag.py
[2023-03-12 14:45:39,467] {logging_mixin.py:109} INFO - [2023-03-12 14:45:39,467] {dag.py:2396} INFO - Sync 2 DAGs
[2023-03-12 14:45:39,526] {logging_mixin.py:109} INFO - [2023-03-12 14:45:39,526] {dag.py:2935} INFO - Setting next_dagrun for example_external_task_marker_child to None
[2023-03-12 14:45:39,530] {logging_mixin.py:109} INFO - [2023-03-12 14:45:39,530] {dag.py:2935} INFO - Setting next_dagrun for example_external_task_marker_parent to None
[2023-03-12 14:45:39,567] {processor.py:171} INFO - Processing /home/airflow/.local/lib/python3.7/site-packages/airflow/example_dags/example_external_task_marker_dag.py took 0.388 seconds
[2023-03-12 14:46:10,017] {processor.py:163} INFO - Started process (PID=4000) to work on /home/airflow/.local/lib/python3.7/site-packages/airflow/example_dags/example_external_task_marker_dag.py
[2023-03-12 14:46:10,022] {processor.py:642} INFO - Processing file /home/airflow/.local/lib/python3.7/site-packages/airflow/example_dags/example_external_task_marker_dag.py for tasks to queue
[2023-03-12 14:46:10,027] {logging_mixin.py:109} INFO - [2023-03-12 14:46:10,027] {dagbag.py:500} INFO - Filling up the DagBag from /home/airflow/.local/lib/python3.7/site-packages/airflow/example_dags/example_external_task_marker_dag.py
[2023-03-12 14:46:10,104] {processor.py:654} INFO - DAG(s) dict_keys(['example_external_task_marker_parent', 'example_external_task_marker_child']) retrieved from /home/airflow/.local/lib/python3.7/site-packages/airflow/example_dags/example_external_task_marker_dag.py
[2023-03-12 14:46:10,152] {logging_mixin.py:109} INFO - [2023-03-12 14:46:10,152] {dag.py:2396} INFO - Sync 2 DAGs
[2023-03-12 14:46:10,204] {logging_mixin.py:109} INFO - [2023-03-12 14:46:10,204] {dag.py:2935} INFO - Setting next_dagrun for example_external_task_marker_child to None
[2023-03-12 14:46:10,207] {logging_mixin.py:109} INFO - [2023-03-12 14:46:10,207] {dag.py:2935} INFO - Setting next_dagrun for example_external_task_marker_parent to None
[2023-03-12 14:46:10,233] {processor.py:171} INFO - Processing /home/airflow/.local/lib/python3.7/site-packages/airflow/example_dags/example_external_task_marker_dag.py took 0.228 seconds
[2023-03-12 14:46:40,865] {processor.py:163} INFO - Started process (PID=4224) to work on /home/airflow/.local/lib/python3.7/site-packages/airflow/example_dags/example_external_task_marker_dag.py
[2023-03-12 14:46:40,870] {processor.py:642} INFO - Processing file /home/airflow/.local/lib/python3.7/site-packages/airflow/example_dags/example_external_task_marker_dag.py for tasks to queue
[2023-03-12 14:46:40,874] {logging_mixin.py:109} INFO - [2023-03-12 14:46:40,874] {dagbag.py:500} INFO - Filling up the DagBag from /home/airflow/.local/lib/python3.7/site-packages/airflow/example_dags/example_external_task_marker_dag.py
[2023-03-12 14:46:40,971] {processor.py:654} INFO - DAG(s) dict_keys(['example_external_task_marker_parent', 'example_external_task_marker_child']) retrieved from /home/airflow/.local/lib/python3.7/site-packages/airflow/example_dags/example_external_task_marker_dag.py
[2023-03-12 14:46:41,049] {logging_mixin.py:109} INFO - [2023-03-12 14:46:41,048] {dag.py:2396} INFO - Sync 2 DAGs
[2023-03-12 14:46:41,126] {logging_mixin.py:109} INFO - [2023-03-12 14:46:41,125] {dag.py:2935} INFO - Setting next_dagrun for example_external_task_marker_child to None
[2023-03-12 14:46:41,130] {logging_mixin.py:109} INFO - [2023-03-12 14:46:41,129] {dag.py:2935} INFO - Setting next_dagrun for example_external_task_marker_parent to None
[2023-03-12 14:46:41,205] {processor.py:171} INFO - Processing /home/airflow/.local/lib/python3.7/site-packages/airflow/example_dags/example_external_task_marker_dag.py took 0.348 seconds
[2023-03-12 14:47:11,709] {processor.py:163} INFO - Started process (PID=4432) to work on /home/airflow/.local/lib/python3.7/site-packages/airflow/example_dags/example_external_task_marker_dag.py
[2023-03-12 14:47:11,715] {processor.py:642} INFO - Processing file /home/airflow/.local/lib/python3.7/site-packages/airflow/example_dags/example_external_task_marker_dag.py for tasks to queue
[2023-03-12 14:47:11,718] {logging_mixin.py:109} INFO - [2023-03-12 14:47:11,717] {dagbag.py:500} INFO - Filling up the DagBag from /home/airflow/.local/lib/python3.7/site-packages/airflow/example_dags/example_external_task_marker_dag.py
[2023-03-12 14:47:11,848] {processor.py:654} INFO - DAG(s) dict_keys(['example_external_task_marker_parent', 'example_external_task_marker_child']) retrieved from /home/airflow/.local/lib/python3.7/site-packages/airflow/example_dags/example_external_task_marker_dag.py
[2023-03-12 14:47:11,920] {logging_mixin.py:109} INFO - [2023-03-12 14:47:11,920] {dag.py:2396} INFO - Sync 2 DAGs
[2023-03-12 14:47:11,984] {logging_mixin.py:109} INFO - [2023-03-12 14:47:11,983] {dag.py:2935} INFO - Setting next_dagrun for example_external_task_marker_child to None
[2023-03-12 14:47:11,997] {logging_mixin.py:109} INFO - [2023-03-12 14:47:11,997] {dag.py:2935} INFO - Setting next_dagrun for example_external_task_marker_parent to None
[2023-03-12 14:47:12,047] {processor.py:171} INFO - Processing /home/airflow/.local/lib/python3.7/site-packages/airflow/example_dags/example_external_task_marker_dag.py took 0.348 seconds
[2023-03-12 14:47:43,166] {processor.py:163} INFO - Started process (PID=4655) to work on /home/airflow/.local/lib/python3.7/site-packages/airflow/example_dags/example_external_task_marker_dag.py
[2023-03-12 14:47:43,172] {processor.py:642} INFO - Processing file /home/airflow/.local/lib/python3.7/site-packages/airflow/example_dags/example_external_task_marker_dag.py for tasks to queue
[2023-03-12 14:47:43,176] {logging_mixin.py:109} INFO - [2023-03-12 14:47:43,176] {dagbag.py:500} INFO - Filling up the DagBag from /home/airflow/.local/lib/python3.7/site-packages/airflow/example_dags/example_external_task_marker_dag.py
[2023-03-12 14:47:43,267] {processor.py:654} INFO - DAG(s) dict_keys(['example_external_task_marker_parent', 'example_external_task_marker_child']) retrieved from /home/airflow/.local/lib/python3.7/site-packages/airflow/example_dags/example_external_task_marker_dag.py
[2023-03-12 14:47:43,328] {logging_mixin.py:109} INFO - [2023-03-12 14:47:43,328] {dag.py:2396} INFO - Sync 2 DAGs
[2023-03-12 14:47:43,400] {logging_mixin.py:109} INFO - [2023-03-12 14:47:43,400] {dag.py:2935} INFO - Setting next_dagrun for example_external_task_marker_child to None
[2023-03-12 14:47:43,404] {logging_mixin.py:109} INFO - [2023-03-12 14:47:43,403] {dag.py:2935} INFO - Setting next_dagrun for example_external_task_marker_parent to None
[2023-03-12 14:47:43,456] {processor.py:171} INFO - Processing /home/airflow/.local/lib/python3.7/site-packages/airflow/example_dags/example_external_task_marker_dag.py took 0.298 seconds
[2023-03-12 14:48:13,553] {processor.py:163} INFO - Started process (PID=4858) to work on /home/airflow/.local/lib/python3.7/site-packages/airflow/example_dags/example_external_task_marker_dag.py
[2023-03-12 14:48:13,558] {processor.py:642} INFO - Processing file /home/airflow/.local/lib/python3.7/site-packages/airflow/example_dags/example_external_task_marker_dag.py for tasks to queue
[2023-03-12 14:48:13,562] {logging_mixin.py:109} INFO - [2023-03-12 14:48:13,562] {dagbag.py:500} INFO - Filling up the DagBag from /home/airflow/.local/lib/python3.7/site-packages/airflow/example_dags/example_external_task_marker_dag.py
[2023-03-12 14:48:13,623] {processor.py:654} INFO - DAG(s) dict_keys(['example_external_task_marker_parent', 'example_external_task_marker_child']) retrieved from /home/airflow/.local/lib/python3.7/site-packages/airflow/example_dags/example_external_task_marker_dag.py
[2023-03-12 14:48:13,670] {logging_mixin.py:109} INFO - [2023-03-12 14:48:13,670] {dag.py:2396} INFO - Sync 2 DAGs
[2023-03-12 14:48:13,792] {logging_mixin.py:109} INFO - [2023-03-12 14:48:13,791] {dag.py:2935} INFO - Setting next_dagrun for example_external_task_marker_child to None
[2023-03-12 14:48:13,796] {logging_mixin.py:109} INFO - [2023-03-12 14:48:13,795] {dag.py:2935} INFO - Setting next_dagrun for example_external_task_marker_parent to None
[2023-03-12 14:48:13,855] {processor.py:171} INFO - Processing /home/airflow/.local/lib/python3.7/site-packages/airflow/example_dags/example_external_task_marker_dag.py took 0.308 seconds
[2023-03-12 14:48:44,515] {processor.py:163} INFO - Started process (PID=5081) to work on /home/airflow/.local/lib/python3.7/site-packages/airflow/example_dags/example_external_task_marker_dag.py
[2023-03-12 14:48:44,520] {processor.py:642} INFO - Processing file /home/airflow/.local/lib/python3.7/site-packages/airflow/example_dags/example_external_task_marker_dag.py for tasks to queue
[2023-03-12 14:48:44,524] {logging_mixin.py:109} INFO - [2023-03-12 14:48:44,524] {dagbag.py:500} INFO - Filling up the DagBag from /home/airflow/.local/lib/python3.7/site-packages/airflow/example_dags/example_external_task_marker_dag.py
[2023-03-12 14:48:44,607] {processor.py:654} INFO - DAG(s) dict_keys(['example_external_task_marker_parent', 'example_external_task_marker_child']) retrieved from /home/airflow/.local/lib/python3.7/site-packages/airflow/example_dags/example_external_task_marker_dag.py
[2023-03-12 14:48:44,654] {logging_mixin.py:109} INFO - [2023-03-12 14:48:44,653] {dag.py:2396} INFO - Sync 2 DAGs
[2023-03-12 14:48:44,703] {logging_mixin.py:109} INFO - [2023-03-12 14:48:44,703] {dag.py:2935} INFO - Setting next_dagrun for example_external_task_marker_child to None
[2023-03-12 14:48:44,707] {logging_mixin.py:109} INFO - [2023-03-12 14:48:44,707] {dag.py:2935} INFO - Setting next_dagrun for example_external_task_marker_parent to None
[2023-03-12 14:48:44,733] {processor.py:171} INFO - Processing /home/airflow/.local/lib/python3.7/site-packages/airflow/example_dags/example_external_task_marker_dag.py took 0.225 seconds
[2023-03-12 14:49:15,483] {processor.py:163} INFO - Started process (PID=5300) to work on /home/airflow/.local/lib/python3.7/site-packages/airflow/example_dags/example_external_task_marker_dag.py
[2023-03-12 14:49:15,492] {processor.py:642} INFO - Processing file /home/airflow/.local/lib/python3.7/site-packages/airflow/example_dags/example_external_task_marker_dag.py for tasks to queue
[2023-03-12 14:49:15,495] {logging_mixin.py:109} INFO - [2023-03-12 14:49:15,495] {dagbag.py:500} INFO - Filling up the DagBag from /home/airflow/.local/lib/python3.7/site-packages/airflow/example_dags/example_external_task_marker_dag.py
[2023-03-12 14:49:15,597] {processor.py:654} INFO - DAG(s) dict_keys(['example_external_task_marker_parent', 'example_external_task_marker_child']) retrieved from /home/airflow/.local/lib/python3.7/site-packages/airflow/example_dags/example_external_task_marker_dag.py
[2023-03-12 14:49:15,648] {logging_mixin.py:109} INFO - [2023-03-12 14:49:15,648] {dag.py:2396} INFO - Sync 2 DAGs
[2023-03-12 14:49:15,704] {logging_mixin.py:109} INFO - [2023-03-12 14:49:15,704] {dag.py:2935} INFO - Setting next_dagrun for example_external_task_marker_child to None
[2023-03-12 14:49:15,707] {logging_mixin.py:109} INFO - [2023-03-12 14:49:15,707] {dag.py:2935} INFO - Setting next_dagrun for example_external_task_marker_parent to None
[2023-03-12 14:49:15,737] {processor.py:171} INFO - Processing /home/airflow/.local/lib/python3.7/site-packages/airflow/example_dags/example_external_task_marker_dag.py took 0.265 seconds
[2023-03-12 14:49:46,133] {processor.py:163} INFO - Started process (PID=5514) to work on /home/airflow/.local/lib/python3.7/site-packages/airflow/example_dags/example_external_task_marker_dag.py
[2023-03-12 14:49:46,139] {processor.py:642} INFO - Processing file /home/airflow/.local/lib/python3.7/site-packages/airflow/example_dags/example_external_task_marker_dag.py for tasks to queue
[2023-03-12 14:49:46,143] {logging_mixin.py:109} INFO - [2023-03-12 14:49:46,143] {dagbag.py:500} INFO - Filling up the DagBag from /home/airflow/.local/lib/python3.7/site-packages/airflow/example_dags/example_external_task_marker_dag.py
[2023-03-12 14:49:46,227] {processor.py:654} INFO - DAG(s) dict_keys(['example_external_task_marker_parent', 'example_external_task_marker_child']) retrieved from /home/airflow/.local/lib/python3.7/site-packages/airflow/example_dags/example_external_task_marker_dag.py
[2023-03-12 14:49:46,280] {logging_mixin.py:109} INFO - [2023-03-12 14:49:46,280] {dag.py:2396} INFO - Sync 2 DAGs
[2023-03-12 14:49:46,368] {logging_mixin.py:109} INFO - [2023-03-12 14:49:46,368] {dag.py:2935} INFO - Setting next_dagrun for example_external_task_marker_child to None
[2023-03-12 14:49:46,372] {logging_mixin.py:109} INFO - [2023-03-12 14:49:46,371] {dag.py:2935} INFO - Setting next_dagrun for example_external_task_marker_parent to None
[2023-03-12 14:49:46,457] {processor.py:171} INFO - Processing /home/airflow/.local/lib/python3.7/site-packages/airflow/example_dags/example_external_task_marker_dag.py took 0.340 seconds
[2023-03-12 14:50:16,965] {processor.py:163} INFO - Started process (PID=5738) to work on /home/airflow/.local/lib/python3.7/site-packages/airflow/example_dags/example_external_task_marker_dag.py
[2023-03-12 14:50:16,984] {processor.py:642} INFO - Processing file /home/airflow/.local/lib/python3.7/site-packages/airflow/example_dags/example_external_task_marker_dag.py for tasks to queue
[2023-03-12 14:50:16,992] {logging_mixin.py:109} INFO - [2023-03-12 14:50:16,991] {dagbag.py:500} INFO - Filling up the DagBag from /home/airflow/.local/lib/python3.7/site-packages/airflow/example_dags/example_external_task_marker_dag.py
[2023-03-12 14:50:17,095] {processor.py:654} INFO - DAG(s) dict_keys(['example_external_task_marker_parent', 'example_external_task_marker_child']) retrieved from /home/airflow/.local/lib/python3.7/site-packages/airflow/example_dags/example_external_task_marker_dag.py
[2023-03-12 14:50:17,158] {logging_mixin.py:109} INFO - [2023-03-12 14:50:17,157] {dag.py:2396} INFO - Sync 2 DAGs
[2023-03-12 14:50:17,219] {logging_mixin.py:109} INFO - [2023-03-12 14:50:17,219] {dag.py:2935} INFO - Setting next_dagrun for example_external_task_marker_child to None
[2023-03-12 14:50:17,223] {logging_mixin.py:109} INFO - [2023-03-12 14:50:17,223] {dag.py:2935} INFO - Setting next_dagrun for example_external_task_marker_parent to None
[2023-03-12 14:50:17,272] {processor.py:171} INFO - Processing /home/airflow/.local/lib/python3.7/site-packages/airflow/example_dags/example_external_task_marker_dag.py took 0.319 seconds
[2023-03-12 14:50:48,475] {processor.py:163} INFO - Started process (PID=5947) to work on /home/airflow/.local/lib/python3.7/site-packages/airflow/example_dags/example_external_task_marker_dag.py
[2023-03-12 14:50:48,490] {processor.py:642} INFO - Processing file /home/airflow/.local/lib/python3.7/site-packages/airflow/example_dags/example_external_task_marker_dag.py for tasks to queue
[2023-03-12 14:50:48,500] {logging_mixin.py:109} INFO - [2023-03-12 14:50:48,499] {dagbag.py:500} INFO - Filling up the DagBag from /home/airflow/.local/lib/python3.7/site-packages/airflow/example_dags/example_external_task_marker_dag.py
[2023-03-12 14:50:48,747] {processor.py:654} INFO - DAG(s) dict_keys(['example_external_task_marker_parent', 'example_external_task_marker_child']) retrieved from /home/airflow/.local/lib/python3.7/site-packages/airflow/example_dags/example_external_task_marker_dag.py
[2023-03-12 14:50:48,816] {logging_mixin.py:109} INFO - [2023-03-12 14:50:48,816] {dag.py:2396} INFO - Sync 2 DAGs
[2023-03-12 14:50:48,910] {logging_mixin.py:109} INFO - [2023-03-12 14:50:48,909] {dag.py:2935} INFO - Setting next_dagrun for example_external_task_marker_child to None
[2023-03-12 14:50:48,917] {logging_mixin.py:109} INFO - [2023-03-12 14:50:48,916] {dag.py:2935} INFO - Setting next_dagrun for example_external_task_marker_parent to None
[2023-03-12 14:50:49,007] {processor.py:171} INFO - Processing /home/airflow/.local/lib/python3.7/site-packages/airflow/example_dags/example_external_task_marker_dag.py took 0.548 seconds
[2023-03-12 14:51:19,222] {processor.py:163} INFO - Started process (PID=6165) to work on /home/airflow/.local/lib/python3.7/site-packages/airflow/example_dags/example_external_task_marker_dag.py
[2023-03-12 14:51:19,228] {processor.py:642} INFO - Processing file /home/airflow/.local/lib/python3.7/site-packages/airflow/example_dags/example_external_task_marker_dag.py for tasks to queue
[2023-03-12 14:51:19,232] {logging_mixin.py:109} INFO - [2023-03-12 14:51:19,232] {dagbag.py:500} INFO - Filling up the DagBag from /home/airflow/.local/lib/python3.7/site-packages/airflow/example_dags/example_external_task_marker_dag.py
[2023-03-12 14:51:19,318] {processor.py:654} INFO - DAG(s) dict_keys(['example_external_task_marker_parent', 'example_external_task_marker_child']) retrieved from /home/airflow/.local/lib/python3.7/site-packages/airflow/example_dags/example_external_task_marker_dag.py
[2023-03-12 14:51:19,424] {logging_mixin.py:109} INFO - [2023-03-12 14:51:19,424] {dag.py:2396} INFO - Sync 2 DAGs
[2023-03-12 14:51:19,479] {logging_mixin.py:109} INFO - [2023-03-12 14:51:19,478] {dag.py:2935} INFO - Setting next_dagrun for example_external_task_marker_child to None
[2023-03-12 14:51:19,482] {logging_mixin.py:109} INFO - [2023-03-12 14:51:19,481] {dag.py:2935} INFO - Setting next_dagrun for example_external_task_marker_parent to None
[2023-03-12 14:51:19,509] {processor.py:171} INFO - Processing /home/airflow/.local/lib/python3.7/site-packages/airflow/example_dags/example_external_task_marker_dag.py took 0.294 seconds
[2023-03-12 14:51:49,743] {processor.py:163} INFO - Started process (PID=6371) to work on /home/airflow/.local/lib/python3.7/site-packages/airflow/example_dags/example_external_task_marker_dag.py
[2023-03-12 14:51:49,751] {processor.py:642} INFO - Processing file /home/airflow/.local/lib/python3.7/site-packages/airflow/example_dags/example_external_task_marker_dag.py for tasks to queue
[2023-03-12 14:51:49,757] {logging_mixin.py:109} INFO - [2023-03-12 14:51:49,756] {dagbag.py:500} INFO - Filling up the DagBag from /home/airflow/.local/lib/python3.7/site-packages/airflow/example_dags/example_external_task_marker_dag.py
[2023-03-12 14:51:49,856] {processor.py:654} INFO - DAG(s) dict_keys(['example_external_task_marker_parent', 'example_external_task_marker_child']) retrieved from /home/airflow/.local/lib/python3.7/site-packages/airflow/example_dags/example_external_task_marker_dag.py
[2023-03-12 14:51:49,903] {logging_mixin.py:109} INFO - [2023-03-12 14:51:49,903] {dag.py:2396} INFO - Sync 2 DAGs
[2023-03-12 14:51:49,953] {logging_mixin.py:109} INFO - [2023-03-12 14:51:49,952] {dag.py:2935} INFO - Setting next_dagrun for example_external_task_marker_child to None
[2023-03-12 14:51:49,955] {logging_mixin.py:109} INFO - [2023-03-12 14:51:49,955] {dag.py:2935} INFO - Setting next_dagrun for example_external_task_marker_parent to None
[2023-03-12 14:51:49,982] {processor.py:171} INFO - Processing /home/airflow/.local/lib/python3.7/site-packages/airflow/example_dags/example_external_task_marker_dag.py took 0.250 seconds
[2023-03-12 14:52:20,442] {processor.py:163} INFO - Started process (PID=6591) to work on /home/airflow/.local/lib/python3.7/site-packages/airflow/example_dags/example_external_task_marker_dag.py
[2023-03-12 14:52:20,447] {processor.py:642} INFO - Processing file /home/airflow/.local/lib/python3.7/site-packages/airflow/example_dags/example_external_task_marker_dag.py for tasks to queue
[2023-03-12 14:52:20,451] {logging_mixin.py:109} INFO - [2023-03-12 14:52:20,450] {dagbag.py:500} INFO - Filling up the DagBag from /home/airflow/.local/lib/python3.7/site-packages/airflow/example_dags/example_external_task_marker_dag.py
[2023-03-12 14:52:20,586] {processor.py:654} INFO - DAG(s) dict_keys(['example_external_task_marker_parent', 'example_external_task_marker_child']) retrieved from /home/airflow/.local/lib/python3.7/site-packages/airflow/example_dags/example_external_task_marker_dag.py
[2023-03-12 14:52:20,690] {logging_mixin.py:109} INFO - [2023-03-12 14:52:20,689] {dag.py:2396} INFO - Sync 2 DAGs
[2023-03-12 14:52:20,809] {logging_mixin.py:109} INFO - [2023-03-12 14:52:20,809] {dag.py:2935} INFO - Setting next_dagrun for example_external_task_marker_child to None
[2023-03-12 14:52:20,815] {logging_mixin.py:109} INFO - [2023-03-12 14:52:20,814] {dag.py:2935} INFO - Setting next_dagrun for example_external_task_marker_parent to None
[2023-03-12 14:52:20,878] {processor.py:171} INFO - Processing /home/airflow/.local/lib/python3.7/site-packages/airflow/example_dags/example_external_task_marker_dag.py took 0.443 seconds
[2023-03-12 14:52:50,987] {processor.py:163} INFO - Started process (PID=6797) to work on /home/airflow/.local/lib/python3.7/site-packages/airflow/example_dags/example_external_task_marker_dag.py
[2023-03-12 14:52:50,992] {processor.py:642} INFO - Processing file /home/airflow/.local/lib/python3.7/site-packages/airflow/example_dags/example_external_task_marker_dag.py for tasks to queue
[2023-03-12 14:52:50,995] {logging_mixin.py:109} INFO - [2023-03-12 14:52:50,994] {dagbag.py:500} INFO - Filling up the DagBag from /home/airflow/.local/lib/python3.7/site-packages/airflow/example_dags/example_external_task_marker_dag.py
[2023-03-12 14:52:51,098] {processor.py:654} INFO - DAG(s) dict_keys(['example_external_task_marker_parent', 'example_external_task_marker_child']) retrieved from /home/airflow/.local/lib/python3.7/site-packages/airflow/example_dags/example_external_task_marker_dag.py
[2023-03-12 14:52:51,169] {logging_mixin.py:109} INFO - [2023-03-12 14:52:51,168] {dag.py:2396} INFO - Sync 2 DAGs
[2023-03-12 14:52:51,216] {logging_mixin.py:109} INFO - [2023-03-12 14:52:51,216] {dag.py:2935} INFO - Setting next_dagrun for example_external_task_marker_child to None
[2023-03-12 14:52:51,219] {logging_mixin.py:109} INFO - [2023-03-12 14:52:51,219] {dag.py:2935} INFO - Setting next_dagrun for example_external_task_marker_parent to None
[2023-03-12 14:52:51,280] {processor.py:171} INFO - Processing /home/airflow/.local/lib/python3.7/site-packages/airflow/example_dags/example_external_task_marker_dag.py took 0.300 seconds
[2023-03-12 14:53:21,951] {processor.py:163} INFO - Started process (PID=7022) to work on /home/airflow/.local/lib/python3.7/site-packages/airflow/example_dags/example_external_task_marker_dag.py
[2023-03-12 14:53:21,957] {processor.py:642} INFO - Processing file /home/airflow/.local/lib/python3.7/site-packages/airflow/example_dags/example_external_task_marker_dag.py for tasks to queue
[2023-03-12 14:53:21,961] {logging_mixin.py:109} INFO - [2023-03-12 14:53:21,960] {dagbag.py:500} INFO - Filling up the DagBag from /home/airflow/.local/lib/python3.7/site-packages/airflow/example_dags/example_external_task_marker_dag.py
[2023-03-12 14:53:22,032] {processor.py:654} INFO - DAG(s) dict_keys(['example_external_task_marker_parent', 'example_external_task_marker_child']) retrieved from /home/airflow/.local/lib/python3.7/site-packages/airflow/example_dags/example_external_task_marker_dag.py
[2023-03-12 14:53:22,081] {logging_mixin.py:109} INFO - [2023-03-12 14:53:22,081] {dag.py:2396} INFO - Sync 2 DAGs
[2023-03-12 14:53:22,134] {logging_mixin.py:109} INFO - [2023-03-12 14:53:22,134] {dag.py:2935} INFO - Setting next_dagrun for example_external_task_marker_child to None
[2023-03-12 14:53:22,137] {logging_mixin.py:109} INFO - [2023-03-12 14:53:22,137] {dag.py:2935} INFO - Setting next_dagrun for example_external_task_marker_parent to None
[2023-03-12 14:53:22,165] {processor.py:171} INFO - Processing /home/airflow/.local/lib/python3.7/site-packages/airflow/example_dags/example_external_task_marker_dag.py took 0.221 seconds
[2023-03-12 14:53:52,711] {processor.py:163} INFO - Started process (PID=7230) to work on /home/airflow/.local/lib/python3.7/site-packages/airflow/example_dags/example_external_task_marker_dag.py
[2023-03-12 14:53:52,715] {processor.py:642} INFO - Processing file /home/airflow/.local/lib/python3.7/site-packages/airflow/example_dags/example_external_task_marker_dag.py for tasks to queue
[2023-03-12 14:53:52,718] {logging_mixin.py:109} INFO - [2023-03-12 14:53:52,718] {dagbag.py:500} INFO - Filling up the DagBag from /home/airflow/.local/lib/python3.7/site-packages/airflow/example_dags/example_external_task_marker_dag.py
[2023-03-12 14:53:52,785] {processor.py:654} INFO - DAG(s) dict_keys(['example_external_task_marker_parent', 'example_external_task_marker_child']) retrieved from /home/airflow/.local/lib/python3.7/site-packages/airflow/example_dags/example_external_task_marker_dag.py
[2023-03-12 14:53:52,854] {logging_mixin.py:109} INFO - [2023-03-12 14:53:52,854] {dag.py:2396} INFO - Sync 2 DAGs
[2023-03-12 14:53:52,897] {logging_mixin.py:109} INFO - [2023-03-12 14:53:52,897] {dag.py:2935} INFO - Setting next_dagrun for example_external_task_marker_child to None
[2023-03-12 14:53:52,900] {logging_mixin.py:109} INFO - [2023-03-12 14:53:52,900] {dag.py:2935} INFO - Setting next_dagrun for example_external_task_marker_parent to None
[2023-03-12 14:53:52,923] {processor.py:171} INFO - Processing /home/airflow/.local/lib/python3.7/site-packages/airflow/example_dags/example_external_task_marker_dag.py took 0.218 seconds
[2023-03-12 14:54:23,428] {processor.py:163} INFO - Started process (PID=7454) to work on /home/airflow/.local/lib/python3.7/site-packages/airflow/example_dags/example_external_task_marker_dag.py
[2023-03-12 14:54:23,434] {processor.py:642} INFO - Processing file /home/airflow/.local/lib/python3.7/site-packages/airflow/example_dags/example_external_task_marker_dag.py for tasks to queue
[2023-03-12 14:54:23,438] {logging_mixin.py:109} INFO - [2023-03-12 14:54:23,437] {dagbag.py:500} INFO - Filling up the DagBag from /home/airflow/.local/lib/python3.7/site-packages/airflow/example_dags/example_external_task_marker_dag.py
[2023-03-12 14:54:23,532] {processor.py:654} INFO - DAG(s) dict_keys(['example_external_task_marker_parent', 'example_external_task_marker_child']) retrieved from /home/airflow/.local/lib/python3.7/site-packages/airflow/example_dags/example_external_task_marker_dag.py
[2023-03-12 14:54:23,618] {logging_mixin.py:109} INFO - [2023-03-12 14:54:23,618] {dag.py:2396} INFO - Sync 2 DAGs
[2023-03-12 14:54:23,682] {logging_mixin.py:109} INFO - [2023-03-12 14:54:23,681] {dag.py:2935} INFO - Setting next_dagrun for example_external_task_marker_child to None
[2023-03-12 14:54:23,685] {logging_mixin.py:109} INFO - [2023-03-12 14:54:23,685] {dag.py:2935} INFO - Setting next_dagrun for example_external_task_marker_parent to None
[2023-03-12 14:54:23,713] {processor.py:171} INFO - Processing /home/airflow/.local/lib/python3.7/site-packages/airflow/example_dags/example_external_task_marker_dag.py took 0.294 seconds
[2023-03-12 14:54:54,288] {processor.py:163} INFO - Started process (PID=7673) to work on /home/airflow/.local/lib/python3.7/site-packages/airflow/example_dags/example_external_task_marker_dag.py
[2023-03-12 14:54:54,295] {processor.py:642} INFO - Processing file /home/airflow/.local/lib/python3.7/site-packages/airflow/example_dags/example_external_task_marker_dag.py for tasks to queue
[2023-03-12 14:54:54,298] {logging_mixin.py:109} INFO - [2023-03-12 14:54:54,297] {dagbag.py:500} INFO - Filling up the DagBag from /home/airflow/.local/lib/python3.7/site-packages/airflow/example_dags/example_external_task_marker_dag.py
[2023-03-12 14:54:54,380] {processor.py:654} INFO - DAG(s) dict_keys(['example_external_task_marker_parent', 'example_external_task_marker_child']) retrieved from /home/airflow/.local/lib/python3.7/site-packages/airflow/example_dags/example_external_task_marker_dag.py
[2023-03-12 14:54:54,436] {logging_mixin.py:109} INFO - [2023-03-12 14:54:54,436] {dag.py:2396} INFO - Sync 2 DAGs
[2023-03-12 14:54:54,507] {logging_mixin.py:109} INFO - [2023-03-12 14:54:54,507] {dag.py:2935} INFO - Setting next_dagrun for example_external_task_marker_child to None
[2023-03-12 14:54:54,511] {logging_mixin.py:109} INFO - [2023-03-12 14:54:54,511] {dag.py:2935} INFO - Setting next_dagrun for example_external_task_marker_parent to None
[2023-03-12 14:54:54,544] {processor.py:171} INFO - Processing /home/airflow/.local/lib/python3.7/site-packages/airflow/example_dags/example_external_task_marker_dag.py took 0.266 seconds
[2023-03-12 14:55:24,689] {processor.py:163} INFO - Started process (PID=7881) to work on /home/airflow/.local/lib/python3.7/site-packages/airflow/example_dags/example_external_task_marker_dag.py
[2023-03-12 14:55:24,695] {processor.py:642} INFO - Processing file /home/airflow/.local/lib/python3.7/site-packages/airflow/example_dags/example_external_task_marker_dag.py for tasks to queue
[2023-03-12 14:55:24,699] {logging_mixin.py:109} INFO - [2023-03-12 14:55:24,698] {dagbag.py:500} INFO - Filling up the DagBag from /home/airflow/.local/lib/python3.7/site-packages/airflow/example_dags/example_external_task_marker_dag.py
[2023-03-12 14:55:24,782] {processor.py:654} INFO - DAG(s) dict_keys(['example_external_task_marker_parent', 'example_external_task_marker_child']) retrieved from /home/airflow/.local/lib/python3.7/site-packages/airflow/example_dags/example_external_task_marker_dag.py
[2023-03-12 14:55:24,853] {logging_mixin.py:109} INFO - [2023-03-12 14:55:24,852] {dag.py:2396} INFO - Sync 2 DAGs
[2023-03-12 14:55:24,909] {logging_mixin.py:109} INFO - [2023-03-12 14:55:24,909] {dag.py:2935} INFO - Setting next_dagrun for example_external_task_marker_child to None
[2023-03-12 14:55:24,912] {logging_mixin.py:109} INFO - [2023-03-12 14:55:24,912] {dag.py:2935} INFO - Setting next_dagrun for example_external_task_marker_parent to None
[2023-03-12 14:55:24,945] {processor.py:171} INFO - Processing /home/airflow/.local/lib/python3.7/site-packages/airflow/example_dags/example_external_task_marker_dag.py took 0.266 seconds
[2023-03-12 14:55:55,446] {processor.py:163} INFO - Started process (PID=8099) to work on /home/airflow/.local/lib/python3.7/site-packages/airflow/example_dags/example_external_task_marker_dag.py
[2023-03-12 14:55:55,451] {processor.py:642} INFO - Processing file /home/airflow/.local/lib/python3.7/site-packages/airflow/example_dags/example_external_task_marker_dag.py for tasks to queue
[2023-03-12 14:55:55,466] {logging_mixin.py:109} INFO - [2023-03-12 14:55:55,466] {dagbag.py:500} INFO - Filling up the DagBag from /home/airflow/.local/lib/python3.7/site-packages/airflow/example_dags/example_external_task_marker_dag.py
[2023-03-12 14:55:55,559] {processor.py:654} INFO - DAG(s) dict_keys(['example_external_task_marker_parent', 'example_external_task_marker_child']) retrieved from /home/airflow/.local/lib/python3.7/site-packages/airflow/example_dags/example_external_task_marker_dag.py
[2023-03-12 14:55:55,646] {logging_mixin.py:109} INFO - [2023-03-12 14:55:55,646] {dag.py:2396} INFO - Sync 2 DAGs
[2023-03-12 14:55:55,717] {logging_mixin.py:109} INFO - [2023-03-12 14:55:55,716] {dag.py:2935} INFO - Setting next_dagrun for example_external_task_marker_child to None
[2023-03-12 14:55:55,724] {logging_mixin.py:109} INFO - [2023-03-12 14:55:55,723] {dag.py:2935} INFO - Setting next_dagrun for example_external_task_marker_parent to None
[2023-03-12 14:55:55,774] {processor.py:171} INFO - Processing /home/airflow/.local/lib/python3.7/site-packages/airflow/example_dags/example_external_task_marker_dag.py took 0.335 seconds
[2023-03-12 14:56:26,616] {processor.py:163} INFO - Started process (PID=8312) to work on /home/airflow/.local/lib/python3.7/site-packages/airflow/example_dags/example_external_task_marker_dag.py
[2023-03-12 14:56:26,622] {processor.py:642} INFO - Processing file /home/airflow/.local/lib/python3.7/site-packages/airflow/example_dags/example_external_task_marker_dag.py for tasks to queue
[2023-03-12 14:56:26,625] {logging_mixin.py:109} INFO - [2023-03-12 14:56:26,625] {dagbag.py:500} INFO - Filling up the DagBag from /home/airflow/.local/lib/python3.7/site-packages/airflow/example_dags/example_external_task_marker_dag.py
[2023-03-12 14:56:26,708] {processor.py:654} INFO - DAG(s) dict_keys(['example_external_task_marker_parent', 'example_external_task_marker_child']) retrieved from /home/airflow/.local/lib/python3.7/site-packages/airflow/example_dags/example_external_task_marker_dag.py
[2023-03-12 14:56:26,775] {logging_mixin.py:109} INFO - [2023-03-12 14:56:26,774] {dag.py:2396} INFO - Sync 2 DAGs
[2023-03-12 14:56:26,844] {logging_mixin.py:109} INFO - [2023-03-12 14:56:26,843] {dag.py:2935} INFO - Setting next_dagrun for example_external_task_marker_child to None
[2023-03-12 14:56:26,848] {logging_mixin.py:109} INFO - [2023-03-12 14:56:26,847] {dag.py:2935} INFO - Setting next_dagrun for example_external_task_marker_parent to None
[2023-03-12 14:56:26,892] {processor.py:171} INFO - Processing /home/airflow/.local/lib/python3.7/site-packages/airflow/example_dags/example_external_task_marker_dag.py took 0.285 seconds
[2023-03-12 14:56:57,178] {processor.py:163} INFO - Started process (PID=8528) to work on /home/airflow/.local/lib/python3.7/site-packages/airflow/example_dags/example_external_task_marker_dag.py
[2023-03-12 14:56:57,183] {processor.py:642} INFO - Processing file /home/airflow/.local/lib/python3.7/site-packages/airflow/example_dags/example_external_task_marker_dag.py for tasks to queue
[2023-03-12 14:56:57,188] {logging_mixin.py:109} INFO - [2023-03-12 14:56:57,187] {dagbag.py:500} INFO - Filling up the DagBag from /home/airflow/.local/lib/python3.7/site-packages/airflow/example_dags/example_external_task_marker_dag.py
[2023-03-12 14:56:57,262] {processor.py:654} INFO - DAG(s) dict_keys(['example_external_task_marker_parent', 'example_external_task_marker_child']) retrieved from /home/airflow/.local/lib/python3.7/site-packages/airflow/example_dags/example_external_task_marker_dag.py
[2023-03-12 14:56:57,314] {logging_mixin.py:109} INFO - [2023-03-12 14:56:57,314] {dag.py:2396} INFO - Sync 2 DAGs
[2023-03-12 14:56:57,382] {logging_mixin.py:109} INFO - [2023-03-12 14:56:57,381] {dag.py:2935} INFO - Setting next_dagrun for example_external_task_marker_child to None
[2023-03-12 14:56:57,391] {logging_mixin.py:109} INFO - [2023-03-12 14:56:57,391] {dag.py:2935} INFO - Setting next_dagrun for example_external_task_marker_parent to None
[2023-03-12 14:56:57,451] {processor.py:171} INFO - Processing /home/airflow/.local/lib/python3.7/site-packages/airflow/example_dags/example_external_task_marker_dag.py took 0.281 seconds
[2023-03-12 14:57:28,272] {processor.py:163} INFO - Started process (PID=8739) to work on /home/airflow/.local/lib/python3.7/site-packages/airflow/example_dags/example_external_task_marker_dag.py
[2023-03-12 14:57:28,277] {processor.py:642} INFO - Processing file /home/airflow/.local/lib/python3.7/site-packages/airflow/example_dags/example_external_task_marker_dag.py for tasks to queue
[2023-03-12 14:57:28,281] {logging_mixin.py:109} INFO - [2023-03-12 14:57:28,280] {dagbag.py:500} INFO - Filling up the DagBag from /home/airflow/.local/lib/python3.7/site-packages/airflow/example_dags/example_external_task_marker_dag.py
[2023-03-12 14:57:28,357] {processor.py:654} INFO - DAG(s) dict_keys(['example_external_task_marker_parent', 'example_external_task_marker_child']) retrieved from /home/airflow/.local/lib/python3.7/site-packages/airflow/example_dags/example_external_task_marker_dag.py
[2023-03-12 14:57:28,411] {logging_mixin.py:109} INFO - [2023-03-12 14:57:28,411] {dag.py:2396} INFO - Sync 2 DAGs
[2023-03-12 14:57:28,475] {logging_mixin.py:109} INFO - [2023-03-12 14:57:28,475] {dag.py:2935} INFO - Setting next_dagrun for example_external_task_marker_child to None
[2023-03-12 14:57:28,480] {logging_mixin.py:109} INFO - [2023-03-12 14:57:28,480] {dag.py:2935} INFO - Setting next_dagrun for example_external_task_marker_parent to None
[2023-03-12 14:57:28,517] {processor.py:171} INFO - Processing /home/airflow/.local/lib/python3.7/site-packages/airflow/example_dags/example_external_task_marker_dag.py took 0.252 seconds
[2023-03-12 14:57:58,722] {processor.py:163} INFO - Started process (PID=8961) to work on /home/airflow/.local/lib/python3.7/site-packages/airflow/example_dags/example_external_task_marker_dag.py
[2023-03-12 14:57:58,728] {processor.py:642} INFO - Processing file /home/airflow/.local/lib/python3.7/site-packages/airflow/example_dags/example_external_task_marker_dag.py for tasks to queue
[2023-03-12 14:57:58,736] {logging_mixin.py:109} INFO - [2023-03-12 14:57:58,735] {dagbag.py:500} INFO - Filling up the DagBag from /home/airflow/.local/lib/python3.7/site-packages/airflow/example_dags/example_external_task_marker_dag.py
[2023-03-12 14:57:58,818] {processor.py:654} INFO - DAG(s) dict_keys(['example_external_task_marker_parent', 'example_external_task_marker_child']) retrieved from /home/airflow/.local/lib/python3.7/site-packages/airflow/example_dags/example_external_task_marker_dag.py
[2023-03-12 14:57:58,882] {logging_mixin.py:109} INFO - [2023-03-12 14:57:58,881] {dag.py:2396} INFO - Sync 2 DAGs
[2023-03-12 14:57:58,961] {logging_mixin.py:109} INFO - [2023-03-12 14:57:58,960] {dag.py:2935} INFO - Setting next_dagrun for example_external_task_marker_child to None
[2023-03-12 14:57:58,967] {logging_mixin.py:109} INFO - [2023-03-12 14:57:58,966] {dag.py:2935} INFO - Setting next_dagrun for example_external_task_marker_parent to None
[2023-03-12 14:57:59,011] {processor.py:171} INFO - Processing /home/airflow/.local/lib/python3.7/site-packages/airflow/example_dags/example_external_task_marker_dag.py took 0.299 seconds
[2023-03-12 14:58:29,121] {processor.py:163} INFO - Started process (PID=9163) to work on /home/airflow/.local/lib/python3.7/site-packages/airflow/example_dags/example_external_task_marker_dag.py
[2023-03-12 14:58:29,125] {processor.py:642} INFO - Processing file /home/airflow/.local/lib/python3.7/site-packages/airflow/example_dags/example_external_task_marker_dag.py for tasks to queue
[2023-03-12 14:58:29,128] {logging_mixin.py:109} INFO - [2023-03-12 14:58:29,128] {dagbag.py:500} INFO - Filling up the DagBag from /home/airflow/.local/lib/python3.7/site-packages/airflow/example_dags/example_external_task_marker_dag.py
[2023-03-12 14:58:29,192] {processor.py:654} INFO - DAG(s) dict_keys(['example_external_task_marker_parent', 'example_external_task_marker_child']) retrieved from /home/airflow/.local/lib/python3.7/site-packages/airflow/example_dags/example_external_task_marker_dag.py
[2023-03-12 14:58:29,237] {logging_mixin.py:109} INFO - [2023-03-12 14:58:29,237] {dag.py:2396} INFO - Sync 2 DAGs
[2023-03-12 14:58:29,285] {logging_mixin.py:109} INFO - [2023-03-12 14:58:29,285] {dag.py:2935} INFO - Setting next_dagrun for example_external_task_marker_child to None
[2023-03-12 14:58:29,287] {logging_mixin.py:109} INFO - [2023-03-12 14:58:29,287] {dag.py:2935} INFO - Setting next_dagrun for example_external_task_marker_parent to None
[2023-03-12 14:58:29,310] {processor.py:171} INFO - Processing /home/airflow/.local/lib/python3.7/site-packages/airflow/example_dags/example_external_task_marker_dag.py took 0.197 seconds
