[2023-03-12 14:28:15,188] {processor.py:163} INFO - Started process (PID=781) to work on /home/airflow/.local/lib/python3.7/site-packages/airflow/example_dags/example_skip_dag.py
[2023-03-12 14:28:15,194] {processor.py:642} INFO - Processing file /home/airflow/.local/lib/python3.7/site-packages/airflow/example_dags/example_skip_dag.py for tasks to queue
[2023-03-12 14:28:15,199] {logging_mixin.py:109} INFO - [2023-03-12 14:28:15,198] {dagbag.py:500} INFO - Filling up the DagBag from /home/airflow/.local/lib/python3.7/site-packages/airflow/example_dags/example_skip_dag.py
[2023-03-12 14:28:15,286] {processor.py:654} INFO - DAG(s) dict_keys(['example_skip_dag']) retrieved from /home/airflow/.local/lib/python3.7/site-packages/airflow/example_dags/example_skip_dag.py
[2023-03-12 14:28:24,346] {logging_mixin.py:109} INFO - [2023-03-12 14:28:24,345] {manager.py:496} INFO - Created Permission View: can edit on DAG:example_skip_dag
[2023-03-12 14:28:24,378] {logging_mixin.py:109} INFO - [2023-03-12 14:28:24,377] {manager.py:496} INFO - Created Permission View: can read on DAG:example_skip_dag
[2023-03-12 14:28:24,382] {logging_mixin.py:109} INFO - [2023-03-12 14:28:24,380] {dag.py:2396} INFO - Sync 1 DAGs
[2023-03-12 14:28:24,470] {logging_mixin.py:109} INFO - [2023-03-12 14:28:24,468] {dag.py:2415} INFO - Creating ORM DAG for example_skip_dag
[2023-03-12 14:28:24,514] {logging_mixin.py:109} INFO - [2023-03-12 14:28:24,514] {dag.py:2935} INFO - Setting next_dagrun for example_skip_dag to 2023-03-11T14:28:24.511990+00:00
[2023-03-12 14:28:24,572] {processor.py:171} INFO - Processing /home/airflow/.local/lib/python3.7/site-packages/airflow/example_dags/example_skip_dag.py took 9.393 seconds
[2023-03-12 14:38:51,056] {processor.py:163} INFO - Started process (PID=1142) to work on /home/airflow/.local/lib/python3.7/site-packages/airflow/example_dags/example_skip_dag.py
[2023-03-12 14:38:51,088] {processor.py:642} INFO - Processing file /home/airflow/.local/lib/python3.7/site-packages/airflow/example_dags/example_skip_dag.py for tasks to queue
[2023-03-12 14:38:51,100] {logging_mixin.py:109} INFO - [2023-03-12 14:38:51,100] {dagbag.py:500} INFO - Filling up the DagBag from /home/airflow/.local/lib/python3.7/site-packages/airflow/example_dags/example_skip_dag.py
[2023-03-12 14:38:51,583] {processor.py:654} INFO - DAG(s) dict_keys(['example_skip_dag']) retrieved from /home/airflow/.local/lib/python3.7/site-packages/airflow/example_dags/example_skip_dag.py
[2023-03-12 14:38:51,870] {logging_mixin.py:109} INFO - [2023-03-12 14:38:51,869] {dag.py:2396} INFO - Sync 1 DAGs
[2023-03-12 14:38:52,177] {logging_mixin.py:109} INFO - [2023-03-12 14:38:52,177] {dag.py:2935} INFO - Setting next_dagrun for example_skip_dag to 2023-03-11T14:38:52.158491+00:00
[2023-03-12 14:38:52,404] {processor.py:171} INFO - Processing /home/airflow/.local/lib/python3.7/site-packages/airflow/example_dags/example_skip_dag.py took 1.410 seconds
[2023-03-12 14:39:31,892] {processor.py:163} INFO - Started process (PID=1382) to work on /home/airflow/.local/lib/python3.7/site-packages/airflow/example_dags/example_skip_dag.py
[2023-03-12 14:39:31,919] {processor.py:642} INFO - Processing file /home/airflow/.local/lib/python3.7/site-packages/airflow/example_dags/example_skip_dag.py for tasks to queue
[2023-03-12 14:39:31,934] {logging_mixin.py:109} INFO - [2023-03-12 14:39:31,927] {dagbag.py:500} INFO - Filling up the DagBag from /home/airflow/.local/lib/python3.7/site-packages/airflow/example_dags/example_skip_dag.py
[2023-03-12 14:39:32,286] {processor.py:654} INFO - DAG(s) dict_keys(['example_skip_dag']) retrieved from /home/airflow/.local/lib/python3.7/site-packages/airflow/example_dags/example_skip_dag.py
[2023-03-12 14:39:32,550] {logging_mixin.py:109} INFO - [2023-03-12 14:39:32,549] {dag.py:2396} INFO - Sync 1 DAGs
[2023-03-12 14:39:32,839] {logging_mixin.py:109} INFO - [2023-03-12 14:39:32,838] {dag.py:2935} INFO - Setting next_dagrun for example_skip_dag to 2023-03-11T14:39:32.826125+00:00
[2023-03-12 14:39:33,001] {processor.py:171} INFO - Processing /home/airflow/.local/lib/python3.7/site-packages/airflow/example_dags/example_skip_dag.py took 1.126 seconds
[2023-03-12 14:40:07,312] {processor.py:163} INFO - Started process (PID=1590) to work on /home/airflow/.local/lib/python3.7/site-packages/airflow/example_dags/example_skip_dag.py
[2023-03-12 14:40:07,322] {processor.py:642} INFO - Processing file /home/airflow/.local/lib/python3.7/site-packages/airflow/example_dags/example_skip_dag.py for tasks to queue
[2023-03-12 14:40:07,328] {logging_mixin.py:109} INFO - [2023-03-12 14:40:07,328] {dagbag.py:500} INFO - Filling up the DagBag from /home/airflow/.local/lib/python3.7/site-packages/airflow/example_dags/example_skip_dag.py
[2023-03-12 14:40:07,477] {processor.py:654} INFO - DAG(s) dict_keys(['example_skip_dag']) retrieved from /home/airflow/.local/lib/python3.7/site-packages/airflow/example_dags/example_skip_dag.py
[2023-03-12 14:40:07,621] {logging_mixin.py:109} INFO - [2023-03-12 14:40:07,621] {dag.py:2396} INFO - Sync 1 DAGs
[2023-03-12 14:40:07,689] {logging_mixin.py:109} INFO - [2023-03-12 14:40:07,689] {dag.py:2935} INFO - Setting next_dagrun for example_skip_dag to 2023-03-11T14:40:07.687172+00:00
[2023-03-12 14:40:07,725] {processor.py:171} INFO - Processing /home/airflow/.local/lib/python3.7/site-packages/airflow/example_dags/example_skip_dag.py took 0.423 seconds
[2023-03-12 14:40:42,549] {processor.py:163} INFO - Started process (PID=1814) to work on /home/airflow/.local/lib/python3.7/site-packages/airflow/example_dags/example_skip_dag.py
[2023-03-12 14:40:42,563] {processor.py:642} INFO - Processing file /home/airflow/.local/lib/python3.7/site-packages/airflow/example_dags/example_skip_dag.py for tasks to queue
[2023-03-12 14:40:42,570] {logging_mixin.py:109} INFO - [2023-03-12 14:40:42,569] {dagbag.py:500} INFO - Filling up the DagBag from /home/airflow/.local/lib/python3.7/site-packages/airflow/example_dags/example_skip_dag.py
[2023-03-12 14:40:42,993] {processor.py:654} INFO - DAG(s) dict_keys(['example_skip_dag']) retrieved from /home/airflow/.local/lib/python3.7/site-packages/airflow/example_dags/example_skip_dag.py
[2023-03-12 14:40:43,195] {logging_mixin.py:109} INFO - [2023-03-12 14:40:43,194] {dag.py:2396} INFO - Sync 1 DAGs
[2023-03-12 14:40:43,387] {logging_mixin.py:109} INFO - [2023-03-12 14:40:43,387] {dag.py:2935} INFO - Setting next_dagrun for example_skip_dag to 2023-03-11T14:40:43.384264+00:00
[2023-03-12 14:40:43,444] {processor.py:171} INFO - Processing /home/airflow/.local/lib/python3.7/site-packages/airflow/example_dags/example_skip_dag.py took 0.908 seconds
[2023-03-12 14:41:19,915] {processor.py:163} INFO - Started process (PID=2055) to work on /home/airflow/.local/lib/python3.7/site-packages/airflow/example_dags/example_skip_dag.py
[2023-03-12 14:41:19,928] {processor.py:642} INFO - Processing file /home/airflow/.local/lib/python3.7/site-packages/airflow/example_dags/example_skip_dag.py for tasks to queue
[2023-03-12 14:41:19,941] {logging_mixin.py:109} INFO - [2023-03-12 14:41:19,940] {dagbag.py:500} INFO - Filling up the DagBag from /home/airflow/.local/lib/python3.7/site-packages/airflow/example_dags/example_skip_dag.py
[2023-03-12 14:41:20,144] {processor.py:654} INFO - DAG(s) dict_keys(['example_skip_dag']) retrieved from /home/airflow/.local/lib/python3.7/site-packages/airflow/example_dags/example_skip_dag.py
[2023-03-12 14:41:20,256] {logging_mixin.py:109} INFO - [2023-03-12 14:41:20,256] {dag.py:2396} INFO - Sync 1 DAGs
[2023-03-12 14:41:20,383] {logging_mixin.py:109} INFO - [2023-03-12 14:41:20,382] {dag.py:2935} INFO - Setting next_dagrun for example_skip_dag to 2023-03-11T14:41:20.375215+00:00
[2023-03-12 14:41:20,450] {processor.py:171} INFO - Processing /home/airflow/.local/lib/python3.7/site-packages/airflow/example_dags/example_skip_dag.py took 0.624 seconds
[2023-03-12 14:42:09,925] {processor.py:163} INFO - Started process (PID=2375) to work on /home/airflow/.local/lib/python3.7/site-packages/airflow/example_dags/example_skip_dag.py
[2023-03-12 14:42:09,939] {processor.py:642} INFO - Processing file /home/airflow/.local/lib/python3.7/site-packages/airflow/example_dags/example_skip_dag.py for tasks to queue
[2023-03-12 14:42:09,946] {logging_mixin.py:109} INFO - [2023-03-12 14:42:09,945] {dagbag.py:500} INFO - Filling up the DagBag from /home/airflow/.local/lib/python3.7/site-packages/airflow/example_dags/example_skip_dag.py
[2023-03-12 14:42:10,120] {processor.py:654} INFO - DAG(s) dict_keys(['example_skip_dag']) retrieved from /home/airflow/.local/lib/python3.7/site-packages/airflow/example_dags/example_skip_dag.py
[2023-03-12 14:42:10,227] {logging_mixin.py:109} INFO - [2023-03-12 14:42:10,227] {dag.py:2396} INFO - Sync 1 DAGs
[2023-03-12 14:42:10,365] {logging_mixin.py:109} INFO - [2023-03-12 14:42:10,361] {dag.py:2935} INFO - Setting next_dagrun for example_skip_dag to 2023-03-11T14:42:10.349465+00:00
[2023-03-12 14:42:10,449] {processor.py:171} INFO - Processing /home/airflow/.local/lib/python3.7/site-packages/airflow/example_dags/example_skip_dag.py took 0.552 seconds
[2023-03-12 14:42:40,981] {processor.py:163} INFO - Started process (PID=2596) to work on /home/airflow/.local/lib/python3.7/site-packages/airflow/example_dags/example_skip_dag.py
[2023-03-12 14:42:40,990] {processor.py:642} INFO - Processing file /home/airflow/.local/lib/python3.7/site-packages/airflow/example_dags/example_skip_dag.py for tasks to queue
[2023-03-12 14:42:40,995] {logging_mixin.py:109} INFO - [2023-03-12 14:42:40,994] {dagbag.py:500} INFO - Filling up the DagBag from /home/airflow/.local/lib/python3.7/site-packages/airflow/example_dags/example_skip_dag.py
[2023-03-12 14:42:41,085] {processor.py:654} INFO - DAG(s) dict_keys(['example_skip_dag']) retrieved from /home/airflow/.local/lib/python3.7/site-packages/airflow/example_dags/example_skip_dag.py
[2023-03-12 14:42:41,137] {logging_mixin.py:109} INFO - [2023-03-12 14:42:41,137] {dag.py:2396} INFO - Sync 1 DAGs
[2023-03-12 14:42:41,207] {logging_mixin.py:109} INFO - [2023-03-12 14:42:41,207] {dag.py:2935} INFO - Setting next_dagrun for example_skip_dag to 2023-03-11T14:42:41.205333+00:00
[2023-03-12 14:42:41,242] {processor.py:171} INFO - Processing /home/airflow/.local/lib/python3.7/site-packages/airflow/example_dags/example_skip_dag.py took 0.271 seconds
[2023-03-12 14:43:11,537] {processor.py:163} INFO - Started process (PID=2803) to work on /home/airflow/.local/lib/python3.7/site-packages/airflow/example_dags/example_skip_dag.py
[2023-03-12 14:43:11,543] {processor.py:642} INFO - Processing file /home/airflow/.local/lib/python3.7/site-packages/airflow/example_dags/example_skip_dag.py for tasks to queue
[2023-03-12 14:43:11,549] {logging_mixin.py:109} INFO - [2023-03-12 14:43:11,548] {dagbag.py:500} INFO - Filling up the DagBag from /home/airflow/.local/lib/python3.7/site-packages/airflow/example_dags/example_skip_dag.py
[2023-03-12 14:43:11,721] {processor.py:654} INFO - DAG(s) dict_keys(['example_skip_dag']) retrieved from /home/airflow/.local/lib/python3.7/site-packages/airflow/example_dags/example_skip_dag.py
[2023-03-12 14:43:11,802] {logging_mixin.py:109} INFO - [2023-03-12 14:43:11,799] {dag.py:2396} INFO - Sync 1 DAGs
[2023-03-12 14:43:12,082] {logging_mixin.py:109} INFO - [2023-03-12 14:43:12,081] {dag.py:2935} INFO - Setting next_dagrun for example_skip_dag to 2023-03-11T14:43:12.073200+00:00
[2023-03-12 14:43:12,152] {processor.py:171} INFO - Processing /home/airflow/.local/lib/python3.7/site-packages/airflow/example_dags/example_skip_dag.py took 0.623 seconds
[2023-03-12 14:43:42,273] {processor.py:163} INFO - Started process (PID=3027) to work on /home/airflow/.local/lib/python3.7/site-packages/airflow/example_dags/example_skip_dag.py
[2023-03-12 14:43:42,278] {processor.py:642} INFO - Processing file /home/airflow/.local/lib/python3.7/site-packages/airflow/example_dags/example_skip_dag.py for tasks to queue
[2023-03-12 14:43:42,281] {logging_mixin.py:109} INFO - [2023-03-12 14:43:42,280] {dagbag.py:500} INFO - Filling up the DagBag from /home/airflow/.local/lib/python3.7/site-packages/airflow/example_dags/example_skip_dag.py
[2023-03-12 14:43:42,350] {processor.py:654} INFO - DAG(s) dict_keys(['example_skip_dag']) retrieved from /home/airflow/.local/lib/python3.7/site-packages/airflow/example_dags/example_skip_dag.py
[2023-03-12 14:43:42,400] {logging_mixin.py:109} INFO - [2023-03-12 14:43:42,399] {dag.py:2396} INFO - Sync 1 DAGs
[2023-03-12 14:43:42,450] {logging_mixin.py:109} INFO - [2023-03-12 14:43:42,449] {dag.py:2935} INFO - Setting next_dagrun for example_skip_dag to 2023-03-11T14:43:42.448137+00:00
[2023-03-12 14:43:42,477] {processor.py:171} INFO - Processing /home/airflow/.local/lib/python3.7/site-packages/airflow/example_dags/example_skip_dag.py took 0.212 seconds
[2023-03-12 14:44:12,754] {processor.py:163} INFO - Started process (PID=3235) to work on /home/airflow/.local/lib/python3.7/site-packages/airflow/example_dags/example_skip_dag.py
[2023-03-12 14:44:12,759] {processor.py:642} INFO - Processing file /home/airflow/.local/lib/python3.7/site-packages/airflow/example_dags/example_skip_dag.py for tasks to queue
[2023-03-12 14:44:12,765] {logging_mixin.py:109} INFO - [2023-03-12 14:44:12,764] {dagbag.py:500} INFO - Filling up the DagBag from /home/airflow/.local/lib/python3.7/site-packages/airflow/example_dags/example_skip_dag.py
[2023-03-12 14:44:12,867] {processor.py:654} INFO - DAG(s) dict_keys(['example_skip_dag']) retrieved from /home/airflow/.local/lib/python3.7/site-packages/airflow/example_dags/example_skip_dag.py
[2023-03-12 14:44:12,907] {logging_mixin.py:109} INFO - [2023-03-12 14:44:12,907] {dag.py:2396} INFO - Sync 1 DAGs
[2023-03-12 14:44:12,954] {logging_mixin.py:109} INFO - [2023-03-12 14:44:12,953] {dag.py:2935} INFO - Setting next_dagrun for example_skip_dag to 2023-03-11T14:44:12.952318+00:00
[2023-03-12 14:44:12,978] {processor.py:171} INFO - Processing /home/airflow/.local/lib/python3.7/site-packages/airflow/example_dags/example_skip_dag.py took 0.232 seconds
[2023-03-12 14:44:43,230] {processor.py:163} INFO - Started process (PID=3457) to work on /home/airflow/.local/lib/python3.7/site-packages/airflow/example_dags/example_skip_dag.py
[2023-03-12 14:44:43,235] {processor.py:642} INFO - Processing file /home/airflow/.local/lib/python3.7/site-packages/airflow/example_dags/example_skip_dag.py for tasks to queue
[2023-03-12 14:44:43,239] {logging_mixin.py:109} INFO - [2023-03-12 14:44:43,238] {dagbag.py:500} INFO - Filling up the DagBag from /home/airflow/.local/lib/python3.7/site-packages/airflow/example_dags/example_skip_dag.py
[2023-03-12 14:44:43,349] {processor.py:654} INFO - DAG(s) dict_keys(['example_skip_dag']) retrieved from /home/airflow/.local/lib/python3.7/site-packages/airflow/example_dags/example_skip_dag.py
[2023-03-12 14:44:43,414] {logging_mixin.py:109} INFO - [2023-03-12 14:44:43,414] {dag.py:2396} INFO - Sync 1 DAGs
[2023-03-12 14:44:43,466] {logging_mixin.py:109} INFO - [2023-03-12 14:44:43,465] {dag.py:2935} INFO - Setting next_dagrun for example_skip_dag to 2023-03-11T14:44:43.463931+00:00
[2023-03-12 14:44:43,492] {processor.py:171} INFO - Processing /home/airflow/.local/lib/python3.7/site-packages/airflow/example_dags/example_skip_dag.py took 0.270 seconds
[2023-03-12 14:45:16,120] {processor.py:163} INFO - Started process (PID=3677) to work on /home/airflow/.local/lib/python3.7/site-packages/airflow/example_dags/example_skip_dag.py
[2023-03-12 14:45:16,125] {processor.py:642} INFO - Processing file /home/airflow/.local/lib/python3.7/site-packages/airflow/example_dags/example_skip_dag.py for tasks to queue
[2023-03-12 14:45:16,130] {logging_mixin.py:109} INFO - [2023-03-12 14:45:16,129] {dagbag.py:500} INFO - Filling up the DagBag from /home/airflow/.local/lib/python3.7/site-packages/airflow/example_dags/example_skip_dag.py
[2023-03-12 14:45:16,224] {processor.py:654} INFO - DAG(s) dict_keys(['example_skip_dag']) retrieved from /home/airflow/.local/lib/python3.7/site-packages/airflow/example_dags/example_skip_dag.py
[2023-03-12 14:45:16,286] {logging_mixin.py:109} INFO - [2023-03-12 14:45:16,285] {dag.py:2396} INFO - Sync 1 DAGs
[2023-03-12 14:45:16,354] {logging_mixin.py:109} INFO - [2023-03-12 14:45:16,353] {dag.py:2935} INFO - Setting next_dagrun for example_skip_dag to 2023-03-11T14:45:16.351278+00:00
[2023-03-12 14:45:16,403] {processor.py:171} INFO - Processing /home/airflow/.local/lib/python3.7/site-packages/airflow/example_dags/example_skip_dag.py took 0.293 seconds
[2023-03-12 14:45:48,340] {processor.py:163} INFO - Started process (PID=3889) to work on /home/airflow/.local/lib/python3.7/site-packages/airflow/example_dags/example_skip_dag.py
[2023-03-12 14:45:48,353] {processor.py:642} INFO - Processing file /home/airflow/.local/lib/python3.7/site-packages/airflow/example_dags/example_skip_dag.py for tasks to queue
[2023-03-12 14:45:48,363] {logging_mixin.py:109} INFO - [2023-03-12 14:45:48,362] {dagbag.py:500} INFO - Filling up the DagBag from /home/airflow/.local/lib/python3.7/site-packages/airflow/example_dags/example_skip_dag.py
[2023-03-12 14:45:48,481] {processor.py:654} INFO - DAG(s) dict_keys(['example_skip_dag']) retrieved from /home/airflow/.local/lib/python3.7/site-packages/airflow/example_dags/example_skip_dag.py
[2023-03-12 14:45:48,560] {logging_mixin.py:109} INFO - [2023-03-12 14:45:48,559] {dag.py:2396} INFO - Sync 1 DAGs
[2023-03-12 14:45:48,639] {logging_mixin.py:109} INFO - [2023-03-12 14:45:48,638] {dag.py:2935} INFO - Setting next_dagrun for example_skip_dag to 2023-03-11T14:45:48.635417+00:00
[2023-03-12 14:45:48,724] {processor.py:171} INFO - Processing /home/airflow/.local/lib/python3.7/site-packages/airflow/example_dags/example_skip_dag.py took 0.396 seconds
[2023-03-12 14:46:20,972] {processor.py:163} INFO - Started process (PID=4112) to work on /home/airflow/.local/lib/python3.7/site-packages/airflow/example_dags/example_skip_dag.py
[2023-03-12 14:46:20,987] {processor.py:642} INFO - Processing file /home/airflow/.local/lib/python3.7/site-packages/airflow/example_dags/example_skip_dag.py for tasks to queue
[2023-03-12 14:46:20,996] {logging_mixin.py:109} INFO - [2023-03-12 14:46:20,995] {dagbag.py:500} INFO - Filling up the DagBag from /home/airflow/.local/lib/python3.7/site-packages/airflow/example_dags/example_skip_dag.py
[2023-03-12 14:46:21,096] {processor.py:654} INFO - DAG(s) dict_keys(['example_skip_dag']) retrieved from /home/airflow/.local/lib/python3.7/site-packages/airflow/example_dags/example_skip_dag.py
[2023-03-12 14:46:21,198] {logging_mixin.py:109} INFO - [2023-03-12 14:46:21,196] {dag.py:2396} INFO - Sync 1 DAGs
[2023-03-12 14:46:21,293] {logging_mixin.py:109} INFO - [2023-03-12 14:46:21,292] {dag.py:2935} INFO - Setting next_dagrun for example_skip_dag to 2023-03-11T14:46:21.288546+00:00
[2023-03-12 14:46:21,345] {processor.py:171} INFO - Processing /home/airflow/.local/lib/python3.7/site-packages/airflow/example_dags/example_skip_dag.py took 0.392 seconds
[2023-03-12 14:46:51,859] {processor.py:163} INFO - Started process (PID=4320) to work on /home/airflow/.local/lib/python3.7/site-packages/airflow/example_dags/example_skip_dag.py
[2023-03-12 14:46:51,864] {processor.py:642} INFO - Processing file /home/airflow/.local/lib/python3.7/site-packages/airflow/example_dags/example_skip_dag.py for tasks to queue
[2023-03-12 14:46:51,867] {logging_mixin.py:109} INFO - [2023-03-12 14:46:51,866] {dagbag.py:500} INFO - Filling up the DagBag from /home/airflow/.local/lib/python3.7/site-packages/airflow/example_dags/example_skip_dag.py
[2023-03-12 14:46:51,984] {processor.py:654} INFO - DAG(s) dict_keys(['example_skip_dag']) retrieved from /home/airflow/.local/lib/python3.7/site-packages/airflow/example_dags/example_skip_dag.py
[2023-03-12 14:46:52,066] {logging_mixin.py:109} INFO - [2023-03-12 14:46:52,065] {dag.py:2396} INFO - Sync 1 DAGs
[2023-03-12 14:46:52,133] {logging_mixin.py:109} INFO - [2023-03-12 14:46:52,133] {dag.py:2935} INFO - Setting next_dagrun for example_skip_dag to 2023-03-11T14:46:52.131852+00:00
[2023-03-12 14:46:52,159] {processor.py:171} INFO - Processing /home/airflow/.local/lib/python3.7/site-packages/airflow/example_dags/example_skip_dag.py took 0.306 seconds
[2023-03-12 14:47:24,320] {processor.py:163} INFO - Started process (PID=4543) to work on /home/airflow/.local/lib/python3.7/site-packages/airflow/example_dags/example_skip_dag.py
[2023-03-12 14:47:24,328] {processor.py:642} INFO - Processing file /home/airflow/.local/lib/python3.7/site-packages/airflow/example_dags/example_skip_dag.py for tasks to queue
[2023-03-12 14:47:24,335] {logging_mixin.py:109} INFO - [2023-03-12 14:47:24,334] {dagbag.py:500} INFO - Filling up the DagBag from /home/airflow/.local/lib/python3.7/site-packages/airflow/example_dags/example_skip_dag.py
[2023-03-12 14:47:24,464] {processor.py:654} INFO - DAG(s) dict_keys(['example_skip_dag']) retrieved from /home/airflow/.local/lib/python3.7/site-packages/airflow/example_dags/example_skip_dag.py
[2023-03-12 14:47:24,532] {logging_mixin.py:109} INFO - [2023-03-12 14:47:24,530] {dag.py:2396} INFO - Sync 1 DAGs
[2023-03-12 14:47:24,625] {logging_mixin.py:109} INFO - [2023-03-12 14:47:24,624] {dag.py:2935} INFO - Setting next_dagrun for example_skip_dag to 2023-03-11T14:47:24.621474+00:00
[2023-03-12 14:47:24,717] {processor.py:171} INFO - Processing /home/airflow/.local/lib/python3.7/site-packages/airflow/example_dags/example_skip_dag.py took 0.406 seconds
[2023-03-12 14:47:56,231] {processor.py:163} INFO - Started process (PID=4767) to work on /home/airflow/.local/lib/python3.7/site-packages/airflow/example_dags/example_skip_dag.py
[2023-03-12 14:47:56,239] {processor.py:642} INFO - Processing file /home/airflow/.local/lib/python3.7/site-packages/airflow/example_dags/example_skip_dag.py for tasks to queue
[2023-03-12 14:47:56,243] {logging_mixin.py:109} INFO - [2023-03-12 14:47:56,243] {dagbag.py:500} INFO - Filling up the DagBag from /home/airflow/.local/lib/python3.7/site-packages/airflow/example_dags/example_skip_dag.py
[2023-03-12 14:47:56,332] {processor.py:654} INFO - DAG(s) dict_keys(['example_skip_dag']) retrieved from /home/airflow/.local/lib/python3.7/site-packages/airflow/example_dags/example_skip_dag.py
[2023-03-12 14:47:56,380] {logging_mixin.py:109} INFO - [2023-03-12 14:47:56,379] {dag.py:2396} INFO - Sync 1 DAGs
[2023-03-12 14:47:56,441] {logging_mixin.py:109} INFO - [2023-03-12 14:47:56,440] {dag.py:2935} INFO - Setting next_dagrun for example_skip_dag to 2023-03-11T14:47:56.438085+00:00
[2023-03-12 14:47:56,474] {processor.py:171} INFO - Processing /home/airflow/.local/lib/python3.7/site-packages/airflow/example_dags/example_skip_dag.py took 0.252 seconds
[2023-03-12 14:48:27,620] {processor.py:163} INFO - Started process (PID=4975) to work on /home/airflow/.local/lib/python3.7/site-packages/airflow/example_dags/example_skip_dag.py
[2023-03-12 14:48:27,631] {processor.py:642} INFO - Processing file /home/airflow/.local/lib/python3.7/site-packages/airflow/example_dags/example_skip_dag.py for tasks to queue
[2023-03-12 14:48:27,637] {logging_mixin.py:109} INFO - [2023-03-12 14:48:27,636] {dagbag.py:500} INFO - Filling up the DagBag from /home/airflow/.local/lib/python3.7/site-packages/airflow/example_dags/example_skip_dag.py
[2023-03-12 14:48:27,730] {processor.py:654} INFO - DAG(s) dict_keys(['example_skip_dag']) retrieved from /home/airflow/.local/lib/python3.7/site-packages/airflow/example_dags/example_skip_dag.py
[2023-03-12 14:48:27,789] {logging_mixin.py:109} INFO - [2023-03-12 14:48:27,787] {dag.py:2396} INFO - Sync 1 DAGs
[2023-03-12 14:48:27,914] {logging_mixin.py:109} INFO - [2023-03-12 14:48:27,913] {dag.py:2935} INFO - Setting next_dagrun for example_skip_dag to 2023-03-11T14:48:27.911330+00:00
[2023-03-12 14:48:27,953] {processor.py:171} INFO - Processing /home/airflow/.local/lib/python3.7/site-packages/airflow/example_dags/example_skip_dag.py took 0.355 seconds
[2023-03-12 14:48:58,655] {processor.py:163} INFO - Started process (PID=5199) to work on /home/airflow/.local/lib/python3.7/site-packages/airflow/example_dags/example_skip_dag.py
[2023-03-12 14:48:58,661] {processor.py:642} INFO - Processing file /home/airflow/.local/lib/python3.7/site-packages/airflow/example_dags/example_skip_dag.py for tasks to queue
[2023-03-12 14:48:58,670] {logging_mixin.py:109} INFO - [2023-03-12 14:48:58,670] {dagbag.py:500} INFO - Filling up the DagBag from /home/airflow/.local/lib/python3.7/site-packages/airflow/example_dags/example_skip_dag.py
[2023-03-12 14:48:58,749] {processor.py:654} INFO - DAG(s) dict_keys(['example_skip_dag']) retrieved from /home/airflow/.local/lib/python3.7/site-packages/airflow/example_dags/example_skip_dag.py
[2023-03-12 14:48:58,797] {logging_mixin.py:109} INFO - [2023-03-12 14:48:58,796] {dag.py:2396} INFO - Sync 1 DAGs
[2023-03-12 14:48:58,912] {logging_mixin.py:109} INFO - [2023-03-12 14:48:58,912] {dag.py:2935} INFO - Setting next_dagrun for example_skip_dag to 2023-03-11T14:48:58.910258+00:00
[2023-03-12 14:48:59,004] {processor.py:171} INFO - Processing /home/airflow/.local/lib/python3.7/site-packages/airflow/example_dags/example_skip_dag.py took 0.356 seconds
[2023-03-12 14:49:29,267] {processor.py:163} INFO - Started process (PID=5400) to work on /home/airflow/.local/lib/python3.7/site-packages/airflow/example_dags/example_skip_dag.py
[2023-03-12 14:49:29,270] {processor.py:642} INFO - Processing file /home/airflow/.local/lib/python3.7/site-packages/airflow/example_dags/example_skip_dag.py for tasks to queue
[2023-03-12 14:49:29,273] {logging_mixin.py:109} INFO - [2023-03-12 14:49:29,272] {dagbag.py:500} INFO - Filling up the DagBag from /home/airflow/.local/lib/python3.7/site-packages/airflow/example_dags/example_skip_dag.py
[2023-03-12 14:49:29,386] {processor.py:654} INFO - DAG(s) dict_keys(['example_skip_dag']) retrieved from /home/airflow/.local/lib/python3.7/site-packages/airflow/example_dags/example_skip_dag.py
[2023-03-12 14:49:29,424] {logging_mixin.py:109} INFO - [2023-03-12 14:49:29,424] {dag.py:2396} INFO - Sync 1 DAGs
[2023-03-12 14:49:29,479] {logging_mixin.py:109} INFO - [2023-03-12 14:49:29,479] {dag.py:2935} INFO - Setting next_dagrun for example_skip_dag to 2023-03-11T14:49:29.477391+00:00
[2023-03-12 14:49:29,502] {processor.py:171} INFO - Processing /home/airflow/.local/lib/python3.7/site-packages/airflow/example_dags/example_skip_dag.py took 0.242 seconds
[2023-03-12 14:49:59,986] {processor.py:163} INFO - Started process (PID=5624) to work on /home/airflow/.local/lib/python3.7/site-packages/airflow/example_dags/example_skip_dag.py
[2023-03-12 14:49:59,993] {processor.py:642} INFO - Processing file /home/airflow/.local/lib/python3.7/site-packages/airflow/example_dags/example_skip_dag.py for tasks to queue
[2023-03-12 14:49:59,997] {logging_mixin.py:109} INFO - [2023-03-12 14:49:59,996] {dagbag.py:500} INFO - Filling up the DagBag from /home/airflow/.local/lib/python3.7/site-packages/airflow/example_dags/example_skip_dag.py
[2023-03-12 14:50:00,147] {processor.py:654} INFO - DAG(s) dict_keys(['example_skip_dag']) retrieved from /home/airflow/.local/lib/python3.7/site-packages/airflow/example_dags/example_skip_dag.py
[2023-03-12 14:50:00,214] {logging_mixin.py:109} INFO - [2023-03-12 14:50:00,214] {dag.py:2396} INFO - Sync 1 DAGs
[2023-03-12 14:50:00,278] {logging_mixin.py:109} INFO - [2023-03-12 14:50:00,277] {dag.py:2935} INFO - Setting next_dagrun for example_skip_dag to 2023-03-11T14:50:00.275530+00:00
[2023-03-12 14:50:00,319] {processor.py:171} INFO - Processing /home/airflow/.local/lib/python3.7/site-packages/airflow/example_dags/example_skip_dag.py took 0.342 seconds
[2023-03-12 14:50:30,971] {processor.py:163} INFO - Started process (PID=5831) to work on /home/airflow/.local/lib/python3.7/site-packages/airflow/example_dags/example_skip_dag.py
[2023-03-12 14:50:30,982] {processor.py:642} INFO - Processing file /home/airflow/.local/lib/python3.7/site-packages/airflow/example_dags/example_skip_dag.py for tasks to queue
[2023-03-12 14:50:30,989] {logging_mixin.py:109} INFO - [2023-03-12 14:50:30,989] {dagbag.py:500} INFO - Filling up the DagBag from /home/airflow/.local/lib/python3.7/site-packages/airflow/example_dags/example_skip_dag.py
[2023-03-12 14:50:31,272] {processor.py:654} INFO - DAG(s) dict_keys(['example_skip_dag']) retrieved from /home/airflow/.local/lib/python3.7/site-packages/airflow/example_dags/example_skip_dag.py
[2023-03-12 14:50:31,328] {logging_mixin.py:109} INFO - [2023-03-12 14:50:31,327] {dag.py:2396} INFO - Sync 1 DAGs
[2023-03-12 14:50:31,406] {logging_mixin.py:109} INFO - [2023-03-12 14:50:31,404] {dag.py:2935} INFO - Setting next_dagrun for example_skip_dag to 2023-03-11T14:50:31.399909+00:00
[2023-03-12 14:50:31,444] {processor.py:171} INFO - Processing /home/airflow/.local/lib/python3.7/site-packages/airflow/example_dags/example_skip_dag.py took 0.485 seconds
[2023-03-12 14:51:01,816] {processor.py:163} INFO - Started process (PID=6057) to work on /home/airflow/.local/lib/python3.7/site-packages/airflow/example_dags/example_skip_dag.py
[2023-03-12 14:51:01,823] {processor.py:642} INFO - Processing file /home/airflow/.local/lib/python3.7/site-packages/airflow/example_dags/example_skip_dag.py for tasks to queue
[2023-03-12 14:51:01,836] {logging_mixin.py:109} INFO - [2023-03-12 14:51:01,836] {dagbag.py:500} INFO - Filling up the DagBag from /home/airflow/.local/lib/python3.7/site-packages/airflow/example_dags/example_skip_dag.py
[2023-03-12 14:51:01,920] {processor.py:654} INFO - DAG(s) dict_keys(['example_skip_dag']) retrieved from /home/airflow/.local/lib/python3.7/site-packages/airflow/example_dags/example_skip_dag.py
[2023-03-12 14:51:01,971] {logging_mixin.py:109} INFO - [2023-03-12 14:51:01,970] {dag.py:2396} INFO - Sync 1 DAGs
[2023-03-12 14:51:02,039] {logging_mixin.py:109} INFO - [2023-03-12 14:51:02,038] {dag.py:2935} INFO - Setting next_dagrun for example_skip_dag to 2023-03-11T14:51:02.036834+00:00
[2023-03-12 14:51:02,069] {processor.py:171} INFO - Processing /home/airflow/.local/lib/python3.7/site-packages/airflow/example_dags/example_skip_dag.py took 0.263 seconds
[2023-03-12 14:51:32,380] {processor.py:163} INFO - Started process (PID=6264) to work on /home/airflow/.local/lib/python3.7/site-packages/airflow/example_dags/example_skip_dag.py
[2023-03-12 14:51:32,386] {processor.py:642} INFO - Processing file /home/airflow/.local/lib/python3.7/site-packages/airflow/example_dags/example_skip_dag.py for tasks to queue
[2023-03-12 14:51:32,390] {logging_mixin.py:109} INFO - [2023-03-12 14:51:32,389] {dagbag.py:500} INFO - Filling up the DagBag from /home/airflow/.local/lib/python3.7/site-packages/airflow/example_dags/example_skip_dag.py
[2023-03-12 14:51:32,469] {processor.py:654} INFO - DAG(s) dict_keys(['example_skip_dag']) retrieved from /home/airflow/.local/lib/python3.7/site-packages/airflow/example_dags/example_skip_dag.py
[2023-03-12 14:51:32,546] {logging_mixin.py:109} INFO - [2023-03-12 14:51:32,546] {dag.py:2396} INFO - Sync 1 DAGs
[2023-03-12 14:51:32,601] {logging_mixin.py:109} INFO - [2023-03-12 14:51:32,600] {dag.py:2935} INFO - Setting next_dagrun for example_skip_dag to 2023-03-11T14:51:32.598410+00:00
[2023-03-12 14:51:32,633] {processor.py:171} INFO - Processing /home/airflow/.local/lib/python3.7/site-packages/airflow/example_dags/example_skip_dag.py took 0.260 seconds
[2023-03-12 14:52:03,526] {processor.py:163} INFO - Started process (PID=6487) to work on /home/airflow/.local/lib/python3.7/site-packages/airflow/example_dags/example_skip_dag.py
[2023-03-12 14:52:03,532] {processor.py:642} INFO - Processing file /home/airflow/.local/lib/python3.7/site-packages/airflow/example_dags/example_skip_dag.py for tasks to queue
[2023-03-12 14:52:03,546] {logging_mixin.py:109} INFO - [2023-03-12 14:52:03,545] {dagbag.py:500} INFO - Filling up the DagBag from /home/airflow/.local/lib/python3.7/site-packages/airflow/example_dags/example_skip_dag.py
[2023-03-12 14:52:03,639] {processor.py:654} INFO - DAG(s) dict_keys(['example_skip_dag']) retrieved from /home/airflow/.local/lib/python3.7/site-packages/airflow/example_dags/example_skip_dag.py
[2023-03-12 14:52:03,697] {logging_mixin.py:109} INFO - [2023-03-12 14:52:03,696] {dag.py:2396} INFO - Sync 1 DAGs
[2023-03-12 14:52:03,760] {logging_mixin.py:109} INFO - [2023-03-12 14:52:03,759] {dag.py:2935} INFO - Setting next_dagrun for example_skip_dag to 2023-03-11T14:52:03.756121+00:00
[2023-03-12 14:52:03,794] {processor.py:171} INFO - Processing /home/airflow/.local/lib/python3.7/site-packages/airflow/example_dags/example_skip_dag.py took 0.275 seconds
[2023-03-12 14:52:34,105] {processor.py:163} INFO - Started process (PID=6703) to work on /home/airflow/.local/lib/python3.7/site-packages/airflow/example_dags/example_skip_dag.py
[2023-03-12 14:52:34,114] {processor.py:642} INFO - Processing file /home/airflow/.local/lib/python3.7/site-packages/airflow/example_dags/example_skip_dag.py for tasks to queue
[2023-03-12 14:52:34,118] {logging_mixin.py:109} INFO - [2023-03-12 14:52:34,117] {dagbag.py:500} INFO - Filling up the DagBag from /home/airflow/.local/lib/python3.7/site-packages/airflow/example_dags/example_skip_dag.py
[2023-03-12 14:52:34,214] {processor.py:654} INFO - DAG(s) dict_keys(['example_skip_dag']) retrieved from /home/airflow/.local/lib/python3.7/site-packages/airflow/example_dags/example_skip_dag.py
[2023-03-12 14:52:34,273] {logging_mixin.py:109} INFO - [2023-03-12 14:52:34,273] {dag.py:2396} INFO - Sync 1 DAGs
[2023-03-12 14:52:34,341] {logging_mixin.py:109} INFO - [2023-03-12 14:52:34,341] {dag.py:2935} INFO - Setting next_dagrun for example_skip_dag to 2023-03-11T14:52:34.338914+00:00
[2023-03-12 14:52:34,376] {processor.py:171} INFO - Processing /home/airflow/.local/lib/python3.7/site-packages/airflow/example_dags/example_skip_dag.py took 0.288 seconds
[2023-03-12 14:53:04,570] {processor.py:163} INFO - Started process (PID=6920) to work on /home/airflow/.local/lib/python3.7/site-packages/airflow/example_dags/example_skip_dag.py
[2023-03-12 14:53:04,576] {processor.py:642} INFO - Processing file /home/airflow/.local/lib/python3.7/site-packages/airflow/example_dags/example_skip_dag.py for tasks to queue
[2023-03-12 14:53:04,580] {logging_mixin.py:109} INFO - [2023-03-12 14:53:04,580] {dagbag.py:500} INFO - Filling up the DagBag from /home/airflow/.local/lib/python3.7/site-packages/airflow/example_dags/example_skip_dag.py
[2023-03-12 14:53:04,698] {processor.py:654} INFO - DAG(s) dict_keys(['example_skip_dag']) retrieved from /home/airflow/.local/lib/python3.7/site-packages/airflow/example_dags/example_skip_dag.py
[2023-03-12 14:53:04,749] {logging_mixin.py:109} INFO - [2023-03-12 14:53:04,749] {dag.py:2396} INFO - Sync 1 DAGs
[2023-03-12 14:53:04,818] {logging_mixin.py:109} INFO - [2023-03-12 14:53:04,818] {dag.py:2935} INFO - Setting next_dagrun for example_skip_dag to 2023-03-11T14:53:04.816034+00:00
[2023-03-12 14:53:04,852] {processor.py:171} INFO - Processing /home/airflow/.local/lib/python3.7/site-packages/airflow/example_dags/example_skip_dag.py took 0.299 seconds
[2023-03-12 14:53:35,044] {processor.py:163} INFO - Started process (PID=7139) to work on /home/airflow/.local/lib/python3.7/site-packages/airflow/example_dags/example_skip_dag.py
[2023-03-12 14:53:35,050] {processor.py:642} INFO - Processing file /home/airflow/.local/lib/python3.7/site-packages/airflow/example_dags/example_skip_dag.py for tasks to queue
[2023-03-12 14:53:35,054] {logging_mixin.py:109} INFO - [2023-03-12 14:53:35,053] {dagbag.py:500} INFO - Filling up the DagBag from /home/airflow/.local/lib/python3.7/site-packages/airflow/example_dags/example_skip_dag.py
[2023-03-12 14:53:35,174] {processor.py:654} INFO - DAG(s) dict_keys(['example_skip_dag']) retrieved from /home/airflow/.local/lib/python3.7/site-packages/airflow/example_dags/example_skip_dag.py
[2023-03-12 14:53:35,228] {logging_mixin.py:109} INFO - [2023-03-12 14:53:35,228] {dag.py:2396} INFO - Sync 1 DAGs
[2023-03-12 14:53:35,325] {logging_mixin.py:109} INFO - [2023-03-12 14:53:35,325] {dag.py:2935} INFO - Setting next_dagrun for example_skip_dag to 2023-03-11T14:53:35.323192+00:00
[2023-03-12 14:53:35,374] {processor.py:171} INFO - Processing /home/airflow/.local/lib/python3.7/site-packages/airflow/example_dags/example_skip_dag.py took 0.338 seconds
[2023-03-12 14:54:05,675] {processor.py:163} INFO - Started process (PID=7354) to work on /home/airflow/.local/lib/python3.7/site-packages/airflow/example_dags/example_skip_dag.py
[2023-03-12 14:54:05,683] {processor.py:642} INFO - Processing file /home/airflow/.local/lib/python3.7/site-packages/airflow/example_dags/example_skip_dag.py for tasks to queue
[2023-03-12 14:54:05,687] {logging_mixin.py:109} INFO - [2023-03-12 14:54:05,687] {dagbag.py:500} INFO - Filling up the DagBag from /home/airflow/.local/lib/python3.7/site-packages/airflow/example_dags/example_skip_dag.py
[2023-03-12 14:54:05,782] {processor.py:654} INFO - DAG(s) dict_keys(['example_skip_dag']) retrieved from /home/airflow/.local/lib/python3.7/site-packages/airflow/example_dags/example_skip_dag.py
[2023-03-12 14:54:05,829] {logging_mixin.py:109} INFO - [2023-03-12 14:54:05,828] {dag.py:2396} INFO - Sync 1 DAGs
[2023-03-12 14:54:05,885] {logging_mixin.py:109} INFO - [2023-03-12 14:54:05,884] {dag.py:2935} INFO - Setting next_dagrun for example_skip_dag to 2023-03-11T14:54:05.882930+00:00
[2023-03-12 14:54:05,923] {processor.py:171} INFO - Processing /home/airflow/.local/lib/python3.7/site-packages/airflow/example_dags/example_skip_dag.py took 0.256 seconds
[2023-03-12 14:54:37,210] {processor.py:163} INFO - Started process (PID=7581) to work on /home/airflow/.local/lib/python3.7/site-packages/airflow/example_dags/example_skip_dag.py
[2023-03-12 14:54:37,219] {processor.py:642} INFO - Processing file /home/airflow/.local/lib/python3.7/site-packages/airflow/example_dags/example_skip_dag.py for tasks to queue
[2023-03-12 14:54:37,236] {logging_mixin.py:109} INFO - [2023-03-12 14:54:37,233] {dagbag.py:500} INFO - Filling up the DagBag from /home/airflow/.local/lib/python3.7/site-packages/airflow/example_dags/example_skip_dag.py
[2023-03-12 14:54:37,381] {processor.py:654} INFO - DAG(s) dict_keys(['example_skip_dag']) retrieved from /home/airflow/.local/lib/python3.7/site-packages/airflow/example_dags/example_skip_dag.py
[2023-03-12 14:54:37,435] {logging_mixin.py:109} INFO - [2023-03-12 14:54:37,434] {dag.py:2396} INFO - Sync 1 DAGs
[2023-03-12 14:54:37,495] {logging_mixin.py:109} INFO - [2023-03-12 14:54:37,495] {dag.py:2935} INFO - Setting next_dagrun for example_skip_dag to 2023-03-11T14:54:37.493422+00:00
[2023-03-12 14:54:37,527] {processor.py:171} INFO - Processing /home/airflow/.local/lib/python3.7/site-packages/airflow/example_dags/example_skip_dag.py took 0.337 seconds
[2023-03-12 14:55:08,481] {processor.py:163} INFO - Started process (PID=7787) to work on /home/airflow/.local/lib/python3.7/site-packages/airflow/example_dags/example_skip_dag.py
[2023-03-12 14:55:08,500] {processor.py:642} INFO - Processing file /home/airflow/.local/lib/python3.7/site-packages/airflow/example_dags/example_skip_dag.py for tasks to queue
[2023-03-12 14:55:08,504] {logging_mixin.py:109} INFO - [2023-03-12 14:55:08,503] {dagbag.py:500} INFO - Filling up the DagBag from /home/airflow/.local/lib/python3.7/site-packages/airflow/example_dags/example_skip_dag.py
[2023-03-12 14:55:08,611] {processor.py:654} INFO - DAG(s) dict_keys(['example_skip_dag']) retrieved from /home/airflow/.local/lib/python3.7/site-packages/airflow/example_dags/example_skip_dag.py
[2023-03-12 14:55:08,673] {logging_mixin.py:109} INFO - [2023-03-12 14:55:08,672] {dag.py:2396} INFO - Sync 1 DAGs
[2023-03-12 14:55:08,744] {logging_mixin.py:109} INFO - [2023-03-12 14:55:08,743] {dag.py:2935} INFO - Setting next_dagrun for example_skip_dag to 2023-03-11T14:55:08.741161+00:00
[2023-03-12 14:55:08,780] {processor.py:171} INFO - Processing /home/airflow/.local/lib/python3.7/site-packages/airflow/example_dags/example_skip_dag.py took 0.308 seconds
[2023-03-12 14:55:39,046] {processor.py:163} INFO - Started process (PID=8004) to work on /home/airflow/.local/lib/python3.7/site-packages/airflow/example_dags/example_skip_dag.py
[2023-03-12 14:55:39,051] {processor.py:642} INFO - Processing file /home/airflow/.local/lib/python3.7/site-packages/airflow/example_dags/example_skip_dag.py for tasks to queue
[2023-03-12 14:55:39,066] {logging_mixin.py:109} INFO - [2023-03-12 14:55:39,066] {dagbag.py:500} INFO - Filling up the DagBag from /home/airflow/.local/lib/python3.7/site-packages/airflow/example_dags/example_skip_dag.py
[2023-03-12 14:55:39,148] {processor.py:654} INFO - DAG(s) dict_keys(['example_skip_dag']) retrieved from /home/airflow/.local/lib/python3.7/site-packages/airflow/example_dags/example_skip_dag.py
[2023-03-12 14:55:39,201] {logging_mixin.py:109} INFO - [2023-03-12 14:55:39,200] {dag.py:2396} INFO - Sync 1 DAGs
[2023-03-12 14:55:39,258] {logging_mixin.py:109} INFO - [2023-03-12 14:55:39,257] {dag.py:2935} INFO - Setting next_dagrun for example_skip_dag to 2023-03-11T14:55:39.255491+00:00
[2023-03-12 14:55:39,288] {processor.py:171} INFO - Processing /home/airflow/.local/lib/python3.7/site-packages/airflow/example_dags/example_skip_dag.py took 0.250 seconds
[2023-03-12 14:56:10,041] {processor.py:163} INFO - Started process (PID=8213) to work on /home/airflow/.local/lib/python3.7/site-packages/airflow/example_dags/example_skip_dag.py
[2023-03-12 14:56:10,049] {processor.py:642} INFO - Processing file /home/airflow/.local/lib/python3.7/site-packages/airflow/example_dags/example_skip_dag.py for tasks to queue
[2023-03-12 14:56:10,053] {logging_mixin.py:109} INFO - [2023-03-12 14:56:10,053] {dagbag.py:500} INFO - Filling up the DagBag from /home/airflow/.local/lib/python3.7/site-packages/airflow/example_dags/example_skip_dag.py
[2023-03-12 14:56:10,163] {processor.py:654} INFO - DAG(s) dict_keys(['example_skip_dag']) retrieved from /home/airflow/.local/lib/python3.7/site-packages/airflow/example_dags/example_skip_dag.py
[2023-03-12 14:56:10,243] {logging_mixin.py:109} INFO - [2023-03-12 14:56:10,242] {dag.py:2396} INFO - Sync 1 DAGs
[2023-03-12 14:56:10,328] {logging_mixin.py:109} INFO - [2023-03-12 14:56:10,327] {dag.py:2935} INFO - Setting next_dagrun for example_skip_dag to 2023-03-11T14:56:10.325903+00:00
[2023-03-12 14:56:10,370] {processor.py:171} INFO - Processing /home/airflow/.local/lib/python3.7/site-packages/airflow/example_dags/example_skip_dag.py took 0.347 seconds
[2023-03-12 14:56:40,547] {processor.py:163} INFO - Started process (PID=8430) to work on /home/airflow/.local/lib/python3.7/site-packages/airflow/example_dags/example_skip_dag.py
[2023-03-12 14:56:40,554] {processor.py:642} INFO - Processing file /home/airflow/.local/lib/python3.7/site-packages/airflow/example_dags/example_skip_dag.py for tasks to queue
[2023-03-12 14:56:40,567] {logging_mixin.py:109} INFO - [2023-03-12 14:56:40,567] {dagbag.py:500} INFO - Filling up the DagBag from /home/airflow/.local/lib/python3.7/site-packages/airflow/example_dags/example_skip_dag.py
[2023-03-12 14:56:40,671] {processor.py:654} INFO - DAG(s) dict_keys(['example_skip_dag']) retrieved from /home/airflow/.local/lib/python3.7/site-packages/airflow/example_dags/example_skip_dag.py
[2023-03-12 14:56:40,723] {logging_mixin.py:109} INFO - [2023-03-12 14:56:40,722] {dag.py:2396} INFO - Sync 1 DAGs
[2023-03-12 14:56:40,785] {logging_mixin.py:109} INFO - [2023-03-12 14:56:40,785] {dag.py:2935} INFO - Setting next_dagrun for example_skip_dag to 2023-03-11T14:56:40.783731+00:00
[2023-03-12 14:56:40,817] {processor.py:171} INFO - Processing /home/airflow/.local/lib/python3.7/site-packages/airflow/example_dags/example_skip_dag.py took 0.279 seconds
[2023-03-12 14:57:11,887] {processor.py:163} INFO - Started process (PID=8637) to work on /home/airflow/.local/lib/python3.7/site-packages/airflow/example_dags/example_skip_dag.py
[2023-03-12 14:57:11,892] {processor.py:642} INFO - Processing file /home/airflow/.local/lib/python3.7/site-packages/airflow/example_dags/example_skip_dag.py for tasks to queue
[2023-03-12 14:57:11,895] {logging_mixin.py:109} INFO - [2023-03-12 14:57:11,894] {dagbag.py:500} INFO - Filling up the DagBag from /home/airflow/.local/lib/python3.7/site-packages/airflow/example_dags/example_skip_dag.py
[2023-03-12 14:57:11,973] {processor.py:654} INFO - DAG(s) dict_keys(['example_skip_dag']) retrieved from /home/airflow/.local/lib/python3.7/site-packages/airflow/example_dags/example_skip_dag.py
[2023-03-12 14:57:12,012] {logging_mixin.py:109} INFO - [2023-03-12 14:57:12,012] {dag.py:2396} INFO - Sync 1 DAGs
[2023-03-12 14:57:12,067] {logging_mixin.py:109} INFO - [2023-03-12 14:57:12,067] {dag.py:2935} INFO - Setting next_dagrun for example_skip_dag to 2023-03-11T14:57:12.065689+00:00
[2023-03-12 14:57:12,092] {processor.py:171} INFO - Processing /home/airflow/.local/lib/python3.7/site-packages/airflow/example_dags/example_skip_dag.py took 0.213 seconds
[2023-03-12 14:57:44,365] {processor.py:163} INFO - Started process (PID=8868) to work on /home/airflow/.local/lib/python3.7/site-packages/airflow/example_dags/example_skip_dag.py
[2023-03-12 14:57:44,372] {processor.py:642} INFO - Processing file /home/airflow/.local/lib/python3.7/site-packages/airflow/example_dags/example_skip_dag.py for tasks to queue
[2023-03-12 14:57:44,381] {logging_mixin.py:109} INFO - [2023-03-12 14:57:44,380] {dagbag.py:500} INFO - Filling up the DagBag from /home/airflow/.local/lib/python3.7/site-packages/airflow/example_dags/example_skip_dag.py
[2023-03-12 14:57:44,521] {processor.py:654} INFO - DAG(s) dict_keys(['example_skip_dag']) retrieved from /home/airflow/.local/lib/python3.7/site-packages/airflow/example_dags/example_skip_dag.py
[2023-03-12 14:57:44,619] {logging_mixin.py:109} INFO - [2023-03-12 14:57:44,618] {dag.py:2396} INFO - Sync 1 DAGs
[2023-03-12 14:57:44,674] {logging_mixin.py:109} INFO - [2023-03-12 14:57:44,674] {dag.py:2935} INFO - Setting next_dagrun for example_skip_dag to 2023-03-11T14:57:44.672038+00:00
[2023-03-12 14:57:44,704] {processor.py:171} INFO - Processing /home/airflow/.local/lib/python3.7/site-packages/airflow/example_dags/example_skip_dag.py took 0.347 seconds
[2023-03-12 14:58:16,609] {processor.py:163} INFO - Started process (PID=9097) to work on /home/airflow/.local/lib/python3.7/site-packages/airflow/example_dags/example_skip_dag.py
[2023-03-12 14:58:16,615] {processor.py:642} INFO - Processing file /home/airflow/.local/lib/python3.7/site-packages/airflow/example_dags/example_skip_dag.py for tasks to queue
[2023-03-12 14:58:16,619] {logging_mixin.py:109} INFO - [2023-03-12 14:58:16,618] {dagbag.py:500} INFO - Filling up the DagBag from /home/airflow/.local/lib/python3.7/site-packages/airflow/example_dags/example_skip_dag.py
[2023-03-12 14:58:16,701] {processor.py:654} INFO - DAG(s) dict_keys(['example_skip_dag']) retrieved from /home/airflow/.local/lib/python3.7/site-packages/airflow/example_dags/example_skip_dag.py
[2023-03-12 14:58:16,753] {logging_mixin.py:109} INFO - [2023-03-12 14:58:16,753] {dag.py:2396} INFO - Sync 1 DAGs
[2023-03-12 14:58:16,812] {logging_mixin.py:109} INFO - [2023-03-12 14:58:16,812] {dag.py:2935} INFO - Setting next_dagrun for example_skip_dag to 2023-03-11T14:58:16.809841+00:00
[2023-03-12 14:58:16,852] {processor.py:171} INFO - Processing /home/airflow/.local/lib/python3.7/site-packages/airflow/example_dags/example_skip_dag.py took 0.250 seconds
