[2023-03-12 14:26:27,605] {processor.py:163} INFO - Started process (PID=493) to work on /home/airflow/.local/lib/python3.7/site-packages/airflow/example_dags/tutorial_taskflow_api_etl.py
[2023-03-12 14:26:27,611] {processor.py:642} INFO - Processing file /home/airflow/.local/lib/python3.7/site-packages/airflow/example_dags/tutorial_taskflow_api_etl.py for tasks to queue
[2023-03-12 14:26:27,616] {logging_mixin.py:109} INFO - [2023-03-12 14:26:27,615] {dagbag.py:500} INFO - Filling up the DagBag from /home/airflow/.local/lib/python3.7/site-packages/airflow/example_dags/tutorial_taskflow_api_etl.py
[2023-03-12 14:26:27,753] {processor.py:654} INFO - DAG(s) dict_keys(['tutorial_taskflow_api_etl']) retrieved from /home/airflow/.local/lib/python3.7/site-packages/airflow/example_dags/tutorial_taskflow_api_etl.py
[2023-03-12 14:26:39,189] {logging_mixin.py:109} INFO - [2023-03-12 14:26:39,188] {manager.py:496} INFO - Created Permission View: can edit on DAG:tutorial_taskflow_api_etl
[2023-03-12 14:26:39,260] {logging_mixin.py:109} INFO - [2023-03-12 14:26:39,260] {manager.py:496} INFO - Created Permission View: can read on DAG:tutorial_taskflow_api_etl
[2023-03-12 14:26:39,270] {logging_mixin.py:109} INFO - [2023-03-12 14:26:39,267] {dag.py:2396} INFO - Sync 1 DAGs
[2023-03-12 14:26:39,306] {logging_mixin.py:109} INFO - [2023-03-12 14:26:39,304] {dag.py:2415} INFO - Creating ORM DAG for tutorial_taskflow_api_etl
[2023-03-12 14:26:39,360] {logging_mixin.py:109} INFO - [2023-03-12 14:26:39,360] {dag.py:2935} INFO - Setting next_dagrun for tutorial_taskflow_api_etl to None
[2023-03-12 14:26:39,411] {processor.py:171} INFO - Processing /home/airflow/.local/lib/python3.7/site-packages/airflow/example_dags/tutorial_taskflow_api_etl.py took 11.827 seconds
[2023-03-12 14:29:00,336] {processor.py:163} INFO - Started process (PID=910) to work on /home/airflow/.local/lib/python3.7/site-packages/airflow/example_dags/tutorial_taskflow_api_etl.py
[2023-03-12 14:29:00,354] {processor.py:642} INFO - Processing file /home/airflow/.local/lib/python3.7/site-packages/airflow/example_dags/tutorial_taskflow_api_etl.py for tasks to queue
[2023-03-12 14:29:00,400] {logging_mixin.py:109} INFO - [2023-03-12 14:29:00,399] {dagbag.py:500} INFO - Filling up the DagBag from /home/airflow/.local/lib/python3.7/site-packages/airflow/example_dags/tutorial_taskflow_api_etl.py
[2023-03-12 14:29:00,558] {processor.py:654} INFO - DAG(s) dict_keys(['tutorial_taskflow_api_etl']) retrieved from /home/airflow/.local/lib/python3.7/site-packages/airflow/example_dags/tutorial_taskflow_api_etl.py
[2023-03-12 14:29:02,184] {logging_mixin.py:109} INFO - [2023-03-12 14:29:02,183] {dag.py:2396} INFO - Sync 1 DAGs
[2023-03-12 14:29:02,245] {logging_mixin.py:109} INFO - [2023-03-12 14:29:02,244] {dag.py:2935} INFO - Setting next_dagrun for tutorial_taskflow_api_etl to None
[2023-03-12 14:29:02,292] {processor.py:171} INFO - Processing /home/airflow/.local/lib/python3.7/site-packages/airflow/example_dags/tutorial_taskflow_api_etl.py took 1.974 seconds
[2023-03-12 14:38:27,872] {processor.py:163} INFO - Started process (PID=1001) to work on /home/airflow/.local/lib/python3.7/site-packages/airflow/example_dags/tutorial_taskflow_api_etl.py
[2023-03-12 14:38:27,896] {processor.py:642} INFO - Processing file /home/airflow/.local/lib/python3.7/site-packages/airflow/example_dags/tutorial_taskflow_api_etl.py for tasks to queue
[2023-03-12 14:38:27,901] {logging_mixin.py:109} INFO - [2023-03-12 14:38:27,901] {dagbag.py:500} INFO - Filling up the DagBag from /home/airflow/.local/lib/python3.7/site-packages/airflow/example_dags/tutorial_taskflow_api_etl.py
[2023-03-12 14:38:28,164] {processor.py:654} INFO - DAG(s) dict_keys(['tutorial_taskflow_api_etl']) retrieved from /home/airflow/.local/lib/python3.7/site-packages/airflow/example_dags/tutorial_taskflow_api_etl.py
[2023-03-12 14:38:32,804] {logging_mixin.py:109} INFO - [2023-03-12 14:38:32,804] {dag.py:2396} INFO - Sync 1 DAGs
[2023-03-12 14:38:33,057] {logging_mixin.py:109} INFO - [2023-03-12 14:38:33,056] {dag.py:2935} INFO - Setting next_dagrun for tutorial_taskflow_api_etl to None
[2023-03-12 14:38:33,289] {processor.py:171} INFO - Processing /home/airflow/.local/lib/python3.7/site-packages/airflow/example_dags/tutorial_taskflow_api_etl.py took 5.444 seconds
[2023-03-12 14:39:04,709] {processor.py:163} INFO - Started process (PID=1230) to work on /home/airflow/.local/lib/python3.7/site-packages/airflow/example_dags/tutorial_taskflow_api_etl.py
[2023-03-12 14:39:04,719] {processor.py:642} INFO - Processing file /home/airflow/.local/lib/python3.7/site-packages/airflow/example_dags/tutorial_taskflow_api_etl.py for tasks to queue
[2023-03-12 14:39:04,728] {logging_mixin.py:109} INFO - [2023-03-12 14:39:04,727] {dagbag.py:500} INFO - Filling up the DagBag from /home/airflow/.local/lib/python3.7/site-packages/airflow/example_dags/tutorial_taskflow_api_etl.py
[2023-03-12 14:39:05,187] {processor.py:654} INFO - DAG(s) dict_keys(['tutorial_taskflow_api_etl']) retrieved from /home/airflow/.local/lib/python3.7/site-packages/airflow/example_dags/tutorial_taskflow_api_etl.py
[2023-03-12 14:39:11,319] {logging_mixin.py:109} INFO - [2023-03-12 14:39:11,302] {dag.py:2396} INFO - Sync 1 DAGs
[2023-03-12 14:39:11,747] {logging_mixin.py:109} INFO - [2023-03-12 14:39:11,746] {dag.py:2935} INFO - Setting next_dagrun for tutorial_taskflow_api_etl to None
[2023-03-12 14:39:11,932] {processor.py:171} INFO - Processing /home/airflow/.local/lib/python3.7/site-packages/airflow/example_dags/tutorial_taskflow_api_etl.py took 7.263 seconds
[2023-03-12 14:39:48,202] {processor.py:163} INFO - Started process (PID=1460) to work on /home/airflow/.local/lib/python3.7/site-packages/airflow/example_dags/tutorial_taskflow_api_etl.py
[2023-03-12 14:39:48,222] {processor.py:642} INFO - Processing file /home/airflow/.local/lib/python3.7/site-packages/airflow/example_dags/tutorial_taskflow_api_etl.py for tasks to queue
[2023-03-12 14:39:48,238] {logging_mixin.py:109} INFO - [2023-03-12 14:39:48,237] {dagbag.py:500} INFO - Filling up the DagBag from /home/airflow/.local/lib/python3.7/site-packages/airflow/example_dags/tutorial_taskflow_api_etl.py
[2023-03-12 14:39:48,698] {processor.py:654} INFO - DAG(s) dict_keys(['tutorial_taskflow_api_etl']) retrieved from /home/airflow/.local/lib/python3.7/site-packages/airflow/example_dags/tutorial_taskflow_api_etl.py
[2023-03-12 14:39:53,161] {logging_mixin.py:109} INFO - [2023-03-12 14:39:53,160] {dag.py:2396} INFO - Sync 1 DAGs
[2023-03-12 14:39:53,492] {logging_mixin.py:109} INFO - [2023-03-12 14:39:53,491] {dag.py:2935} INFO - Setting next_dagrun for tutorial_taskflow_api_etl to None
[2023-03-12 14:39:53,762] {processor.py:171} INFO - Processing /home/airflow/.local/lib/python3.7/site-packages/airflow/example_dags/tutorial_taskflow_api_etl.py took 5.590 seconds
[2023-03-12 14:40:24,568] {processor.py:163} INFO - Started process (PID=1696) to work on /home/airflow/.local/lib/python3.7/site-packages/airflow/example_dags/tutorial_taskflow_api_etl.py
[2023-03-12 14:40:24,586] {processor.py:642} INFO - Processing file /home/airflow/.local/lib/python3.7/site-packages/airflow/example_dags/tutorial_taskflow_api_etl.py for tasks to queue
[2023-03-12 14:40:24,590] {logging_mixin.py:109} INFO - [2023-03-12 14:40:24,590] {dagbag.py:500} INFO - Filling up the DagBag from /home/airflow/.local/lib/python3.7/site-packages/airflow/example_dags/tutorial_taskflow_api_etl.py
[2023-03-12 14:40:24,782] {processor.py:654} INFO - DAG(s) dict_keys(['tutorial_taskflow_api_etl']) retrieved from /home/airflow/.local/lib/python3.7/site-packages/airflow/example_dags/tutorial_taskflow_api_etl.py
[2023-03-12 14:40:26,010] {logging_mixin.py:109} INFO - [2023-03-12 14:40:26,008] {dag.py:2396} INFO - Sync 1 DAGs
[2023-03-12 14:40:26,082] {logging_mixin.py:109} INFO - [2023-03-12 14:40:26,081] {dag.py:2935} INFO - Setting next_dagrun for tutorial_taskflow_api_etl to None
[2023-03-12 14:40:26,143] {processor.py:171} INFO - Processing /home/airflow/.local/lib/python3.7/site-packages/airflow/example_dags/tutorial_taskflow_api_etl.py took 1.586 seconds
[2023-03-12 14:40:58,178] {processor.py:163} INFO - Started process (PID=1907) to work on /home/airflow/.local/lib/python3.7/site-packages/airflow/example_dags/tutorial_taskflow_api_etl.py
[2023-03-12 14:40:58,188] {processor.py:642} INFO - Processing file /home/airflow/.local/lib/python3.7/site-packages/airflow/example_dags/tutorial_taskflow_api_etl.py for tasks to queue
[2023-03-12 14:40:58,192] {logging_mixin.py:109} INFO - [2023-03-12 14:40:58,192] {dagbag.py:500} INFO - Filling up the DagBag from /home/airflow/.local/lib/python3.7/site-packages/airflow/example_dags/tutorial_taskflow_api_etl.py
[2023-03-12 14:40:58,795] {processor.py:654} INFO - DAG(s) dict_keys(['tutorial_taskflow_api_etl']) retrieved from /home/airflow/.local/lib/python3.7/site-packages/airflow/example_dags/tutorial_taskflow_api_etl.py
[2023-03-12 14:41:02,447] {logging_mixin.py:109} INFO - [2023-03-12 14:41:02,446] {dag.py:2396} INFO - Sync 1 DAGs
[2023-03-12 14:41:02,534] {logging_mixin.py:109} INFO - [2023-03-12 14:41:02,534] {dag.py:2935} INFO - Setting next_dagrun for tutorial_taskflow_api_etl to None
[2023-03-12 14:41:02,611] {processor.py:171} INFO - Processing /home/airflow/.local/lib/python3.7/site-packages/airflow/example_dags/tutorial_taskflow_api_etl.py took 4.456 seconds
[2023-03-12 14:41:38,657] {processor.py:163} INFO - Started process (PID=2151) to work on /home/airflow/.local/lib/python3.7/site-packages/airflow/example_dags/tutorial_taskflow_api_etl.py
[2023-03-12 14:41:38,740] {processor.py:642} INFO - Processing file /home/airflow/.local/lib/python3.7/site-packages/airflow/example_dags/tutorial_taskflow_api_etl.py for tasks to queue
[2023-03-12 14:41:38,764] {logging_mixin.py:109} INFO - [2023-03-12 14:41:38,763] {dagbag.py:500} INFO - Filling up the DagBag from /home/airflow/.local/lib/python3.7/site-packages/airflow/example_dags/tutorial_taskflow_api_etl.py
[2023-03-12 14:41:39,252] {processor.py:654} INFO - DAG(s) dict_keys(['tutorial_taskflow_api_etl']) retrieved from /home/airflow/.local/lib/python3.7/site-packages/airflow/example_dags/tutorial_taskflow_api_etl.py
[2023-03-12 14:41:51,487] {logging_mixin.py:109} INFO - [2023-03-12 14:41:51,486] {dag.py:2396} INFO - Sync 1 DAGs
[2023-03-12 14:41:52,004] {logging_mixin.py:109} INFO - [2023-03-12 14:41:52,003] {dag.py:2935} INFO - Setting next_dagrun for tutorial_taskflow_api_etl to None
[2023-03-12 14:41:52,254] {processor.py:171} INFO - Processing /home/airflow/.local/lib/python3.7/site-packages/airflow/example_dags/tutorial_taskflow_api_etl.py took 13.617 seconds
[2023-03-12 14:42:22,996] {processor.py:163} INFO - Started process (PID=2465) to work on /home/airflow/.local/lib/python3.7/site-packages/airflow/example_dags/tutorial_taskflow_api_etl.py
[2023-03-12 14:42:23,012] {processor.py:642} INFO - Processing file /home/airflow/.local/lib/python3.7/site-packages/airflow/example_dags/tutorial_taskflow_api_etl.py for tasks to queue
[2023-03-12 14:42:23,018] {logging_mixin.py:109} INFO - [2023-03-12 14:42:23,018] {dagbag.py:500} INFO - Filling up the DagBag from /home/airflow/.local/lib/python3.7/site-packages/airflow/example_dags/tutorial_taskflow_api_etl.py
[2023-03-12 14:42:23,164] {processor.py:654} INFO - DAG(s) dict_keys(['tutorial_taskflow_api_etl']) retrieved from /home/airflow/.local/lib/python3.7/site-packages/airflow/example_dags/tutorial_taskflow_api_etl.py
[2023-03-12 14:42:25,005] {logging_mixin.py:109} INFO - [2023-03-12 14:42:25,005] {dag.py:2396} INFO - Sync 1 DAGs
[2023-03-12 14:42:25,092] {logging_mixin.py:109} INFO - [2023-03-12 14:42:25,092] {dag.py:2935} INFO - Setting next_dagrun for tutorial_taskflow_api_etl to None
[2023-03-12 14:42:25,131] {processor.py:171} INFO - Processing /home/airflow/.local/lib/python3.7/site-packages/airflow/example_dags/tutorial_taskflow_api_etl.py took 2.171 seconds
[2023-03-12 14:42:55,804] {processor.py:163} INFO - Started process (PID=2683) to work on /home/airflow/.local/lib/python3.7/site-packages/airflow/example_dags/tutorial_taskflow_api_etl.py
[2023-03-12 14:42:55,813] {processor.py:642} INFO - Processing file /home/airflow/.local/lib/python3.7/site-packages/airflow/example_dags/tutorial_taskflow_api_etl.py for tasks to queue
[2023-03-12 14:42:55,823] {logging_mixin.py:109} INFO - [2023-03-12 14:42:55,823] {dagbag.py:500} INFO - Filling up the DagBag from /home/airflow/.local/lib/python3.7/site-packages/airflow/example_dags/tutorial_taskflow_api_etl.py
[2023-03-12 14:42:56,087] {processor.py:654} INFO - DAG(s) dict_keys(['tutorial_taskflow_api_etl']) retrieved from /home/airflow/.local/lib/python3.7/site-packages/airflow/example_dags/tutorial_taskflow_api_etl.py
[2023-03-12 14:42:57,618] {logging_mixin.py:109} INFO - [2023-03-12 14:42:57,617] {dag.py:2396} INFO - Sync 1 DAGs
[2023-03-12 14:42:57,681] {logging_mixin.py:109} INFO - [2023-03-12 14:42:57,680] {dag.py:2935} INFO - Setting next_dagrun for tutorial_taskflow_api_etl to None
[2023-03-12 14:42:57,721] {processor.py:171} INFO - Processing /home/airflow/.local/lib/python3.7/site-packages/airflow/example_dags/tutorial_taskflow_api_etl.py took 1.947 seconds
[2023-03-12 14:43:28,291] {processor.py:163} INFO - Started process (PID=2897) to work on /home/airflow/.local/lib/python3.7/site-packages/airflow/example_dags/tutorial_taskflow_api_etl.py
[2023-03-12 14:43:28,297] {processor.py:642} INFO - Processing file /home/airflow/.local/lib/python3.7/site-packages/airflow/example_dags/tutorial_taskflow_api_etl.py for tasks to queue
[2023-03-12 14:43:28,302] {logging_mixin.py:109} INFO - [2023-03-12 14:43:28,301] {dagbag.py:500} INFO - Filling up the DagBag from /home/airflow/.local/lib/python3.7/site-packages/airflow/example_dags/tutorial_taskflow_api_etl.py
[2023-03-12 14:43:28,455] {processor.py:654} INFO - DAG(s) dict_keys(['tutorial_taskflow_api_etl']) retrieved from /home/airflow/.local/lib/python3.7/site-packages/airflow/example_dags/tutorial_taskflow_api_etl.py
[2023-03-12 14:43:29,282] {logging_mixin.py:109} INFO - [2023-03-12 14:43:29,282] {dag.py:2396} INFO - Sync 1 DAGs
[2023-03-12 14:43:29,331] {logging_mixin.py:109} INFO - [2023-03-12 14:43:29,330] {dag.py:2935} INFO - Setting next_dagrun for tutorial_taskflow_api_etl to None
[2023-03-12 14:43:29,366] {processor.py:171} INFO - Processing /home/airflow/.local/lib/python3.7/site-packages/airflow/example_dags/tutorial_taskflow_api_etl.py took 1.092 seconds
[2023-03-12 14:43:59,615] {processor.py:163} INFO - Started process (PID=3121) to work on /home/airflow/.local/lib/python3.7/site-packages/airflow/example_dags/tutorial_taskflow_api_etl.py
[2023-03-12 14:43:59,620] {processor.py:642} INFO - Processing file /home/airflow/.local/lib/python3.7/site-packages/airflow/example_dags/tutorial_taskflow_api_etl.py for tasks to queue
[2023-03-12 14:43:59,625] {logging_mixin.py:109} INFO - [2023-03-12 14:43:59,624] {dagbag.py:500} INFO - Filling up the DagBag from /home/airflow/.local/lib/python3.7/site-packages/airflow/example_dags/tutorial_taskflow_api_etl.py
[2023-03-12 14:43:59,757] {processor.py:654} INFO - DAG(s) dict_keys(['tutorial_taskflow_api_etl']) retrieved from /home/airflow/.local/lib/python3.7/site-packages/airflow/example_dags/tutorial_taskflow_api_etl.py
[2023-03-12 14:44:00,903] {logging_mixin.py:109} INFO - [2023-03-12 14:44:00,902] {dag.py:2396} INFO - Sync 1 DAGs
[2023-03-12 14:44:00,955] {logging_mixin.py:109} INFO - [2023-03-12 14:44:00,955] {dag.py:2935} INFO - Setting next_dagrun for tutorial_taskflow_api_etl to None
[2023-03-12 14:44:00,989] {processor.py:171} INFO - Processing /home/airflow/.local/lib/python3.7/site-packages/airflow/example_dags/tutorial_taskflow_api_etl.py took 1.391 seconds
[2023-03-12 14:44:31,447] {processor.py:163} INFO - Started process (PID=3329) to work on /home/airflow/.local/lib/python3.7/site-packages/airflow/example_dags/tutorial_taskflow_api_etl.py
[2023-03-12 14:44:31,451] {processor.py:642} INFO - Processing file /home/airflow/.local/lib/python3.7/site-packages/airflow/example_dags/tutorial_taskflow_api_etl.py for tasks to queue
[2023-03-12 14:44:31,454] {logging_mixin.py:109} INFO - [2023-03-12 14:44:31,454] {dagbag.py:500} INFO - Filling up the DagBag from /home/airflow/.local/lib/python3.7/site-packages/airflow/example_dags/tutorial_taskflow_api_etl.py
[2023-03-12 14:44:31,545] {processor.py:654} INFO - DAG(s) dict_keys(['tutorial_taskflow_api_etl']) retrieved from /home/airflow/.local/lib/python3.7/site-packages/airflow/example_dags/tutorial_taskflow_api_etl.py
[2023-03-12 14:44:32,346] {logging_mixin.py:109} INFO - [2023-03-12 14:44:32,345] {dag.py:2396} INFO - Sync 1 DAGs
[2023-03-12 14:44:32,386] {logging_mixin.py:109} INFO - [2023-03-12 14:44:32,386] {dag.py:2935} INFO - Setting next_dagrun for tutorial_taskflow_api_etl to None
[2023-03-12 14:44:32,413] {processor.py:171} INFO - Processing /home/airflow/.local/lib/python3.7/site-packages/airflow/example_dags/tutorial_taskflow_api_etl.py took 0.974 seconds
[2023-03-12 14:45:02,577] {processor.py:163} INFO - Started process (PID=3553) to work on /home/airflow/.local/lib/python3.7/site-packages/airflow/example_dags/tutorial_taskflow_api_etl.py
[2023-03-12 14:45:02,584] {processor.py:642} INFO - Processing file /home/airflow/.local/lib/python3.7/site-packages/airflow/example_dags/tutorial_taskflow_api_etl.py for tasks to queue
[2023-03-12 14:45:02,589] {logging_mixin.py:109} INFO - [2023-03-12 14:45:02,589] {dagbag.py:500} INFO - Filling up the DagBag from /home/airflow/.local/lib/python3.7/site-packages/airflow/example_dags/tutorial_taskflow_api_etl.py
[2023-03-12 14:45:02,884] {processor.py:654} INFO - DAG(s) dict_keys(['tutorial_taskflow_api_etl']) retrieved from /home/airflow/.local/lib/python3.7/site-packages/airflow/example_dags/tutorial_taskflow_api_etl.py
[2023-03-12 14:45:04,107] {logging_mixin.py:109} INFO - [2023-03-12 14:45:04,106] {dag.py:2396} INFO - Sync 1 DAGs
[2023-03-12 14:45:04,161] {logging_mixin.py:109} INFO - [2023-03-12 14:45:04,161] {dag.py:2935} INFO - Setting next_dagrun for tutorial_taskflow_api_etl to None
[2023-03-12 14:45:04,198] {processor.py:171} INFO - Processing /home/airflow/.local/lib/python3.7/site-packages/airflow/example_dags/tutorial_taskflow_api_etl.py took 1.634 seconds
[2023-03-12 14:45:34,963] {processor.py:163} INFO - Started process (PID=3771) to work on /home/airflow/.local/lib/python3.7/site-packages/airflow/example_dags/tutorial_taskflow_api_etl.py
[2023-03-12 14:45:34,975] {processor.py:642} INFO - Processing file /home/airflow/.local/lib/python3.7/site-packages/airflow/example_dags/tutorial_taskflow_api_etl.py for tasks to queue
[2023-03-12 14:45:34,983] {logging_mixin.py:109} INFO - [2023-03-12 14:45:34,981] {dagbag.py:500} INFO - Filling up the DagBag from /home/airflow/.local/lib/python3.7/site-packages/airflow/example_dags/tutorial_taskflow_api_etl.py
[2023-03-12 14:45:35,118] {processor.py:654} INFO - DAG(s) dict_keys(['tutorial_taskflow_api_etl']) retrieved from /home/airflow/.local/lib/python3.7/site-packages/airflow/example_dags/tutorial_taskflow_api_etl.py
[2023-03-12 14:45:35,166] {logging_mixin.py:109} INFO - [2023-03-12 14:45:35,166] {dag.py:2396} INFO - Sync 1 DAGs
[2023-03-12 14:45:35,231] {logging_mixin.py:109} INFO - [2023-03-12 14:45:35,231] {dag.py:2935} INFO - Setting next_dagrun for tutorial_taskflow_api_etl to None
[2023-03-12 14:45:35,268] {processor.py:171} INFO - Processing /home/airflow/.local/lib/python3.7/site-packages/airflow/example_dags/tutorial_taskflow_api_etl.py took 0.331 seconds
[2023-03-12 14:46:05,826] {processor.py:163} INFO - Started process (PID=3984) to work on /home/airflow/.local/lib/python3.7/site-packages/airflow/example_dags/tutorial_taskflow_api_etl.py
[2023-03-12 14:46:05,835] {processor.py:642} INFO - Processing file /home/airflow/.local/lib/python3.7/site-packages/airflow/example_dags/tutorial_taskflow_api_etl.py for tasks to queue
[2023-03-12 14:46:05,841] {logging_mixin.py:109} INFO - [2023-03-12 14:46:05,840] {dagbag.py:500} INFO - Filling up the DagBag from /home/airflow/.local/lib/python3.7/site-packages/airflow/example_dags/tutorial_taskflow_api_etl.py
[2023-03-12 14:46:05,971] {processor.py:654} INFO - DAG(s) dict_keys(['tutorial_taskflow_api_etl']) retrieved from /home/airflow/.local/lib/python3.7/site-packages/airflow/example_dags/tutorial_taskflow_api_etl.py
[2023-03-12 14:46:07,149] {logging_mixin.py:109} INFO - [2023-03-12 14:46:07,148] {dag.py:2396} INFO - Sync 1 DAGs
[2023-03-12 14:46:07,240] {logging_mixin.py:109} INFO - [2023-03-12 14:46:07,240] {dag.py:2935} INFO - Setting next_dagrun for tutorial_taskflow_api_etl to None
[2023-03-12 14:46:07,288] {processor.py:171} INFO - Processing /home/airflow/.local/lib/python3.7/site-packages/airflow/example_dags/tutorial_taskflow_api_etl.py took 1.474 seconds
[2023-03-12 14:46:37,756] {processor.py:163} INFO - Started process (PID=4208) to work on /home/airflow/.local/lib/python3.7/site-packages/airflow/example_dags/tutorial_taskflow_api_etl.py
[2023-03-12 14:46:37,773] {processor.py:642} INFO - Processing file /home/airflow/.local/lib/python3.7/site-packages/airflow/example_dags/tutorial_taskflow_api_etl.py for tasks to queue
[2023-03-12 14:46:37,793] {logging_mixin.py:109} INFO - [2023-03-12 14:46:37,792] {dagbag.py:500} INFO - Filling up the DagBag from /home/airflow/.local/lib/python3.7/site-packages/airflow/example_dags/tutorial_taskflow_api_etl.py
[2023-03-12 14:46:37,951] {processor.py:654} INFO - DAG(s) dict_keys(['tutorial_taskflow_api_etl']) retrieved from /home/airflow/.local/lib/python3.7/site-packages/airflow/example_dags/tutorial_taskflow_api_etl.py
[2023-03-12 14:46:39,229] {logging_mixin.py:109} INFO - [2023-03-12 14:46:39,228] {dag.py:2396} INFO - Sync 1 DAGs
[2023-03-12 14:46:39,281] {logging_mixin.py:109} INFO - [2023-03-12 14:46:39,281] {dag.py:2935} INFO - Setting next_dagrun for tutorial_taskflow_api_etl to None
[2023-03-12 14:46:39,334] {processor.py:171} INFO - Processing /home/airflow/.local/lib/python3.7/site-packages/airflow/example_dags/tutorial_taskflow_api_etl.py took 1.596 seconds
[2023-03-12 14:47:10,227] {processor.py:163} INFO - Started process (PID=4416) to work on /home/airflow/.local/lib/python3.7/site-packages/airflow/example_dags/tutorial_taskflow_api_etl.py
[2023-03-12 14:47:10,233] {processor.py:642} INFO - Processing file /home/airflow/.local/lib/python3.7/site-packages/airflow/example_dags/tutorial_taskflow_api_etl.py for tasks to queue
[2023-03-12 14:47:10,237] {logging_mixin.py:109} INFO - [2023-03-12 14:47:10,237] {dagbag.py:500} INFO - Filling up the DagBag from /home/airflow/.local/lib/python3.7/site-packages/airflow/example_dags/tutorial_taskflow_api_etl.py
[2023-03-12 14:47:10,358] {processor.py:654} INFO - DAG(s) dict_keys(['tutorial_taskflow_api_etl']) retrieved from /home/airflow/.local/lib/python3.7/site-packages/airflow/example_dags/tutorial_taskflow_api_etl.py
[2023-03-12 14:47:11,330] {logging_mixin.py:109} INFO - [2023-03-12 14:47:11,330] {dag.py:2396} INFO - Sync 1 DAGs
[2023-03-12 14:47:11,385] {logging_mixin.py:109} INFO - [2023-03-12 14:47:11,385] {dag.py:2935} INFO - Setting next_dagrun for tutorial_taskflow_api_etl to None
[2023-03-12 14:47:11,416] {processor.py:171} INFO - Processing /home/airflow/.local/lib/python3.7/site-packages/airflow/example_dags/tutorial_taskflow_api_etl.py took 1.202 seconds
[2023-03-12 14:47:42,151] {processor.py:163} INFO - Started process (PID=4639) to work on /home/airflow/.local/lib/python3.7/site-packages/airflow/example_dags/tutorial_taskflow_api_etl.py
[2023-03-12 14:47:42,160] {processor.py:642} INFO - Processing file /home/airflow/.local/lib/python3.7/site-packages/airflow/example_dags/tutorial_taskflow_api_etl.py for tasks to queue
[2023-03-12 14:47:42,165] {logging_mixin.py:109} INFO - [2023-03-12 14:47:42,164] {dagbag.py:500} INFO - Filling up the DagBag from /home/airflow/.local/lib/python3.7/site-packages/airflow/example_dags/tutorial_taskflow_api_etl.py
[2023-03-12 14:47:42,336] {processor.py:654} INFO - DAG(s) dict_keys(['tutorial_taskflow_api_etl']) retrieved from /home/airflow/.local/lib/python3.7/site-packages/airflow/example_dags/tutorial_taskflow_api_etl.py
[2023-03-12 14:47:43,572] {logging_mixin.py:109} INFO - [2023-03-12 14:47:43,572] {dag.py:2396} INFO - Sync 1 DAGs
[2023-03-12 14:47:43,624] {logging_mixin.py:109} INFO - [2023-03-12 14:47:43,623] {dag.py:2935} INFO - Setting next_dagrun for tutorial_taskflow_api_etl to None
[2023-03-12 14:47:43,701] {processor.py:171} INFO - Processing /home/airflow/.local/lib/python3.7/site-packages/airflow/example_dags/tutorial_taskflow_api_etl.py took 1.577 seconds
[2023-03-12 14:48:13,994] {processor.py:163} INFO - Started process (PID=4875) to work on /home/airflow/.local/lib/python3.7/site-packages/airflow/example_dags/tutorial_taskflow_api_etl.py
[2023-03-12 14:48:14,006] {processor.py:642} INFO - Processing file /home/airflow/.local/lib/python3.7/site-packages/airflow/example_dags/tutorial_taskflow_api_etl.py for tasks to queue
[2023-03-12 14:48:14,033] {logging_mixin.py:109} INFO - [2023-03-12 14:48:14,033] {dagbag.py:500} INFO - Filling up the DagBag from /home/airflow/.local/lib/python3.7/site-packages/airflow/example_dags/tutorial_taskflow_api_etl.py
[2023-03-12 14:48:14,156] {processor.py:654} INFO - DAG(s) dict_keys(['tutorial_taskflow_api_etl']) retrieved from /home/airflow/.local/lib/python3.7/site-packages/airflow/example_dags/tutorial_taskflow_api_etl.py
[2023-03-12 14:48:15,362] {logging_mixin.py:109} INFO - [2023-03-12 14:48:15,361] {dag.py:2396} INFO - Sync 1 DAGs
[2023-03-12 14:48:15,419] {logging_mixin.py:109} INFO - [2023-03-12 14:48:15,419] {dag.py:2935} INFO - Setting next_dagrun for tutorial_taskflow_api_etl to None
[2023-03-12 14:48:15,462] {processor.py:171} INFO - Processing /home/airflow/.local/lib/python3.7/site-packages/airflow/example_dags/tutorial_taskflow_api_etl.py took 1.503 seconds
[2023-03-12 14:48:45,705] {processor.py:163} INFO - Started process (PID=5089) to work on /home/airflow/.local/lib/python3.7/site-packages/airflow/example_dags/tutorial_taskflow_api_etl.py
[2023-03-12 14:48:45,712] {processor.py:642} INFO - Processing file /home/airflow/.local/lib/python3.7/site-packages/airflow/example_dags/tutorial_taskflow_api_etl.py for tasks to queue
[2023-03-12 14:48:45,723] {logging_mixin.py:109} INFO - [2023-03-12 14:48:45,723] {dagbag.py:500} INFO - Filling up the DagBag from /home/airflow/.local/lib/python3.7/site-packages/airflow/example_dags/tutorial_taskflow_api_etl.py
[2023-03-12 14:48:45,831] {processor.py:654} INFO - DAG(s) dict_keys(['tutorial_taskflow_api_etl']) retrieved from /home/airflow/.local/lib/python3.7/site-packages/airflow/example_dags/tutorial_taskflow_api_etl.py
[2023-03-12 14:48:47,106] {logging_mixin.py:109} INFO - [2023-03-12 14:48:47,105] {dag.py:2396} INFO - Sync 1 DAGs
[2023-03-12 14:48:47,254] {logging_mixin.py:109} INFO - [2023-03-12 14:48:47,253] {dag.py:2935} INFO - Setting next_dagrun for tutorial_taskflow_api_etl to None
[2023-03-12 14:48:47,312] {processor.py:171} INFO - Processing /home/airflow/.local/lib/python3.7/site-packages/airflow/example_dags/tutorial_taskflow_api_etl.py took 1.617 seconds
[2023-03-12 14:49:18,078] {processor.py:163} INFO - Started process (PID=5332) to work on /home/airflow/.local/lib/python3.7/site-packages/airflow/example_dags/tutorial_taskflow_api_etl.py
[2023-03-12 14:49:18,083] {processor.py:642} INFO - Processing file /home/airflow/.local/lib/python3.7/site-packages/airflow/example_dags/tutorial_taskflow_api_etl.py for tasks to queue
[2023-03-12 14:49:18,086] {logging_mixin.py:109} INFO - [2023-03-12 14:49:18,086] {dagbag.py:500} INFO - Filling up the DagBag from /home/airflow/.local/lib/python3.7/site-packages/airflow/example_dags/tutorial_taskflow_api_etl.py
[2023-03-12 14:49:18,183] {processor.py:654} INFO - DAG(s) dict_keys(['tutorial_taskflow_api_etl']) retrieved from /home/airflow/.local/lib/python3.7/site-packages/airflow/example_dags/tutorial_taskflow_api_etl.py
[2023-03-12 14:49:19,347] {logging_mixin.py:109} INFO - [2023-03-12 14:49:19,347] {dag.py:2396} INFO - Sync 1 DAGs
[2023-03-12 14:49:19,398] {logging_mixin.py:109} INFO - [2023-03-12 14:49:19,398] {dag.py:2935} INFO - Setting next_dagrun for tutorial_taskflow_api_etl to None
[2023-03-12 14:49:19,434] {processor.py:171} INFO - Processing /home/airflow/.local/lib/python3.7/site-packages/airflow/example_dags/tutorial_taskflow_api_etl.py took 1.368 seconds
[2023-03-12 14:49:49,964] {processor.py:163} INFO - Started process (PID=5556) to work on /home/airflow/.local/lib/python3.7/site-packages/airflow/example_dags/tutorial_taskflow_api_etl.py
[2023-03-12 14:49:49,973] {processor.py:642} INFO - Processing file /home/airflow/.local/lib/python3.7/site-packages/airflow/example_dags/tutorial_taskflow_api_etl.py for tasks to queue
[2023-03-12 14:49:49,984] {logging_mixin.py:109} INFO - [2023-03-12 14:49:49,984] {dagbag.py:500} INFO - Filling up the DagBag from /home/airflow/.local/lib/python3.7/site-packages/airflow/example_dags/tutorial_taskflow_api_etl.py
[2023-03-12 14:49:50,123] {processor.py:654} INFO - DAG(s) dict_keys(['tutorial_taskflow_api_etl']) retrieved from /home/airflow/.local/lib/python3.7/site-packages/airflow/example_dags/tutorial_taskflow_api_etl.py
[2023-03-12 14:49:51,126] {logging_mixin.py:109} INFO - [2023-03-12 14:49:51,126] {dag.py:2396} INFO - Sync 1 DAGs
[2023-03-12 14:49:51,178] {logging_mixin.py:109} INFO - [2023-03-12 14:49:51,178] {dag.py:2935} INFO - Setting next_dagrun for tutorial_taskflow_api_etl to None
[2023-03-12 14:49:51,212] {processor.py:171} INFO - Processing /home/airflow/.local/lib/python3.7/site-packages/airflow/example_dags/tutorial_taskflow_api_etl.py took 1.271 seconds
[2023-03-12 14:50:21,487] {processor.py:163} INFO - Started process (PID=5782) to work on /home/airflow/.local/lib/python3.7/site-packages/airflow/example_dags/tutorial_taskflow_api_etl.py
[2023-03-12 14:50:21,497] {processor.py:642} INFO - Processing file /home/airflow/.local/lib/python3.7/site-packages/airflow/example_dags/tutorial_taskflow_api_etl.py for tasks to queue
[2023-03-12 14:50:21,504] {logging_mixin.py:109} INFO - [2023-03-12 14:50:21,504] {dagbag.py:500} INFO - Filling up the DagBag from /home/airflow/.local/lib/python3.7/site-packages/airflow/example_dags/tutorial_taskflow_api_etl.py
[2023-03-12 14:50:21,627] {processor.py:654} INFO - DAG(s) dict_keys(['tutorial_taskflow_api_etl']) retrieved from /home/airflow/.local/lib/python3.7/site-packages/airflow/example_dags/tutorial_taskflow_api_etl.py
[2023-03-12 14:50:22,964] {logging_mixin.py:109} INFO - [2023-03-12 14:50:22,963] {dag.py:2396} INFO - Sync 1 DAGs
[2023-03-12 14:50:23,015] {logging_mixin.py:109} INFO - [2023-03-12 14:50:23,014] {dag.py:2935} INFO - Setting next_dagrun for tutorial_taskflow_api_etl to None
[2023-03-12 14:50:23,055] {processor.py:171} INFO - Processing /home/airflow/.local/lib/python3.7/site-packages/airflow/example_dags/tutorial_taskflow_api_etl.py took 1.580 seconds
[2023-03-12 14:50:53,474] {processor.py:163} INFO - Started process (PID=5991) to work on /home/airflow/.local/lib/python3.7/site-packages/airflow/example_dags/tutorial_taskflow_api_etl.py
[2023-03-12 14:50:53,478] {processor.py:642} INFO - Processing file /home/airflow/.local/lib/python3.7/site-packages/airflow/example_dags/tutorial_taskflow_api_etl.py for tasks to queue
[2023-03-12 14:50:53,482] {logging_mixin.py:109} INFO - [2023-03-12 14:50:53,481] {dagbag.py:500} INFO - Filling up the DagBag from /home/airflow/.local/lib/python3.7/site-packages/airflow/example_dags/tutorial_taskflow_api_etl.py
[2023-03-12 14:50:53,600] {processor.py:654} INFO - DAG(s) dict_keys(['tutorial_taskflow_api_etl']) retrieved from /home/airflow/.local/lib/python3.7/site-packages/airflow/example_dags/tutorial_taskflow_api_etl.py
[2023-03-12 14:50:54,836] {logging_mixin.py:109} INFO - [2023-03-12 14:50:54,836] {dag.py:2396} INFO - Sync 1 DAGs
[2023-03-12 14:50:54,903] {logging_mixin.py:109} INFO - [2023-03-12 14:50:54,902] {dag.py:2935} INFO - Setting next_dagrun for tutorial_taskflow_api_etl to None
[2023-03-12 14:50:54,943] {processor.py:171} INFO - Processing /home/airflow/.local/lib/python3.7/site-packages/airflow/example_dags/tutorial_taskflow_api_etl.py took 1.466 seconds
[2023-03-12 14:51:25,256] {processor.py:163} INFO - Started process (PID=6213) to work on /home/airflow/.local/lib/python3.7/site-packages/airflow/example_dags/tutorial_taskflow_api_etl.py
[2023-03-12 14:51:25,261] {processor.py:642} INFO - Processing file /home/airflow/.local/lib/python3.7/site-packages/airflow/example_dags/tutorial_taskflow_api_etl.py for tasks to queue
[2023-03-12 14:51:25,267] {logging_mixin.py:109} INFO - [2023-03-12 14:51:25,266] {dagbag.py:500} INFO - Filling up the DagBag from /home/airflow/.local/lib/python3.7/site-packages/airflow/example_dags/tutorial_taskflow_api_etl.py
[2023-03-12 14:51:25,356] {processor.py:654} INFO - DAG(s) dict_keys(['tutorial_taskflow_api_etl']) retrieved from /home/airflow/.local/lib/python3.7/site-packages/airflow/example_dags/tutorial_taskflow_api_etl.py
[2023-03-12 14:51:26,362] {logging_mixin.py:109} INFO - [2023-03-12 14:51:26,361] {dag.py:2396} INFO - Sync 1 DAGs
[2023-03-12 14:51:26,422] {logging_mixin.py:109} INFO - [2023-03-12 14:51:26,422] {dag.py:2935} INFO - Setting next_dagrun for tutorial_taskflow_api_etl to None
[2023-03-12 14:51:26,461] {processor.py:171} INFO - Processing /home/airflow/.local/lib/python3.7/site-packages/airflow/example_dags/tutorial_taskflow_api_etl.py took 1.211 seconds
[2023-03-12 14:51:56,808] {processor.py:163} INFO - Started process (PID=6437) to work on /home/airflow/.local/lib/python3.7/site-packages/airflow/example_dags/tutorial_taskflow_api_etl.py
[2023-03-12 14:51:56,814] {processor.py:642} INFO - Processing file /home/airflow/.local/lib/python3.7/site-packages/airflow/example_dags/tutorial_taskflow_api_etl.py for tasks to queue
[2023-03-12 14:51:56,817] {logging_mixin.py:109} INFO - [2023-03-12 14:51:56,816] {dagbag.py:500} INFO - Filling up the DagBag from /home/airflow/.local/lib/python3.7/site-packages/airflow/example_dags/tutorial_taskflow_api_etl.py
[2023-03-12 14:51:56,909] {processor.py:654} INFO - DAG(s) dict_keys(['tutorial_taskflow_api_etl']) retrieved from /home/airflow/.local/lib/python3.7/site-packages/airflow/example_dags/tutorial_taskflow_api_etl.py
[2023-03-12 14:51:58,029] {logging_mixin.py:109} INFO - [2023-03-12 14:51:58,029] {dag.py:2396} INFO - Sync 1 DAGs
[2023-03-12 14:51:58,086] {logging_mixin.py:109} INFO - [2023-03-12 14:51:58,085] {dag.py:2935} INFO - Setting next_dagrun for tutorial_taskflow_api_etl to None
[2023-03-12 14:51:58,150] {processor.py:171} INFO - Processing /home/airflow/.local/lib/python3.7/site-packages/airflow/example_dags/tutorial_taskflow_api_etl.py took 1.352 seconds
[2023-03-12 14:52:28,371] {processor.py:163} INFO - Started process (PID=6645) to work on /home/airflow/.local/lib/python3.7/site-packages/airflow/example_dags/tutorial_taskflow_api_etl.py
[2023-03-12 14:52:28,379] {processor.py:642} INFO - Processing file /home/airflow/.local/lib/python3.7/site-packages/airflow/example_dags/tutorial_taskflow_api_etl.py for tasks to queue
[2023-03-12 14:52:28,383] {logging_mixin.py:109} INFO - [2023-03-12 14:52:28,383] {dagbag.py:500} INFO - Filling up the DagBag from /home/airflow/.local/lib/python3.7/site-packages/airflow/example_dags/tutorial_taskflow_api_etl.py
[2023-03-12 14:52:28,524] {processor.py:654} INFO - DAG(s) dict_keys(['tutorial_taskflow_api_etl']) retrieved from /home/airflow/.local/lib/python3.7/site-packages/airflow/example_dags/tutorial_taskflow_api_etl.py
[2023-03-12 14:52:29,600] {logging_mixin.py:109} INFO - [2023-03-12 14:52:29,600] {dag.py:2396} INFO - Sync 1 DAGs
[2023-03-12 14:52:29,659] {logging_mixin.py:109} INFO - [2023-03-12 14:52:29,659] {dag.py:2935} INFO - Setting next_dagrun for tutorial_taskflow_api_etl to None
[2023-03-12 14:52:29,706] {processor.py:171} INFO - Processing /home/airflow/.local/lib/python3.7/site-packages/airflow/example_dags/tutorial_taskflow_api_etl.py took 1.346 seconds
[2023-03-12 14:52:59,863] {processor.py:163} INFO - Started process (PID=6876) to work on /home/airflow/.local/lib/python3.7/site-packages/airflow/example_dags/tutorial_taskflow_api_etl.py
[2023-03-12 14:52:59,868] {processor.py:642} INFO - Processing file /home/airflow/.local/lib/python3.7/site-packages/airflow/example_dags/tutorial_taskflow_api_etl.py for tasks to queue
[2023-03-12 14:52:59,872] {logging_mixin.py:109} INFO - [2023-03-12 14:52:59,872] {dagbag.py:500} INFO - Filling up the DagBag from /home/airflow/.local/lib/python3.7/site-packages/airflow/example_dags/tutorial_taskflow_api_etl.py
[2023-03-12 14:52:59,981] {processor.py:654} INFO - DAG(s) dict_keys(['tutorial_taskflow_api_etl']) retrieved from /home/airflow/.local/lib/python3.7/site-packages/airflow/example_dags/tutorial_taskflow_api_etl.py
[2023-03-12 14:53:01,184] {logging_mixin.py:109} INFO - [2023-03-12 14:53:01,184] {dag.py:2396} INFO - Sync 1 DAGs
[2023-03-12 14:53:01,642] {logging_mixin.py:109} INFO - [2023-03-12 14:53:01,642] {dag.py:2935} INFO - Setting next_dagrun for tutorial_taskflow_api_etl to None
[2023-03-12 14:53:01,943] {processor.py:171} INFO - Processing /home/airflow/.local/lib/python3.7/site-packages/airflow/example_dags/tutorial_taskflow_api_etl.py took 2.094 seconds
[2023-03-12 14:53:32,178] {processor.py:163} INFO - Started process (PID=7096) to work on /home/airflow/.local/lib/python3.7/site-packages/airflow/example_dags/tutorial_taskflow_api_etl.py
[2023-03-12 14:53:32,185] {processor.py:642} INFO - Processing file /home/airflow/.local/lib/python3.7/site-packages/airflow/example_dags/tutorial_taskflow_api_etl.py for tasks to queue
[2023-03-12 14:53:32,187] {logging_mixin.py:109} INFO - [2023-03-12 14:53:32,187] {dagbag.py:500} INFO - Filling up the DagBag from /home/airflow/.local/lib/python3.7/site-packages/airflow/example_dags/tutorial_taskflow_api_etl.py
[2023-03-12 14:53:32,271] {processor.py:654} INFO - DAG(s) dict_keys(['tutorial_taskflow_api_etl']) retrieved from /home/airflow/.local/lib/python3.7/site-packages/airflow/example_dags/tutorial_taskflow_api_etl.py
[2023-03-12 14:53:33,228] {logging_mixin.py:109} INFO - [2023-03-12 14:53:33,227] {dag.py:2396} INFO - Sync 1 DAGs
[2023-03-12 14:53:33,283] {logging_mixin.py:109} INFO - [2023-03-12 14:53:33,283] {dag.py:2935} INFO - Setting next_dagrun for tutorial_taskflow_api_etl to None
[2023-03-12 14:53:33,317] {processor.py:171} INFO - Processing /home/airflow/.local/lib/python3.7/site-packages/airflow/example_dags/tutorial_taskflow_api_etl.py took 1.148 seconds
[2023-03-12 14:54:03,849] {processor.py:163} INFO - Started process (PID=7326) to work on /home/airflow/.local/lib/python3.7/site-packages/airflow/example_dags/tutorial_taskflow_api_etl.py
[2023-03-12 14:54:03,853] {processor.py:642} INFO - Processing file /home/airflow/.local/lib/python3.7/site-packages/airflow/example_dags/tutorial_taskflow_api_etl.py for tasks to queue
[2023-03-12 14:54:03,856] {logging_mixin.py:109} INFO - [2023-03-12 14:54:03,856] {dagbag.py:500} INFO - Filling up the DagBag from /home/airflow/.local/lib/python3.7/site-packages/airflow/example_dags/tutorial_taskflow_api_etl.py
[2023-03-12 14:54:03,949] {processor.py:654} INFO - DAG(s) dict_keys(['tutorial_taskflow_api_etl']) retrieved from /home/airflow/.local/lib/python3.7/site-packages/airflow/example_dags/tutorial_taskflow_api_etl.py
[2023-03-12 14:54:05,194] {logging_mixin.py:109} INFO - [2023-03-12 14:54:05,192] {dag.py:2396} INFO - Sync 1 DAGs
[2023-03-12 14:54:05,277] {logging_mixin.py:109} INFO - [2023-03-12 14:54:05,276] {dag.py:2935} INFO - Setting next_dagrun for tutorial_taskflow_api_etl to None
[2023-03-12 14:54:05,322] {processor.py:171} INFO - Processing /home/airflow/.local/lib/python3.7/site-packages/airflow/example_dags/tutorial_taskflow_api_etl.py took 1.483 seconds
[2023-03-12 14:54:35,654] {processor.py:163} INFO - Started process (PID=7557) to work on /home/airflow/.local/lib/python3.7/site-packages/airflow/example_dags/tutorial_taskflow_api_etl.py
[2023-03-12 14:54:35,659] {processor.py:642} INFO - Processing file /home/airflow/.local/lib/python3.7/site-packages/airflow/example_dags/tutorial_taskflow_api_etl.py for tasks to queue
[2023-03-12 14:54:35,664] {logging_mixin.py:109} INFO - [2023-03-12 14:54:35,664] {dagbag.py:500} INFO - Filling up the DagBag from /home/airflow/.local/lib/python3.7/site-packages/airflow/example_dags/tutorial_taskflow_api_etl.py
[2023-03-12 14:54:35,764] {processor.py:654} INFO - DAG(s) dict_keys(['tutorial_taskflow_api_etl']) retrieved from /home/airflow/.local/lib/python3.7/site-packages/airflow/example_dags/tutorial_taskflow_api_etl.py
[2023-03-12 14:54:36,954] {logging_mixin.py:109} INFO - [2023-03-12 14:54:36,954] {dag.py:2396} INFO - Sync 1 DAGs
[2023-03-12 14:54:37,016] {logging_mixin.py:109} INFO - [2023-03-12 14:54:37,016] {dag.py:2935} INFO - Setting next_dagrun for tutorial_taskflow_api_etl to None
[2023-03-12 14:54:37,069] {processor.py:171} INFO - Processing /home/airflow/.local/lib/python3.7/site-packages/airflow/example_dags/tutorial_taskflow_api_etl.py took 1.422 seconds
[2023-03-12 14:55:07,505] {processor.py:163} INFO - Started process (PID=7777) to work on /home/airflow/.local/lib/python3.7/site-packages/airflow/example_dags/tutorial_taskflow_api_etl.py
[2023-03-12 14:55:07,511] {processor.py:642} INFO - Processing file /home/airflow/.local/lib/python3.7/site-packages/airflow/example_dags/tutorial_taskflow_api_etl.py for tasks to queue
[2023-03-12 14:55:07,514] {logging_mixin.py:109} INFO - [2023-03-12 14:55:07,514] {dagbag.py:500} INFO - Filling up the DagBag from /home/airflow/.local/lib/python3.7/site-packages/airflow/example_dags/tutorial_taskflow_api_etl.py
[2023-03-12 14:55:07,660] {processor.py:654} INFO - DAG(s) dict_keys(['tutorial_taskflow_api_etl']) retrieved from /home/airflow/.local/lib/python3.7/site-packages/airflow/example_dags/tutorial_taskflow_api_etl.py
[2023-03-12 14:55:09,224] {logging_mixin.py:109} INFO - [2023-03-12 14:55:09,224] {dag.py:2396} INFO - Sync 1 DAGs
[2023-03-12 14:55:09,282] {logging_mixin.py:109} INFO - [2023-03-12 14:55:09,282] {dag.py:2935} INFO - Setting next_dagrun for tutorial_taskflow_api_etl to None
[2023-03-12 14:55:09,322] {processor.py:171} INFO - Processing /home/airflow/.local/lib/python3.7/site-packages/airflow/example_dags/tutorial_taskflow_api_etl.py took 1.825 seconds
[2023-03-12 14:55:39,585] {processor.py:163} INFO - Started process (PID=8017) to work on /home/airflow/.local/lib/python3.7/site-packages/airflow/example_dags/tutorial_taskflow_api_etl.py
[2023-03-12 14:55:39,590] {processor.py:642} INFO - Processing file /home/airflow/.local/lib/python3.7/site-packages/airflow/example_dags/tutorial_taskflow_api_etl.py for tasks to queue
[2023-03-12 14:55:39,594] {logging_mixin.py:109} INFO - [2023-03-12 14:55:39,594] {dagbag.py:500} INFO - Filling up the DagBag from /home/airflow/.local/lib/python3.7/site-packages/airflow/example_dags/tutorial_taskflow_api_etl.py
[2023-03-12 14:55:39,706] {processor.py:654} INFO - DAG(s) dict_keys(['tutorial_taskflow_api_etl']) retrieved from /home/airflow/.local/lib/python3.7/site-packages/airflow/example_dags/tutorial_taskflow_api_etl.py
[2023-03-12 14:55:40,741] {logging_mixin.py:109} INFO - [2023-03-12 14:55:40,740] {dag.py:2396} INFO - Sync 1 DAGs
[2023-03-12 14:55:40,800] {logging_mixin.py:109} INFO - [2023-03-12 14:55:40,800] {dag.py:2935} INFO - Setting next_dagrun for tutorial_taskflow_api_etl to None
[2023-03-12 14:55:40,835] {processor.py:171} INFO - Processing /home/airflow/.local/lib/python3.7/site-packages/airflow/example_dags/tutorial_taskflow_api_etl.py took 1.258 seconds
[2023-03-12 14:56:11,646] {processor.py:163} INFO - Started process (PID=8227) to work on /home/airflow/.local/lib/python3.7/site-packages/airflow/example_dags/tutorial_taskflow_api_etl.py
[2023-03-12 14:56:11,651] {processor.py:642} INFO - Processing file /home/airflow/.local/lib/python3.7/site-packages/airflow/example_dags/tutorial_taskflow_api_etl.py for tasks to queue
[2023-03-12 14:56:11,655] {logging_mixin.py:109} INFO - [2023-03-12 14:56:11,655] {dagbag.py:500} INFO - Filling up the DagBag from /home/airflow/.local/lib/python3.7/site-packages/airflow/example_dags/tutorial_taskflow_api_etl.py
[2023-03-12 14:56:11,735] {processor.py:654} INFO - DAG(s) dict_keys(['tutorial_taskflow_api_etl']) retrieved from /home/airflow/.local/lib/python3.7/site-packages/airflow/example_dags/tutorial_taskflow_api_etl.py
[2023-03-12 14:56:12,593] {logging_mixin.py:109} INFO - [2023-03-12 14:56:12,593] {dag.py:2396} INFO - Sync 1 DAGs
[2023-03-12 14:56:12,647] {logging_mixin.py:109} INFO - [2023-03-12 14:56:12,647] {dag.py:2935} INFO - Setting next_dagrun for tutorial_taskflow_api_etl to None
[2023-03-12 14:56:12,684] {processor.py:171} INFO - Processing /home/airflow/.local/lib/python3.7/site-packages/airflow/example_dags/tutorial_taskflow_api_etl.py took 1.048 seconds
[2023-03-12 14:56:43,280] {processor.py:163} INFO - Started process (PID=8450) to work on /home/airflow/.local/lib/python3.7/site-packages/airflow/example_dags/tutorial_taskflow_api_etl.py
[2023-03-12 14:56:43,286] {processor.py:642} INFO - Processing file /home/airflow/.local/lib/python3.7/site-packages/airflow/example_dags/tutorial_taskflow_api_etl.py for tasks to queue
[2023-03-12 14:56:43,291] {logging_mixin.py:109} INFO - [2023-03-12 14:56:43,290] {dagbag.py:500} INFO - Filling up the DagBag from /home/airflow/.local/lib/python3.7/site-packages/airflow/example_dags/tutorial_taskflow_api_etl.py
[2023-03-12 14:56:43,408] {processor.py:654} INFO - DAG(s) dict_keys(['tutorial_taskflow_api_etl']) retrieved from /home/airflow/.local/lib/python3.7/site-packages/airflow/example_dags/tutorial_taskflow_api_etl.py
[2023-03-12 14:56:44,697] {logging_mixin.py:109} INFO - [2023-03-12 14:56:44,696] {dag.py:2396} INFO - Sync 1 DAGs
[2023-03-12 14:56:44,761] {logging_mixin.py:109} INFO - [2023-03-12 14:56:44,761] {dag.py:2935} INFO - Setting next_dagrun for tutorial_taskflow_api_etl to None
[2023-03-12 14:56:44,844] {processor.py:171} INFO - Processing /home/airflow/.local/lib/python3.7/site-packages/airflow/example_dags/tutorial_taskflow_api_etl.py took 1.576 seconds
[2023-03-12 14:57:15,499] {processor.py:163} INFO - Started process (PID=8673) to work on /home/airflow/.local/lib/python3.7/site-packages/airflow/example_dags/tutorial_taskflow_api_etl.py
[2023-03-12 14:57:15,508] {processor.py:642} INFO - Processing file /home/airflow/.local/lib/python3.7/site-packages/airflow/example_dags/tutorial_taskflow_api_etl.py for tasks to queue
[2023-03-12 14:57:15,513] {logging_mixin.py:109} INFO - [2023-03-12 14:57:15,512] {dagbag.py:500} INFO - Filling up the DagBag from /home/airflow/.local/lib/python3.7/site-packages/airflow/example_dags/tutorial_taskflow_api_etl.py
[2023-03-12 14:57:15,642] {processor.py:654} INFO - DAG(s) dict_keys(['tutorial_taskflow_api_etl']) retrieved from /home/airflow/.local/lib/python3.7/site-packages/airflow/example_dags/tutorial_taskflow_api_etl.py
[2023-03-12 14:57:16,701] {logging_mixin.py:109} INFO - [2023-03-12 14:57:16,700] {dag.py:2396} INFO - Sync 1 DAGs
[2023-03-12 14:57:16,774] {logging_mixin.py:109} INFO - [2023-03-12 14:57:16,773] {dag.py:2935} INFO - Setting next_dagrun for tutorial_taskflow_api_etl to None
[2023-03-12 14:57:16,812] {processor.py:171} INFO - Processing /home/airflow/.local/lib/python3.7/site-packages/airflow/example_dags/tutorial_taskflow_api_etl.py took 1.324 seconds
[2023-03-12 14:57:47,113] {processor.py:163} INFO - Started process (PID=8893) to work on /home/airflow/.local/lib/python3.7/site-packages/airflow/example_dags/tutorial_taskflow_api_etl.py
[2023-03-12 14:57:47,119] {processor.py:642} INFO - Processing file /home/airflow/.local/lib/python3.7/site-packages/airflow/example_dags/tutorial_taskflow_api_etl.py for tasks to queue
[2023-03-12 14:57:47,123] {logging_mixin.py:109} INFO - [2023-03-12 14:57:47,123] {dagbag.py:500} INFO - Filling up the DagBag from /home/airflow/.local/lib/python3.7/site-packages/airflow/example_dags/tutorial_taskflow_api_etl.py
[2023-03-12 14:57:47,228] {processor.py:654} INFO - DAG(s) dict_keys(['tutorial_taskflow_api_etl']) retrieved from /home/airflow/.local/lib/python3.7/site-packages/airflow/example_dags/tutorial_taskflow_api_etl.py
[2023-03-12 14:57:48,511] {logging_mixin.py:109} INFO - [2023-03-12 14:57:48,511] {dag.py:2396} INFO - Sync 1 DAGs
[2023-03-12 14:57:48,573] {logging_mixin.py:109} INFO - [2023-03-12 14:57:48,572] {dag.py:2935} INFO - Setting next_dagrun for tutorial_taskflow_api_etl to None
[2023-03-12 14:57:48,612] {processor.py:171} INFO - Processing /home/airflow/.local/lib/python3.7/site-packages/airflow/example_dags/tutorial_taskflow_api_etl.py took 1.509 seconds
[2023-03-12 14:58:18,938] {processor.py:163} INFO - Started process (PID=9139) to work on /home/airflow/.local/lib/python3.7/site-packages/airflow/example_dags/tutorial_taskflow_api_etl.py
[2023-03-12 14:58:18,947] {processor.py:642} INFO - Processing file /home/airflow/.local/lib/python3.7/site-packages/airflow/example_dags/tutorial_taskflow_api_etl.py for tasks to queue
[2023-03-12 14:58:18,951] {logging_mixin.py:109} INFO - [2023-03-12 14:58:18,951] {dagbag.py:500} INFO - Filling up the DagBag from /home/airflow/.local/lib/python3.7/site-packages/airflow/example_dags/tutorial_taskflow_api_etl.py
[2023-03-12 14:58:19,054] {processor.py:654} INFO - DAG(s) dict_keys(['tutorial_taskflow_api_etl']) retrieved from /home/airflow/.local/lib/python3.7/site-packages/airflow/example_dags/tutorial_taskflow_api_etl.py
[2023-03-12 14:58:20,024] {logging_mixin.py:109} INFO - [2023-03-12 14:58:20,023] {dag.py:2396} INFO - Sync 1 DAGs
[2023-03-12 14:58:20,078] {logging_mixin.py:109} INFO - [2023-03-12 14:58:20,077] {dag.py:2935} INFO - Setting next_dagrun for tutorial_taskflow_api_etl to None
[2023-03-12 14:58:20,115] {processor.py:171} INFO - Processing /home/airflow/.local/lib/python3.7/site-packages/airflow/example_dags/tutorial_taskflow_api_etl.py took 1.185 seconds
