[2023-03-12 14:27:13,548] {processor.py:163} INFO - Started process (PID=612) to work on /home/airflow/.local/lib/python3.7/site-packages/airflow/example_dags/tutorial_etl_dag.py
[2023-03-12 14:27:13,563] {processor.py:642} INFO - Processing file /home/airflow/.local/lib/python3.7/site-packages/airflow/example_dags/tutorial_etl_dag.py for tasks to queue
[2023-03-12 14:27:13,567] {logging_mixin.py:109} INFO - [2023-03-12 14:27:13,566] {dagbag.py:500} INFO - Filling up the DagBag from /home/airflow/.local/lib/python3.7/site-packages/airflow/example_dags/tutorial_etl_dag.py
[2023-03-12 14:27:13,649] {processor.py:654} INFO - DAG(s) dict_keys(['tutorial_etl_dag']) retrieved from /home/airflow/.local/lib/python3.7/site-packages/airflow/example_dags/tutorial_etl_dag.py
[2023-03-12 14:27:22,989] {logging_mixin.py:109} INFO - [2023-03-12 14:27:22,988] {manager.py:496} INFO - Created Permission View: can edit on DAG:tutorial_etl_dag
[2023-03-12 14:27:23,042] {logging_mixin.py:109} INFO - [2023-03-12 14:27:23,041] {manager.py:496} INFO - Created Permission View: can read on DAG:tutorial_etl_dag
[2023-03-12 14:27:23,053] {logging_mixin.py:109} INFO - [2023-03-12 14:27:23,052] {dag.py:2396} INFO - Sync 1 DAGs
[2023-03-12 14:27:23,103] {logging_mixin.py:109} INFO - [2023-03-12 14:27:23,102] {dag.py:2415} INFO - Creating ORM DAG for tutorial_etl_dag
[2023-03-12 14:27:23,158] {logging_mixin.py:109} INFO - [2023-03-12 14:27:23,158] {dag.py:2935} INFO - Setting next_dagrun for tutorial_etl_dag to None
[2023-03-12 14:27:23,215] {processor.py:171} INFO - Processing /home/airflow/.local/lib/python3.7/site-packages/airflow/example_dags/tutorial_etl_dag.py took 9.677 seconds
[2023-03-12 14:38:42,539] {processor.py:163} INFO - Started process (PID=1070) to work on /home/airflow/.local/lib/python3.7/site-packages/airflow/example_dags/tutorial_etl_dag.py
[2023-03-12 14:38:42,556] {processor.py:642} INFO - Processing file /home/airflow/.local/lib/python3.7/site-packages/airflow/example_dags/tutorial_etl_dag.py for tasks to queue
[2023-03-12 14:38:42,571] {logging_mixin.py:109} INFO - [2023-03-12 14:38:42,570] {dagbag.py:500} INFO - Filling up the DagBag from /home/airflow/.local/lib/python3.7/site-packages/airflow/example_dags/tutorial_etl_dag.py
[2023-03-12 14:38:42,938] {processor.py:654} INFO - DAG(s) dict_keys(['tutorial_etl_dag']) retrieved from /home/airflow/.local/lib/python3.7/site-packages/airflow/example_dags/tutorial_etl_dag.py
[2023-03-12 14:38:43,079] {logging_mixin.py:109} INFO - [2023-03-12 14:38:43,079] {dag.py:2396} INFO - Sync 1 DAGs
[2023-03-12 14:38:43,223] {logging_mixin.py:109} INFO - [2023-03-12 14:38:43,221] {dag.py:2935} INFO - Setting next_dagrun for tutorial_etl_dag to None
[2023-03-12 14:38:43,308] {processor.py:171} INFO - Processing /home/airflow/.local/lib/python3.7/site-packages/airflow/example_dags/tutorial_etl_dag.py took 0.801 seconds
[2023-03-12 14:39:22,976] {processor.py:163} INFO - Started process (PID=1294) to work on /home/airflow/.local/lib/python3.7/site-packages/airflow/example_dags/tutorial_etl_dag.py
[2023-03-12 14:39:22,991] {processor.py:642} INFO - Processing file /home/airflow/.local/lib/python3.7/site-packages/airflow/example_dags/tutorial_etl_dag.py for tasks to queue
[2023-03-12 14:39:22,998] {logging_mixin.py:109} INFO - [2023-03-12 14:39:22,997] {dagbag.py:500} INFO - Filling up the DagBag from /home/airflow/.local/lib/python3.7/site-packages/airflow/example_dags/tutorial_etl_dag.py
[2023-03-12 14:39:23,458] {processor.py:654} INFO - DAG(s) dict_keys(['tutorial_etl_dag']) retrieved from /home/airflow/.local/lib/python3.7/site-packages/airflow/example_dags/tutorial_etl_dag.py
[2023-03-12 14:39:23,779] {logging_mixin.py:109} INFO - [2023-03-12 14:39:23,778] {dag.py:2396} INFO - Sync 1 DAGs
[2023-03-12 14:39:24,079] {logging_mixin.py:109} INFO - [2023-03-12 14:39:24,069] {dag.py:2935} INFO - Setting next_dagrun for tutorial_etl_dag to None
[2023-03-12 14:39:24,228] {processor.py:171} INFO - Processing /home/airflow/.local/lib/python3.7/site-packages/airflow/example_dags/tutorial_etl_dag.py took 1.304 seconds
[2023-03-12 14:40:02,377] {processor.py:163} INFO - Started process (PID=1518) to work on /home/airflow/.local/lib/python3.7/site-packages/airflow/example_dags/tutorial_etl_dag.py
[2023-03-12 14:40:02,392] {processor.py:642} INFO - Processing file /home/airflow/.local/lib/python3.7/site-packages/airflow/example_dags/tutorial_etl_dag.py for tasks to queue
[2023-03-12 14:40:02,399] {logging_mixin.py:109} INFO - [2023-03-12 14:40:02,399] {dagbag.py:500} INFO - Filling up the DagBag from /home/airflow/.local/lib/python3.7/site-packages/airflow/example_dags/tutorial_etl_dag.py
[2023-03-12 14:40:02,806] {processor.py:654} INFO - DAG(s) dict_keys(['tutorial_etl_dag']) retrieved from /home/airflow/.local/lib/python3.7/site-packages/airflow/example_dags/tutorial_etl_dag.py
[2023-03-12 14:40:03,105] {logging_mixin.py:109} INFO - [2023-03-12 14:40:03,105] {dag.py:2396} INFO - Sync 1 DAGs
[2023-03-12 14:40:03,331] {logging_mixin.py:109} INFO - [2023-03-12 14:40:03,331] {dag.py:2935} INFO - Setting next_dagrun for tutorial_etl_dag to None
[2023-03-12 14:40:03,495] {processor.py:171} INFO - Processing /home/airflow/.local/lib/python3.7/site-packages/airflow/example_dags/tutorial_etl_dag.py took 1.131 seconds
[2023-03-12 14:40:38,909] {processor.py:163} INFO - Started process (PID=1748) to work on /home/airflow/.local/lib/python3.7/site-packages/airflow/example_dags/tutorial_etl_dag.py
[2023-03-12 14:40:38,936] {processor.py:642} INFO - Processing file /home/airflow/.local/lib/python3.7/site-packages/airflow/example_dags/tutorial_etl_dag.py for tasks to queue
[2023-03-12 14:40:38,950] {logging_mixin.py:109} INFO - [2023-03-12 14:40:38,948] {dagbag.py:500} INFO - Filling up the DagBag from /home/airflow/.local/lib/python3.7/site-packages/airflow/example_dags/tutorial_etl_dag.py
[2023-03-12 14:40:39,168] {processor.py:654} INFO - DAG(s) dict_keys(['tutorial_etl_dag']) retrieved from /home/airflow/.local/lib/python3.7/site-packages/airflow/example_dags/tutorial_etl_dag.py
[2023-03-12 14:40:39,245] {logging_mixin.py:109} INFO - [2023-03-12 14:40:39,244] {dag.py:2396} INFO - Sync 1 DAGs
[2023-03-12 14:40:39,335] {logging_mixin.py:109} INFO - [2023-03-12 14:40:39,334] {dag.py:2935} INFO - Setting next_dagrun for tutorial_etl_dag to None
[2023-03-12 14:40:39,373] {processor.py:171} INFO - Processing /home/airflow/.local/lib/python3.7/site-packages/airflow/example_dags/tutorial_etl_dag.py took 0.475 seconds
[2023-03-12 14:41:11,242] {processor.py:163} INFO - Started process (PID=1955) to work on /home/airflow/.local/lib/python3.7/site-packages/airflow/example_dags/tutorial_etl_dag.py
[2023-03-12 14:41:11,259] {processor.py:642} INFO - Processing file /home/airflow/.local/lib/python3.7/site-packages/airflow/example_dags/tutorial_etl_dag.py for tasks to queue
[2023-03-12 14:41:11,263] {logging_mixin.py:109} INFO - [2023-03-12 14:41:11,263] {dagbag.py:500} INFO - Filling up the DagBag from /home/airflow/.local/lib/python3.7/site-packages/airflow/example_dags/tutorial_etl_dag.py
[2023-03-12 14:41:11,555] {processor.py:654} INFO - DAG(s) dict_keys(['tutorial_etl_dag']) retrieved from /home/airflow/.local/lib/python3.7/site-packages/airflow/example_dags/tutorial_etl_dag.py
[2023-03-12 14:41:11,652] {logging_mixin.py:109} INFO - [2023-03-12 14:41:11,652] {dag.py:2396} INFO - Sync 1 DAGs
[2023-03-12 14:41:11,726] {logging_mixin.py:109} INFO - [2023-03-12 14:41:11,726] {dag.py:2935} INFO - Setting next_dagrun for tutorial_etl_dag to None
[2023-03-12 14:41:11,810] {processor.py:171} INFO - Processing /home/airflow/.local/lib/python3.7/site-packages/airflow/example_dags/tutorial_etl_dag.py took 0.573 seconds
[2023-03-12 14:42:03,667] {processor.py:163} INFO - Started process (PID=2293) to work on /home/airflow/.local/lib/python3.7/site-packages/airflow/example_dags/tutorial_etl_dag.py
[2023-03-12 14:42:03,676] {processor.py:642} INFO - Processing file /home/airflow/.local/lib/python3.7/site-packages/airflow/example_dags/tutorial_etl_dag.py for tasks to queue
[2023-03-12 14:42:03,685] {logging_mixin.py:109} INFO - [2023-03-12 14:42:03,684] {dagbag.py:500} INFO - Filling up the DagBag from /home/airflow/.local/lib/python3.7/site-packages/airflow/example_dags/tutorial_etl_dag.py
[2023-03-12 14:42:04,011] {processor.py:654} INFO - DAG(s) dict_keys(['tutorial_etl_dag']) retrieved from /home/airflow/.local/lib/python3.7/site-packages/airflow/example_dags/tutorial_etl_dag.py
[2023-03-12 14:42:04,146] {logging_mixin.py:109} INFO - [2023-03-12 14:42:04,146] {dag.py:2396} INFO - Sync 1 DAGs
[2023-03-12 14:42:04,371] {logging_mixin.py:109} INFO - [2023-03-12 14:42:04,370] {dag.py:2935} INFO - Setting next_dagrun for tutorial_etl_dag to None
[2023-03-12 14:42:04,427] {processor.py:171} INFO - Processing /home/airflow/.local/lib/python3.7/site-packages/airflow/example_dags/tutorial_etl_dag.py took 0.779 seconds
[2023-03-12 14:42:34,915] {processor.py:163} INFO - Started process (PID=2527) to work on /home/airflow/.local/lib/python3.7/site-packages/airflow/example_dags/tutorial_etl_dag.py
[2023-03-12 14:42:34,926] {processor.py:642} INFO - Processing file /home/airflow/.local/lib/python3.7/site-packages/airflow/example_dags/tutorial_etl_dag.py for tasks to queue
[2023-03-12 14:42:34,975] {logging_mixin.py:109} INFO - [2023-03-12 14:42:34,973] {dagbag.py:500} INFO - Filling up the DagBag from /home/airflow/.local/lib/python3.7/site-packages/airflow/example_dags/tutorial_etl_dag.py
[2023-03-12 14:42:35,097] {processor.py:654} INFO - DAG(s) dict_keys(['tutorial_etl_dag']) retrieved from /home/airflow/.local/lib/python3.7/site-packages/airflow/example_dags/tutorial_etl_dag.py
[2023-03-12 14:42:35,138] {logging_mixin.py:109} INFO - [2023-03-12 14:42:35,137] {dag.py:2396} INFO - Sync 1 DAGs
[2023-03-12 14:42:35,200] {logging_mixin.py:109} INFO - [2023-03-12 14:42:35,199] {dag.py:2935} INFO - Setting next_dagrun for tutorial_etl_dag to None
[2023-03-12 14:42:35,244] {processor.py:171} INFO - Processing /home/airflow/.local/lib/python3.7/site-packages/airflow/example_dags/tutorial_etl_dag.py took 0.338 seconds
[2023-03-12 14:43:06,012] {processor.py:163} INFO - Started process (PID=2735) to work on /home/airflow/.local/lib/python3.7/site-packages/airflow/example_dags/tutorial_etl_dag.py
[2023-03-12 14:43:06,021] {processor.py:642} INFO - Processing file /home/airflow/.local/lib/python3.7/site-packages/airflow/example_dags/tutorial_etl_dag.py for tasks to queue
[2023-03-12 14:43:06,026] {logging_mixin.py:109} INFO - [2023-03-12 14:43:06,026] {dagbag.py:500} INFO - Filling up the DagBag from /home/airflow/.local/lib/python3.7/site-packages/airflow/example_dags/tutorial_etl_dag.py
[2023-03-12 14:43:06,093] {processor.py:654} INFO - DAG(s) dict_keys(['tutorial_etl_dag']) retrieved from /home/airflow/.local/lib/python3.7/site-packages/airflow/example_dags/tutorial_etl_dag.py
[2023-03-12 14:43:06,134] {logging_mixin.py:109} INFO - [2023-03-12 14:43:06,133] {dag.py:2396} INFO - Sync 1 DAGs
[2023-03-12 14:43:06,186] {logging_mixin.py:109} INFO - [2023-03-12 14:43:06,186] {dag.py:2935} INFO - Setting next_dagrun for tutorial_etl_dag to None
[2023-03-12 14:43:06,215] {processor.py:171} INFO - Processing /home/airflow/.local/lib/python3.7/site-packages/airflow/example_dags/tutorial_etl_dag.py took 0.217 seconds
[2023-03-12 14:43:37,028] {processor.py:163} INFO - Started process (PID=2959) to work on /home/airflow/.local/lib/python3.7/site-packages/airflow/example_dags/tutorial_etl_dag.py
[2023-03-12 14:43:37,037] {processor.py:642} INFO - Processing file /home/airflow/.local/lib/python3.7/site-packages/airflow/example_dags/tutorial_etl_dag.py for tasks to queue
[2023-03-12 14:43:37,044] {logging_mixin.py:109} INFO - [2023-03-12 14:43:37,043] {dagbag.py:500} INFO - Filling up the DagBag from /home/airflow/.local/lib/python3.7/site-packages/airflow/example_dags/tutorial_etl_dag.py
[2023-03-12 14:43:37,124] {processor.py:654} INFO - DAG(s) dict_keys(['tutorial_etl_dag']) retrieved from /home/airflow/.local/lib/python3.7/site-packages/airflow/example_dags/tutorial_etl_dag.py
[2023-03-12 14:43:37,276] {logging_mixin.py:109} INFO - [2023-03-12 14:43:37,275] {dag.py:2396} INFO - Sync 1 DAGs
[2023-03-12 14:43:37,340] {logging_mixin.py:109} INFO - [2023-03-12 14:43:37,340] {dag.py:2935} INFO - Setting next_dagrun for tutorial_etl_dag to None
[2023-03-12 14:43:37,376] {processor.py:171} INFO - Processing /home/airflow/.local/lib/python3.7/site-packages/airflow/example_dags/tutorial_etl_dag.py took 0.363 seconds
[2023-03-12 14:44:07,579] {processor.py:163} INFO - Started process (PID=3161) to work on /home/airflow/.local/lib/python3.7/site-packages/airflow/example_dags/tutorial_etl_dag.py
[2023-03-12 14:44:07,589] {processor.py:642} INFO - Processing file /home/airflow/.local/lib/python3.7/site-packages/airflow/example_dags/tutorial_etl_dag.py for tasks to queue
[2023-03-12 14:44:07,593] {logging_mixin.py:109} INFO - [2023-03-12 14:44:07,593] {dagbag.py:500} INFO - Filling up the DagBag from /home/airflow/.local/lib/python3.7/site-packages/airflow/example_dags/tutorial_etl_dag.py
[2023-03-12 14:44:07,749] {processor.py:654} INFO - DAG(s) dict_keys(['tutorial_etl_dag']) retrieved from /home/airflow/.local/lib/python3.7/site-packages/airflow/example_dags/tutorial_etl_dag.py
[2023-03-12 14:44:07,804] {logging_mixin.py:109} INFO - [2023-03-12 14:44:07,803] {dag.py:2396} INFO - Sync 1 DAGs
[2023-03-12 14:44:07,916] {logging_mixin.py:109} INFO - [2023-03-12 14:44:07,916] {dag.py:2935} INFO - Setting next_dagrun for tutorial_etl_dag to None
[2023-03-12 14:44:07,958] {processor.py:171} INFO - Processing /home/airflow/.local/lib/python3.7/site-packages/airflow/example_dags/tutorial_etl_dag.py took 0.388 seconds
[2023-03-12 14:44:38,153] {processor.py:163} INFO - Started process (PID=3381) to work on /home/airflow/.local/lib/python3.7/site-packages/airflow/example_dags/tutorial_etl_dag.py
[2023-03-12 14:44:38,167] {processor.py:642} INFO - Processing file /home/airflow/.local/lib/python3.7/site-packages/airflow/example_dags/tutorial_etl_dag.py for tasks to queue
[2023-03-12 14:44:38,169] {logging_mixin.py:109} INFO - [2023-03-12 14:44:38,169] {dagbag.py:500} INFO - Filling up the DagBag from /home/airflow/.local/lib/python3.7/site-packages/airflow/example_dags/tutorial_etl_dag.py
[2023-03-12 14:44:38,264] {processor.py:654} INFO - DAG(s) dict_keys(['tutorial_etl_dag']) retrieved from /home/airflow/.local/lib/python3.7/site-packages/airflow/example_dags/tutorial_etl_dag.py
[2023-03-12 14:44:38,328] {logging_mixin.py:109} INFO - [2023-03-12 14:44:38,327] {dag.py:2396} INFO - Sync 1 DAGs
[2023-03-12 14:44:38,381] {logging_mixin.py:109} INFO - [2023-03-12 14:44:38,380] {dag.py:2935} INFO - Setting next_dagrun for tutorial_etl_dag to None
[2023-03-12 14:44:38,407] {processor.py:171} INFO - Processing /home/airflow/.local/lib/python3.7/site-packages/airflow/example_dags/tutorial_etl_dag.py took 0.261 seconds
[2023-03-12 14:45:08,651] {processor.py:163} INFO - Started process (PID=3589) to work on /home/airflow/.local/lib/python3.7/site-packages/airflow/example_dags/tutorial_etl_dag.py
[2023-03-12 14:45:08,655] {processor.py:642} INFO - Processing file /home/airflow/.local/lib/python3.7/site-packages/airflow/example_dags/tutorial_etl_dag.py for tasks to queue
[2023-03-12 14:45:08,659] {logging_mixin.py:109} INFO - [2023-03-12 14:45:08,659] {dagbag.py:500} INFO - Filling up the DagBag from /home/airflow/.local/lib/python3.7/site-packages/airflow/example_dags/tutorial_etl_dag.py
[2023-03-12 14:45:08,738] {processor.py:654} INFO - DAG(s) dict_keys(['tutorial_etl_dag']) retrieved from /home/airflow/.local/lib/python3.7/site-packages/airflow/example_dags/tutorial_etl_dag.py
[2023-03-12 14:45:08,786] {logging_mixin.py:109} INFO - [2023-03-12 14:45:08,785] {dag.py:2396} INFO - Sync 1 DAGs
[2023-03-12 14:45:08,851] {logging_mixin.py:109} INFO - [2023-03-12 14:45:08,850] {dag.py:2935} INFO - Setting next_dagrun for tutorial_etl_dag to None
[2023-03-12 14:45:08,890] {processor.py:171} INFO - Processing /home/airflow/.local/lib/python3.7/site-packages/airflow/example_dags/tutorial_etl_dag.py took 0.247 seconds
[2023-03-12 14:45:39,831] {processor.py:163} INFO - Started process (PID=3811) to work on /home/airflow/.local/lib/python3.7/site-packages/airflow/example_dags/tutorial_etl_dag.py
[2023-03-12 14:45:39,847] {processor.py:642} INFO - Processing file /home/airflow/.local/lib/python3.7/site-packages/airflow/example_dags/tutorial_etl_dag.py for tasks to queue
[2023-03-12 14:45:39,855] {logging_mixin.py:109} INFO - [2023-03-12 14:45:39,854] {dagbag.py:500} INFO - Filling up the DagBag from /home/airflow/.local/lib/python3.7/site-packages/airflow/example_dags/tutorial_etl_dag.py
[2023-03-12 14:45:39,959] {processor.py:654} INFO - DAG(s) dict_keys(['tutorial_etl_dag']) retrieved from /home/airflow/.local/lib/python3.7/site-packages/airflow/example_dags/tutorial_etl_dag.py
[2023-03-12 14:45:40,025] {logging_mixin.py:109} INFO - [2023-03-12 14:45:40,021] {dag.py:2396} INFO - Sync 1 DAGs
[2023-03-12 14:45:40,125] {logging_mixin.py:109} INFO - [2023-03-12 14:45:40,125] {dag.py:2935} INFO - Setting next_dagrun for tutorial_etl_dag to None
[2023-03-12 14:45:40,184] {processor.py:171} INFO - Processing /home/airflow/.local/lib/python3.7/site-packages/airflow/example_dags/tutorial_etl_dag.py took 0.366 seconds
[2023-03-12 14:46:10,347] {processor.py:163} INFO - Started process (PID=4018) to work on /home/airflow/.local/lib/python3.7/site-packages/airflow/example_dags/tutorial_etl_dag.py
[2023-03-12 14:46:10,351] {processor.py:642} INFO - Processing file /home/airflow/.local/lib/python3.7/site-packages/airflow/example_dags/tutorial_etl_dag.py for tasks to queue
[2023-03-12 14:46:10,354] {logging_mixin.py:109} INFO - [2023-03-12 14:46:10,353] {dagbag.py:500} INFO - Filling up the DagBag from /home/airflow/.local/lib/python3.7/site-packages/airflow/example_dags/tutorial_etl_dag.py
[2023-03-12 14:46:10,419] {processor.py:654} INFO - DAG(s) dict_keys(['tutorial_etl_dag']) retrieved from /home/airflow/.local/lib/python3.7/site-packages/airflow/example_dags/tutorial_etl_dag.py
[2023-03-12 14:46:10,453] {logging_mixin.py:109} INFO - [2023-03-12 14:46:10,452] {dag.py:2396} INFO - Sync 1 DAGs
[2023-03-12 14:46:10,501] {logging_mixin.py:109} INFO - [2023-03-12 14:46:10,501] {dag.py:2935} INFO - Setting next_dagrun for tutorial_etl_dag to None
[2023-03-12 14:46:10,530] {processor.py:171} INFO - Processing /home/airflow/.local/lib/python3.7/site-packages/airflow/example_dags/tutorial_etl_dag.py took 0.190 seconds
[2023-03-12 14:46:41,539] {processor.py:163} INFO - Started process (PID=4242) to work on /home/airflow/.local/lib/python3.7/site-packages/airflow/example_dags/tutorial_etl_dag.py
[2023-03-12 14:46:41,549] {processor.py:642} INFO - Processing file /home/airflow/.local/lib/python3.7/site-packages/airflow/example_dags/tutorial_etl_dag.py for tasks to queue
[2023-03-12 14:46:41,554] {logging_mixin.py:109} INFO - [2023-03-12 14:46:41,554] {dagbag.py:500} INFO - Filling up the DagBag from /home/airflow/.local/lib/python3.7/site-packages/airflow/example_dags/tutorial_etl_dag.py
[2023-03-12 14:46:41,655] {processor.py:654} INFO - DAG(s) dict_keys(['tutorial_etl_dag']) retrieved from /home/airflow/.local/lib/python3.7/site-packages/airflow/example_dags/tutorial_etl_dag.py
[2023-03-12 14:46:41,706] {logging_mixin.py:109} INFO - [2023-03-12 14:46:41,705] {dag.py:2396} INFO - Sync 1 DAGs
[2023-03-12 14:46:41,871] {logging_mixin.py:109} INFO - [2023-03-12 14:46:41,870] {dag.py:2935} INFO - Setting next_dagrun for tutorial_etl_dag to None
[2023-03-12 14:46:41,915] {processor.py:171} INFO - Processing /home/airflow/.local/lib/python3.7/site-packages/airflow/example_dags/tutorial_etl_dag.py took 0.386 seconds
[2023-03-12 14:47:12,390] {processor.py:163} INFO - Started process (PID=4451) to work on /home/airflow/.local/lib/python3.7/site-packages/airflow/example_dags/tutorial_etl_dag.py
[2023-03-12 14:47:12,395] {processor.py:642} INFO - Processing file /home/airflow/.local/lib/python3.7/site-packages/airflow/example_dags/tutorial_etl_dag.py for tasks to queue
[2023-03-12 14:47:12,401] {logging_mixin.py:109} INFO - [2023-03-12 14:47:12,400] {dagbag.py:500} INFO - Filling up the DagBag from /home/airflow/.local/lib/python3.7/site-packages/airflow/example_dags/tutorial_etl_dag.py
[2023-03-12 14:47:12,470] {processor.py:654} INFO - DAG(s) dict_keys(['tutorial_etl_dag']) retrieved from /home/airflow/.local/lib/python3.7/site-packages/airflow/example_dags/tutorial_etl_dag.py
[2023-03-12 14:47:12,503] {logging_mixin.py:109} INFO - [2023-03-12 14:47:12,503] {dag.py:2396} INFO - Sync 1 DAGs
[2023-03-12 14:47:12,546] {logging_mixin.py:109} INFO - [2023-03-12 14:47:12,545] {dag.py:2935} INFO - Setting next_dagrun for tutorial_etl_dag to None
[2023-03-12 14:47:12,567] {processor.py:171} INFO - Processing /home/airflow/.local/lib/python3.7/site-packages/airflow/example_dags/tutorial_etl_dag.py took 0.184 seconds
[2023-03-12 14:47:44,153] {processor.py:163} INFO - Started process (PID=4673) to work on /home/airflow/.local/lib/python3.7/site-packages/airflow/example_dags/tutorial_etl_dag.py
[2023-03-12 14:47:44,159] {processor.py:642} INFO - Processing file /home/airflow/.local/lib/python3.7/site-packages/airflow/example_dags/tutorial_etl_dag.py for tasks to queue
[2023-03-12 14:47:44,162] {logging_mixin.py:109} INFO - [2023-03-12 14:47:44,162] {dagbag.py:500} INFO - Filling up the DagBag from /home/airflow/.local/lib/python3.7/site-packages/airflow/example_dags/tutorial_etl_dag.py
[2023-03-12 14:47:44,244] {processor.py:654} INFO - DAG(s) dict_keys(['tutorial_etl_dag']) retrieved from /home/airflow/.local/lib/python3.7/site-packages/airflow/example_dags/tutorial_etl_dag.py
[2023-03-12 14:47:44,279] {logging_mixin.py:109} INFO - [2023-03-12 14:47:44,278] {dag.py:2396} INFO - Sync 1 DAGs
[2023-03-12 14:47:44,328] {logging_mixin.py:109} INFO - [2023-03-12 14:47:44,327] {dag.py:2935} INFO - Setting next_dagrun for tutorial_etl_dag to None
[2023-03-12 14:47:44,354] {processor.py:171} INFO - Processing /home/airflow/.local/lib/python3.7/site-packages/airflow/example_dags/tutorial_etl_dag.py took 0.208 seconds
[2023-03-12 14:48:15,502] {processor.py:163} INFO - Started process (PID=4891) to work on /home/airflow/.local/lib/python3.7/site-packages/airflow/example_dags/tutorial_etl_dag.py
[2023-03-12 14:48:15,513] {processor.py:642} INFO - Processing file /home/airflow/.local/lib/python3.7/site-packages/airflow/example_dags/tutorial_etl_dag.py for tasks to queue
[2023-03-12 14:48:15,516] {logging_mixin.py:109} INFO - [2023-03-12 14:48:15,516] {dagbag.py:500} INFO - Filling up the DagBag from /home/airflow/.local/lib/python3.7/site-packages/airflow/example_dags/tutorial_etl_dag.py
[2023-03-12 14:48:15,590] {processor.py:654} INFO - DAG(s) dict_keys(['tutorial_etl_dag']) retrieved from /home/airflow/.local/lib/python3.7/site-packages/airflow/example_dags/tutorial_etl_dag.py
[2023-03-12 14:48:15,632] {logging_mixin.py:109} INFO - [2023-03-12 14:48:15,631] {dag.py:2396} INFO - Sync 1 DAGs
[2023-03-12 14:48:15,692] {logging_mixin.py:109} INFO - [2023-03-12 14:48:15,692] {dag.py:2935} INFO - Setting next_dagrun for tutorial_etl_dag to None
[2023-03-12 14:48:15,720] {processor.py:171} INFO - Processing /home/airflow/.local/lib/python3.7/site-packages/airflow/example_dags/tutorial_etl_dag.py took 0.230 seconds
[2023-03-12 14:48:46,551] {processor.py:163} INFO - Started process (PID=5105) to work on /home/airflow/.local/lib/python3.7/site-packages/airflow/example_dags/tutorial_etl_dag.py
[2023-03-12 14:48:46,557] {processor.py:642} INFO - Processing file /home/airflow/.local/lib/python3.7/site-packages/airflow/example_dags/tutorial_etl_dag.py for tasks to queue
[2023-03-12 14:48:46,562] {logging_mixin.py:109} INFO - [2023-03-12 14:48:46,562] {dagbag.py:500} INFO - Filling up the DagBag from /home/airflow/.local/lib/python3.7/site-packages/airflow/example_dags/tutorial_etl_dag.py
[2023-03-12 14:48:46,699] {processor.py:654} INFO - DAG(s) dict_keys(['tutorial_etl_dag']) retrieved from /home/airflow/.local/lib/python3.7/site-packages/airflow/example_dags/tutorial_etl_dag.py
[2023-03-12 14:48:46,748] {logging_mixin.py:109} INFO - [2023-03-12 14:48:46,748] {dag.py:2396} INFO - Sync 1 DAGs
[2023-03-12 14:48:46,813] {logging_mixin.py:109} INFO - [2023-03-12 14:48:46,813] {dag.py:2935} INFO - Setting next_dagrun for tutorial_etl_dag to None
[2023-03-12 14:48:46,864] {processor.py:171} INFO - Processing /home/airflow/.local/lib/python3.7/site-packages/airflow/example_dags/tutorial_etl_dag.py took 0.322 seconds
[2023-03-12 14:49:17,018] {processor.py:163} INFO - Started process (PID=5324) to work on /home/airflow/.local/lib/python3.7/site-packages/airflow/example_dags/tutorial_etl_dag.py
[2023-03-12 14:49:17,023] {processor.py:642} INFO - Processing file /home/airflow/.local/lib/python3.7/site-packages/airflow/example_dags/tutorial_etl_dag.py for tasks to queue
[2023-03-12 14:49:17,026] {logging_mixin.py:109} INFO - [2023-03-12 14:49:17,026] {dagbag.py:500} INFO - Filling up the DagBag from /home/airflow/.local/lib/python3.7/site-packages/airflow/example_dags/tutorial_etl_dag.py
[2023-03-12 14:49:17,143] {processor.py:654} INFO - DAG(s) dict_keys(['tutorial_etl_dag']) retrieved from /home/airflow/.local/lib/python3.7/site-packages/airflow/example_dags/tutorial_etl_dag.py
[2023-03-12 14:49:17,185] {logging_mixin.py:109} INFO - [2023-03-12 14:49:17,185] {dag.py:2396} INFO - Sync 1 DAGs
[2023-03-12 14:49:17,241] {logging_mixin.py:109} INFO - [2023-03-12 14:49:17,240] {dag.py:2935} INFO - Setting next_dagrun for tutorial_etl_dag to None
[2023-03-12 14:49:17,274] {processor.py:171} INFO - Processing /home/airflow/.local/lib/python3.7/site-packages/airflow/example_dags/tutorial_etl_dag.py took 0.273 seconds
[2023-03-12 14:49:47,773] {processor.py:163} INFO - Started process (PID=5532) to work on /home/airflow/.local/lib/python3.7/site-packages/airflow/example_dags/tutorial_etl_dag.py
[2023-03-12 14:49:47,780] {processor.py:642} INFO - Processing file /home/airflow/.local/lib/python3.7/site-packages/airflow/example_dags/tutorial_etl_dag.py for tasks to queue
[2023-03-12 14:49:47,787] {logging_mixin.py:109} INFO - [2023-03-12 14:49:47,786] {dagbag.py:500} INFO - Filling up the DagBag from /home/airflow/.local/lib/python3.7/site-packages/airflow/example_dags/tutorial_etl_dag.py
[2023-03-12 14:49:47,977] {processor.py:654} INFO - DAG(s) dict_keys(['tutorial_etl_dag']) retrieved from /home/airflow/.local/lib/python3.7/site-packages/airflow/example_dags/tutorial_etl_dag.py
[2023-03-12 14:49:48,030] {logging_mixin.py:109} INFO - [2023-03-12 14:49:48,030] {dag.py:2396} INFO - Sync 1 DAGs
[2023-03-12 14:49:48,103] {logging_mixin.py:109} INFO - [2023-03-12 14:49:48,102] {dag.py:2935} INFO - Setting next_dagrun for tutorial_etl_dag to None
[2023-03-12 14:49:48,135] {processor.py:171} INFO - Processing /home/airflow/.local/lib/python3.7/site-packages/airflow/example_dags/tutorial_etl_dag.py took 0.373 seconds
[2023-03-12 14:50:18,692] {processor.py:163} INFO - Started process (PID=5758) to work on /home/airflow/.local/lib/python3.7/site-packages/airflow/example_dags/tutorial_etl_dag.py
[2023-03-12 14:50:18,703] {processor.py:642} INFO - Processing file /home/airflow/.local/lib/python3.7/site-packages/airflow/example_dags/tutorial_etl_dag.py for tasks to queue
[2023-03-12 14:50:18,707] {logging_mixin.py:109} INFO - [2023-03-12 14:50:18,706] {dagbag.py:500} INFO - Filling up the DagBag from /home/airflow/.local/lib/python3.7/site-packages/airflow/example_dags/tutorial_etl_dag.py
[2023-03-12 14:50:18,784] {processor.py:654} INFO - DAG(s) dict_keys(['tutorial_etl_dag']) retrieved from /home/airflow/.local/lib/python3.7/site-packages/airflow/example_dags/tutorial_etl_dag.py
[2023-03-12 14:50:18,820] {logging_mixin.py:109} INFO - [2023-03-12 14:50:18,819] {dag.py:2396} INFO - Sync 1 DAGs
[2023-03-12 14:50:18,872] {logging_mixin.py:109} INFO - [2023-03-12 14:50:18,872] {dag.py:2935} INFO - Setting next_dagrun for tutorial_etl_dag to None
[2023-03-12 14:50:18,898] {processor.py:171} INFO - Processing /home/airflow/.local/lib/python3.7/site-packages/airflow/example_dags/tutorial_etl_dag.py took 0.217 seconds
[2023-03-12 14:50:49,985] {processor.py:163} INFO - Started process (PID=5965) to work on /home/airflow/.local/lib/python3.7/site-packages/airflow/example_dags/tutorial_etl_dag.py
[2023-03-12 14:50:49,991] {processor.py:642} INFO - Processing file /home/airflow/.local/lib/python3.7/site-packages/airflow/example_dags/tutorial_etl_dag.py for tasks to queue
[2023-03-12 14:50:49,997] {logging_mixin.py:109} INFO - [2023-03-12 14:50:49,997] {dagbag.py:500} INFO - Filling up the DagBag from /home/airflow/.local/lib/python3.7/site-packages/airflow/example_dags/tutorial_etl_dag.py
[2023-03-12 14:50:50,080] {processor.py:654} INFO - DAG(s) dict_keys(['tutorial_etl_dag']) retrieved from /home/airflow/.local/lib/python3.7/site-packages/airflow/example_dags/tutorial_etl_dag.py
[2023-03-12 14:50:50,125] {logging_mixin.py:109} INFO - [2023-03-12 14:50:50,125] {dag.py:2396} INFO - Sync 1 DAGs
[2023-03-12 14:50:50,198] {logging_mixin.py:109} INFO - [2023-03-12 14:50:50,198] {dag.py:2935} INFO - Setting next_dagrun for tutorial_etl_dag to None
[2023-03-12 14:50:50,241] {processor.py:171} INFO - Processing /home/airflow/.local/lib/python3.7/site-packages/airflow/example_dags/tutorial_etl_dag.py took 0.263 seconds
[2023-03-12 14:51:21,104] {processor.py:163} INFO - Started process (PID=6187) to work on /home/airflow/.local/lib/python3.7/site-packages/airflow/example_dags/tutorial_etl_dag.py
[2023-03-12 14:51:21,110] {processor.py:642} INFO - Processing file /home/airflow/.local/lib/python3.7/site-packages/airflow/example_dags/tutorial_etl_dag.py for tasks to queue
[2023-03-12 14:51:21,115] {logging_mixin.py:109} INFO - [2023-03-12 14:51:21,115] {dagbag.py:500} INFO - Filling up the DagBag from /home/airflow/.local/lib/python3.7/site-packages/airflow/example_dags/tutorial_etl_dag.py
[2023-03-12 14:51:21,218] {processor.py:654} INFO - DAG(s) dict_keys(['tutorial_etl_dag']) retrieved from /home/airflow/.local/lib/python3.7/site-packages/airflow/example_dags/tutorial_etl_dag.py
[2023-03-12 14:51:21,259] {logging_mixin.py:109} INFO - [2023-03-12 14:51:21,258] {dag.py:2396} INFO - Sync 1 DAGs
[2023-03-12 14:51:21,313] {logging_mixin.py:109} INFO - [2023-03-12 14:51:21,313] {dag.py:2935} INFO - Setting next_dagrun for tutorial_etl_dag to None
[2023-03-12 14:51:21,342] {processor.py:171} INFO - Processing /home/airflow/.local/lib/python3.7/site-packages/airflow/example_dags/tutorial_etl_dag.py took 0.247 seconds
[2023-03-12 14:51:51,559] {processor.py:163} INFO - Started process (PID=6391) to work on /home/airflow/.local/lib/python3.7/site-packages/airflow/example_dags/tutorial_etl_dag.py
[2023-03-12 14:51:51,564] {processor.py:642} INFO - Processing file /home/airflow/.local/lib/python3.7/site-packages/airflow/example_dags/tutorial_etl_dag.py for tasks to queue
[2023-03-12 14:51:51,566] {logging_mixin.py:109} INFO - [2023-03-12 14:51:51,566] {dagbag.py:500} INFO - Filling up the DagBag from /home/airflow/.local/lib/python3.7/site-packages/airflow/example_dags/tutorial_etl_dag.py
[2023-03-12 14:51:51,622] {processor.py:654} INFO - DAG(s) dict_keys(['tutorial_etl_dag']) retrieved from /home/airflow/.local/lib/python3.7/site-packages/airflow/example_dags/tutorial_etl_dag.py
[2023-03-12 14:51:51,652] {logging_mixin.py:109} INFO - [2023-03-12 14:51:51,652] {dag.py:2396} INFO - Sync 1 DAGs
[2023-03-12 14:51:51,693] {logging_mixin.py:109} INFO - [2023-03-12 14:51:51,693] {dag.py:2935} INFO - Setting next_dagrun for tutorial_etl_dag to None
[2023-03-12 14:51:51,715] {processor.py:171} INFO - Processing /home/airflow/.local/lib/python3.7/site-packages/airflow/example_dags/tutorial_etl_dag.py took 0.162 seconds
[2023-03-12 14:52:22,396] {processor.py:163} INFO - Started process (PID=6613) to work on /home/airflow/.local/lib/python3.7/site-packages/airflow/example_dags/tutorial_etl_dag.py
[2023-03-12 14:52:22,406] {processor.py:642} INFO - Processing file /home/airflow/.local/lib/python3.7/site-packages/airflow/example_dags/tutorial_etl_dag.py for tasks to queue
[2023-03-12 14:52:22,411] {logging_mixin.py:109} INFO - [2023-03-12 14:52:22,410] {dagbag.py:500} INFO - Filling up the DagBag from /home/airflow/.local/lib/python3.7/site-packages/airflow/example_dags/tutorial_etl_dag.py
[2023-03-12 14:52:22,583] {processor.py:654} INFO - DAG(s) dict_keys(['tutorial_etl_dag']) retrieved from /home/airflow/.local/lib/python3.7/site-packages/airflow/example_dags/tutorial_etl_dag.py
[2023-03-12 14:52:22,653] {logging_mixin.py:109} INFO - [2023-03-12 14:52:22,652] {dag.py:2396} INFO - Sync 1 DAGs
[2023-03-12 14:52:22,727] {logging_mixin.py:109} INFO - [2023-03-12 14:52:22,727] {dag.py:2935} INFO - Setting next_dagrun for tutorial_etl_dag to None
[2023-03-12 14:52:22,760] {processor.py:171} INFO - Processing /home/airflow/.local/lib/python3.7/site-packages/airflow/example_dags/tutorial_etl_dag.py took 0.375 seconds
[2023-03-12 14:52:53,575] {processor.py:163} INFO - Started process (PID=6817) to work on /home/airflow/.local/lib/python3.7/site-packages/airflow/example_dags/tutorial_etl_dag.py
[2023-03-12 14:52:53,581] {processor.py:642} INFO - Processing file /home/airflow/.local/lib/python3.7/site-packages/airflow/example_dags/tutorial_etl_dag.py for tasks to queue
[2023-03-12 14:52:53,585] {logging_mixin.py:109} INFO - [2023-03-12 14:52:53,585] {dagbag.py:500} INFO - Filling up the DagBag from /home/airflow/.local/lib/python3.7/site-packages/airflow/example_dags/tutorial_etl_dag.py
[2023-03-12 14:52:53,659] {processor.py:654} INFO - DAG(s) dict_keys(['tutorial_etl_dag']) retrieved from /home/airflow/.local/lib/python3.7/site-packages/airflow/example_dags/tutorial_etl_dag.py
[2023-03-12 14:52:53,701] {logging_mixin.py:109} INFO - [2023-03-12 14:52:53,700] {dag.py:2396} INFO - Sync 1 DAGs
[2023-03-12 14:52:53,752] {logging_mixin.py:109} INFO - [2023-03-12 14:52:53,751] {dag.py:2935} INFO - Setting next_dagrun for tutorial_etl_dag to None
[2023-03-12 14:52:53,784] {processor.py:171} INFO - Processing /home/airflow/.local/lib/python3.7/site-packages/airflow/example_dags/tutorial_etl_dag.py took 0.219 seconds
[2023-03-12 14:53:24,515] {processor.py:163} INFO - Started process (PID=7042) to work on /home/airflow/.local/lib/python3.7/site-packages/airflow/example_dags/tutorial_etl_dag.py
[2023-03-12 14:53:24,531] {processor.py:642} INFO - Processing file /home/airflow/.local/lib/python3.7/site-packages/airflow/example_dags/tutorial_etl_dag.py for tasks to queue
[2023-03-12 14:53:24,535] {logging_mixin.py:109} INFO - [2023-03-12 14:53:24,534] {dagbag.py:500} INFO - Filling up the DagBag from /home/airflow/.local/lib/python3.7/site-packages/airflow/example_dags/tutorial_etl_dag.py
[2023-03-12 14:53:24,623] {processor.py:654} INFO - DAG(s) dict_keys(['tutorial_etl_dag']) retrieved from /home/airflow/.local/lib/python3.7/site-packages/airflow/example_dags/tutorial_etl_dag.py
[2023-03-12 14:53:24,663] {logging_mixin.py:109} INFO - [2023-03-12 14:53:24,663] {dag.py:2396} INFO - Sync 1 DAGs
[2023-03-12 14:53:24,718] {logging_mixin.py:109} INFO - [2023-03-12 14:53:24,717] {dag.py:2935} INFO - Setting next_dagrun for tutorial_etl_dag to None
[2023-03-12 14:53:24,748] {processor.py:171} INFO - Processing /home/airflow/.local/lib/python3.7/site-packages/airflow/example_dags/tutorial_etl_dag.py took 0.244 seconds
[2023-03-12 14:53:55,233] {processor.py:163} INFO - Started process (PID=7260) to work on /home/airflow/.local/lib/python3.7/site-packages/airflow/example_dags/tutorial_etl_dag.py
[2023-03-12 14:53:55,239] {processor.py:642} INFO - Processing file /home/airflow/.local/lib/python3.7/site-packages/airflow/example_dags/tutorial_etl_dag.py for tasks to queue
[2023-03-12 14:53:55,248] {logging_mixin.py:109} INFO - [2023-03-12 14:53:55,248] {dagbag.py:500} INFO - Filling up the DagBag from /home/airflow/.local/lib/python3.7/site-packages/airflow/example_dags/tutorial_etl_dag.py
[2023-03-12 14:53:55,331] {processor.py:654} INFO - DAG(s) dict_keys(['tutorial_etl_dag']) retrieved from /home/airflow/.local/lib/python3.7/site-packages/airflow/example_dags/tutorial_etl_dag.py
[2023-03-12 14:53:55,375] {logging_mixin.py:109} INFO - [2023-03-12 14:53:55,375] {dag.py:2396} INFO - Sync 1 DAGs
[2023-03-12 14:53:55,436] {logging_mixin.py:109} INFO - [2023-03-12 14:53:55,436] {dag.py:2935} INFO - Setting next_dagrun for tutorial_etl_dag to None
[2023-03-12 14:53:55,471] {processor.py:171} INFO - Processing /home/airflow/.local/lib/python3.7/site-packages/airflow/example_dags/tutorial_etl_dag.py took 0.246 seconds
[2023-03-12 14:54:25,605] {processor.py:163} INFO - Started process (PID=7473) to work on /home/airflow/.local/lib/python3.7/site-packages/airflow/example_dags/tutorial_etl_dag.py
[2023-03-12 14:54:25,610] {processor.py:642} INFO - Processing file /home/airflow/.local/lib/python3.7/site-packages/airflow/example_dags/tutorial_etl_dag.py for tasks to queue
[2023-03-12 14:54:25,622] {logging_mixin.py:109} INFO - [2023-03-12 14:54:25,621] {dagbag.py:500} INFO - Filling up the DagBag from /home/airflow/.local/lib/python3.7/site-packages/airflow/example_dags/tutorial_etl_dag.py
[2023-03-12 14:54:25,693] {processor.py:654} INFO - DAG(s) dict_keys(['tutorial_etl_dag']) retrieved from /home/airflow/.local/lib/python3.7/site-packages/airflow/example_dags/tutorial_etl_dag.py
[2023-03-12 14:54:25,736] {logging_mixin.py:109} INFO - [2023-03-12 14:54:25,735] {dag.py:2396} INFO - Sync 1 DAGs
[2023-03-12 14:54:25,812] {logging_mixin.py:109} INFO - [2023-03-12 14:54:25,811] {dag.py:2935} INFO - Setting next_dagrun for tutorial_etl_dag to None
[2023-03-12 14:54:25,846] {processor.py:171} INFO - Processing /home/airflow/.local/lib/python3.7/site-packages/airflow/example_dags/tutorial_etl_dag.py took 0.249 seconds
[2023-03-12 14:54:56,296] {processor.py:163} INFO - Started process (PID=7693) to work on /home/airflow/.local/lib/python3.7/site-packages/airflow/example_dags/tutorial_etl_dag.py
[2023-03-12 14:54:56,303] {processor.py:642} INFO - Processing file /home/airflow/.local/lib/python3.7/site-packages/airflow/example_dags/tutorial_etl_dag.py for tasks to queue
[2023-03-12 14:54:56,307] {logging_mixin.py:109} INFO - [2023-03-12 14:54:56,307] {dagbag.py:500} INFO - Filling up the DagBag from /home/airflow/.local/lib/python3.7/site-packages/airflow/example_dags/tutorial_etl_dag.py
[2023-03-12 14:54:56,395] {processor.py:654} INFO - DAG(s) dict_keys(['tutorial_etl_dag']) retrieved from /home/airflow/.local/lib/python3.7/site-packages/airflow/example_dags/tutorial_etl_dag.py
[2023-03-12 14:54:56,440] {logging_mixin.py:109} INFO - [2023-03-12 14:54:56,439] {dag.py:2396} INFO - Sync 1 DAGs
[2023-03-12 14:54:56,503] {logging_mixin.py:109} INFO - [2023-03-12 14:54:56,503] {dag.py:2935} INFO - Setting next_dagrun for tutorial_etl_dag to None
[2023-03-12 14:54:56,532] {processor.py:171} INFO - Processing /home/airflow/.local/lib/python3.7/site-packages/airflow/example_dags/tutorial_etl_dag.py took 0.247 seconds
[2023-03-12 14:55:27,197] {processor.py:163} INFO - Started process (PID=7907) to work on /home/airflow/.local/lib/python3.7/site-packages/airflow/example_dags/tutorial_etl_dag.py
[2023-03-12 14:55:27,202] {processor.py:642} INFO - Processing file /home/airflow/.local/lib/python3.7/site-packages/airflow/example_dags/tutorial_etl_dag.py for tasks to queue
[2023-03-12 14:55:27,206] {logging_mixin.py:109} INFO - [2023-03-12 14:55:27,206] {dagbag.py:500} INFO - Filling up the DagBag from /home/airflow/.local/lib/python3.7/site-packages/airflow/example_dags/tutorial_etl_dag.py
[2023-03-12 14:55:27,284] {processor.py:654} INFO - DAG(s) dict_keys(['tutorial_etl_dag']) retrieved from /home/airflow/.local/lib/python3.7/site-packages/airflow/example_dags/tutorial_etl_dag.py
[2023-03-12 14:55:27,327] {logging_mixin.py:109} INFO - [2023-03-12 14:55:27,326] {dag.py:2396} INFO - Sync 1 DAGs
[2023-03-12 14:55:27,396] {logging_mixin.py:109} INFO - [2023-03-12 14:55:27,396] {dag.py:2935} INFO - Setting next_dagrun for tutorial_etl_dag to None
[2023-03-12 14:55:27,462] {processor.py:171} INFO - Processing /home/airflow/.local/lib/python3.7/site-packages/airflow/example_dags/tutorial_etl_dag.py took 0.272 seconds
[2023-03-12 14:55:58,454] {processor.py:163} INFO - Started process (PID=8129) to work on /home/airflow/.local/lib/python3.7/site-packages/airflow/example_dags/tutorial_etl_dag.py
[2023-03-12 14:55:58,469] {processor.py:642} INFO - Processing file /home/airflow/.local/lib/python3.7/site-packages/airflow/example_dags/tutorial_etl_dag.py for tasks to queue
[2023-03-12 14:55:58,473] {logging_mixin.py:109} INFO - [2023-03-12 14:55:58,472] {dagbag.py:500} INFO - Filling up the DagBag from /home/airflow/.local/lib/python3.7/site-packages/airflow/example_dags/tutorial_etl_dag.py
[2023-03-12 14:55:58,573] {processor.py:654} INFO - DAG(s) dict_keys(['tutorial_etl_dag']) retrieved from /home/airflow/.local/lib/python3.7/site-packages/airflow/example_dags/tutorial_etl_dag.py
[2023-03-12 14:55:58,617] {logging_mixin.py:109} INFO - [2023-03-12 14:55:58,616] {dag.py:2396} INFO - Sync 1 DAGs
[2023-03-12 14:55:58,698] {logging_mixin.py:109} INFO - [2023-03-12 14:55:58,698] {dag.py:2935} INFO - Setting next_dagrun for tutorial_etl_dag to None
[2023-03-12 14:55:58,827] {processor.py:171} INFO - Processing /home/airflow/.local/lib/python3.7/site-packages/airflow/example_dags/tutorial_etl_dag.py took 0.380 seconds
[2023-03-12 14:56:29,312] {processor.py:163} INFO - Started process (PID=8336) to work on /home/airflow/.local/lib/python3.7/site-packages/airflow/example_dags/tutorial_etl_dag.py
[2023-03-12 14:56:29,349] {processor.py:642} INFO - Processing file /home/airflow/.local/lib/python3.7/site-packages/airflow/example_dags/tutorial_etl_dag.py for tasks to queue
[2023-03-12 14:56:29,353] {logging_mixin.py:109} INFO - [2023-03-12 14:56:29,353] {dagbag.py:500} INFO - Filling up the DagBag from /home/airflow/.local/lib/python3.7/site-packages/airflow/example_dags/tutorial_etl_dag.py
[2023-03-12 14:56:29,431] {processor.py:654} INFO - DAG(s) dict_keys(['tutorial_etl_dag']) retrieved from /home/airflow/.local/lib/python3.7/site-packages/airflow/example_dags/tutorial_etl_dag.py
[2023-03-12 14:56:29,480] {logging_mixin.py:109} INFO - [2023-03-12 14:56:29,480] {dag.py:2396} INFO - Sync 1 DAGs
[2023-03-12 14:56:29,549] {logging_mixin.py:109} INFO - [2023-03-12 14:56:29,549] {dag.py:2935} INFO - Setting next_dagrun for tutorial_etl_dag to None
[2023-03-12 14:56:29,576] {processor.py:171} INFO - Processing /home/airflow/.local/lib/python3.7/site-packages/airflow/example_dags/tutorial_etl_dag.py took 0.275 seconds
[2023-03-12 14:57:00,390] {processor.py:163} INFO - Started process (PID=8555) to work on /home/airflow/.local/lib/python3.7/site-packages/airflow/example_dags/tutorial_etl_dag.py
[2023-03-12 14:57:00,394] {processor.py:642} INFO - Processing file /home/airflow/.local/lib/python3.7/site-packages/airflow/example_dags/tutorial_etl_dag.py for tasks to queue
[2023-03-12 14:57:00,398] {logging_mixin.py:109} INFO - [2023-03-12 14:57:00,398] {dagbag.py:500} INFO - Filling up the DagBag from /home/airflow/.local/lib/python3.7/site-packages/airflow/example_dags/tutorial_etl_dag.py
[2023-03-12 14:57:00,476] {processor.py:654} INFO - DAG(s) dict_keys(['tutorial_etl_dag']) retrieved from /home/airflow/.local/lib/python3.7/site-packages/airflow/example_dags/tutorial_etl_dag.py
[2023-03-12 14:57:00,529] {logging_mixin.py:109} INFO - [2023-03-12 14:57:00,528] {dag.py:2396} INFO - Sync 1 DAGs
[2023-03-12 14:57:00,590] {logging_mixin.py:109} INFO - [2023-03-12 14:57:00,590] {dag.py:2935} INFO - Setting next_dagrun for tutorial_etl_dag to None
[2023-03-12 14:57:00,619] {processor.py:171} INFO - Processing /home/airflow/.local/lib/python3.7/site-packages/airflow/example_dags/tutorial_etl_dag.py took 0.242 seconds
[2023-03-12 14:57:30,762] {processor.py:163} INFO - Started process (PID=8763) to work on /home/airflow/.local/lib/python3.7/site-packages/airflow/example_dags/tutorial_etl_dag.py
[2023-03-12 14:57:30,768] {processor.py:642} INFO - Processing file /home/airflow/.local/lib/python3.7/site-packages/airflow/example_dags/tutorial_etl_dag.py for tasks to queue
[2023-03-12 14:57:30,777] {logging_mixin.py:109} INFO - [2023-03-12 14:57:30,776] {dagbag.py:500} INFO - Filling up the DagBag from /home/airflow/.local/lib/python3.7/site-packages/airflow/example_dags/tutorial_etl_dag.py
[2023-03-12 14:57:30,839] {processor.py:654} INFO - DAG(s) dict_keys(['tutorial_etl_dag']) retrieved from /home/airflow/.local/lib/python3.7/site-packages/airflow/example_dags/tutorial_etl_dag.py
[2023-03-12 14:57:30,877] {logging_mixin.py:109} INFO - [2023-03-12 14:57:30,876] {dag.py:2396} INFO - Sync 1 DAGs
[2023-03-12 14:57:30,925] {logging_mixin.py:109} INFO - [2023-03-12 14:57:30,925] {dag.py:2935} INFO - Setting next_dagrun for tutorial_etl_dag to None
[2023-03-12 14:57:30,950] {processor.py:171} INFO - Processing /home/airflow/.local/lib/python3.7/site-packages/airflow/example_dags/tutorial_etl_dag.py took 0.196 seconds
[2023-03-12 14:58:01,320] {processor.py:163} INFO - Started process (PID=8985) to work on /home/airflow/.local/lib/python3.7/site-packages/airflow/example_dags/tutorial_etl_dag.py
[2023-03-12 14:58:01,330] {processor.py:642} INFO - Processing file /home/airflow/.local/lib/python3.7/site-packages/airflow/example_dags/tutorial_etl_dag.py for tasks to queue
[2023-03-12 14:58:01,336] {logging_mixin.py:109} INFO - [2023-03-12 14:58:01,335] {dagbag.py:500} INFO - Filling up the DagBag from /home/airflow/.local/lib/python3.7/site-packages/airflow/example_dags/tutorial_etl_dag.py
[2023-03-12 14:58:01,456] {processor.py:654} INFO - DAG(s) dict_keys(['tutorial_etl_dag']) retrieved from /home/airflow/.local/lib/python3.7/site-packages/airflow/example_dags/tutorial_etl_dag.py
[2023-03-12 14:58:01,495] {logging_mixin.py:109} INFO - [2023-03-12 14:58:01,495] {dag.py:2396} INFO - Sync 1 DAGs
[2023-03-12 14:58:01,589] {logging_mixin.py:109} INFO - [2023-03-12 14:58:01,588] {dag.py:2935} INFO - Setting next_dagrun for tutorial_etl_dag to None
[2023-03-12 14:58:01,620] {processor.py:171} INFO - Processing /home/airflow/.local/lib/python3.7/site-packages/airflow/example_dags/tutorial_etl_dag.py took 0.332 seconds
[2023-03-12 14:58:31,856] {processor.py:163} INFO - Started process (PID=9189) to work on /home/airflow/.local/lib/python3.7/site-packages/airflow/example_dags/tutorial_etl_dag.py
[2023-03-12 14:58:31,861] {processor.py:642} INFO - Processing file /home/airflow/.local/lib/python3.7/site-packages/airflow/example_dags/tutorial_etl_dag.py for tasks to queue
[2023-03-12 14:58:31,864] {logging_mixin.py:109} INFO - [2023-03-12 14:58:31,864] {dagbag.py:500} INFO - Filling up the DagBag from /home/airflow/.local/lib/python3.7/site-packages/airflow/example_dags/tutorial_etl_dag.py
[2023-03-12 14:58:31,925] {processor.py:654} INFO - DAG(s) dict_keys(['tutorial_etl_dag']) retrieved from /home/airflow/.local/lib/python3.7/site-packages/airflow/example_dags/tutorial_etl_dag.py
[2023-03-12 14:58:31,955] {logging_mixin.py:109} INFO - [2023-03-12 14:58:31,955] {dag.py:2396} INFO - Sync 1 DAGs
[2023-03-12 14:58:32,041] {logging_mixin.py:109} INFO - [2023-03-12 14:58:32,040] {dag.py:2935} INFO - Setting next_dagrun for tutorial_etl_dag to None
[2023-03-12 14:58:32,081] {processor.py:171} INFO - Processing /home/airflow/.local/lib/python3.7/site-packages/airflow/example_dags/tutorial_etl_dag.py took 0.231 seconds
