[2023-03-12 16:48:32,828] {taskinstance.py:1032} INFO - Dependencies all met for <TaskInstance: data_ingestion_gcs_dag_v1.0.bigquery_external_table_task manual__2023-03-12T16:48:08.085865+00:00 [queued]>
[2023-03-12 16:48:32,879] {taskinstance.py:1032} INFO - Dependencies all met for <TaskInstance: data_ingestion_gcs_dag_v1.0.bigquery_external_table_task manual__2023-03-12T16:48:08.085865+00:00 [queued]>
[2023-03-12 16:48:32,881] {taskinstance.py:1238} INFO -
--------------------------------------------------------------------------------
[2023-03-12 16:48:32,882] {taskinstance.py:1239} INFO - Starting attempt 1 of 2
[2023-03-12 16:48:32,884] {taskinstance.py:1240} INFO -
--------------------------------------------------------------------------------
[2023-03-12 16:48:32,933] {taskinstance.py:1259} INFO - Executing <Task(BigQueryCreateExternalTableOperator): bigquery_external_table_task> on 2023-03-12 16:48:08.085865+00:00
[2023-03-12 16:48:32,945] {standard_task_runner.py:52} INFO - Started process 2482 to run task
[2023-03-12 16:48:32,955] {standard_task_runner.py:76} INFO - Running: ['***', 'tasks', 'run', 'data_ingestion_gcs_dag_v1.0', 'bigquery_external_table_task', 'manual__2023-03-12T16:48:08.085865+00:00', '--job-id', '27', '--raw', '--subdir', 'DAGS_FOLDER/dag.py', '--cfg-path', '/tmp/tmp0ywpn5w2', '--error-file', '/tmp/tmpntnf_tur']
[2023-03-12 16:48:32,959] {standard_task_runner.py:77} INFO - Job 27: Subtask bigquery_external_table_task
[2023-03-12 16:48:33,152] {logging_mixin.py:109} INFO - Running <TaskInstance: data_ingestion_gcs_dag_v1.0.bigquery_external_table_task manual__2023-03-12T16:48:08.085865+00:00 [running]> on host 680529fc1021
[2023-03-12 16:48:33,390] {taskinstance.py:1426} INFO - Exporting the following env vars:
AIRFLOW_CTX_DAG_OWNER=***
AIRFLOW_CTX_DAG_ID=data_ingestion_gcs_dag_v1.0
AIRFLOW_CTX_TASK_ID=bigquery_external_table_task
AIRFLOW_CTX_EXECUTION_DATE=2023-03-12T16:48:08.085865+00:00
AIRFLOW_CTX_DAG_RUN_ID=manual__2023-03-12T16:48:08.085865+00:00
[2023-03-12 16:48:33,397] {crypto.py:82} WARNING - empty cryptography key - values will not be stored encrypted.
[2023-03-12 16:48:34,499] {taskinstance.py:1277} INFO - Marking task as SUCCESS. dag_id=data_ingestion_gcs_dag_v1.0, task_id=bigquery_external_table_task, execution_date=20230312T164808, start_date=20230312T164832, end_date=20230312T164834
[2023-03-12 16:48:34,623] {local_task_job.py:154} INFO - Task exited with return code 0
[2023-03-12 16:48:34,715] {local_task_job.py:264} INFO - 0 downstream tasks scheduled from follow-on schedule check
