[2023-03-17 16:28:53,025] {taskinstance.py:1032} INFO - Dependencies all met for <TaskInstance: data_ingestion_gcs_dag_v1.0.format_to_parquet_task scheduled__2023-03-12T00:00:00+00:00 [queued]>
[2023-03-17 16:28:53,277] {taskinstance.py:1032} INFO - Dependencies all met for <TaskInstance: data_ingestion_gcs_dag_v1.0.format_to_parquet_task scheduled__2023-03-12T00:00:00+00:00 [queued]>
[2023-03-17 16:28:53,281] {taskinstance.py:1238} INFO -
--------------------------------------------------------------------------------
[2023-03-17 16:28:53,405] {taskinstance.py:1239} INFO - Starting attempt 1 of 2
[2023-03-17 16:28:53,409] {taskinstance.py:1240} INFO -
--------------------------------------------------------------------------------
[2023-03-17 16:28:53,513] {taskinstance.py:1259} INFO - Executing <Task(PythonOperator): format_to_parquet_task> on 2023-03-12 00:00:00+00:00
[2023-03-17 16:28:53,542] {standard_task_runner.py:52} INFO - Started process 349 to run task
[2023-03-17 16:28:53,564] {standard_task_runner.py:76} INFO - Running: ['***', 'tasks', 'run', 'data_ingestion_gcs_dag_v1.0', 'format_to_parquet_task', 'scheduled__2023-03-12T00:00:00+00:00', '--job-id', '128', '--raw', '--subdir', 'DAGS_FOLDER/dag.py', '--cfg-path', '/tmp/tmpu3kvdpvu', '--error-file', '/tmp/tmpawujb69h']
[2023-03-17 16:28:53,577] {standard_task_runner.py:77} INFO - Job 128: Subtask format_to_parquet_task
[2023-03-17 16:28:53,999] {logging_mixin.py:109} INFO - Running <TaskInstance: data_ingestion_gcs_dag_v1.0.format_to_parquet_task scheduled__2023-03-12T00:00:00+00:00 [running]> on host dcfbc31317ca
[2023-03-17 16:28:55,686] {taskinstance.py:1426} INFO - Exporting the following env vars:
AIRFLOW_CTX_DAG_OWNER=***
AIRFLOW_CTX_DAG_ID=data_ingestion_gcs_dag_v1.0
AIRFLOW_CTX_TASK_ID=format_to_parquet_task
AIRFLOW_CTX_EXECUTION_DATE=2023-03-12T00:00:00+00:00
AIRFLOW_CTX_DAG_RUN_ID=scheduled__2023-03-12T00:00:00+00:00
[2023-03-17 16:28:56,660] {python.py:175} INFO - Done. Returned value was: None
[2023-03-17 16:28:57,494] {taskinstance.py:1277} INFO - Marking task as SUCCESS. dag_id=data_ingestion_gcs_dag_v1.0, task_id=format_to_parquet_task, execution_date=20230312T000000, start_date=20230317T162853, end_date=20230317T162857
[2023-03-17 16:28:57,682] {local_task_job.py:154} INFO - Task exited with return code 0
[2023-03-17 16:28:57,933] {local_task_job.py:264} INFO - 1 downstream tasks scheduled from follow-on schedule check
