[2023-03-18 10:23:47,368] {taskinstance.py:1032} INFO - Dependencies all met for <TaskInstance: data_ingestion_gcs_dag_v3.0.format_to_parquet_task backfill__2021-01-02T06:00:00+00:00 [queued]>
[2023-03-18 10:23:47,586] {taskinstance.py:1032} INFO - Dependencies all met for <TaskInstance: data_ingestion_gcs_dag_v3.0.format_to_parquet_task backfill__2021-01-02T06:00:00+00:00 [queued]>
[2023-03-18 10:23:47,597] {taskinstance.py:1238} INFO -
--------------------------------------------------------------------------------
[2023-03-18 10:23:47,603] {taskinstance.py:1239} INFO - Starting attempt 1 of 2
[2023-03-18 10:23:47,607] {taskinstance.py:1240} INFO -
--------------------------------------------------------------------------------
[2023-03-18 10:23:47,769] {taskinstance.py:1259} INFO - Executing <Task(PythonOperator): format_to_parquet_task> on 2021-01-02 06:00:00+00:00
[2023-03-18 10:23:47,812] {standard_task_runner.py:52} INFO - Started process 2360 to run task
[2023-03-18 10:23:47,858] {standard_task_runner.py:76} INFO - Running: ['***', 'tasks', 'run', 'data_ingestion_gcs_dag_v3.0', 'format_to_parquet_task', 'backfill__2021-01-02T06:00:00+00:00', '--job-id', '161', '--pool', 'default_pool', '--raw', '--subdir', 'DAGS_FOLDER/dag.py', '--cfg-path', '/tmp/tmpiswolx4i', '--error-file', '/tmp/tmp959qtfcd']
[2023-03-18 10:23:47,873] {standard_task_runner.py:77} INFO - Job 161: Subtask format_to_parquet_task
[2023-03-18 10:23:48,151] {logging_mixin.py:109} INFO - Running <TaskInstance: data_ingestion_gcs_dag_v3.0.format_to_parquet_task backfill__2021-01-02T06:00:00+00:00 [running]> on host 8cface6de844
[2023-03-18 10:23:48,312] {logging_mixin.py:109} WARNING - /home/***/.local/lib/python3.7/site-packages/***/utils/context.py:152 AirflowContextDeprecationWarning: Accessing 'execution_date' from the template is deprecated and will be removed in a future version. Please use 'data_interval_start' or 'logical_date' instead.
[2023-03-18 10:23:48,380] {taskinstance.py:1426} INFO - Exporting the following env vars:
AIRFLOW_CTX_DAG_OWNER=***
AIRFLOW_CTX_DAG_ID=data_ingestion_gcs_dag_v3.0
AIRFLOW_CTX_TASK_ID=format_to_parquet_task
AIRFLOW_CTX_EXECUTION_DATE=2021-01-02T06:00:00+00:00
AIRFLOW_CTX_DAG_RUN_ID=backfill__2021-01-02T06:00:00+00:00
[2023-03-18 10:23:48,384] {dag.py:41} ERROR - Can only accept source files in CSV format, for the moment
[2023-03-18 10:23:48,386] {python.py:175} INFO - Done. Returned value was: None
[2023-03-18 10:23:48,424] {taskinstance.py:1277} INFO - Marking task as SUCCESS. dag_id=data_ingestion_gcs_dag_v3.0, task_id=format_to_parquet_task, execution_date=20210102T060000, start_date=20230318T102347, end_date=20230318T102348
[2023-03-18 10:23:48,513] {local_task_job.py:154} INFO - Task exited with return code 0
[2023-03-18 10:23:48,635] {local_task_job.py:264} INFO - 0 downstream tasks scheduled from follow-on schedule check
