[2023-03-13 10:38:15,863] {taskinstance.py:1032} INFO - Dependencies all met for <TaskInstance: data_ingestion_gcs_dag_v1.0.download_dataset_task manual__2023-03-13T10:38:08.953627+00:00 [queued]>
[2023-03-13 10:38:15,901] {taskinstance.py:1032} INFO - Dependencies all met for <TaskInstance: data_ingestion_gcs_dag_v1.0.download_dataset_task manual__2023-03-13T10:38:08.953627+00:00 [queued]>
[2023-03-13 10:38:15,903] {taskinstance.py:1238} INFO -
--------------------------------------------------------------------------------
[2023-03-13 10:38:15,904] {taskinstance.py:1239} INFO - Starting attempt 1 of 2
[2023-03-13 10:38:15,905] {taskinstance.py:1240} INFO -
--------------------------------------------------------------------------------
[2023-03-13 10:38:15,944] {taskinstance.py:1259} INFO - Executing <Task(BashOperator): download_dataset_task> on 2023-03-13 10:38:08.953627+00:00
[2023-03-13 10:38:15,960] {standard_task_runner.py:52} INFO - Started process 517 to run task
[2023-03-13 10:38:15,970] {standard_task_runner.py:76} INFO - Running: ['***', 'tasks', 'run', 'data_ingestion_gcs_dag_v1.0', 'download_dataset_task', 'manual__2023-03-13T10:38:08.953627+00:00', '--job-id', '38', '--raw', '--subdir', 'DAGS_FOLDER/dag.py', '--cfg-path', '/tmp/tmply22wskq', '--error-file', '/tmp/tmpuwzqzgq1']
[2023-03-13 10:38:15,973] {standard_task_runner.py:77} INFO - Job 38: Subtask download_dataset_task
[2023-03-13 10:38:16,136] {logging_mixin.py:109} INFO - Running <TaskInstance: data_ingestion_gcs_dag_v1.0.download_dataset_task manual__2023-03-13T10:38:08.953627+00:00 [running]> on host 680529fc1021
[2023-03-13 10:38:16,588] {taskinstance.py:1426} INFO - Exporting the following env vars:
AIRFLOW_CTX_DAG_OWNER=***
AIRFLOW_CTX_DAG_ID=data_ingestion_gcs_dag_v1.0
AIRFLOW_CTX_TASK_ID=download_dataset_task
AIRFLOW_CTX_EXECUTION_DATE=2023-03-13T10:38:08.953627+00:00
AIRFLOW_CTX_DAG_RUN_ID=manual__2023-03-13T10:38:08.953627+00:00
[2023-03-13 10:38:16,594] {subprocess.py:62} INFO - Tmp dir root location:
 /tmp
[2023-03-13 10:38:16,597] {subprocess.py:74} INFO - Running command: ['bash', '-c', 'curl -sS https://archive.ics.uci.edu/ml/machine-learning-databases/wine-quality/winequality-red.csv > /opt/***//winequality-red.csv']
[2023-03-13 10:38:16,675] {subprocess.py:85} INFO - Output:
[2023-03-13 10:38:18,642] {subprocess.py:93} INFO - Command exited with return code 0
[2023-03-13 10:38:18,713] {taskinstance.py:1277} INFO - Marking task as SUCCESS. dag_id=data_ingestion_gcs_dag_v1.0, task_id=download_dataset_task, execution_date=20230313T103808, start_date=20230313T103815, end_date=20230313T103818
[2023-03-13 10:38:18,826] {local_task_job.py:154} INFO - Task exited with return code 0
[2023-03-13 10:38:18,967] {local_task_job.py:264} INFO - 1 downstream tasks scheduled from follow-on schedule check
