[2023-03-12 14:41:40,584] {taskinstance.py:1032} INFO - Dependencies all met for <TaskInstance: example_bash_operator.this_will_skip manual__2023-03-12T14:41:25.415500+00:00 [queued]>
[2023-03-12 14:41:41,045] {taskinstance.py:1032} INFO - Dependencies all met for <TaskInstance: example_bash_operator.this_will_skip manual__2023-03-12T14:41:25.415500+00:00 [queued]>
[2023-03-12 14:41:41,057] {taskinstance.py:1238} INFO -
--------------------------------------------------------------------------------
[2023-03-12 14:41:41,071] {taskinstance.py:1239} INFO - Starting attempt 1 of 1
[2023-03-12 14:41:41,082] {taskinstance.py:1240} INFO -
--------------------------------------------------------------------------------
[2023-03-12 14:41:41,686] {taskinstance.py:1259} INFO - Executing <Task(BashOperator): this_will_skip> on 2023-03-12 14:41:25.415500+00:00
[2023-03-12 14:41:41,935] {standard_task_runner.py:52} INFO - Started process 2171 to run task
[2023-03-12 14:41:42,034] {standard_task_runner.py:76} INFO - Running: ['***', 'tasks', 'run', 'example_bash_operator', 'this_will_skip', 'manual__2023-03-12T14:41:25.415500+00:00', '--job-id', '9', '--raw', '--subdir', '/home/***/.local/lib/python3.7/site-packages/***/example_dags/example_bash_operator.py', '--cfg-path', '/tmp/tmpriv8w_8b', '--error-file', '/tmp/tmpvdhyw5vj']
[2023-03-12 14:41:42,084] {standard_task_runner.py:77} INFO - Job 9: Subtask this_will_skip
[2023-03-12 14:41:44,499] {logging_mixin.py:109} INFO - Running <TaskInstance: example_bash_operator.this_will_skip manual__2023-03-12T14:41:25.415500+00:00 [running]> on host dc2eb824520f
[2023-03-12 14:41:49,226] {taskinstance.py:1426} INFO - Exporting the following env vars:
AIRFLOW_CTX_DAG_OWNER=***
AIRFLOW_CTX_DAG_ID=example_bash_operator
AIRFLOW_CTX_TASK_ID=this_will_skip
AIRFLOW_CTX_EXECUTION_DATE=2023-03-12T14:41:25.415500+00:00
AIRFLOW_CTX_DAG_RUN_ID=manual__2023-03-12T14:41:25.415500+00:00
[2023-03-12 14:41:49,277] {subprocess.py:62} INFO - Tmp dir root location:
 /tmp
[2023-03-12 14:41:49,289] {subprocess.py:74} INFO - Running command: ['bash', '-c', 'echo "hello world"; exit 99;']
[2023-03-12 14:41:49,399] {subprocess.py:85} INFO - Output:
[2023-03-12 14:41:49,672] {subprocess.py:89} INFO - hello world
[2023-03-12 14:41:49,708] {subprocess.py:93} INFO - Command exited with return code 99
[2023-03-12 14:41:49,716] {taskinstance.py:1356} INFO - Bash command returned exit code 99. Skipping.
[2023-03-12 14:41:52,455] {taskinstance.py:1277} INFO - Marking task as SKIPPED. dag_id=example_bash_operator, task_id=this_will_skip, execution_date=20230312T144125, start_date=20230312T144140, end_date=20230312T144152
[2023-03-12 14:41:53,340] {local_task_job.py:212} WARNING - State of this instance has been externally set to skipped. Terminating instance.
[2023-03-12 14:41:53,508] {process_utils.py:124} INFO - Sending Signals.SIGTERM to group 2171. PIDs of all processes in the group: [2171]
[2023-03-12 14:41:53,514] {process_utils.py:75} INFO - Sending the signal Signals.SIGTERM to group 2171
[2023-03-12 14:41:53,766] {process_utils.py:70} INFO - Process psutil.Process(pid=2171, status='terminated', exitcode=0, started='14:41:41') (2171) terminated with exit code 0
