[2023-03-18 11:06:18,946] {taskinstance.py:1032} INFO - Dependencies all met for <TaskInstance: data_ingestion_gcs_dag_v3.0.local_to_gcs_task backfill__2021-01-02T06:00:00+00:00 [queued]>
[2023-03-18 11:06:19,506] {taskinstance.py:1032} INFO - Dependencies all met for <TaskInstance: data_ingestion_gcs_dag_v3.0.local_to_gcs_task backfill__2021-01-02T06:00:00+00:00 [queued]>
[2023-03-18 11:06:19,518] {taskinstance.py:1238} INFO - 
--------------------------------------------------------------------------------
[2023-03-18 11:06:19,532] {taskinstance.py:1239} INFO - Starting attempt 4 of 5
[2023-03-18 11:06:19,540] {taskinstance.py:1240} INFO - 
--------------------------------------------------------------------------------
[2023-03-18 11:06:20,364] {taskinstance.py:1259} INFO - Executing <Task(PythonOperator): local_to_gcs_task> on 2021-01-02 06:00:00+00:00
[2023-03-18 11:06:20,503] {standard_task_runner.py:52} INFO - Started process 6313 to run task
[2023-03-18 11:06:20,977] {standard_task_runner.py:76} INFO - Running: ['***', 'tasks', 'run', 'data_ingestion_gcs_dag_v3.0', 'local_to_gcs_task', 'backfill__2021-01-02T06:00:00+00:00', '--job-id', '193', '--pool', 'default_pool', '--raw', '--subdir', 'DAGS_FOLDER/dag.py', '--cfg-path', '/tmp/tmpot3sp4vr', '--error-file', '/tmp/tmpwu_1co6b']
[2023-03-18 11:06:21,070] {standard_task_runner.py:77} INFO - Job 193: Subtask local_to_gcs_task
[2023-03-18 11:06:24,531] {logging_mixin.py:109} INFO - Running <TaskInstance: data_ingestion_gcs_dag_v3.0.local_to_gcs_task backfill__2021-01-02T06:00:00+00:00 [running]> on host 8cface6de844
[2023-03-18 11:06:28,186] {logging_mixin.py:109} WARNING - /home/***/.local/lib/python3.7/site-packages/***/utils/context.py:152 AirflowContextDeprecationWarning: Accessing 'execution_date' from the template is deprecated and will be removed in a future version. Please use 'data_interval_start' or 'logical_date' instead.
[2023-03-18 11:06:29,020] {taskinstance.py:1426} INFO - Exporting the following env vars:
AIRFLOW_CTX_DAG_OWNER=***
AIRFLOW_CTX_DAG_ID=data_ingestion_gcs_dag_v3.0
AIRFLOW_CTX_TASK_ID=local_to_gcs_task
AIRFLOW_CTX_EXECUTION_DATE=2021-01-02T06:00:00+00:00
AIRFLOW_CTX_DAG_RUN_ID=backfill__2021-01-02T06:00:00+00:00
[2023-03-18 11:06:50,946] {logging_mixin.py:109} INFO - File /opt/***/yellow_tripdata_2021-01.parquet uploaded to <Bucket: dtc_data_lake_dtc-de-378314>.
[2023-03-18 11:06:50,989] {python.py:175} INFO - Done. Returned value was: None
[2023-03-18 11:06:51,987] {taskinstance.py:1277} INFO - Marking task as SUCCESS. dag_id=data_ingestion_gcs_dag_v3.0, task_id=local_to_gcs_task, execution_date=20210102T060000, start_date=20230318T110618, end_date=20230318T110651
