[2023-03-18 14:18:34,727] {taskinstance.py:1032} INFO - Dependencies all met for <TaskInstance: data_ingestion_gcs_dag_v3.0.local_to_gcs_task backfill__2021-01-02T06:00:00+00:00 [queued]>
[2023-03-18 14:18:35,302] {taskinstance.py:1032} INFO - Dependencies all met for <TaskInstance: data_ingestion_gcs_dag_v3.0.local_to_gcs_task backfill__2021-01-02T06:00:00+00:00 [queued]>
[2023-03-18 14:18:35,339] {taskinstance.py:1238} INFO - 
--------------------------------------------------------------------------------
[2023-03-18 14:18:35,359] {taskinstance.py:1239} INFO - Starting attempt 5 of 6
[2023-03-18 14:18:35,368] {taskinstance.py:1240} INFO - 
--------------------------------------------------------------------------------
[2023-03-18 14:18:35,763] {taskinstance.py:1259} INFO - Executing <Task(PythonOperator): local_to_gcs_task> on 2021-01-02 06:00:00+00:00
[2023-03-18 14:18:35,832] {standard_task_runner.py:52} INFO - Started process 1335 to run task
[2023-03-18 14:18:35,885] {standard_task_runner.py:76} INFO - Running: ['***', 'tasks', 'run', 'data_ingestion_gcs_dag_v3.0', 'local_to_gcs_task', 'backfill__2021-01-02T06:00:00+00:00', '--job-id', '202', '--pool', 'default_pool', '--raw', '--subdir', 'DAGS_FOLDER/dag.py', '--cfg-path', '/tmp/tmpqhd3imsw', '--error-file', '/tmp/tmpp6xn9pze']
[2023-03-18 14:18:35,902] {standard_task_runner.py:77} INFO - Job 202: Subtask local_to_gcs_task
[2023-03-18 14:18:36,868] {logging_mixin.py:109} INFO - Running <TaskInstance: data_ingestion_gcs_dag_v3.0.local_to_gcs_task backfill__2021-01-02T06:00:00+00:00 [running]> on host 8cface6de844
[2023-03-18 14:18:38,017] {logging_mixin.py:109} WARNING - /home/***/.local/lib/python3.7/site-packages/***/utils/context.py:152 AirflowContextDeprecationWarning: Accessing 'execution_date' from the template is deprecated and will be removed in a future version. Please use 'data_interval_start' or 'logical_date' instead.
[2023-03-18 14:18:38,284] {taskinstance.py:1426} INFO - Exporting the following env vars:
AIRFLOW_CTX_DAG_OWNER=***
AIRFLOW_CTX_DAG_ID=data_ingestion_gcs_dag_v3.0
AIRFLOW_CTX_TASK_ID=local_to_gcs_task
AIRFLOW_CTX_EXECUTION_DATE=2021-01-02T06:00:00+00:00
AIRFLOW_CTX_DAG_RUN_ID=backfill__2021-01-02T06:00:00+00:00
[2023-03-18 14:18:52,159] {logging_mixin.py:109} INFO - File /opt/***/yellow_tripdata_2021-01.parquet uploaded to <Bucket: dtc_data_lake_dtc-de-378314>.
[2023-03-18 14:18:52,168] {python.py:175} INFO - Done. Returned value was: None
[2023-03-18 14:18:52,538] {taskinstance.py:1277} INFO - Marking task as SUCCESS. dag_id=data_ingestion_gcs_dag_v3.0, task_id=local_to_gcs_task, execution_date=20210102T060000, start_date=20230318T141834, end_date=20230318T141852
[2023-03-18 14:18:53,434] {local_task_job.py:154} INFO - Task exited with return code 0
[2023-03-18 14:18:55,511] {local_task_job.py:264} INFO - 0 downstream tasks scheduled from follow-on schedule check
[2023-03-18 14:18:55,694] {dagrun.py:628} WARNING - Failed to get task '<TaskInstance: data_ingestion_gcs_dag_v3.0.format_to_parquet_task backfill__2021-01-02T06:00:00+00:00 [removed]>' for dag 'data_ingestion_gcs_dag_v3.0'. Marking it as removed.
[2023-03-18 14:18:55,720] {dagrun.py:545} INFO - Marking run <DagRun data_ingestion_gcs_dag_v3.0 @ 2021-01-02 06:00:00+00:00: backfill__2021-01-02T06:00:00+00:00, externally triggered: False> successful
[2023-03-18 14:18:55,746] {dagrun.py:605} INFO - DagRun Finished: dag_id=data_ingestion_gcs_dag_v3.0, execution_date=2021-01-02 06:00:00+00:00, run_id=backfill__2021-01-02T06:00:00+00:00, run_start_date=None, run_end_date=2023-03-18 14:18:55.744879+00:00, run_duration=None, state=success, external_trigger=False, run_type=backfill, data_interval_start=2021-01-02 06:00:00+00:00, data_interval_end=2021-02-02 06:00:00+00:00, dag_hash=None
[2023-03-18 14:18:55,756] {dagrun.py:749} WARNING - Failed to record duration of <DagRun data_ingestion_gcs_dag_v3.0 @ 2021-01-02 06:00:00+00:00: backfill__2021-01-02T06:00:00+00:00, externally triggered: False>: start_date is not set.
