[2023-03-12 14:41:41,542] {taskinstance.py:1032} INFO - Dependencies all met for <TaskInstance: example_bash_operator.also_run_this scheduled__2023-03-11T00:00:00+00:00 [queued]>
[2023-03-12 14:41:42,210] {taskinstance.py:1032} INFO - Dependencies all met for <TaskInstance: example_bash_operator.also_run_this scheduled__2023-03-11T00:00:00+00:00 [queued]>
[2023-03-12 14:41:42,219] {taskinstance.py:1238} INFO -
--------------------------------------------------------------------------------
[2023-03-12 14:41:42,238] {taskinstance.py:1239} INFO - Starting attempt 1 of 1
[2023-03-12 14:41:42,246] {taskinstance.py:1240} INFO -
--------------------------------------------------------------------------------
[2023-03-12 14:41:42,975] {taskinstance.py:1259} INFO - Executing <Task(BashOperator): also_run_this> on 2023-03-11 00:00:00+00:00
[2023-03-12 14:41:43,126] {standard_task_runner.py:52} INFO - Started process 2177 to run task
[2023-03-12 14:41:43,319] {standard_task_runner.py:76} INFO - Running: ['***', 'tasks', 'run', 'example_bash_operator', 'also_run_this', 'scheduled__2023-03-11T00:00:00+00:00', '--job-id', '10', '--raw', '--subdir', '/home/***/.local/lib/python3.7/site-packages/***/example_dags/example_bash_operator.py', '--cfg-path', '/tmp/tmpufyzp90m', '--error-file', '/tmp/tmpdz22o4g3']
[2023-03-12 14:41:43,355] {standard_task_runner.py:77} INFO - Job 10: Subtask also_run_this
[2023-03-12 14:41:45,544] {logging_mixin.py:109} INFO - Running <TaskInstance: example_bash_operator.also_run_this scheduled__2023-03-11T00:00:00+00:00 [running]> on host dc2eb824520f
[2023-03-12 14:41:50,032] {taskinstance.py:1426} INFO - Exporting the following env vars:
AIRFLOW_CTX_DAG_OWNER=***
AIRFLOW_CTX_DAG_ID=example_bash_operator
AIRFLOW_CTX_TASK_ID=also_run_this
AIRFLOW_CTX_EXECUTION_DATE=2023-03-11T00:00:00+00:00
AIRFLOW_CTX_DAG_RUN_ID=scheduled__2023-03-11T00:00:00+00:00
[2023-03-12 14:41:50,046] {subprocess.py:62} INFO - Tmp dir root location:
 /tmp
[2023-03-12 14:41:50,066] {subprocess.py:74} INFO - Running command: ['bash', '-c', 'echo "run_id=scheduled__2023-03-11T00:00:00+00:00 | dag_run=<DagRun example_bash_operator @ 2023-03-11 00:00:00+00:00: scheduled__2023-03-11T00:00:00+00:00, externally triggered: False>"']
[2023-03-12 14:41:50,177] {subprocess.py:85} INFO - Output:
[2023-03-12 14:41:50,472] {subprocess.py:89} INFO - run_id=scheduled__2023-03-11T00:00:00+00:00 | dag_run=<DagRun example_bash_operator @ 2023-03-11 00:00:00+00:00: scheduled__2023-03-11T00:00:00+00:00, externally triggered: False>
[2023-03-12 14:41:50,519] {subprocess.py:93} INFO - Command exited with return code 0
[2023-03-12 14:41:51,047] {taskinstance.py:1277} INFO - Marking task as SUCCESS. dag_id=example_bash_operator, task_id=also_run_this, execution_date=20230311T000000, start_date=20230312T144141, end_date=20230312T144151
[2023-03-12 14:41:51,945] {local_task_job.py:154} INFO - Task exited with return code 0
[2023-03-12 14:41:53,271] {local_task_job.py:264} INFO - 0 downstream tasks scheduled from follow-on schedule check
