[2023-03-17 16:54:11,484] {taskinstance.py:1032} INFO - Dependencies all met for <TaskInstance: data_ingestion_gcs_dag_v2.0.download_dataset_task manual__2023-03-17T16:54:02.837800+00:00 [queued]>
[2023-03-17 16:54:11,541] {taskinstance.py:1032} INFO - Dependencies all met for <TaskInstance: data_ingestion_gcs_dag_v2.0.download_dataset_task manual__2023-03-17T16:54:02.837800+00:00 [queued]>
[2023-03-17 16:54:11,551] {taskinstance.py:1238} INFO - 
--------------------------------------------------------------------------------
[2023-03-17 16:54:11,554] {taskinstance.py:1239} INFO - Starting attempt 1 of 2
[2023-03-17 16:54:11,555] {taskinstance.py:1240} INFO - 
--------------------------------------------------------------------------------
[2023-03-17 16:54:11,655] {taskinstance.py:1259} INFO - Executing <Task(BashOperator): download_dataset_task> on 2023-03-17 16:54:02.837800+00:00
[2023-03-17 16:54:11,684] {standard_task_runner.py:52} INFO - Started process 2075 to run task
[2023-03-17 16:54:11,745] {standard_task_runner.py:76} INFO - Running: ['***', 'tasks', 'run', 'data_ingestion_gcs_dag_v2.0', 'download_dataset_task', 'manual__2023-03-17T16:54:02.837800+00:00', '--job-id', '134', '--raw', '--subdir', 'DAGS_FOLDER/dag.py', '--cfg-path', '/tmp/tmpvcy7u7u0', '--error-file', '/tmp/tmpam67qjvo']
[2023-03-17 16:54:11,752] {standard_task_runner.py:77} INFO - Job 134: Subtask download_dataset_task
[2023-03-17 16:54:12,038] {logging_mixin.py:109} INFO - Running <TaskInstance: data_ingestion_gcs_dag_v2.0.download_dataset_task manual__2023-03-17T16:54:02.837800+00:00 [running]> on host dcfbc31317ca
[2023-03-17 16:54:12,596] {logging_mixin.py:109} WARNING - /home/***/.local/lib/python3.7/site-packages/***/utils/context.py:152 AirflowContextDeprecationWarning: Accessing 'execution_date' from the template is deprecated and will be removed in a future version. Please use 'data_interval_start' or 'logical_date' instead.
[2023-03-17 16:54:12,662] {taskinstance.py:1426} INFO - Exporting the following env vars:
AIRFLOW_CTX_DAG_OWNER=***
AIRFLOW_CTX_DAG_ID=data_ingestion_gcs_dag_v2.0
AIRFLOW_CTX_TASK_ID=download_dataset_task
AIRFLOW_CTX_EXECUTION_DATE=2023-03-17T16:54:02.837800+00:00
AIRFLOW_CTX_DAG_RUN_ID=manual__2023-03-17T16:54:02.837800+00:00
[2023-03-17 16:54:12,670] {subprocess.py:62} INFO - Tmp dir root location: 
 /tmp
[2023-03-17 16:54:12,682] {subprocess.py:74} INFO - Running command: ['bash', '-c', 'curl -sS https://s3.amazonaws.com/nyc-tlc/trip+data//yellow_tripdata_2023-03.csv > /opt/***//yellow_tripdata_2023-03.csv']
[2023-03-17 16:54:12,749] {subprocess.py:85} INFO - Output:
[2023-03-17 16:54:13,916] {subprocess.py:93} INFO - Command exited with return code 0
[2023-03-17 16:54:14,195] {taskinstance.py:1277} INFO - Marking task as SUCCESS. dag_id=data_ingestion_gcs_dag_v2.0, task_id=download_dataset_task, execution_date=20230317T165402, start_date=20230317T165411, end_date=20230317T165414
[2023-03-17 16:54:14,386] {local_task_job.py:154} INFO - Task exited with return code 0
[2023-03-17 16:54:14,538] {local_task_job.py:264} INFO - 1 downstream tasks scheduled from follow-on schedule check
