[2023-03-18 14:38:31,353] {taskinstance.py:1032} INFO - Dependencies all met for <TaskInstance: data_ingestion_gcs_dag_v3.0.download_dataset_task backfill__2021-07-02T06:00:00+00:00 [queued]>
[2023-03-18 14:38:31,568] {taskinstance.py:1032} INFO - Dependencies all met for <TaskInstance: data_ingestion_gcs_dag_v3.0.download_dataset_task backfill__2021-07-02T06:00:00+00:00 [queued]>
[2023-03-18 14:38:31,571] {taskinstance.py:1238} INFO - 
--------------------------------------------------------------------------------
[2023-03-18 14:38:31,576] {taskinstance.py:1239} INFO - Starting attempt 2 of 5
[2023-03-18 14:38:31,582] {taskinstance.py:1240} INFO - 
--------------------------------------------------------------------------------
[2023-03-18 14:38:31,760] {taskinstance.py:1259} INFO - Executing <Task(PythonOperator): download_dataset_task> on 2021-07-02 06:00:00+00:00
[2023-03-18 14:38:31,782] {standard_task_runner.py:52} INFO - Started process 3303 to run task
[2023-03-18 14:38:31,813] {standard_task_runner.py:76} INFO - Running: ['***', 'tasks', 'run', 'data_ingestion_gcs_dag_v3.0', 'download_dataset_task', 'backfill__2021-07-02T06:00:00+00:00', '--job-id', '222', '--pool', 'default_pool', '--raw', '--subdir', 'DAGS_FOLDER/dag.py', '--cfg-path', '/tmp/tmpffri5bz3', '--error-file', '/tmp/tmpmq5s_flm']
[2023-03-18 14:38:31,829] {standard_task_runner.py:77} INFO - Job 222: Subtask download_dataset_task
[2023-03-18 14:38:32,403] {logging_mixin.py:109} INFO - Running <TaskInstance: data_ingestion_gcs_dag_v3.0.download_dataset_task backfill__2021-07-02T06:00:00+00:00 [running]> on host 8cface6de844
[2023-03-18 14:38:33,055] {logging_mixin.py:109} WARNING - /home/***/.local/lib/python3.7/site-packages/***/utils/context.py:152 AirflowContextDeprecationWarning: Accessing 'execution_date' from the template is deprecated and will be removed in a future version. Please use 'data_interval_start' or 'logical_date' instead.
[2023-03-18 14:38:33,329] {taskinstance.py:1426} INFO - Exporting the following env vars:
AIRFLOW_CTX_DAG_OWNER=***
AIRFLOW_CTX_DAG_ID=data_ingestion_gcs_dag_v3.0
AIRFLOW_CTX_TASK_ID=download_dataset_task
AIRFLOW_CTX_EXECUTION_DATE=2021-07-02T06:00:00+00:00
AIRFLOW_CTX_DAG_RUN_ID=backfill__2021-07-02T06:00:00+00:00
[2023-03-18 14:42:51,541] {logging_mixin.py:109} WARNING - /home/***/.local/lib/python3.7/site-packages/***/operators/python.py:185 DtypeWarning: Columns (6) have mixed types.Specify dtype option on import or set low_memory=False.
[2023-03-18 14:44:21,576] {python.py:175} INFO - Done. Returned value was: None
[2023-03-18 14:44:21,667] {taskinstance.py:1277} INFO - Marking task as SUCCESS. dag_id=data_ingestion_gcs_dag_v3.0, task_id=download_dataset_task, execution_date=20210702T060000, start_date=20230318T143831, end_date=20230318T144421
[2023-03-18 14:44:23,370] {local_task_job.py:154} INFO - Task exited with return code 0
[2023-03-18 14:44:23,634] {local_task_job.py:264} INFO - 0 downstream tasks scheduled from follow-on schedule check
