[2023-03-18 11:02:46,663] {taskinstance.py:1032} INFO - Dependencies all met for <TaskInstance: data_ingestion_gcs_dag_v3.0.download_dataset_task backfill__2021-02-02T06:00:00+00:00 [queued]>
[2023-03-18 11:02:46,781] {taskinstance.py:1032} INFO - Dependencies all met for <TaskInstance: data_ingestion_gcs_dag_v3.0.download_dataset_task backfill__2021-02-02T06:00:00+00:00 [queued]>
[2023-03-18 11:02:46,785] {taskinstance.py:1238} INFO -
--------------------------------------------------------------------------------
[2023-03-18 11:02:46,788] {taskinstance.py:1239} INFO - Starting attempt 6 of 7
[2023-03-18 11:02:46,792] {taskinstance.py:1240} INFO -
--------------------------------------------------------------------------------
[2023-03-18 11:02:47,648] {taskinstance.py:1259} INFO - Executing <Task(PythonOperator): download_dataset_task> on 2021-02-02 06:00:00+00:00
[2023-03-18 11:02:48,017] {standard_task_runner.py:52} INFO - Started process 6089 to run task
[2023-03-18 11:02:48,134] {standard_task_runner.py:76} INFO - Running: ['***', 'tasks', 'run', 'data_ingestion_gcs_dag_v3.0', 'download_dataset_task', 'backfill__2021-02-02T06:00:00+00:00', '--job-id', '191', '--pool', 'default_pool', '--raw', '--subdir', 'DAGS_FOLDER/dag.py', '--cfg-path', '/tmp/tmpxv8zglxi', '--error-file', '/tmp/tmpgozfm8kl']
[2023-03-18 11:02:48,143] {standard_task_runner.py:77} INFO - Job 191: Subtask download_dataset_task
[2023-03-18 11:02:49,857] {logging_mixin.py:109} INFO - Running <TaskInstance: data_ingestion_gcs_dag_v3.0.download_dataset_task backfill__2021-02-02T06:00:00+00:00 [running]> on host 8cface6de844
[2023-03-18 11:02:51,165] {logging_mixin.py:109} WARNING - /home/***/.local/lib/python3.7/site-packages/***/utils/context.py:152 AirflowContextDeprecationWarning: Accessing 'execution_date' from the template is deprecated and will be removed in a future version. Please use 'data_interval_start' or 'logical_date' instead.
[2023-03-18 11:02:51,698] {taskinstance.py:1426} INFO - Exporting the following env vars:
AIRFLOW_CTX_DAG_OWNER=***
AIRFLOW_CTX_DAG_ID=data_ingestion_gcs_dag_v3.0
AIRFLOW_CTX_TASK_ID=download_dataset_task
AIRFLOW_CTX_EXECUTION_DATE=2021-02-02T06:00:00+00:00
AIRFLOW_CTX_DAG_RUN_ID=backfill__2021-02-02T06:00:00+00:00
[2023-03-18 11:03:59,855] {logging_mixin.py:109} WARNING - /home/***/.local/lib/python3.7/site-packages/***/operators/python.py:185 DtypeWarning: Columns (6) have mixed types.Specify dtype option on import or set low_memory=False.
[2023-03-18 11:04:05,309] {logging_mixin.py:109} INFO - done 1
[2023-03-18 11:04:32,939] {logging_mixin.py:109} INFO -    VendorID tpep_pickup_datetime tpep_dropoff_datetime  passenger_count  trip_distance  RatecodeID  ... mta_tax  tip_amount  tolls_amount  improvement_surcharge  total_amount  congestion_surcharge
0       1.0  2021-02-01 00:40:47   2021-02-01 00:48:28              1.0            2.3         1.0  ...     0.5         0.0           0.0                    0.3          12.3                   2.5
1       1.0  2021-02-01 00:07:44   2021-02-01 00:20:31              1.0            1.6         1.0  ...     0.5         0.0           0.0                    0.3          13.3                   0.0

[2 rows x 18 columns]
[2023-03-18 11:04:32,953] {logging_mixin.py:109} INFO - done 2
[2023-03-18 11:05:55,900] {logging_mixin.py:109} INFO - done 3
[2023-03-18 11:05:56,975] {python.py:175} INFO - Done. Returned value was: None
[2023-03-18 11:05:57,580] {taskinstance.py:1277} INFO - Marking task as SUCCESS. dag_id=data_ingestion_gcs_dag_v3.0, task_id=download_dataset_task, execution_date=20210202T060000, start_date=20230318T110246, end_date=20230318T110557
[2023-03-18 11:06:03,284] {local_task_job.py:212} WARNING - State of this instance has been externally set to success. Terminating instance.
[2023-03-18 11:06:03,432] {process_utils.py:124} INFO - Sending Signals.SIGTERM to group 6089. PIDs of all processes in the group: [6089]
[2023-03-18 11:06:03,464] {process_utils.py:75} INFO - Sending the signal Signals.SIGTERM to group 6089
[2023-03-18 11:06:03,624] {process_utils.py:70} INFO - Process psutil.Process(pid=6089, status='terminated', exitcode=0, started='11:02:47') (6089) terminated with exit code 0
