[2023-03-12 16:32:45,270] {taskinstance.py:1032} INFO - Dependencies all met for <TaskInstance: data_ingestion_gcs_dag_v1.0.local_to_gcs_task manual__2023-03-12T16:32:25.532011+00:00 [queued]>
[2023-03-12 16:32:45,321] {taskinstance.py:1032} INFO - Dependencies all met for <TaskInstance: data_ingestion_gcs_dag_v1.0.local_to_gcs_task manual__2023-03-12T16:32:25.532011+00:00 [queued]>
[2023-03-12 16:32:45,323] {taskinstance.py:1238} INFO -
--------------------------------------------------------------------------------
[2023-03-12 16:32:45,326] {taskinstance.py:1239} INFO - Starting attempt 1 of 2
[2023-03-12 16:32:45,327] {taskinstance.py:1240} INFO -
--------------------------------------------------------------------------------
[2023-03-12 16:32:45,374] {taskinstance.py:1259} INFO - Executing <Task(PythonOperator): local_to_gcs_task> on 2023-03-12 16:32:25.532011+00:00
[2023-03-12 16:32:45,388] {standard_task_runner.py:52} INFO - Started process 1336 to run task
[2023-03-12 16:32:45,399] {standard_task_runner.py:76} INFO - Running: ['***', 'tasks', 'run', 'data_ingestion_gcs_dag_v1.0', 'local_to_gcs_task', 'manual__2023-03-12T16:32:25.532011+00:00', '--job-id', '17', '--raw', '--subdir', 'DAGS_FOLDER/dag.py', '--cfg-path', '/tmp/tmpjjlinpcp', '--error-file', '/tmp/tmp4dcr6ycy']
[2023-03-12 16:32:45,403] {standard_task_runner.py:77} INFO - Job 17: Subtask local_to_gcs_task
[2023-03-12 16:32:45,585] {logging_mixin.py:109} INFO - Running <TaskInstance: data_ingestion_gcs_dag_v1.0.local_to_gcs_task manual__2023-03-12T16:32:25.532011+00:00 [running]> on host 680529fc1021
[2023-03-12 16:32:45,807] {taskinstance.py:1426} INFO - Exporting the following env vars:
AIRFLOW_CTX_DAG_OWNER=***
AIRFLOW_CTX_DAG_ID=data_ingestion_gcs_dag_v1.0
AIRFLOW_CTX_TASK_ID=local_to_gcs_task
AIRFLOW_CTX_EXECUTION_DATE=2023-03-12T16:32:25.532011+00:00
AIRFLOW_CTX_DAG_RUN_ID=manual__2023-03-12T16:32:25.532011+00:00
[2023-03-12 16:32:46,497] {logging_mixin.py:109} INFO - File /opt/***/winequality-red.parquet uploaded to <Bucket: dtc_data_lake_dtc-de-378314>.
[2023-03-12 16:32:46,499] {python.py:175} INFO - Done. Returned value was: None
[2023-03-12 16:32:46,534] {taskinstance.py:1277} INFO - Marking task as SUCCESS. dag_id=data_ingestion_gcs_dag_v1.0, task_id=local_to_gcs_task, execution_date=20230312T163225, start_date=20230312T163245, end_date=20230312T163246
[2023-03-12 16:32:46,661] {local_task_job.py:154} INFO - Task exited with return code 0
[2023-03-12 16:32:46,753] {local_task_job.py:264} INFO - 1 downstream tasks scheduled from follow-on schedule check
