[2023-03-12 16:23:48,495] {taskinstance.py:1032} INFO - Dependencies all met for <TaskInstance: data_ingestion_gcs_dag_v1.0.download_dataset_task manual__2023-03-12T16:23:22.781289+00:00 [queued]>
[2023-03-12 16:23:48,542] {taskinstance.py:1032} INFO - Dependencies all met for <TaskInstance: data_ingestion_gcs_dag_v1.0.download_dataset_task manual__2023-03-12T16:23:22.781289+00:00 [queued]>
[2023-03-12 16:23:48,544] {taskinstance.py:1238} INFO - 
--------------------------------------------------------------------------------
[2023-03-12 16:23:48,546] {taskinstance.py:1239} INFO - Starting attempt 1 of 2
[2023-03-12 16:23:48,548] {taskinstance.py:1240} INFO - 
--------------------------------------------------------------------------------
[2023-03-12 16:23:48,596] {taskinstance.py:1259} INFO - Executing <Task(BashOperator): download_dataset_task> on 2023-03-12 16:23:22.781289+00:00
[2023-03-12 16:23:48,607] {standard_task_runner.py:52} INFO - Started process 654 to run task
[2023-03-12 16:23:48,618] {standard_task_runner.py:76} INFO - Running: ['***', 'tasks', 'run', 'data_ingestion_gcs_dag_v1.0', 'download_dataset_task', 'manual__2023-03-12T16:23:22.781289+00:00', '--job-id', '9', '--raw', '--subdir', 'DAGS_FOLDER/dag.py', '--cfg-path', '/tmp/tmpgjnym1zo', '--error-file', '/tmp/tmp4mmbpnw9']
[2023-03-12 16:23:48,630] {standard_task_runner.py:77} INFO - Job 9: Subtask download_dataset_task
[2023-03-12 16:23:48,838] {logging_mixin.py:109} INFO - Running <TaskInstance: data_ingestion_gcs_dag_v1.0.download_dataset_task manual__2023-03-12T16:23:22.781289+00:00 [running]> on host 680529fc1021
[2023-03-12 16:23:49,036] {taskinstance.py:1426} INFO - Exporting the following env vars:
AIRFLOW_CTX_DAG_OWNER=***
AIRFLOW_CTX_DAG_ID=data_ingestion_gcs_dag_v1.0
AIRFLOW_CTX_TASK_ID=download_dataset_task
AIRFLOW_CTX_EXECUTION_DATE=2023-03-12T16:23:22.781289+00:00
AIRFLOW_CTX_DAG_RUN_ID=manual__2023-03-12T16:23:22.781289+00:00
[2023-03-12 16:23:49,044] {subprocess.py:62} INFO - Tmp dir root location: 
 /tmp
[2023-03-12 16:23:49,050] {subprocess.py:74} INFO - Running command: ['bash', '-c', 'curl -sS https://archive.ics.uci.edu/ml/machine-learning-databases/wine-quality/winequality-red.csv > /opt/***/winequality-red.csv']
[2023-03-12 16:23:49,078] {subprocess.py:85} INFO - Output:
[2023-03-12 16:23:51,156] {subprocess.py:93} INFO - Command exited with return code 0
[2023-03-12 16:23:51,276] {taskinstance.py:1277} INFO - Marking task as SUCCESS. dag_id=data_ingestion_gcs_dag_v1.0, task_id=download_dataset_task, execution_date=20230312T162322, start_date=20230312T162348, end_date=20230312T162351
[2023-03-12 16:23:51,366] {local_task_job.py:154} INFO - Task exited with return code 0
[2023-03-12 16:23:51,505] {local_task_job.py:264} INFO - 1 downstream tasks scheduled from follow-on schedule check
