[2023-03-12 16:23:56,911] {taskinstance.py:1032} INFO - Dependencies all met for <TaskInstance: data_ingestion_gcs_dag_v1.0.format_to_parquet_task manual__2023-03-12T16:23:22.781289+00:00 [queued]>
[2023-03-12 16:23:56,957] {taskinstance.py:1032} INFO - Dependencies all met for <TaskInstance: data_ingestion_gcs_dag_v1.0.format_to_parquet_task manual__2023-03-12T16:23:22.781289+00:00 [queued]>
[2023-03-12 16:23:56,959] {taskinstance.py:1238} INFO - 
--------------------------------------------------------------------------------
[2023-03-12 16:23:56,960] {taskinstance.py:1239} INFO - Starting attempt 1 of 2
[2023-03-12 16:23:56,962] {taskinstance.py:1240} INFO - 
--------------------------------------------------------------------------------
[2023-03-12 16:23:57,012] {taskinstance.py:1259} INFO - Executing <Task(PythonOperator): format_to_parquet_task> on 2023-03-12 16:23:22.781289+00:00
[2023-03-12 16:23:57,027] {standard_task_runner.py:52} INFO - Started process 687 to run task
[2023-03-12 16:23:57,041] {standard_task_runner.py:76} INFO - Running: ['***', 'tasks', 'run', 'data_ingestion_gcs_dag_v1.0', 'format_to_parquet_task', 'manual__2023-03-12T16:23:22.781289+00:00', '--job-id', '10', '--raw', '--subdir', 'DAGS_FOLDER/dag.py', '--cfg-path', '/tmp/tmpy65s1313', '--error-file', '/tmp/tmpm1ib_cm0']
[2023-03-12 16:23:57,044] {standard_task_runner.py:77} INFO - Job 10: Subtask format_to_parquet_task
[2023-03-12 16:23:57,260] {logging_mixin.py:109} INFO - Running <TaskInstance: data_ingestion_gcs_dag_v1.0.format_to_parquet_task manual__2023-03-12T16:23:22.781289+00:00 [running]> on host 680529fc1021
[2023-03-12 16:23:57,552] {taskinstance.py:1426} INFO - Exporting the following env vars:
AIRFLOW_CTX_DAG_OWNER=***
AIRFLOW_CTX_DAG_ID=data_ingestion_gcs_dag_v1.0
AIRFLOW_CTX_TASK_ID=format_to_parquet_task
AIRFLOW_CTX_EXECUTION_DATE=2023-03-12T16:23:22.781289+00:00
AIRFLOW_CTX_DAG_RUN_ID=manual__2023-03-12T16:23:22.781289+00:00
[2023-03-12 16:23:57,902] {python.py:175} INFO - Done. Returned value was: None
[2023-03-12 16:23:57,945] {taskinstance.py:1277} INFO - Marking task as SUCCESS. dag_id=data_ingestion_gcs_dag_v1.0, task_id=format_to_parquet_task, execution_date=20230312T162322, start_date=20230312T162356, end_date=20230312T162357
[2023-03-12 16:23:58,067] {local_task_job.py:154} INFO - Task exited with return code 0
[2023-03-12 16:23:58,193] {local_task_job.py:264} INFO - 1 downstream tasks scheduled from follow-on schedule check
