[2023-03-12 16:48:21,338] {taskinstance.py:1032} INFO - Dependencies all met for <TaskInstance: data_ingestion_gcs_dag_v1.0.format_to_parquet_task manual__2023-03-12T16:48:08.085865+00:00 [queued]>
[2023-03-12 16:48:21,386] {taskinstance.py:1032} INFO - Dependencies all met for <TaskInstance: data_ingestion_gcs_dag_v1.0.format_to_parquet_task manual__2023-03-12T16:48:08.085865+00:00 [queued]>
[2023-03-12 16:48:21,401] {taskinstance.py:1238} INFO - 
--------------------------------------------------------------------------------
[2023-03-12 16:48:21,403] {taskinstance.py:1239} INFO - Starting attempt 1 of 2
[2023-03-12 16:48:21,405] {taskinstance.py:1240} INFO - 
--------------------------------------------------------------------------------
[2023-03-12 16:48:21,465] {taskinstance.py:1259} INFO - Executing <Task(PythonOperator): format_to_parquet_task> on 2023-03-12 16:48:08.085865+00:00
[2023-03-12 16:48:21,482] {standard_task_runner.py:52} INFO - Started process 2452 to run task
[2023-03-12 16:48:21,499] {standard_task_runner.py:76} INFO - Running: ['***', 'tasks', 'run', 'data_ingestion_gcs_dag_v1.0', 'format_to_parquet_task', 'manual__2023-03-12T16:48:08.085865+00:00', '--job-id', '25', '--raw', '--subdir', 'DAGS_FOLDER/dag.py', '--cfg-path', '/tmp/tmp6ilbor45', '--error-file', '/tmp/tmpwh3t3lz8']
[2023-03-12 16:48:21,503] {standard_task_runner.py:77} INFO - Job 25: Subtask format_to_parquet_task
[2023-03-12 16:48:21,726] {logging_mixin.py:109} INFO - Running <TaskInstance: data_ingestion_gcs_dag_v1.0.format_to_parquet_task manual__2023-03-12T16:48:08.085865+00:00 [running]> on host 680529fc1021
[2023-03-12 16:48:21,995] {taskinstance.py:1426} INFO - Exporting the following env vars:
AIRFLOW_CTX_DAG_OWNER=***
AIRFLOW_CTX_DAG_ID=data_ingestion_gcs_dag_v1.0
AIRFLOW_CTX_TASK_ID=format_to_parquet_task
AIRFLOW_CTX_EXECUTION_DATE=2023-03-12T16:48:08.085865+00:00
AIRFLOW_CTX_DAG_RUN_ID=manual__2023-03-12T16:48:08.085865+00:00
[2023-03-12 16:48:22,337] {python.py:175} INFO - Done. Returned value was: None
[2023-03-12 16:48:22,386] {taskinstance.py:1277} INFO - Marking task as SUCCESS. dag_id=data_ingestion_gcs_dag_v1.0, task_id=format_to_parquet_task, execution_date=20230312T164808, start_date=20230312T164821, end_date=20230312T164822
[2023-03-12 16:48:22,469] {local_task_job.py:154} INFO - Task exited with return code 0
[2023-03-12 16:48:22,608] {local_task_job.py:264} INFO - 1 downstream tasks scheduled from follow-on schedule check
