[2023-03-13 10:38:23,900] {taskinstance.py:1032} INFO - Dependencies all met for <TaskInstance: data_ingestion_gcs_dag_v1.0.format_to_parquet_task manual__2023-03-13T10:38:08.953627+00:00 [queued]>
[2023-03-13 10:38:23,953] {taskinstance.py:1032} INFO - Dependencies all met for <TaskInstance: data_ingestion_gcs_dag_v1.0.format_to_parquet_task manual__2023-03-13T10:38:08.953627+00:00 [queued]>
[2023-03-13 10:38:23,955] {taskinstance.py:1238} INFO -
--------------------------------------------------------------------------------
[2023-03-13 10:38:23,957] {taskinstance.py:1239} INFO - Starting attempt 1 of 2
[2023-03-13 10:38:23,959] {taskinstance.py:1240} INFO -
--------------------------------------------------------------------------------
[2023-03-13 10:38:24,004] {taskinstance.py:1259} INFO - Executing <Task(PythonOperator): format_to_parquet_task> on 2023-03-13 10:38:08.953627+00:00
[2023-03-13 10:38:24,015] {standard_task_runner.py:52} INFO - Started process 547 to run task
[2023-03-13 10:38:24,025] {standard_task_runner.py:76} INFO - Running: ['***', 'tasks', 'run', 'data_ingestion_gcs_dag_v1.0', 'format_to_parquet_task', 'manual__2023-03-13T10:38:08.953627+00:00', '--job-id', '39', '--raw', '--subdir', 'DAGS_FOLDER/dag.py', '--cfg-path', '/tmp/tmpgvp_kl11', '--error-file', '/tmp/tmp9jhub7ok']
[2023-03-13 10:38:24,028] {standard_task_runner.py:77} INFO - Job 39: Subtask format_to_parquet_task
[2023-03-13 10:38:24,197] {logging_mixin.py:109} INFO - Running <TaskInstance: data_ingestion_gcs_dag_v1.0.format_to_parquet_task manual__2023-03-13T10:38:08.953627+00:00 [running]> on host 680529fc1021
[2023-03-13 10:38:24,562] {taskinstance.py:1426} INFO - Exporting the following env vars:
AIRFLOW_CTX_DAG_OWNER=***
AIRFLOW_CTX_DAG_ID=data_ingestion_gcs_dag_v1.0
AIRFLOW_CTX_TASK_ID=format_to_parquet_task
AIRFLOW_CTX_EXECUTION_DATE=2023-03-13T10:38:08.953627+00:00
AIRFLOW_CTX_DAG_RUN_ID=manual__2023-03-13T10:38:08.953627+00:00
[2023-03-13 10:38:24,923] {python.py:175} INFO - Done. Returned value was: None
[2023-03-13 10:38:24,965] {taskinstance.py:1277} INFO - Marking task as SUCCESS. dag_id=data_ingestion_gcs_dag_v1.0, task_id=format_to_parquet_task, execution_date=20230313T103808, start_date=20230313T103823, end_date=20230313T103824
[2023-03-13 10:38:25,049] {local_task_job.py:154} INFO - Task exited with return code 0
[2023-03-13 10:38:25,194] {local_task_job.py:264} INFO - 1 downstream tasks scheduled from follow-on schedule check
