[2023-03-18 10:29:08,963] {taskinstance.py:1032} INFO - Dependencies all met for <TaskInstance: data_ingestion_gcs_dag_v3.0.local_to_gcs_task backfill__2021-03-02T06:00:00+00:00 [queued]>
[2023-03-18 10:29:09,027] {taskinstance.py:1032} INFO - Dependencies all met for <TaskInstance: data_ingestion_gcs_dag_v3.0.local_to_gcs_task backfill__2021-03-02T06:00:00+00:00 [queued]>
[2023-03-18 10:29:09,031] {taskinstance.py:1238} INFO -
--------------------------------------------------------------------------------
[2023-03-18 10:29:09,038] {taskinstance.py:1239} INFO - Starting attempt 2 of 2
[2023-03-18 10:29:09,043] {taskinstance.py:1240} INFO -
--------------------------------------------------------------------------------
[2023-03-18 10:29:09,123] {taskinstance.py:1259} INFO - Executing <Task(PythonOperator): local_to_gcs_task> on 2021-03-02 06:00:00+00:00
[2023-03-18 10:29:09,140] {standard_task_runner.py:52} INFO - Started process 2753 to run task
[2023-03-18 10:29:09,152] {standard_task_runner.py:76} INFO - Running: ['***', 'tasks', 'run', 'data_ingestion_gcs_dag_v3.0', 'local_to_gcs_task', 'backfill__2021-03-02T06:00:00+00:00', '--job-id', '168', '--pool', 'default_pool', '--raw', '--subdir', 'DAGS_FOLDER/dag.py', '--cfg-path', '/tmp/tmpgb_1uhlb', '--error-file', '/tmp/tmpgqo50kj0']
[2023-03-18 10:29:09,157] {standard_task_runner.py:77} INFO - Job 168: Subtask local_to_gcs_task
[2023-03-18 10:29:09,387] {logging_mixin.py:109} INFO - Running <TaskInstance: data_ingestion_gcs_dag_v3.0.local_to_gcs_task backfill__2021-03-02T06:00:00+00:00 [running]> on host 8cface6de844
[2023-03-18 10:29:09,659] {logging_mixin.py:109} WARNING - /home/***/.local/lib/python3.7/site-packages/***/utils/context.py:152 AirflowContextDeprecationWarning: Accessing 'execution_date' from the template is deprecated and will be removed in a future version. Please use 'data_interval_start' or 'logical_date' instead.
[2023-03-18 10:29:09,738] {taskinstance.py:1426} INFO - Exporting the following env vars:
AIRFLOW_CTX_DAG_OWNER=***
AIRFLOW_CTX_DAG_ID=data_ingestion_gcs_dag_v3.0
AIRFLOW_CTX_TASK_ID=local_to_gcs_task
AIRFLOW_CTX_EXECUTION_DATE=2021-03-02T06:00:00+00:00
AIRFLOW_CTX_DAG_RUN_ID=backfill__2021-03-02T06:00:00+00:00
[2023-03-18 10:29:09,860] {taskinstance.py:1700} ERROR - Task failed with exception
Traceback (most recent call last):
  File "/home/airflow/.local/lib/python3.7/site-packages/airflow/models/taskinstance.py", line 1329, in _run_raw_task
    self._execute_task_with_callbacks(context)
  File "/home/airflow/.local/lib/python3.7/site-packages/airflow/models/taskinstance.py", line 1455, in _execute_task_with_callbacks
    result = self._execute_task(context, self.task)
  File "/home/airflow/.local/lib/python3.7/site-packages/airflow/models/taskinstance.py", line 1511, in _execute_task
    result = execute_callable(context=context)
  File "/home/airflow/.local/lib/python3.7/site-packages/airflow/operators/python.py", line 174, in execute
    return_value = self.execute_callable()
  File "/home/airflow/.local/lib/python3.7/site-packages/airflow/operators/python.py", line 185, in execute_callable
    return self.python_callable(*self.op_args, **self.op_kwargs)
  File "/opt/airflow/dags/dag.py", line 52, in upload_to_gcs
    blob.upload_from_filename(local_file)
  File "/home/airflow/.local/lib/python3.7/site-packages/google/cloud/storage/blob.py", line 2720, in upload_from_filename
    with open(filename, "rb") as file_obj:
FileNotFoundError: [Errno 2] No such file or directory: '/opt/airflow/yellow_tripdata_2021-03.parquet'
[2023-03-18 10:29:09,926] {taskinstance.py:1277} INFO - Marking task as FAILED. dag_id=data_ingestion_gcs_dag_v3.0, task_id=local_to_gcs_task, execution_date=20210302T060000, start_date=20230318T102908, end_date=20230318T102909
[2023-03-18 10:29:09,997] {standard_task_runner.py:92} ERROR - Failed to execute job 168 for task local_to_gcs_task
Traceback (most recent call last):
  File "/home/airflow/.local/lib/python3.7/site-packages/airflow/task/task_runner/standard_task_runner.py", line 85, in _start_by_fork
    args.func(args, dag=self.dag)
  File "/home/airflow/.local/lib/python3.7/site-packages/airflow/cli/cli_parser.py", line 48, in command
    return func(*args, **kwargs)
  File "/home/airflow/.local/lib/python3.7/site-packages/airflow/utils/cli.py", line 92, in wrapper
    return f(*args, **kwargs)
  File "/home/airflow/.local/lib/python3.7/site-packages/airflow/cli/commands/task_command.py", line 298, in task_run
    _run_task_by_selected_method(args, dag, ti)
  File "/home/airflow/.local/lib/python3.7/site-packages/airflow/cli/commands/task_command.py", line 107, in _run_task_by_selected_method
    _run_raw_task(args, ti)
  File "/home/airflow/.local/lib/python3.7/site-packages/airflow/cli/commands/task_command.py", line 184, in _run_raw_task
    error_file=args.error_file,
  File "/home/airflow/.local/lib/python3.7/site-packages/airflow/utils/session.py", line 70, in wrapper
    return func(*args, session=session, **kwargs)
  File "/home/airflow/.local/lib/python3.7/site-packages/airflow/models/taskinstance.py", line 1329, in _run_raw_task
    self._execute_task_with_callbacks(context)
  File "/home/airflow/.local/lib/python3.7/site-packages/airflow/models/taskinstance.py", line 1455, in _execute_task_with_callbacks
    result = self._execute_task(context, self.task)
  File "/home/airflow/.local/lib/python3.7/site-packages/airflow/models/taskinstance.py", line 1511, in _execute_task
    result = execute_callable(context=context)
  File "/home/airflow/.local/lib/python3.7/site-packages/airflow/operators/python.py", line 174, in execute
    return_value = self.execute_callable()
  File "/home/airflow/.local/lib/python3.7/site-packages/airflow/operators/python.py", line 185, in execute_callable
    return self.python_callable(*self.op_args, **self.op_kwargs)
  File "/opt/airflow/dags/dag.py", line 52, in upload_to_gcs
    blob.upload_from_filename(local_file)
  File "/home/airflow/.local/lib/python3.7/site-packages/google/cloud/storage/blob.py", line 2720, in upload_from_filename
    with open(filename, "rb") as file_obj:
FileNotFoundError: [Errno 2] No such file or directory: '/opt/airflow/yellow_tripdata_2021-03.parquet'
[2023-03-18 10:29:10,056] {local_task_job.py:154} INFO - Task exited with return code 1
[2023-03-18 10:29:10,180] {local_task_job.py:264} INFO - 0 downstream tasks scheduled from follow-on schedule check
[2023-03-18 10:29:10,249] {dagrun.py:530} ERROR - Marking run <DagRun data_ingestion_gcs_dag_v3.0 @ 2021-03-02 06:00:00+00:00: backfill__2021-03-02T06:00:00+00:00, externally triggered: False> failed
[2023-03-18 10:29:10,254] {dagrun.py:605} INFO - DagRun Finished: dag_id=data_ingestion_gcs_dag_v3.0, execution_date=2021-03-02 06:00:00+00:00, run_id=backfill__2021-03-02T06:00:00+00:00, run_start_date=None, run_end_date=2023-03-18 10:29:10.253735+00:00, run_duration=None, state=failed, external_trigger=False, run_type=backfill, data_interval_start=2021-03-02 06:00:00+00:00, data_interval_end=2021-04-02 06:00:00+00:00, dag_hash=None
[2023-03-18 10:29:10,265] {dagrun.py:749} WARNING - Failed to record duration of <DagRun data_ingestion_gcs_dag_v3.0 @ 2021-03-02 06:00:00+00:00: backfill__2021-03-02T06:00:00+00:00, externally triggered: False>: start_date is not set.
