[2023-03-12 16:38:23,088] {taskinstance.py:1032} INFO - Dependencies all met for <TaskInstance: data_ingestion_gcs_dag_v1.0.download_dataset_task manual__2023-03-12T16:38:16.954260+00:00 [queued]>
[2023-03-12 16:38:23,150] {taskinstance.py:1032} INFO - Dependencies all met for <TaskInstance: data_ingestion_gcs_dag_v1.0.download_dataset_task manual__2023-03-12T16:38:16.954260+00:00 [queued]>
[2023-03-12 16:38:23,154] {taskinstance.py:1238} INFO -
--------------------------------------------------------------------------------
[2023-03-12 16:38:23,158] {taskinstance.py:1239} INFO - Starting attempt 1 of 2
[2023-03-12 16:38:23,163] {taskinstance.py:1240} INFO -
--------------------------------------------------------------------------------
[2023-03-12 16:38:23,230] {taskinstance.py:1259} INFO - Executing <Task(BashOperator): download_dataset_task> on 2023-03-12 16:38:16.954260+00:00
[2023-03-12 16:38:23,245] {standard_task_runner.py:52} INFO - Started process 1716 to run task
[2023-03-12 16:38:23,255] {standard_task_runner.py:76} INFO - Running: ['***', 'tasks', 'run', 'data_ingestion_gcs_dag_v1.0', 'download_dataset_task', 'manual__2023-03-12T16:38:16.954260+00:00', '--job-id', '19', '--raw', '--subdir', 'DAGS_FOLDER/dag.py', '--cfg-path', '/tmp/tmpczuv0bgj', '--error-file', '/tmp/tmp9m4_1pyh']
[2023-03-12 16:38:23,259] {standard_task_runner.py:77} INFO - Job 19: Subtask download_dataset_task
[2023-03-12 16:38:23,473] {logging_mixin.py:109} INFO - Running <TaskInstance: data_ingestion_gcs_dag_v1.0.download_dataset_task manual__2023-03-12T16:38:16.954260+00:00 [running]> on host 680529fc1021
[2023-03-12 16:38:23,674] {taskinstance.py:1426} INFO - Exporting the following env vars:
AIRFLOW_CTX_DAG_OWNER=***
AIRFLOW_CTX_DAG_ID=data_ingestion_gcs_dag_v1.0
AIRFLOW_CTX_TASK_ID=download_dataset_task
AIRFLOW_CTX_EXECUTION_DATE=2023-03-12T16:38:16.954260+00:00
AIRFLOW_CTX_DAG_RUN_ID=manual__2023-03-12T16:38:16.954260+00:00
[2023-03-12 16:38:23,680] {subprocess.py:62} INFO - Tmp dir root location:
 /tmp
[2023-03-12 16:38:23,682] {subprocess.py:74} INFO - Running command: ['bash', '-c', 'curl -sS https://archive.ics.uci.edu/ml/machine-learning-databases/wine-quality/winequality-red.csv > /opt/***/winequality-red.csv']
[2023-03-12 16:38:23,704] {subprocess.py:85} INFO - Output:
[2023-03-12 16:38:25,735] {subprocess.py:93} INFO - Command exited with return code 0
[2023-03-12 16:38:25,800] {taskinstance.py:1277} INFO - Marking task as SUCCESS. dag_id=data_ingestion_gcs_dag_v1.0, task_id=download_dataset_task, execution_date=20230312T163816, start_date=20230312T163823, end_date=20230312T163825
[2023-03-12 16:38:25,905] {local_task_job.py:154} INFO - Task exited with return code 0
[2023-03-12 16:38:26,018] {local_task_job.py:264} INFO - 1 downstream tasks scheduled from follow-on schedule check
