[2023-03-18 10:23:43,287] {taskinstance.py:1032} INFO - Dependencies all met for <TaskInstance: data_ingestion_gcs_dag_v3.0.format_to_parquet_task backfill__2021-02-02T06:00:00+00:00 [queued]>
[2023-03-18 10:23:43,389] {taskinstance.py:1032} INFO - Dependencies all met for <TaskInstance: data_ingestion_gcs_dag_v3.0.format_to_parquet_task backfill__2021-02-02T06:00:00+00:00 [queued]>
[2023-03-18 10:23:43,394] {taskinstance.py:1238} INFO -
--------------------------------------------------------------------------------
[2023-03-18 10:23:43,507] {taskinstance.py:1239} INFO - Starting attempt 1 of 2
[2023-03-18 10:23:43,517] {taskinstance.py:1240} INFO -
--------------------------------------------------------------------------------
[2023-03-18 10:23:43,636] {taskinstance.py:1259} INFO - Executing <Task(PythonOperator): format_to_parquet_task> on 2021-02-02 06:00:00+00:00
[2023-03-18 10:23:43,662] {standard_task_runner.py:52} INFO - Started process 2356 to run task
[2023-03-18 10:23:43,684] {standard_task_runner.py:76} INFO - Running: ['***', 'tasks', 'run', 'data_ingestion_gcs_dag_v3.0', 'format_to_parquet_task', 'backfill__2021-02-02T06:00:00+00:00', '--job-id', '160', '--pool', 'default_pool', '--raw', '--subdir', 'DAGS_FOLDER/dag.py', '--cfg-path', '/tmp/tmpghqkyyjj', '--error-file', '/tmp/tmpruf3i389']
[2023-03-18 10:23:43,701] {standard_task_runner.py:77} INFO - Job 160: Subtask format_to_parquet_task
[2023-03-18 10:23:43,989] {logging_mixin.py:109} INFO - Running <TaskInstance: data_ingestion_gcs_dag_v3.0.format_to_parquet_task backfill__2021-02-02T06:00:00+00:00 [running]> on host 8cface6de844
[2023-03-18 10:23:44,531] {logging_mixin.py:109} WARNING - /home/***/.local/lib/python3.7/site-packages/***/utils/context.py:152 AirflowContextDeprecationWarning: Accessing 'execution_date' from the template is deprecated and will be removed in a future version. Please use 'data_interval_start' or 'logical_date' instead.
[2023-03-18 10:23:44,683] {taskinstance.py:1426} INFO - Exporting the following env vars:
AIRFLOW_CTX_DAG_OWNER=***
AIRFLOW_CTX_DAG_ID=data_ingestion_gcs_dag_v3.0
AIRFLOW_CTX_TASK_ID=format_to_parquet_task
AIRFLOW_CTX_EXECUTION_DATE=2021-02-02T06:00:00+00:00
AIRFLOW_CTX_DAG_RUN_ID=backfill__2021-02-02T06:00:00+00:00
[2023-03-18 10:23:44,690] {dag.py:41} ERROR - Can only accept source files in CSV format, for the moment
[2023-03-18 10:23:44,694] {python.py:175} INFO - Done. Returned value was: None
[2023-03-18 10:23:44,758] {taskinstance.py:1277} INFO - Marking task as SUCCESS. dag_id=data_ingestion_gcs_dag_v3.0, task_id=format_to_parquet_task, execution_date=20210202T060000, start_date=20230318T102343, end_date=20230318T102344
[2023-03-18 10:23:44,895] {local_task_job.py:154} INFO - Task exited with return code 0
[2023-03-18 10:23:45,104] {local_task_job.py:264} INFO - 0 downstream tasks scheduled from follow-on schedule check
